CRITICAL - 2023-05-29 01:54:06 --> Invalid file: "Admin/AdminPageHome.php"
in SYSTEMPATH\Exceptions\FrameworkException.php on line 33.
 1 SYSTEMPATH\View\View.php(201): CodeIgniter\Exceptions\FrameworkException::forInvalidFile('Admin/AdminPageHome.php')
 2 SYSTEMPATH\Common.php(1184): CodeIgniter\View\View->render('Admin/AdminPageHome', [], true)
 3 APPPATH\Controllers\AdminHome.php(9): view('Admin/AdminPageHome')
 4 SYSTEMPATH\CodeIgniter.php(934): App\Controllers\AdminHome->index()
 5 SYSTEMPATH\CodeIgniter.php(499): CodeIgniter\CodeIgniter->runController(Object(App\Controllers\AdminHome))
 6 SYSTEMPATH\CodeIgniter.php(368): CodeIgniter\CodeIgniter->handleRequest(null, Object(Config\Cache), false)
 7 FCPATH\index.php(67): CodeIgniter\CodeIgniter->run()
CRITICAL - 2023-05-29 03:11:33 --> Undefined variable $uri
in APPPATH\Views\Admin\AdminSaraban\AdminInstructionBookMain.php on line 1.
 1 APPPATH\Views\Admin\AdminSaraban\AdminInstructionBookMain.php(1): CodeIgniter\Debug\Exceptions->errorHandler(2, 'Undefined variable $uri', 'C:\\xampp\\htdocs\\eoffice\\app\\Views\\Admin\\AdminSaraban\\AdminInstructionBookMain.php', 1)
 2 SYSTEMPATH\View\View.php(213): include('C:\\xampp\\htdocs\\eoffice\\app\\Views\\Admin\\AdminSaraban\\AdminInstructionBookMain.php')
 3 SYSTEMPATH\View\View.php(216): CodeIgniter\View\View->CodeIgniter\View\{closure}()
 4 SYSTEMPATH\Common.php(1184): CodeIgniter\View\View->render('Admin/AdminSaraban/AdminInstructionBookMain', [], true)
 5 APPPATH\Controllers\ConAdminWorkSaraban.php(20): view('Admin/AdminSaraban/AdminInstructionBookMain')
 6 SYSTEMPATH\CodeIgniter.php(934): App\Controllers\ConAdminWorkSaraban->InstructionMain()
 7 SYSTEMPATH\CodeIgniter.php(499): CodeIgniter\CodeIgniter->runController(Object(App\Controllers\ConAdminWorkSaraban))
 8 SYSTEMPATH\CodeIgniter.php(368): CodeIgniter\CodeIgniter->handleRequest(null, Object(Config\Cache), false)
 9 FCPATH\index.php(67): CodeIgniter\CodeIgniter->run()
CRITICAL - 2023-05-29 03:17:05 --> Undefined variable $data
in APPPATH\Controllers\ConAdminHome.php on line 19.
 1 APPPATH\Controllers\ConAdminHome.php(19): CodeIgniter\Debug\Exceptions->errorHandler(2, 'Undefined variable $data', 'C:\\xampp\\htdocs\\eoffice\\app\\Controllers\\ConAdminHome.php', 19)
 2 SYSTEMPATH\CodeIgniter.php(934): App\Controllers\ConAdminHome->index()
 3 SYSTEMPATH\CodeIgniter.php(499): CodeIgniter\CodeIgniter->runController(Object(App\Controllers\ConAdminHome))
 4 SYSTEMPATH\CodeIgniter.php(368): CodeIgniter\CodeIgniter->handleRequest(null, Object(Config\Cache), false)
 5 FCPATH\index.php(67): CodeIgniter\CodeIgniter->run()
CRITICAL - 2023-05-29 03:17:22 --> Class "App\Controllers\Datethai" not found
in APPPATH\Controllers\ConAdminHome.php on line 9.
 1 APPPATH\Controllers\ConAdminHome.php(19): App\Controllers\ConAdminHome->DataMain()
 2 SYSTEMPATH\CodeIgniter.php(934): App\Controllers\ConAdminHome->index()
 3 SYSTEMPATH\CodeIgniter.php(499): CodeIgniter\CodeIgniter->runController(Object(App\Controllers\ConAdminHome))
 4 SYSTEMPATH\CodeIgniter.php(368): CodeIgniter\CodeIgniter->handleRequest(null, Object(Config\Cache), false)
 5 FCPATH\index.php(67): CodeIgniter\CodeIgniter->run()
CRITICAL - 2023-05-29 03:17:32 --> Request URI segment is out of range: "1"
in SYSTEMPATH\HTTP\URI.php on line 549.
 1 SYSTEMPATH\HTTP\URI.php(549): CodeIgniter\HTTP\Exceptions\HTTPException::forURISegmentOutOfRange(1)
 2 APPPATH\Views\Admin\AdminLeyout\AdminMenuLeft.php(39): CodeIgniter\HTTP\URI->getSegment(1)
 3 SYSTEMPATH\View\View.php(213): include('C:\\xampp\\htdocs\\eoffice\\app\\Views\\Admin\\AdminLeyout\\AdminMenuLeft.php')
 4 SYSTEMPATH\View\View.php(216): CodeIgniter\View\View->CodeIgniter\View\{closure}()
 5 SYSTEMPATH\Common.php(1184): CodeIgniter\View\View->render('Admin/AdminLeyout/AdminMenuLeft', [], true)
 6 APPPATH\Controllers\ConAdminHome.php(19): view('Admin/AdminLeyout/AdminMenuLeft')
 7 SYSTEMPATH\CodeIgniter.php(934): App\Controllers\ConAdminHome->index()
 8 SYSTEMPATH\CodeIgniter.php(499): CodeIgniter\CodeIgniter->runController(Object(App\Controllers\ConAdminHome))
 9 SYSTEMPATH\CodeIgniter.php(368): CodeIgniter\CodeIgniter->handleRequest(null, Object(Config\Cache), false)
10 FCPATH\index.php(67): CodeIgniter\CodeIgniter->run()
CRITICAL - 2023-05-29 03:50:29 --> Request URI segment is out of range: "1"
in SYSTEMPATH\HTTP\URI.php on line 549.
 1 SYSTEMPATH\HTTP\URI.php(549): CodeIgniter\HTTP\Exceptions\HTTPException::forURISegmentOutOfRange(1)
 2 APPPATH\Views\Admin\AdminLeyout\AdminMenuLeft.php(39): CodeIgniter\HTTP\URI->getSegment(1)
 3 SYSTEMPATH\View\View.php(213): include('C:\\xampp\\htdocs\\eoffice\\app\\Views\\Admin\\AdminLeyout\\AdminMenuLeft.php')
 4 SYSTEMPATH\View\View.php(216): CodeIgniter\View\View->CodeIgniter\View\{closure}()
 5 SYSTEMPATH\Common.php(1184): CodeIgniter\View\View->render('Admin/AdminLeyout/AdminMenuLeft', [], true)
 6 APPPATH\Controllers\ConAdminHome.php(19): view('Admin/AdminLeyout/AdminMenuLeft')
 7 SYSTEMPATH\CodeIgniter.php(934): App\Controllers\ConAdminHome->index()
 8 SYSTEMPATH\CodeIgniter.php(499): CodeIgniter\CodeIgniter->runController(Object(App\Controllers\ConAdminHome))
 9 SYSTEMPATH\CodeIgniter.php(368): CodeIgniter\CodeIgniter->handleRequest(null, Object(Config\Cache), false)
10 FCPATH\index.php(67): CodeIgniter\CodeIgniter->run()
CRITICAL - 2023-05-29 03:51:45 --> Request URI segment is out of range: "1"
in SYSTEMPATH\HTTP\URI.php on line 549.
 1 SYSTEMPATH\HTTP\URI.php(549): CodeIgniter\HTTP\Exceptions\HTTPException::forURISegmentOutOfRange(1)
 2 APPPATH\Views\Admin\AdminLeyout\AdminMenuLeft.php(39): CodeIgniter\HTTP\URI->getSegment(1)
 3 SYSTEMPATH\View\View.php(213): include('C:\\xampp\\htdocs\\eoffice\\app\\Views\\Admin\\AdminLeyout\\AdminMenuLeft.php')
 4 SYSTEMPATH\View\View.php(216): CodeIgniter\View\View->CodeIgniter\View\{closure}()
 5 SYSTEMPATH\Common.php(1184): CodeIgniter\View\View->render('Admin/AdminLeyout/AdminMenuLeft', [], true)
 6 APPPATH\Controllers\ConAdminHome.php(19): view('Admin/AdminLeyout/AdminMenuLeft')
 7 SYSTEMPATH\CodeIgniter.php(934): App\Controllers\ConAdminHome->index()
 8 SYSTEMPATH\CodeIgniter.php(499): CodeIgniter\CodeIgniter->runController(Object(App\Controllers\ConAdminHome))
 9 SYSTEMPATH\CodeIgniter.php(368): CodeIgniter\CodeIgniter->handleRequest(null, Object(Config\Cache), false)
10 FCPATH\index.php(67): CodeIgniter\CodeIgniter->run()
CRITICAL - 2023-05-29 03:52:02 --> Request URI segment is out of range: "1"
in SYSTEMPATH\HTTP\URI.php on line 549.
 1 SYSTEMPATH\HTTP\URI.php(549): CodeIgniter\HTTP\Exceptions\HTTPException::forURISegmentOutOfRange(1)
 2 APPPATH\Views\Admin\AdminLeyout\AdminMenuLeft.php(39): CodeIgniter\HTTP\URI->getSegment(1)
 3 SYSTEMPATH\View\View.php(213): include('C:\\xampp\\htdocs\\eoffice\\app\\Views\\Admin\\AdminLeyout\\AdminMenuLeft.php')
 4 SYSTEMPATH\View\View.php(216): CodeIgniter\View\View->CodeIgniter\View\{closure}()
 5 SYSTEMPATH\Common.php(1184): CodeIgniter\View\View->render('Admin/AdminLeyout/AdminMenuLeft', [], true)
 6 APPPATH\Controllers\ConAdminHome.php(19): view('Admin/AdminLeyout/AdminMenuLeft')
 7 SYSTEMPATH\CodeIgniter.php(934): App\Controllers\ConAdminHome->index()
 8 SYSTEMPATH\CodeIgniter.php(499): CodeIgniter\CodeIgniter->runController(Object(App\Controllers\ConAdminHome))
 9 SYSTEMPATH\CodeIgniter.php(368): CodeIgniter\CodeIgniter->handleRequest(null, Object(Config\Cache), false)
10 FCPATH\index.php(67): CodeIgniter\CodeIgniter->run()
CRITICAL - 2023-05-29 03:53:29 --> Request URI segment is out of range: "1"
in SYSTEMPATH\HTTP\URI.php on line 549.
 1 SYSTEMPATH\HTTP\URI.php(549): CodeIgniter\HTTP\Exceptions\HTTPException::forURISegmentOutOfRange(1)
 2 APPPATH\Views\Admin\AdminLeyout\AdminMenuLeft.php(39): CodeIgniter\HTTP\URI->getSegment(1)
 3 SYSTEMPATH\View\View.php(213): include('C:\\xampp\\htdocs\\eoffice\\app\\Views\\Admin\\AdminLeyout\\AdminMenuLeft.php')
 4 SYSTEMPATH\View\View.php(216): CodeIgniter\View\View->CodeIgniter\View\{closure}()
 5 SYSTEMPATH\Common.php(1184): CodeIgniter\View\View->render('Admin/AdminLeyout/AdminMenuLeft', [], true)
 6 APPPATH\Controllers\ConAdminHome.php(19): view('Admin/AdminLeyout/AdminMenuLeft')
 7 SYSTEMPATH\CodeIgniter.php(934): App\Controllers\ConAdminHome->index()
 8 SYSTEMPATH\CodeIgniter.php(499): CodeIgniter\CodeIgniter->runController(Object(App\Controllers\ConAdminHome))
 9 SYSTEMPATH\CodeIgniter.php(368): CodeIgniter\CodeIgniter->handleRequest(null, Object(Config\Cache), false)
10 FCPATH\index.php(67): CodeIgniter\CodeIgniter->run()
CRITICAL - 2023-05-29 03:53:51 --> Request URI segment is out of range: "1"
in SYSTEMPATH\HTTP\URI.php on line 549.
 1 SYSTEMPATH\HTTP\URI.php(549): CodeIgniter\HTTP\Exceptions\HTTPException::forURISegmentOutOfRange(1)
 2 APPPATH\Views\Admin\AdminLeyout\AdminMenuLeft.php(39): CodeIgniter\HTTP\URI->getSegment(1)
 3 SYSTEMPATH\View\View.php(213): include('C:\\xampp\\htdocs\\eoffice\\app\\Views\\Admin\\AdminLeyout\\AdminMenuLeft.php')
 4 SYSTEMPATH\View\View.php(216): CodeIgniter\View\View->CodeIgniter\View\{closure}()
 5 SYSTEMPATH\Common.php(1184): CodeIgniter\View\View->render('Admin/AdminLeyout/AdminMenuLeft', [], true)
 6 APPPATH\Controllers\ConAdminHome.php(19): view('Admin/AdminLeyout/AdminMenuLeft')
 7 SYSTEMPATH\CodeIgniter.php(934): App\Controllers\ConAdminHome->index()
 8 SYSTEMPATH\CodeIgniter.php(499): CodeIgniter\CodeIgniter->runController(Object(App\Controllers\ConAdminHome))
 9 SYSTEMPATH\CodeIgniter.php(368): CodeIgniter\CodeIgniter->handleRequest(null, Object(Config\Cache), false)
10 FCPATH\index.php(67): CodeIgniter\CodeIgniter->run()
CRITICAL - 2023-05-29 03:54:17 --> Request URI segment is out of range: "1"
in SYSTEMPATH\HTTP\URI.php on line 549.
 1 SYSTEMPATH\HTTP\URI.php(549): CodeIgniter\HTTP\Exceptions\HTTPException::forURISegmentOutOfRange(1)
 2 APPPATH\Views\Admin\AdminLeyout\AdminMenuLeft.php(39): CodeIgniter\HTTP\URI->getSegment(1)
 3 SYSTEMPATH\View\View.php(213): include('C:\\xampp\\htdocs\\eoffice\\app\\Views\\Admin\\AdminLeyout\\AdminMenuLeft.php')
 4 SYSTEMPATH\View\View.php(216): CodeIgniter\View\View->CodeIgniter\View\{closure}()
 5 SYSTEMPATH\Common.php(1184): CodeIgniter\View\View->render('Admin/AdminLeyout/AdminMenuLeft', [], true)
 6 APPPATH\Controllers\ConAdminHome.php(19): view('Admin/AdminLeyout/AdminMenuLeft')
 7 SYSTEMPATH\CodeIgniter.php(934): App\Controllers\ConAdminHome->index()
 8 SYSTEMPATH\CodeIgniter.php(499): CodeIgniter\CodeIgniter->runController(Object(App\Controllers\ConAdminHome))
 9 SYSTEMPATH\CodeIgniter.php(368): CodeIgniter\CodeIgniter->handleRequest(null, Object(Config\Cache), false)
10 FCPATH\index.php(67): CodeIgniter\CodeIgniter->run()
CRITICAL - 2023-05-29 03:54:20 --> Request URI segment is out of range: "1"
in SYSTEMPATH\HTTP\URI.php on line 549.
 1 SYSTEMPATH\HTTP\URI.php(549): CodeIgniter\HTTP\Exceptions\HTTPException::forURISegmentOutOfRange(1)
 2 APPPATH\Views\Admin\AdminLeyout\AdminMenuLeft.php(39): CodeIgniter\HTTP\URI->getSegment(1)
 3 SYSTEMPATH\View\View.php(213): include('C:\\xampp\\htdocs\\eoffice\\app\\Views\\Admin\\AdminLeyout\\AdminMenuLeft.php')
 4 SYSTEMPATH\View\View.php(216): CodeIgniter\View\View->CodeIgniter\View\{closure}()
 5 SYSTEMPATH\Common.php(1184): CodeIgniter\View\View->render('Admin/AdminLeyout/AdminMenuLeft', [], true)
 6 APPPATH\Controllers\ConAdminHome.php(19): view('Admin/AdminLeyout/AdminMenuLeft')
 7 SYSTEMPATH\CodeIgniter.php(934): App\Controllers\ConAdminHome->index()
 8 SYSTEMPATH\CodeIgniter.php(499): CodeIgniter\CodeIgniter->runController(Object(App\Controllers\ConAdminHome))
 9 SYSTEMPATH\CodeIgniter.php(368): CodeIgniter\CodeIgniter->handleRequest(null, Object(Config\Cache), false)
10 FCPATH\index.php(67): CodeIgniter\CodeIgniter->run()
CRITICAL - 2023-05-29 03:54:26 --> Request URI segment is out of range: "1"
in SYSTEMPATH\HTTP\URI.php on line 549.
 1 SYSTEMPATH\HTTP\URI.php(549): CodeIgniter\HTTP\Exceptions\HTTPException::forURISegmentOutOfRange(1)
 2 APPPATH\Views\Admin\AdminLeyout\AdminMenuLeft.php(39): CodeIgniter\HTTP\URI->getSegment(1)
 3 SYSTEMPATH\View\View.php(213): include('C:\\xampp\\htdocs\\eoffice\\app\\Views\\Admin\\AdminLeyout\\AdminMenuLeft.php')
 4 SYSTEMPATH\View\View.php(216): CodeIgniter\View\View->CodeIgniter\View\{closure}()
 5 SYSTEMPATH\Common.php(1184): CodeIgniter\View\View->render('Admin/AdminLeyout/AdminMenuLeft', [], true)
 6 APPPATH\Controllers\ConAdminHome.php(19): view('Admin/AdminLeyout/AdminMenuLeft')
 7 SYSTEMPATH\CodeIgniter.php(934): App\Controllers\ConAdminHome->index()
 8 SYSTEMPATH\CodeIgniter.php(499): CodeIgniter\CodeIgniter->runController(Object(App\Controllers\ConAdminHome))
 9 SYSTEMPATH\CodeIgniter.php(368): CodeIgniter\CodeIgniter->handleRequest(null, Object(Config\Cache), false)
10 FCPATH\index.php(67): CodeIgniter\CodeIgniter->run()
CRITICAL - 2023-05-29 03:54:37 --> Request URI segment is out of range: "1"
in SYSTEMPATH\HTTP\URI.php on line 549.
 1 SYSTEMPATH\HTTP\URI.php(549): CodeIgniter\HTTP\Exceptions\HTTPException::forURISegmentOutOfRange(1)
 2 APPPATH\Views\Admin\AdminLeyout\AdminMenuLeft.php(39): CodeIgniter\HTTP\URI->getSegment(1)
 3 SYSTEMPATH\View\View.php(213): include('C:\\xampp\\htdocs\\eoffice\\app\\Views\\Admin\\AdminLeyout\\AdminMenuLeft.php')
 4 SYSTEMPATH\View\View.php(216): CodeIgniter\View\View->CodeIgniter\View\{closure}()
 5 SYSTEMPATH\Common.php(1184): CodeIgniter\View\View->render('Admin/AdminLeyout/AdminMenuLeft', [], true)
 6 APPPATH\Controllers\ConAdminHome.php(19): view('Admin/AdminLeyout/AdminMenuLeft')
 7 SYSTEMPATH\CodeIgniter.php(934): App\Controllers\ConAdminHome->index()
 8 SYSTEMPATH\CodeIgniter.php(499): CodeIgniter\CodeIgniter->runController(Object(App\Controllers\ConAdminHome))
 9 SYSTEMPATH\CodeIgniter.php(368): CodeIgniter\CodeIgniter->handleRequest(null, Object(Config\Cache), false)
10 FCPATH\index.php(67): CodeIgniter\CodeIgniter->run()
CRITICAL - 2023-05-29 03:55:12 --> Request URI segment is out of range: "1"
in SYSTEMPATH\HTTP\URI.php on line 549.
 1 SYSTEMPATH\HTTP\URI.php(549): CodeIgniter\HTTP\Exceptions\HTTPException::forURISegmentOutOfRange(1)
 2 APPPATH\Views\Admin\AdminLeyout\AdminMenuLeft.php(39): CodeIgniter\HTTP\URI->getSegment(1)
 3 SYSTEMPATH\View\View.php(213): include('C:\\xampp\\htdocs\\eoffice\\app\\Views\\Admin\\AdminLeyout\\AdminMenuLeft.php')
 4 SYSTEMPATH\View\View.php(216): CodeIgniter\View\View->CodeIgniter\View\{closure}()
 5 SYSTEMPATH\Common.php(1184): CodeIgniter\View\View->render('Admin/AdminLeyout/AdminMenuLeft', [], true)
 6 APPPATH\Controllers\ConAdminHome.php(19): view('Admin/AdminLeyout/AdminMenuLeft')
 7 SYSTEMPATH\CodeIgniter.php(934): App\Controllers\ConAdminHome->index()
 8 SYSTEMPATH\CodeIgniter.php(499): CodeIgniter\CodeIgniter->runController(Object(App\Controllers\ConAdminHome))
 9 SYSTEMPATH\CodeIgniter.php(368): CodeIgniter\CodeIgniter->handleRequest(null, Object(Config\Cache), false)
10 FCPATH\index.php(67): CodeIgniter\CodeIgniter->run()
