INFO - 2025-05-17 15:20:24 --> Session: Class initialized using 'CodeIgniter\Session\Handlers\FileHandler' driver.
INFO - 2025-05-17 15:50:43 --> Session: Class initialized using 'CodeIgniter\Session\Handlers\FileHandler' driver.
INFO - 2025-05-17 15:54:35 --> Session: Class initialized using 'CodeIgniter\Session\Handlers\FileHandler' driver.
INFO - 2025-05-17 15:55:17 --> Session: Class initialized using 'CodeIgniter\Session\Handlers\FileHandler' driver.
INFO - 2025-05-17 15:56:07 --> Session: Class initialized using 'CodeIgniter\Session\Handlers\FileHandler' driver.
INFO - 2025-05-17 15:56:24 --> Session: Class initialized using 'CodeIgniter\Session\Handlers\FileHandler' driver.
INFO - 2025-05-17 15:58:16 --> Session: Class initialized using 'CodeIgniter\Session\Handlers\FileHandler' driver.
INFO - 2025-05-17 15:58:45 --> Session: Class initialized using 'CodeIgniter\Session\Handlers\FileHandler' driver.
INFO - 2025-05-17 15:59:17 --> Session: Class initialized using 'CodeIgniter\Session\Handlers\FileHandler' driver.
INFO - 2025-05-17 15:59:19 --> Session: Class initialized using 'CodeIgniter\Session\Handlers\FileHandler' driver.
INFO - 2025-05-17 15:59:19 --> Session: Class initialized using 'CodeIgniter\Session\Handlers\FileHandler' driver.
INFO - 2025-05-17 15:59:28 --> Session: Class initialized using 'CodeIgniter\Session\Handlers\FileHandler' driver.
INFO - 2025-05-17 16:01:37 --> Session: Class initialized using 'CodeIgniter\Session\Handlers\FileHandler' driver.
INFO - 2025-05-17 16:01:56 --> Session: Class initialized using 'CodeIgniter\Session\Handlers\FileHandler' driver.
INFO - 2025-05-17 16:02:04 --> Session: Class initialized using 'CodeIgniter\Session\Handlers\FileHandler' driver.
INFO - 2025-05-17 16:03:01 --> Session: Class initialized using 'CodeIgniter\Session\Handlers\FileHandler' driver.
INFO - 2025-05-17 16:03:38 --> Session: Class initialized using 'CodeIgniter\Session\Handlers\FileHandler' driver.
INFO - 2025-05-17 16:04:18 --> Session: Class initialized using 'CodeIgniter\Session\Handlers\FileHandler' driver.
INFO - 2025-05-17 16:04:27 --> Session: Class initialized using 'CodeIgniter\Session\Handlers\FileHandler' driver.
INFO - 2025-05-17 16:04:40 --> Session: Class initialized using 'CodeIgniter\Session\Handlers\FileHandler' driver.
INFO - 2025-05-17 16:05:20 --> Session: Class initialized using 'CodeIgniter\Session\Handlers\FileHandler' driver.
INFO - 2025-05-17 16:12:06 --> Session: Class initialized using 'CodeIgniter\Session\Handlers\FileHandler' driver.
INFO - 2025-05-17 16:12:21 --> Session: Class initialized using 'CodeIgniter\Session\Handlers\FileHandler' driver.
INFO - 2025-05-17 16:18:31 --> Session: Class initialized using 'CodeIgniter\Session\Handlers\FileHandler' driver.
INFO - 2025-05-17 16:18:32 --> Session: Class initialized using 'CodeIgniter\Session\Handlers\FileHandler' driver.
CRITICAL - 2025-05-17 16:18:32 --> Undefined variable $DB_Personnel
in APPPATH\Controllers\ConAdminSaveAttendance.php on line 27.
 1 APPPATH\Controllers\ConAdminSaveAttendance.php(27): CodeIgniter\Debug\Exceptions->errorHandler(2, 'Undefined variable $DB_Personnel', 'D:\\xampp\\htdocs\\personnel\\app\\Controllers\\ConAdminSaveAttendance.php', 27)
 2 SYSTEMPATH\CodeIgniter.php(934): App\Controllers\ConAdminSaveAttendance->index()
 3 SYSTEMPATH\CodeIgniter.php(499): CodeIgniter\CodeIgniter->runController(Object(App\Controllers\ConAdminSaveAttendance))
 4 SYSTEMPATH\CodeIgniter.php(368): CodeIgniter\CodeIgniter->handleRequest(null, Object(Config\Cache), false)
 5 FCPATH\index.php(67): CodeIgniter\CodeIgniter->run()
INFO - 2025-05-17 16:18:46 --> Session: Class initialized using 'CodeIgniter\Session\Handlers\FileHandler' driver.
CRITICAL - 2025-05-17 16:18:46 --> Undefined variable $database
in APPPATH\Controllers\ConAdminSaveAttendance.php on line 27.
 1 APPPATH\Controllers\ConAdminSaveAttendance.php(27): CodeIgniter\Debug\Exceptions->errorHandler(2, 'Undefined variable $database', 'D:\\xampp\\htdocs\\personnel\\app\\Controllers\\ConAdminSaveAttendance.php', 27)
 2 SYSTEMPATH\CodeIgniter.php(934): App\Controllers\ConAdminSaveAttendance->index()
 3 SYSTEMPATH\CodeIgniter.php(499): CodeIgniter\CodeIgniter->runController(Object(App\Controllers\ConAdminSaveAttendance))
 4 SYSTEMPATH\CodeIgniter.php(368): CodeIgniter\CodeIgniter->handleRequest(null, Object(Config\Cache), false)
 5 FCPATH\index.php(67): CodeIgniter\CodeIgniter->run()
INFO - 2025-05-17 16:19:41 --> Session: Class initialized using 'CodeIgniter\Session\Handlers\FileHandler' driver.
CRITICAL - 2025-05-17 16:19:41 --> Undefined variable $database
in APPPATH\Controllers\ConAdminSaveAttendance.php on line 27.
 1 APPPATH\Controllers\ConAdminSaveAttendance.php(27): CodeIgniter\Debug\Exceptions->errorHandler(2, 'Undefined variable $database', 'D:\\xampp\\htdocs\\personnel\\app\\Controllers\\ConAdminSaveAttendance.php', 27)
 2 SYSTEMPATH\CodeIgniter.php(934): App\Controllers\ConAdminSaveAttendance->index()
 3 SYSTEMPATH\CodeIgniter.php(499): CodeIgniter\CodeIgniter->runController(Object(App\Controllers\ConAdminSaveAttendance))
 4 SYSTEMPATH\CodeIgniter.php(368): CodeIgniter\CodeIgniter->handleRequest(null, Object(Config\Cache), false)
 5 FCPATH\index.php(67): CodeIgniter\CodeIgniter->run()
INFO - 2025-05-17 16:20:02 --> Session: Class initialized using 'CodeIgniter\Session\Handlers\FileHandler' driver.
INFO - 2025-05-17 16:20:41 --> Session: Class initialized using 'CodeIgniter\Session\Handlers\FileHandler' driver.
INFO - 2025-05-17 16:20:55 --> Session: Class initialized using 'CodeIgniter\Session\Handlers\FileHandler' driver.
INFO - 2025-05-17 16:22:44 --> Session: Class initialized using 'CodeIgniter\Session\Handlers\FileHandler' driver.
INFO - 2025-05-17 16:22:55 --> Session: Class initialized using 'CodeIgniter\Session\Handlers\FileHandler' driver.
INFO - 2025-05-17 16:23:15 --> Session: Class initialized using 'CodeIgniter\Session\Handlers\FileHandler' driver.
INFO - 2025-05-17 16:23:16 --> Session: Class initialized using 'CodeIgniter\Session\Handlers\FileHandler' driver.
INFO - 2025-05-17 16:23:27 --> Session: Class initialized using 'CodeIgniter\Session\Handlers\FileHandler' driver.
INFO - 2025-05-17 16:25:02 --> Session: Class initialized using 'CodeIgniter\Session\Handlers\FileHandler' driver.
INFO - 2025-05-17 16:25:28 --> Session: Class initialized using 'CodeIgniter\Session\Handlers\FileHandler' driver.
INFO - 2025-05-17 16:26:20 --> Session: Class initialized using 'CodeIgniter\Session\Handlers\FileHandler' driver.
INFO - 2025-05-17 16:29:05 --> Session: Class initialized using 'CodeIgniter\Session\Handlers\FileHandler' driver.
INFO - 2025-05-17 16:29:17 --> Session: Class initialized using 'CodeIgniter\Session\Handlers\FileHandler' driver.
INFO - 2025-05-17 16:30:06 --> Session: Class initialized using 'CodeIgniter\Session\Handlers\FileHandler' driver.
INFO - 2025-05-17 16:30:57 --> Session: Class initialized using 'CodeIgniter\Session\Handlers\FileHandler' driver.
INFO - 2025-05-17 16:31:04 --> Session: Class initialized using 'CodeIgniter\Session\Handlers\FileHandler' driver.
INFO - 2025-05-17 16:34:52 --> Session: Class initialized using 'CodeIgniter\Session\Handlers\FileHandler' driver.
INFO - 2025-05-17 16:35:27 --> Session: Class initialized using 'CodeIgniter\Session\Handlers\FileHandler' driver.
INFO - 2025-05-17 16:39:13 --> Session: Class initialized using 'CodeIgniter\Session\Handlers\FileHandler' driver.
INFO - 2025-05-17 16:39:41 --> Session: Class initialized using 'CodeIgniter\Session\Handlers\FileHandler' driver.
INFO - 2025-05-17 16:39:53 --> Session: Class initialized using 'CodeIgniter\Session\Handlers\FileHandler' driver.
INFO - 2025-05-17 16:40:32 --> Session: Class initialized using 'CodeIgniter\Session\Handlers\FileHandler' driver.
INFO - 2025-05-17 16:40:50 --> Session: Class initialized using 'CodeIgniter\Session\Handlers\FileHandler' driver.
INFO - 2025-05-17 16:41:01 --> Session: Class initialized using 'CodeIgniter\Session\Handlers\FileHandler' driver.
INFO - 2025-05-17 16:41:32 --> Session: Class initialized using 'CodeIgniter\Session\Handlers\FileHandler' driver.
INFO - 2025-05-17 16:50:24 --> Session: Class initialized using 'CodeIgniter\Session\Handlers\FileHandler' driver.
INFO - 2025-05-17 16:50:31 --> Session: Class initialized using 'CodeIgniter\Session\Handlers\FileHandler' driver.
INFO - 2025-05-17 16:50:54 --> Session: Class initialized using 'CodeIgniter\Session\Handlers\FileHandler' driver.
INFO - 2025-05-17 16:53:28 --> Session: Class initialized using 'CodeIgniter\Session\Handlers\FileHandler' driver.
INFO - 2025-05-17 16:53:48 --> Session: Class initialized using 'CodeIgniter\Session\Handlers\FileHandler' driver.
INFO - 2025-05-17 16:53:57 --> Session: Class initialized using 'CodeIgniter\Session\Handlers\FileHandler' driver.
INFO - 2025-05-17 16:53:59 --> Session: Class initialized using 'CodeIgniter\Session\Handlers\FileHandler' driver.
ERROR - 2025-05-17 16:53:59 --> mysqli_sql_exception: Table 'skjacth_personnel.tb_position' doesn't exist in D:\xampp\htdocs\personnel\vendor\codeigniter4\framework\system\Database\MySQLi\Connection.php:295
Stack trace:
#0 D:\xampp\htdocs\personnel\vendor\codeigniter4\framework\system\Database\MySQLi\Connection.php(295): mysqli->query('SELECT `tb_pers...', 0)
#1 D:\xampp\htdocs\personnel\vendor\codeigniter4\framework\system\Database\BaseConnection.php(692): CodeIgniter\Database\MySQLi\Connection->execute('SELECT `tb_pers...')
#2 D:\xampp\htdocs\personnel\vendor\codeigniter4\framework\system\Database\BaseConnection.php(606): CodeIgniter\Database\BaseConnection->simpleQuery('SELECT `tb_pers...')
#3 D:\xampp\htdocs\personnel\vendor\codeigniter4\framework\system\Database\BaseBuilder.php(1616): CodeIgniter\Database\BaseConnection->query('SELECT `tb_pers...', Array, false)
#4 D:\xampp\htdocs\personnel\app\Controllers\ConAdminSaveAttendance.php(44): CodeIgniter\Database\BaseBuilder->get()
#5 D:\xampp\htdocs\personnel\vendor\codeigniter4\framework\system\CodeIgniter.php(934): App\Controllers\ConAdminSaveAttendance->GetPersonnalData()
#6 D:\xampp\htdocs\personnel\vendor\codeigniter4\framework\system\CodeIgniter.php(499): CodeIgniter\CodeIgniter->runController(Object(App\Controllers\ConAdminSaveAttendance))
#7 D:\xampp\htdocs\personnel\vendor\codeigniter4\framework\system\CodeIgniter.php(368): CodeIgniter\CodeIgniter->handleRequest(NULL, Object(Config\Cache), false)
#8 D:\xampp\htdocs\personnel\index.php(67): CodeIgniter\CodeIgniter->run()
#9 {main}
CRITICAL - 2025-05-17 16:53:59 --> Table 'skjacth_personnel.tb_position' doesn't exist
in SYSTEMPATH\Database\MySQLi\Connection.php on line 295.
 1 SYSTEMPATH\Database\MySQLi\Connection.php(295): mysqli->query('SELECT `tb_personnel`.*, `tb_position`.`position_name`
FROM `tb_personnel`
LEFT JOIN `tb_position` ON `tb_position`.`id` = `tb_personnel`.`position_id`
WHERE `tb_personnel`.`status` != \'Delete\'
ORDER BY `tb_personnel`.`id` DESC', 0)
 2 SYSTEMPATH\Database\BaseConnection.php(692): CodeIgniter\Database\MySQLi\Connection->execute('SELECT `tb_personnel`.*, `tb_position`.`position_name`
FROM `tb_personnel`
LEFT JOIN `tb_position` ON `tb_position`.`id` = `tb_personnel`.`position_id`
WHERE `tb_personnel`.`status` != \'Delete\'
ORDER BY `tb_personnel`.`id` DESC')
 3 SYSTEMPATH\Database\BaseConnection.php(606): CodeIgniter\Database\BaseConnection->simpleQuery('SELECT `tb_personnel`.*, `tb_position`.`position_name`
FROM `tb_personnel`
LEFT JOIN `tb_position` ON `tb_position`.`id` = `tb_personnel`.`position_id`
WHERE `tb_personnel`.`status` != \'Delete\'
ORDER BY `tb_personnel`.`id` DESC')
 4 SYSTEMPATH\Database\BaseBuilder.php(1616): CodeIgniter\Database\BaseConnection->query('SELECT `tb_personnel`.*, `tb_position`.`position_name`
FROM `tb_personnel`
LEFT JOIN `tb_position` ON `tb_position`.`id` = `tb_personnel`.`position_id`
WHERE `tb_personnel`.`status` != :tb_personnel.status:
ORDER BY `tb_personnel`.`id` DESC', [...], false)
 5 APPPATH\Controllers\ConAdminSaveAttendance.php(44): CodeIgniter\Database\BaseBuilder->get()
 6 SYSTEMPATH\CodeIgniter.php(934): App\Controllers\ConAdminSaveAttendance->GetPersonnalData()
 7 SYSTEMPATH\CodeIgniter.php(499): CodeIgniter\CodeIgniter->runController(Object(App\Controllers\ConAdminSaveAttendance))
 8 SYSTEMPATH\CodeIgniter.php(368): CodeIgniter\CodeIgniter->handleRequest(null, Object(Config\Cache), false)
 9 FCPATH\index.php(67): CodeIgniter\CodeIgniter->run()
INFO - 2025-05-17 16:54:19 --> Session: Class initialized using 'CodeIgniter\Session\Handlers\FileHandler' driver.
ERROR - 2025-05-17 16:54:19 --> mysqli_sql_exception: Table 'skjacth_personnel.tb_position' doesn't exist in D:\xampp\htdocs\personnel\vendor\codeigniter4\framework\system\Database\MySQLi\Connection.php:295
Stack trace:
#0 D:\xampp\htdocs\personnel\vendor\codeigniter4\framework\system\Database\MySQLi\Connection.php(295): mysqli->query('SELECT `tb_pers...', 0)
#1 D:\xampp\htdocs\personnel\vendor\codeigniter4\framework\system\Database\BaseConnection.php(692): CodeIgniter\Database\MySQLi\Connection->execute('SELECT `tb_pers...')
#2 D:\xampp\htdocs\personnel\vendor\codeigniter4\framework\system\Database\BaseConnection.php(606): CodeIgniter\Database\BaseConnection->simpleQuery('SELECT `tb_pers...')
#3 D:\xampp\htdocs\personnel\vendor\codeigniter4\framework\system\Database\BaseBuilder.php(1616): CodeIgniter\Database\BaseConnection->query('SELECT `tb_pers...', Array, false)
#4 D:\xampp\htdocs\personnel\app\Controllers\ConAdminSaveAttendance.php(44): CodeIgniter\Database\BaseBuilder->get()
#5 D:\xampp\htdocs\personnel\vendor\codeigniter4\framework\system\CodeIgniter.php(934): App\Controllers\ConAdminSaveAttendance->GetPersonnalData()
#6 D:\xampp\htdocs\personnel\vendor\codeigniter4\framework\system\CodeIgniter.php(499): CodeIgniter\CodeIgniter->runController(Object(App\Controllers\ConAdminSaveAttendance))
#7 D:\xampp\htdocs\personnel\vendor\codeigniter4\framework\system\CodeIgniter.php(368): CodeIgniter\CodeIgniter->handleRequest(NULL, Object(Config\Cache), false)
#8 D:\xampp\htdocs\personnel\index.php(67): CodeIgniter\CodeIgniter->run()
#9 {main}
CRITICAL - 2025-05-17 16:54:19 --> Table 'skjacth_personnel.tb_position' doesn't exist
in SYSTEMPATH\Database\MySQLi\Connection.php on line 295.
 1 SYSTEMPATH\Database\MySQLi\Connection.php(295): mysqli->query('SELECT `tb_personnel`.*, `tb_position`.`position_name`
FROM `tb_personnel`
LEFT JOIN `tb_position` ON `tb_position`.`id` = `tb_personnel`.`position_id`
WHERE `tb_personnel`.`status` != \'Delete\'
ORDER BY `tb_personnel`.`id` DESC', 0)
 2 SYSTEMPATH\Database\BaseConnection.php(692): CodeIgniter\Database\MySQLi\Connection->execute('SELECT `tb_personnel`.*, `tb_position`.`position_name`
FROM `tb_personnel`
LEFT JOIN `tb_position` ON `tb_position`.`id` = `tb_personnel`.`position_id`
WHERE `tb_personnel`.`status` != \'Delete\'
ORDER BY `tb_personnel`.`id` DESC')
 3 SYSTEMPATH\Database\BaseConnection.php(606): CodeIgniter\Database\BaseConnection->simpleQuery('SELECT `tb_personnel`.*, `tb_position`.`position_name`
FROM `tb_personnel`
LEFT JOIN `tb_position` ON `tb_position`.`id` = `tb_personnel`.`position_id`
WHERE `tb_personnel`.`status` != \'Delete\'
ORDER BY `tb_personnel`.`id` DESC')
 4 SYSTEMPATH\Database\BaseBuilder.php(1616): CodeIgniter\Database\BaseConnection->query('SELECT `tb_personnel`.*, `tb_position`.`position_name`
FROM `tb_personnel`
LEFT JOIN `tb_position` ON `tb_position`.`id` = `tb_personnel`.`position_id`
WHERE `tb_personnel`.`status` != :tb_personnel.status:
ORDER BY `tb_personnel`.`id` DESC', [...], false)
 5 APPPATH\Controllers\ConAdminSaveAttendance.php(44): CodeIgniter\Database\BaseBuilder->get()
 6 SYSTEMPATH\CodeIgniter.php(934): App\Controllers\ConAdminSaveAttendance->GetPersonnalData()
 7 SYSTEMPATH\CodeIgniter.php(499): CodeIgniter\CodeIgniter->runController(Object(App\Controllers\ConAdminSaveAttendance))
 8 SYSTEMPATH\CodeIgniter.php(368): CodeIgniter\CodeIgniter->handleRequest(null, Object(Config\Cache), false)
 9 FCPATH\index.php(67): CodeIgniter\CodeIgniter->run()
INFO - 2025-05-17 16:56:36 --> Session: Class initialized using 'CodeIgniter\Session\Handlers\FileHandler' driver.
CRITICAL - 2025-05-17 16:56:36 --> skjacth_skj is not a valid database connection group.
in SYSTEMPATH\Database\Config.php on line 70.
 1 APPPATH\Controllers\ConAdminSaveAttendance.php(20): CodeIgniter\Database\Config::connect('skjacth_skj')
 2 APPPATH\Controllers\ConAdminSaveAttendance.php(26): App\Controllers\ConAdminSaveAttendance->DataMain()
 3 SYSTEMPATH\CodeIgniter.php(934): App\Controllers\ConAdminSaveAttendance->index()
 4 SYSTEMPATH\CodeIgniter.php(499): CodeIgniter\CodeIgniter->runController(Object(App\Controllers\ConAdminSaveAttendance))
 5 SYSTEMPATH\CodeIgniter.php(368): CodeIgniter\CodeIgniter->handleRequest(null, Object(Config\Cache), false)
 6 FCPATH\index.php(67): CodeIgniter\CodeIgniter->run()
INFO - 2025-05-17 16:57:02 --> Session: Class initialized using 'CodeIgniter\Session\Handlers\FileHandler' driver.
INFO - 2025-05-17 16:57:03 --> Session: Class initialized using 'CodeIgniter\Session\Handlers\FileHandler' driver.
ERROR - 2025-05-17 16:57:03 --> mysqli_sql_exception: Table 'skjacth_personnel.tb_position' doesn't exist in D:\xampp\htdocs\personnel\vendor\codeigniter4\framework\system\Database\MySQLi\Connection.php:295
Stack trace:
#0 D:\xampp\htdocs\personnel\vendor\codeigniter4\framework\system\Database\MySQLi\Connection.php(295): mysqli->query('SELECT `tb_pers...', 0)
#1 D:\xampp\htdocs\personnel\vendor\codeigniter4\framework\system\Database\BaseConnection.php(692): CodeIgniter\Database\MySQLi\Connection->execute('SELECT `tb_pers...')
#2 D:\xampp\htdocs\personnel\vendor\codeigniter4\framework\system\Database\BaseConnection.php(606): CodeIgniter\Database\BaseConnection->simpleQuery('SELECT `tb_pers...')
#3 D:\xampp\htdocs\personnel\vendor\codeigniter4\framework\system\Database\BaseBuilder.php(1616): CodeIgniter\Database\BaseConnection->query('SELECT `tb_pers...', Array, false)
#4 D:\xampp\htdocs\personnel\app\Controllers\ConAdminSaveAttendance.php(47): CodeIgniter\Database\BaseBuilder->get()
#5 D:\xampp\htdocs\personnel\vendor\codeigniter4\framework\system\CodeIgniter.php(934): App\Controllers\ConAdminSaveAttendance->GetPersonnalData()
#6 D:\xampp\htdocs\personnel\vendor\codeigniter4\framework\system\CodeIgniter.php(499): CodeIgniter\CodeIgniter->runController(Object(App\Controllers\ConAdminSaveAttendance))
#7 D:\xampp\htdocs\personnel\vendor\codeigniter4\framework\system\CodeIgniter.php(368): CodeIgniter\CodeIgniter->handleRequest(NULL, Object(Config\Cache), false)
#8 D:\xampp\htdocs\personnel\index.php(67): CodeIgniter\CodeIgniter->run()
#9 {main}
CRITICAL - 2025-05-17 16:57:03 --> Table 'skjacth_personnel.tb_position' doesn't exist
in SYSTEMPATH\Database\MySQLi\Connection.php on line 295.
 1 SYSTEMPATH\Database\MySQLi\Connection.php(295): mysqli->query('SELECT `tb_personnel`.*, `tb_position`.`position_name`
FROM `tb_personnel`
LEFT JOIN `tb_position` ON `tb_position`.`id` = `tb_personnel`.`position_id`
WHERE `tb_personnel`.`status` != \'Delete\'
ORDER BY `tb_personnel`.`id` DESC', 0)
 2 SYSTEMPATH\Database\BaseConnection.php(692): CodeIgniter\Database\MySQLi\Connection->execute('SELECT `tb_personnel`.*, `tb_position`.`position_name`
FROM `tb_personnel`
LEFT JOIN `tb_position` ON `tb_position`.`id` = `tb_personnel`.`position_id`
WHERE `tb_personnel`.`status` != \'Delete\'
ORDER BY `tb_personnel`.`id` DESC')
 3 SYSTEMPATH\Database\BaseConnection.php(606): CodeIgniter\Database\BaseConnection->simpleQuery('SELECT `tb_personnel`.*, `tb_position`.`position_name`
FROM `tb_personnel`
LEFT JOIN `tb_position` ON `tb_position`.`id` = `tb_personnel`.`position_id`
WHERE `tb_personnel`.`status` != \'Delete\'
ORDER BY `tb_personnel`.`id` DESC')
 4 SYSTEMPATH\Database\BaseBuilder.php(1616): CodeIgniter\Database\BaseConnection->query('SELECT `tb_personnel`.*, `tb_position`.`position_name`
FROM `tb_personnel`
LEFT JOIN `tb_position` ON `tb_position`.`id` = `tb_personnel`.`position_id`
WHERE `tb_personnel`.`status` != :tb_personnel.status:
ORDER BY `tb_personnel`.`id` DESC', [...], false)
 5 APPPATH\Controllers\ConAdminSaveAttendance.php(47): CodeIgniter\Database\BaseBuilder->get()
 6 SYSTEMPATH\CodeIgniter.php(934): App\Controllers\ConAdminSaveAttendance->GetPersonnalData()
 7 SYSTEMPATH\CodeIgniter.php(499): CodeIgniter\CodeIgniter->runController(Object(App\Controllers\ConAdminSaveAttendance))
 8 SYSTEMPATH\CodeIgniter.php(368): CodeIgniter\CodeIgniter->handleRequest(null, Object(Config\Cache), false)
 9 FCPATH\index.php(67): CodeIgniter\CodeIgniter->run()
INFO - 2025-05-17 16:57:11 --> Session: Class initialized using 'CodeIgniter\Session\Handlers\FileHandler' driver.
ERROR - 2025-05-17 16:57:11 --> mysqli_sql_exception: Table 'skjacth_personnel.tb_position' doesn't exist in D:\xampp\htdocs\personnel\vendor\codeigniter4\framework\system\Database\MySQLi\Connection.php:295
Stack trace:
#0 D:\xampp\htdocs\personnel\vendor\codeigniter4\framework\system\Database\MySQLi\Connection.php(295): mysqli->query('SELECT `tb_pers...', 0)
#1 D:\xampp\htdocs\personnel\vendor\codeigniter4\framework\system\Database\BaseConnection.php(692): CodeIgniter\Database\MySQLi\Connection->execute('SELECT `tb_pers...')
#2 D:\xampp\htdocs\personnel\vendor\codeigniter4\framework\system\Database\BaseConnection.php(606): CodeIgniter\Database\BaseConnection->simpleQuery('SELECT `tb_pers...')
#3 D:\xampp\htdocs\personnel\vendor\codeigniter4\framework\system\Database\BaseBuilder.php(1616): CodeIgniter\Database\BaseConnection->query('SELECT `tb_pers...', Array, false)
#4 D:\xampp\htdocs\personnel\app\Controllers\ConAdminSaveAttendance.php(47): CodeIgniter\Database\BaseBuilder->get()
#5 D:\xampp\htdocs\personnel\vendor\codeigniter4\framework\system\CodeIgniter.php(934): App\Controllers\ConAdminSaveAttendance->GetPersonnalData()
#6 D:\xampp\htdocs\personnel\vendor\codeigniter4\framework\system\CodeIgniter.php(499): CodeIgniter\CodeIgniter->runController(Object(App\Controllers\ConAdminSaveAttendance))
#7 D:\xampp\htdocs\personnel\vendor\codeigniter4\framework\system\CodeIgniter.php(368): CodeIgniter\CodeIgniter->handleRequest(NULL, Object(Config\Cache), false)
#8 D:\xampp\htdocs\personnel\index.php(67): CodeIgniter\CodeIgniter->run()
#9 {main}
CRITICAL - 2025-05-17 16:57:11 --> Table 'skjacth_personnel.tb_position' doesn't exist
in SYSTEMPATH\Database\MySQLi\Connection.php on line 295.
 1 SYSTEMPATH\Database\MySQLi\Connection.php(295): mysqli->query('SELECT `tb_personnel`.*, `tb_position`.`position_name`
FROM `tb_personnel`
LEFT JOIN `tb_position` ON `tb_position`.`id` = `tb_personnel`.`position_id`
WHERE `tb_personnel`.`status` != \'Delete\'
ORDER BY `tb_personnel`.`id` DESC', 0)
 2 SYSTEMPATH\Database\BaseConnection.php(692): CodeIgniter\Database\MySQLi\Connection->execute('SELECT `tb_personnel`.*, `tb_position`.`position_name`
FROM `tb_personnel`
LEFT JOIN `tb_position` ON `tb_position`.`id` = `tb_personnel`.`position_id`
WHERE `tb_personnel`.`status` != \'Delete\'
ORDER BY `tb_personnel`.`id` DESC')
 3 SYSTEMPATH\Database\BaseConnection.php(606): CodeIgniter\Database\BaseConnection->simpleQuery('SELECT `tb_personnel`.*, `tb_position`.`position_name`
FROM `tb_personnel`
LEFT JOIN `tb_position` ON `tb_position`.`id` = `tb_personnel`.`position_id`
WHERE `tb_personnel`.`status` != \'Delete\'
ORDER BY `tb_personnel`.`id` DESC')
 4 SYSTEMPATH\Database\BaseBuilder.php(1616): CodeIgniter\Database\BaseConnection->query('SELECT `tb_personnel`.*, `tb_position`.`position_name`
FROM `tb_personnel`
LEFT JOIN `tb_position` ON `tb_position`.`id` = `tb_personnel`.`position_id`
WHERE `tb_personnel`.`status` != :tb_personnel.status:
ORDER BY `tb_personnel`.`id` DESC', [...], false)
 5 APPPATH\Controllers\ConAdminSaveAttendance.php(47): CodeIgniter\Database\BaseBuilder->get()
 6 SYSTEMPATH\CodeIgniter.php(934): App\Controllers\ConAdminSaveAttendance->GetPersonnalData()
 7 SYSTEMPATH\CodeIgniter.php(499): CodeIgniter\CodeIgniter->runController(Object(App\Controllers\ConAdminSaveAttendance))
 8 SYSTEMPATH\CodeIgniter.php(368): CodeIgniter\CodeIgniter->handleRequest(null, Object(Config\Cache), false)
 9 FCPATH\index.php(67): CodeIgniter\CodeIgniter->run()
INFO - 2025-05-17 16:57:43 --> Session: Class initialized using 'CodeIgniter\Session\Handlers\FileHandler' driver.
ERROR - 2025-05-17 16:57:43 --> mysqli_sql_exception: Table 'skjacth_personnel.tb_position' doesn't exist in D:\xampp\htdocs\personnel\vendor\codeigniter4\framework\system\Database\MySQLi\Connection.php:295
Stack trace:
#0 D:\xampp\htdocs\personnel\vendor\codeigniter4\framework\system\Database\MySQLi\Connection.php(295): mysqli->query('SELECT `tb_pers...', 0)
#1 D:\xampp\htdocs\personnel\vendor\codeigniter4\framework\system\Database\BaseConnection.php(692): CodeIgniter\Database\MySQLi\Connection->execute('SELECT `tb_pers...')
#2 D:\xampp\htdocs\personnel\vendor\codeigniter4\framework\system\Database\BaseConnection.php(606): CodeIgniter\Database\BaseConnection->simpleQuery('SELECT `tb_pers...')
#3 D:\xampp\htdocs\personnel\vendor\codeigniter4\framework\system\Database\BaseBuilder.php(1616): CodeIgniter\Database\BaseConnection->query('SELECT `tb_pers...', Array, false)
#4 D:\xampp\htdocs\personnel\app\Controllers\ConAdminSaveAttendance.php(46): CodeIgniter\Database\BaseBuilder->get()
#5 D:\xampp\htdocs\personnel\vendor\codeigniter4\framework\system\CodeIgniter.php(934): App\Controllers\ConAdminSaveAttendance->GetPersonnalData()
#6 D:\xampp\htdocs\personnel\vendor\codeigniter4\framework\system\CodeIgniter.php(499): CodeIgniter\CodeIgniter->runController(Object(App\Controllers\ConAdminSaveAttendance))
#7 D:\xampp\htdocs\personnel\vendor\codeigniter4\framework\system\CodeIgniter.php(368): CodeIgniter\CodeIgniter->handleRequest(NULL, Object(Config\Cache), false)
#8 D:\xampp\htdocs\personnel\index.php(67): CodeIgniter\CodeIgniter->run()
#9 {main}
CRITICAL - 2025-05-17 16:57:43 --> Table 'skjacth_personnel.tb_position' doesn't exist
in SYSTEMPATH\Database\MySQLi\Connection.php on line 295.
 1 SYSTEMPATH\Database\MySQLi\Connection.php(295): mysqli->query('SELECT `tb_personnel`.*, `tb_position`.`position_name`
FROM `tb_personnel`
LEFT JOIN `tb_position` ON `tb_position`.`id` = `tb_personnel`.`position_id`
ORDER BY `tb_personnel`.`id` DESC', 0)
 2 SYSTEMPATH\Database\BaseConnection.php(692): CodeIgniter\Database\MySQLi\Connection->execute('SELECT `tb_personnel`.*, `tb_position`.`position_name`
FROM `tb_personnel`
LEFT JOIN `tb_position` ON `tb_position`.`id` = `tb_personnel`.`position_id`
ORDER BY `tb_personnel`.`id` DESC')
 3 SYSTEMPATH\Database\BaseConnection.php(606): CodeIgniter\Database\BaseConnection->simpleQuery('SELECT `tb_personnel`.*, `tb_position`.`position_name`
FROM `tb_personnel`
LEFT JOIN `tb_position` ON `tb_position`.`id` = `tb_personnel`.`position_id`
ORDER BY `tb_personnel`.`id` DESC')
 4 SYSTEMPATH\Database\BaseBuilder.php(1616): CodeIgniter\Database\BaseConnection->query('SELECT `tb_personnel`.*, `tb_position`.`position_name`
FROM `tb_personnel`
LEFT JOIN `tb_position` ON `tb_position`.`id` = `tb_personnel`.`position_id`
ORDER BY `tb_personnel`.`id` DESC', [], false)
 5 APPPATH\Controllers\ConAdminSaveAttendance.php(46): CodeIgniter\Database\BaseBuilder->get()
 6 SYSTEMPATH\CodeIgniter.php(934): App\Controllers\ConAdminSaveAttendance->GetPersonnalData()
 7 SYSTEMPATH\CodeIgniter.php(499): CodeIgniter\CodeIgniter->runController(Object(App\Controllers\ConAdminSaveAttendance))
 8 SYSTEMPATH\CodeIgniter.php(368): CodeIgniter\CodeIgniter->handleRequest(null, Object(Config\Cache), false)
 9 FCPATH\index.php(67): CodeIgniter\CodeIgniter->run()
INFO - 2025-05-17 16:57:44 --> Session: Class initialized using 'CodeIgniter\Session\Handlers\FileHandler' driver.
ERROR - 2025-05-17 16:57:44 --> mysqli_sql_exception: Table 'skjacth_personnel.tb_position' doesn't exist in D:\xampp\htdocs\personnel\vendor\codeigniter4\framework\system\Database\MySQLi\Connection.php:295
Stack trace:
#0 D:\xampp\htdocs\personnel\vendor\codeigniter4\framework\system\Database\MySQLi\Connection.php(295): mysqli->query('SELECT `tb_pers...', 0)
#1 D:\xampp\htdocs\personnel\vendor\codeigniter4\framework\system\Database\BaseConnection.php(692): CodeIgniter\Database\MySQLi\Connection->execute('SELECT `tb_pers...')
#2 D:\xampp\htdocs\personnel\vendor\codeigniter4\framework\system\Database\BaseConnection.php(606): CodeIgniter\Database\BaseConnection->simpleQuery('SELECT `tb_pers...')
#3 D:\xampp\htdocs\personnel\vendor\codeigniter4\framework\system\Database\BaseBuilder.php(1616): CodeIgniter\Database\BaseConnection->query('SELECT `tb_pers...', Array, false)
#4 D:\xampp\htdocs\personnel\app\Controllers\ConAdminSaveAttendance.php(46): CodeIgniter\Database\BaseBuilder->get()
#5 D:\xampp\htdocs\personnel\vendor\codeigniter4\framework\system\CodeIgniter.php(934): App\Controllers\ConAdminSaveAttendance->GetPersonnalData()
#6 D:\xampp\htdocs\personnel\vendor\codeigniter4\framework\system\CodeIgniter.php(499): CodeIgniter\CodeIgniter->runController(Object(App\Controllers\ConAdminSaveAttendance))
#7 D:\xampp\htdocs\personnel\vendor\codeigniter4\framework\system\CodeIgniter.php(368): CodeIgniter\CodeIgniter->handleRequest(NULL, Object(Config\Cache), false)
#8 D:\xampp\htdocs\personnel\index.php(67): CodeIgniter\CodeIgniter->run()
#9 {main}
CRITICAL - 2025-05-17 16:57:44 --> Table 'skjacth_personnel.tb_position' doesn't exist
in SYSTEMPATH\Database\MySQLi\Connection.php on line 295.
 1 SYSTEMPATH\Database\MySQLi\Connection.php(295): mysqli->query('SELECT `tb_personnel`.*, `tb_position`.`position_name`
FROM `tb_personnel`
LEFT JOIN `tb_position` ON `tb_position`.`id` = `tb_personnel`.`position_id`
ORDER BY `tb_personnel`.`id` DESC', 0)
 2 SYSTEMPATH\Database\BaseConnection.php(692): CodeIgniter\Database\MySQLi\Connection->execute('SELECT `tb_personnel`.*, `tb_position`.`position_name`
FROM `tb_personnel`
LEFT JOIN `tb_position` ON `tb_position`.`id` = `tb_personnel`.`position_id`
ORDER BY `tb_personnel`.`id` DESC')
 3 SYSTEMPATH\Database\BaseConnection.php(606): CodeIgniter\Database\BaseConnection->simpleQuery('SELECT `tb_personnel`.*, `tb_position`.`position_name`
FROM `tb_personnel`
LEFT JOIN `tb_position` ON `tb_position`.`id` = `tb_personnel`.`position_id`
ORDER BY `tb_personnel`.`id` DESC')
 4 SYSTEMPATH\Database\BaseBuilder.php(1616): CodeIgniter\Database\BaseConnection->query('SELECT `tb_personnel`.*, `tb_position`.`position_name`
FROM `tb_personnel`
LEFT JOIN `tb_position` ON `tb_position`.`id` = `tb_personnel`.`position_id`
ORDER BY `tb_personnel`.`id` DESC', [], false)
 5 APPPATH\Controllers\ConAdminSaveAttendance.php(46): CodeIgniter\Database\BaseBuilder->get()
 6 SYSTEMPATH\CodeIgniter.php(934): App\Controllers\ConAdminSaveAttendance->GetPersonnalData()
 7 SYSTEMPATH\CodeIgniter.php(499): CodeIgniter\CodeIgniter->runController(Object(App\Controllers\ConAdminSaveAttendance))
 8 SYSTEMPATH\CodeIgniter.php(368): CodeIgniter\CodeIgniter->handleRequest(null, Object(Config\Cache), false)
 9 FCPATH\index.php(67): CodeIgniter\CodeIgniter->run()
INFO - 2025-05-17 16:58:31 --> Session: Class initialized using 'CodeIgniter\Session\Handlers\FileHandler' driver.
ERROR - 2025-05-17 16:58:31 --> mysqli_sql_exception: Table 'skjacth_personnel.tb_position' doesn't exist in D:\xampp\htdocs\personnel\vendor\codeigniter4\framework\system\Database\MySQLi\Connection.php:295
Stack trace:
#0 D:\xampp\htdocs\personnel\vendor\codeigniter4\framework\system\Database\MySQLi\Connection.php(295): mysqli->query('SELECT `tb_pers...', 0)
#1 D:\xampp\htdocs\personnel\vendor\codeigniter4\framework\system\Database\BaseConnection.php(692): CodeIgniter\Database\MySQLi\Connection->execute('SELECT `tb_pers...')
#2 D:\xampp\htdocs\personnel\vendor\codeigniter4\framework\system\Database\BaseConnection.php(606): CodeIgniter\Database\BaseConnection->simpleQuery('SELECT `tb_pers...')
#3 D:\xampp\htdocs\personnel\vendor\codeigniter4\framework\system\Database\BaseBuilder.php(1616): CodeIgniter\Database\BaseConnection->query('SELECT `tb_pers...', Array, false)
#4 D:\xampp\htdocs\personnel\app\Controllers\ConAdminSaveAttendance.php(46): CodeIgniter\Database\BaseBuilder->get()
#5 D:\xampp\htdocs\personnel\vendor\codeigniter4\framework\system\CodeIgniter.php(934): App\Controllers\ConAdminSaveAttendance->GetPersonnalData()
#6 D:\xampp\htdocs\personnel\vendor\codeigniter4\framework\system\CodeIgniter.php(499): CodeIgniter\CodeIgniter->runController(Object(App\Controllers\ConAdminSaveAttendance))
#7 D:\xampp\htdocs\personnel\vendor\codeigniter4\framework\system\CodeIgniter.php(368): CodeIgniter\CodeIgniter->handleRequest(NULL, Object(Config\Cache), false)
#8 D:\xampp\htdocs\personnel\index.php(67): CodeIgniter\CodeIgniter->run()
#9 {main}
CRITICAL - 2025-05-17 16:58:31 --> Table 'skjacth_personnel.tb_position' doesn't exist
in SYSTEMPATH\Database\MySQLi\Connection.php on line 295.
 1 SYSTEMPATH\Database\MySQLi\Connection.php(295): mysqli->query('SELECT `tb_personnel`.*, `tb_position`.`position_name`
FROM `tb_personnel`
LEFT JOIN `tb_position` ON `tb_position`.`posi_id` = `tb_personnel`.`pers_position`
ORDER BY `tb_personnel`.`id` DESC', 0)
 2 SYSTEMPATH\Database\BaseConnection.php(692): CodeIgniter\Database\MySQLi\Connection->execute('SELECT `tb_personnel`.*, `tb_position`.`position_name`
FROM `tb_personnel`
LEFT JOIN `tb_position` ON `tb_position`.`posi_id` = `tb_personnel`.`pers_position`
ORDER BY `tb_personnel`.`id` DESC')
 3 SYSTEMPATH\Database\BaseConnection.php(606): CodeIgniter\Database\BaseConnection->simpleQuery('SELECT `tb_personnel`.*, `tb_position`.`position_name`
FROM `tb_personnel`
LEFT JOIN `tb_position` ON `tb_position`.`posi_id` = `tb_personnel`.`pers_position`
ORDER BY `tb_personnel`.`id` DESC')
 4 SYSTEMPATH\Database\BaseBuilder.php(1616): CodeIgniter\Database\BaseConnection->query('SELECT `tb_personnel`.*, `tb_position`.`position_name`
FROM `tb_personnel`
LEFT JOIN `tb_position` ON `tb_position`.`posi_id` = `tb_personnel`.`pers_position`
ORDER BY `tb_personnel`.`id` DESC', [], false)
 5 APPPATH\Controllers\ConAdminSaveAttendance.php(46): CodeIgniter\Database\BaseBuilder->get()
 6 SYSTEMPATH\CodeIgniter.php(934): App\Controllers\ConAdminSaveAttendance->GetPersonnalData()
 7 SYSTEMPATH\CodeIgniter.php(499): CodeIgniter\CodeIgniter->runController(Object(App\Controllers\ConAdminSaveAttendance))
 8 SYSTEMPATH\CodeIgniter.php(368): CodeIgniter\CodeIgniter->handleRequest(null, Object(Config\Cache), false)
 9 FCPATH\index.php(67): CodeIgniter\CodeIgniter->run()
INFO - 2025-05-17 16:58:55 --> Session: Class initialized using 'CodeIgniter\Session\Handlers\FileHandler' driver.
ERROR - 2025-05-17 16:58:55 --> mysqli_sql_exception: Table 'skjacth_personnel.tb_position' doesn't exist in D:\xampp\htdocs\personnel\vendor\codeigniter4\framework\system\Database\MySQLi\Connection.php:295
Stack trace:
#0 D:\xampp\htdocs\personnel\vendor\codeigniter4\framework\system\Database\MySQLi\Connection.php(295): mysqli->query('SELECT `tb_pers...', 0)
#1 D:\xampp\htdocs\personnel\vendor\codeigniter4\framework\system\Database\BaseConnection.php(692): CodeIgniter\Database\MySQLi\Connection->execute('SELECT `tb_pers...')
#2 D:\xampp\htdocs\personnel\vendor\codeigniter4\framework\system\Database\BaseConnection.php(606): CodeIgniter\Database\BaseConnection->simpleQuery('SELECT `tb_pers...')
#3 D:\xampp\htdocs\personnel\vendor\codeigniter4\framework\system\Database\BaseBuilder.php(1616): CodeIgniter\Database\BaseConnection->query('SELECT `tb_pers...', Array, false)
#4 D:\xampp\htdocs\personnel\app\Controllers\ConAdminSaveAttendance.php(46): CodeIgniter\Database\BaseBuilder->get()
#5 D:\xampp\htdocs\personnel\vendor\codeigniter4\framework\system\CodeIgniter.php(934): App\Controllers\ConAdminSaveAttendance->GetPersonnalData()
#6 D:\xampp\htdocs\personnel\vendor\codeigniter4\framework\system\CodeIgniter.php(499): CodeIgniter\CodeIgniter->runController(Object(App\Controllers\ConAdminSaveAttendance))
#7 D:\xampp\htdocs\personnel\vendor\codeigniter4\framework\system\CodeIgniter.php(368): CodeIgniter\CodeIgniter->handleRequest(NULL, Object(Config\Cache), false)
#8 D:\xampp\htdocs\personnel\index.php(67): CodeIgniter\CodeIgniter->run()
#9 {main}
CRITICAL - 2025-05-17 16:58:55 --> Table 'skjacth_personnel.tb_position' doesn't exist
in SYSTEMPATH\Database\MySQLi\Connection.php on line 295.
 1 SYSTEMPATH\Database\MySQLi\Connection.php(295): mysqli->query('SELECT `tb_personnel`.*, `tb_position`.`position_name`
FROM `tb_personnel`
LEFT JOIN `tb_position` ON `tb_position`.`posi_id` = `tb_personnel`.`pers_position`
ORDER BY `tb_personnel`.`id` DESC', 0)
 2 SYSTEMPATH\Database\BaseConnection.php(692): CodeIgniter\Database\MySQLi\Connection->execute('SELECT `tb_personnel`.*, `tb_position`.`position_name`
FROM `tb_personnel`
LEFT JOIN `tb_position` ON `tb_position`.`posi_id` = `tb_personnel`.`pers_position`
ORDER BY `tb_personnel`.`id` DESC')
 3 SYSTEMPATH\Database\BaseConnection.php(606): CodeIgniter\Database\BaseConnection->simpleQuery('SELECT `tb_personnel`.*, `tb_position`.`position_name`
FROM `tb_personnel`
LEFT JOIN `tb_position` ON `tb_position`.`posi_id` = `tb_personnel`.`pers_position`
ORDER BY `tb_personnel`.`id` DESC')
 4 SYSTEMPATH\Database\BaseBuilder.php(1616): CodeIgniter\Database\BaseConnection->query('SELECT `tb_personnel`.*, `tb_position`.`position_name`
FROM `tb_personnel`
LEFT JOIN `tb_position` ON `tb_position`.`posi_id` = `tb_personnel`.`pers_position`
ORDER BY `tb_personnel`.`id` DESC', [], false)
 5 APPPATH\Controllers\ConAdminSaveAttendance.php(46): CodeIgniter\Database\BaseBuilder->get()
 6 SYSTEMPATH\CodeIgniter.php(934): App\Controllers\ConAdminSaveAttendance->GetPersonnalData()
 7 SYSTEMPATH\CodeIgniter.php(499): CodeIgniter\CodeIgniter->runController(Object(App\Controllers\ConAdminSaveAttendance))
 8 SYSTEMPATH\CodeIgniter.php(368): CodeIgniter\CodeIgniter->handleRequest(null, Object(Config\Cache), false)
 9 FCPATH\index.php(67): CodeIgniter\CodeIgniter->run()
INFO - 2025-05-17 16:59:08 --> Session: Class initialized using 'CodeIgniter\Session\Handlers\FileHandler' driver.
INFO - 2025-05-17 16:59:16 --> Session: Class initialized using 'CodeIgniter\Session\Handlers\FileHandler' driver.
INFO - 2025-05-17 16:59:17 --> Session: Class initialized using 'CodeIgniter\Session\Handlers\FileHandler' driver.
INFO - 2025-05-17 16:59:45 --> Session: Class initialized using 'CodeIgniter\Session\Handlers\FileHandler' driver.
INFO - 2025-05-17 16:59:53 --> Session: Class initialized using 'CodeIgniter\Session\Handlers\FileHandler' driver.
INFO - 2025-05-17 17:00:14 --> Session: Class initialized using 'CodeIgniter\Session\Handlers\FileHandler' driver.
ERROR - 2025-05-17 17:00:14 --> mysqli_sql_exception: Table 'skjacth_personnel.tb_position' doesn't exist in D:\xampp\htdocs\personnel\vendor\codeigniter4\framework\system\Database\MySQLi\Connection.php:295
Stack trace:
#0 D:\xampp\htdocs\personnel\vendor\codeigniter4\framework\system\Database\MySQLi\Connection.php(295): mysqli->query('SELECT `tb_pers...', 0)
#1 D:\xampp\htdocs\personnel\vendor\codeigniter4\framework\system\Database\BaseConnection.php(692): CodeIgniter\Database\MySQLi\Connection->execute('SELECT `tb_pers...')
#2 D:\xampp\htdocs\personnel\vendor\codeigniter4\framework\system\Database\BaseConnection.php(606): CodeIgniter\Database\BaseConnection->simpleQuery('SELECT `tb_pers...')
#3 D:\xampp\htdocs\personnel\vendor\codeigniter4\framework\system\Database\BaseBuilder.php(1616): CodeIgniter\Database\BaseConnection->query('SELECT `tb_pers...', Array, false)
#4 D:\xampp\htdocs\personnel\app\Controllers\ConAdminSaveAttendance.php(47): CodeIgniter\Database\BaseBuilder->get()
#5 D:\xampp\htdocs\personnel\vendor\codeigniter4\framework\system\CodeIgniter.php(934): App\Controllers\ConAdminSaveAttendance->GetPersonnalData()
#6 D:\xampp\htdocs\personnel\vendor\codeigniter4\framework\system\CodeIgniter.php(499): CodeIgniter\CodeIgniter->runController(Object(App\Controllers\ConAdminSaveAttendance))
#7 D:\xampp\htdocs\personnel\vendor\codeigniter4\framework\system\CodeIgniter.php(368): CodeIgniter\CodeIgniter->handleRequest(NULL, Object(Config\Cache), false)
#8 D:\xampp\htdocs\personnel\index.php(67): CodeIgniter\CodeIgniter->run()
#9 {main}
CRITICAL - 2025-05-17 17:00:14 --> Table 'skjacth_personnel.tb_position' doesn't exist
in SYSTEMPATH\Database\MySQLi\Connection.php on line 295.
 1 SYSTEMPATH\Database\MySQLi\Connection.php(295): mysqli->query('SELECT `tb_personnel`.*, `tb_position`.`posi_name`
FROM `tb_personnel`
LEFT JOIN `tb_position` ON `tb_position`.`posi_id` = `tb_personnel`.`pers_position`
ORDER BY `tb_personnel`.`id` DESC', 0)
 2 SYSTEMPATH\Database\BaseConnection.php(692): CodeIgniter\Database\MySQLi\Connection->execute('SELECT `tb_personnel`.*, `tb_position`.`posi_name`
FROM `tb_personnel`
LEFT JOIN `tb_position` ON `tb_position`.`posi_id` = `tb_personnel`.`pers_position`
ORDER BY `tb_personnel`.`id` DESC')
 3 SYSTEMPATH\Database\BaseConnection.php(606): CodeIgniter\Database\BaseConnection->simpleQuery('SELECT `tb_personnel`.*, `tb_position`.`posi_name`
FROM `tb_personnel`
LEFT JOIN `tb_position` ON `tb_position`.`posi_id` = `tb_personnel`.`pers_position`
ORDER BY `tb_personnel`.`id` DESC')
 4 SYSTEMPATH\Database\BaseBuilder.php(1616): CodeIgniter\Database\BaseConnection->query('SELECT `tb_personnel`.*, `tb_position`.`posi_name`
FROM `tb_personnel`
LEFT JOIN `tb_position` ON `tb_position`.`posi_id` = `tb_personnel`.`pers_position`
ORDER BY `tb_personnel`.`id` DESC', [], false)
 5 APPPATH\Controllers\ConAdminSaveAttendance.php(47): CodeIgniter\Database\BaseBuilder->get()
 6 SYSTEMPATH\CodeIgniter.php(934): App\Controllers\ConAdminSaveAttendance->GetPersonnalData()
 7 SYSTEMPATH\CodeIgniter.php(499): CodeIgniter\CodeIgniter->runController(Object(App\Controllers\ConAdminSaveAttendance))
 8 SYSTEMPATH\CodeIgniter.php(368): CodeIgniter\CodeIgniter->handleRequest(null, Object(Config\Cache), false)
 9 FCPATH\index.php(67): CodeIgniter\CodeIgniter->run()
INFO - 2025-05-17 17:00:40 --> Session: Class initialized using 'CodeIgniter\Session\Handlers\FileHandler' driver.
ERROR - 2025-05-17 17:00:40 --> mysqli_sql_exception: Table 'skjacth_personnel.tb_position' doesn't exist in D:\xampp\htdocs\personnel\vendor\codeigniter4\framework\system\Database\MySQLi\Connection.php:295
Stack trace:
#0 D:\xampp\htdocs\personnel\vendor\codeigniter4\framework\system\Database\MySQLi\Connection.php(295): mysqli->query('SELECT `tb_pers...', 0)
#1 D:\xampp\htdocs\personnel\vendor\codeigniter4\framework\system\Database\BaseConnection.php(692): CodeIgniter\Database\MySQLi\Connection->execute('SELECT `tb_pers...')
#2 D:\xampp\htdocs\personnel\vendor\codeigniter4\framework\system\Database\BaseConnection.php(606): CodeIgniter\Database\BaseConnection->simpleQuery('SELECT `tb_pers...')
#3 D:\xampp\htdocs\personnel\vendor\codeigniter4\framework\system\Database\BaseBuilder.php(1616): CodeIgniter\Database\BaseConnection->query('SELECT `tb_pers...', Array, false)
#4 D:\xampp\htdocs\personnel\app\Controllers\ConAdminSaveAttendance.php(47): CodeIgniter\Database\BaseBuilder->get()
#5 D:\xampp\htdocs\personnel\vendor\codeigniter4\framework\system\CodeIgniter.php(934): App\Controllers\ConAdminSaveAttendance->GetPersonnalData()
#6 D:\xampp\htdocs\personnel\vendor\codeigniter4\framework\system\CodeIgniter.php(499): CodeIgniter\CodeIgniter->runController(Object(App\Controllers\ConAdminSaveAttendance))
#7 D:\xampp\htdocs\personnel\vendor\codeigniter4\framework\system\CodeIgniter.php(368): CodeIgniter\CodeIgniter->handleRequest(NULL, Object(Config\Cache), false)
#8 D:\xampp\htdocs\personnel\index.php(67): CodeIgniter\CodeIgniter->run()
#9 {main}
CRITICAL - 2025-05-17 17:00:40 --> Table 'skjacth_personnel.tb_position' doesn't exist
in SYSTEMPATH\Database\MySQLi\Connection.php on line 295.
 1 SYSTEMPATH\Database\MySQLi\Connection.php(295): mysqli->query('SELECT `tb_personnel`.*, `tb_position`.`posi_name`
FROM `tb_personnel`
LEFT JOIN `tb_position` ON `tb_position`.`posi_id` = `tb_personnel`.`pers_position`
ORDER BY `tb_personnel`.`id` DESC', 0)
 2 SYSTEMPATH\Database\BaseConnection.php(692): CodeIgniter\Database\MySQLi\Connection->execute('SELECT `tb_personnel`.*, `tb_position`.`posi_name`
FROM `tb_personnel`
LEFT JOIN `tb_position` ON `tb_position`.`posi_id` = `tb_personnel`.`pers_position`
ORDER BY `tb_personnel`.`id` DESC')
 3 SYSTEMPATH\Database\BaseConnection.php(606): CodeIgniter\Database\BaseConnection->simpleQuery('SELECT `tb_personnel`.*, `tb_position`.`posi_name`
FROM `tb_personnel`
LEFT JOIN `tb_position` ON `tb_position`.`posi_id` = `tb_personnel`.`pers_position`
ORDER BY `tb_personnel`.`id` DESC')
 4 SYSTEMPATH\Database\BaseBuilder.php(1616): CodeIgniter\Database\BaseConnection->query('SELECT `tb_personnel`.*, `tb_position`.`posi_name`
FROM `tb_personnel`
LEFT JOIN `tb_position` ON `tb_position`.`posi_id` = `tb_personnel`.`pers_position`
ORDER BY `tb_personnel`.`id` DESC', [], false)
 5 APPPATH\Controllers\ConAdminSaveAttendance.php(47): CodeIgniter\Database\BaseBuilder->get()
 6 SYSTEMPATH\CodeIgniter.php(934): App\Controllers\ConAdminSaveAttendance->GetPersonnalData()
 7 SYSTEMPATH\CodeIgniter.php(499): CodeIgniter\CodeIgniter->runController(Object(App\Controllers\ConAdminSaveAttendance))
 8 SYSTEMPATH\CodeIgniter.php(368): CodeIgniter\CodeIgniter->handleRequest(null, Object(Config\Cache), false)
 9 FCPATH\index.php(67): CodeIgniter\CodeIgniter->run()
INFO - 2025-05-17 17:01:07 --> Session: Class initialized using 'CodeIgniter\Session\Handlers\FileHandler' driver.
ERROR - 2025-05-17 17:01:07 --> mysqli_sql_exception: Table 'skjacth_personnel.tb_position' doesn't exist in D:\xampp\htdocs\personnel\vendor\codeigniter4\framework\system\Database\MySQLi\Connection.php:295
Stack trace:
#0 D:\xampp\htdocs\personnel\vendor\codeigniter4\framework\system\Database\MySQLi\Connection.php(295): mysqli->query('SELECT `tb_pers...', 0)
#1 D:\xampp\htdocs\personnel\vendor\codeigniter4\framework\system\Database\BaseConnection.php(692): CodeIgniter\Database\MySQLi\Connection->execute('SELECT `tb_pers...')
#2 D:\xampp\htdocs\personnel\vendor\codeigniter4\framework\system\Database\BaseConnection.php(606): CodeIgniter\Database\BaseConnection->simpleQuery('SELECT `tb_pers...')
#3 D:\xampp\htdocs\personnel\vendor\codeigniter4\framework\system\Database\BaseBuilder.php(1616): CodeIgniter\Database\BaseConnection->query('SELECT `tb_pers...', Array, false)
#4 D:\xampp\htdocs\personnel\app\Controllers\ConAdminSaveAttendance.php(47): CodeIgniter\Database\BaseBuilder->get()
#5 D:\xampp\htdocs\personnel\vendor\codeigniter4\framework\system\CodeIgniter.php(934): App\Controllers\ConAdminSaveAttendance->GetPersonnalData()
#6 D:\xampp\htdocs\personnel\vendor\codeigniter4\framework\system\CodeIgniter.php(499): CodeIgniter\CodeIgniter->runController(Object(App\Controllers\ConAdminSaveAttendance))
#7 D:\xampp\htdocs\personnel\vendor\codeigniter4\framework\system\CodeIgniter.php(368): CodeIgniter\CodeIgniter->handleRequest(NULL, Object(Config\Cache), false)
#8 D:\xampp\htdocs\personnel\index.php(67): CodeIgniter\CodeIgniter->run()
#9 {main}
CRITICAL - 2025-05-17 17:01:07 --> Table 'skjacth_personnel.tb_position' doesn't exist
in SYSTEMPATH\Database\MySQLi\Connection.php on line 295.
 1 SYSTEMPATH\Database\MySQLi\Connection.php(295): mysqli->query('SELECT `tb_personnel`.*, `tb_position`.`posi_name`
FROM `tb_personnel`
LEFT JOIN `tb_position` ON `tb_position`.`posi_id` = `tb_personnel`.`pers_position`
ORDER BY `tb_personnel`.`pers_id` DESC', 0)
 2 SYSTEMPATH\Database\BaseConnection.php(692): CodeIgniter\Database\MySQLi\Connection->execute('SELECT `tb_personnel`.*, `tb_position`.`posi_name`
FROM `tb_personnel`
LEFT JOIN `tb_position` ON `tb_position`.`posi_id` = `tb_personnel`.`pers_position`
ORDER BY `tb_personnel`.`pers_id` DESC')
 3 SYSTEMPATH\Database\BaseConnection.php(606): CodeIgniter\Database\BaseConnection->simpleQuery('SELECT `tb_personnel`.*, `tb_position`.`posi_name`
FROM `tb_personnel`
LEFT JOIN `tb_position` ON `tb_position`.`posi_id` = `tb_personnel`.`pers_position`
ORDER BY `tb_personnel`.`pers_id` DESC')
 4 SYSTEMPATH\Database\BaseBuilder.php(1616): CodeIgniter\Database\BaseConnection->query('SELECT `tb_personnel`.*, `tb_position`.`posi_name`
FROM `tb_personnel`
LEFT JOIN `tb_position` ON `tb_position`.`posi_id` = `tb_personnel`.`pers_position`
ORDER BY `tb_personnel`.`pers_id` DESC', [], false)
 5 APPPATH\Controllers\ConAdminSaveAttendance.php(47): CodeIgniter\Database\BaseBuilder->get()
 6 SYSTEMPATH\CodeIgniter.php(934): App\Controllers\ConAdminSaveAttendance->GetPersonnalData()
 7 SYSTEMPATH\CodeIgniter.php(499): CodeIgniter\CodeIgniter->runController(Object(App\Controllers\ConAdminSaveAttendance))
 8 SYSTEMPATH\CodeIgniter.php(368): CodeIgniter\CodeIgniter->handleRequest(null, Object(Config\Cache), false)
 9 FCPATH\index.php(67): CodeIgniter\CodeIgniter->run()
INFO - 2025-05-17 17:01:34 --> Session: Class initialized using 'CodeIgniter\Session\Handlers\FileHandler' driver.
ERROR - 2025-05-17 17:01:34 --> mysqli_sql_exception: Unknown column 'tb_position.posi_name' in 'field list' in D:\xampp\htdocs\personnel\vendor\codeigniter4\framework\system\Database\MySQLi\Connection.php:295
Stack trace:
#0 D:\xampp\htdocs\personnel\vendor\codeigniter4\framework\system\Database\MySQLi\Connection.php(295): mysqli->query('SELECT `tb_pers...', 0)
#1 D:\xampp\htdocs\personnel\vendor\codeigniter4\framework\system\Database\BaseConnection.php(692): CodeIgniter\Database\MySQLi\Connection->execute('SELECT `tb_pers...')
#2 D:\xampp\htdocs\personnel\vendor\codeigniter4\framework\system\Database\BaseConnection.php(606): CodeIgniter\Database\BaseConnection->simpleQuery('SELECT `tb_pers...')
#3 D:\xampp\htdocs\personnel\vendor\codeigniter4\framework\system\Database\BaseBuilder.php(1616): CodeIgniter\Database\BaseConnection->query('SELECT `tb_pers...', Array, false)
#4 D:\xampp\htdocs\personnel\app\Controllers\ConAdminSaveAttendance.php(47): CodeIgniter\Database\BaseBuilder->get()
#5 D:\xampp\htdocs\personnel\vendor\codeigniter4\framework\system\CodeIgniter.php(934): App\Controllers\ConAdminSaveAttendance->GetPersonnalData()
#6 D:\xampp\htdocs\personnel\vendor\codeigniter4\framework\system\CodeIgniter.php(499): CodeIgniter\CodeIgniter->runController(Object(App\Controllers\ConAdminSaveAttendance))
#7 D:\xampp\htdocs\personnel\vendor\codeigniter4\framework\system\CodeIgniter.php(368): CodeIgniter\CodeIgniter->handleRequest(NULL, Object(Config\Cache), false)
#8 D:\xampp\htdocs\personnel\index.php(67): CodeIgniter\CodeIgniter->run()
#9 {main}
CRITICAL - 2025-05-17 17:01:34 --> Unknown column 'tb_position.posi_name' in 'field list'
in SYSTEMPATH\Database\MySQLi\Connection.php on line 295.
 1 SYSTEMPATH\Database\MySQLi\Connection.php(295): mysqli->query('SELECT `tb_personnel`.*, `tb_position`.`posi_name`
FROM `tb_personnel`
ORDER BY `tb_personnel`.`pers_id` DESC', 0)
 2 SYSTEMPATH\Database\BaseConnection.php(692): CodeIgniter\Database\MySQLi\Connection->execute('SELECT `tb_personnel`.*, `tb_position`.`posi_name`
FROM `tb_personnel`
ORDER BY `tb_personnel`.`pers_id` DESC')
 3 SYSTEMPATH\Database\BaseConnection.php(606): CodeIgniter\Database\BaseConnection->simpleQuery('SELECT `tb_personnel`.*, `tb_position`.`posi_name`
FROM `tb_personnel`
ORDER BY `tb_personnel`.`pers_id` DESC')
 4 SYSTEMPATH\Database\BaseBuilder.php(1616): CodeIgniter\Database\BaseConnection->query('SELECT `tb_personnel`.*, `tb_position`.`posi_name`
FROM `tb_personnel`
ORDER BY `tb_personnel`.`pers_id` DESC', [], false)
 5 APPPATH\Controllers\ConAdminSaveAttendance.php(47): CodeIgniter\Database\BaseBuilder->get()
 6 SYSTEMPATH\CodeIgniter.php(934): App\Controllers\ConAdminSaveAttendance->GetPersonnalData()
 7 SYSTEMPATH\CodeIgniter.php(499): CodeIgniter\CodeIgniter->runController(Object(App\Controllers\ConAdminSaveAttendance))
 8 SYSTEMPATH\CodeIgniter.php(368): CodeIgniter\CodeIgniter->handleRequest(null, Object(Config\Cache), false)
 9 FCPATH\index.php(67): CodeIgniter\CodeIgniter->run()
INFO - 2025-05-17 17:01:41 --> Session: Class initialized using 'CodeIgniter\Session\Handlers\FileHandler' driver.
INFO - 2025-05-17 17:01:48 --> Session: Class initialized using 'CodeIgniter\Session\Handlers\FileHandler' driver.
ERROR - 2025-05-17 17:01:48 --> mysqli_sql_exception: Table 'skjacth_personnel.tb_position' doesn't exist in D:\xampp\htdocs\personnel\vendor\codeigniter4\framework\system\Database\MySQLi\Connection.php:295
Stack trace:
#0 D:\xampp\htdocs\personnel\vendor\codeigniter4\framework\system\Database\MySQLi\Connection.php(295): mysqli->query('SELECT `tb_pers...', 0)
#1 D:\xampp\htdocs\personnel\vendor\codeigniter4\framework\system\Database\BaseConnection.php(692): CodeIgniter\Database\MySQLi\Connection->execute('SELECT `tb_pers...')
#2 D:\xampp\htdocs\personnel\vendor\codeigniter4\framework\system\Database\BaseConnection.php(606): CodeIgniter\Database\BaseConnection->simpleQuery('SELECT `tb_pers...')
#3 D:\xampp\htdocs\personnel\vendor\codeigniter4\framework\system\Database\BaseBuilder.php(1616): CodeIgniter\Database\BaseConnection->query('SELECT `tb_pers...', Array, false)
#4 D:\xampp\htdocs\personnel\app\Controllers\ConAdminSaveAttendance.php(47): CodeIgniter\Database\BaseBuilder->get()
#5 D:\xampp\htdocs\personnel\vendor\codeigniter4\framework\system\CodeIgniter.php(934): App\Controllers\ConAdminSaveAttendance->GetPersonnalData()
#6 D:\xampp\htdocs\personnel\vendor\codeigniter4\framework\system\CodeIgniter.php(499): CodeIgniter\CodeIgniter->runController(Object(App\Controllers\ConAdminSaveAttendance))
#7 D:\xampp\htdocs\personnel\vendor\codeigniter4\framework\system\CodeIgniter.php(368): CodeIgniter\CodeIgniter->handleRequest(NULL, Object(Config\Cache), false)
#8 D:\xampp\htdocs\personnel\index.php(67): CodeIgniter\CodeIgniter->run()
#9 {main}
CRITICAL - 2025-05-17 17:01:48 --> Table 'skjacth_personnel.tb_position' doesn't exist
in SYSTEMPATH\Database\MySQLi\Connection.php on line 295.
 1 SYSTEMPATH\Database\MySQLi\Connection.php(295): mysqli->query('SELECT `tb_personnel`.*, `tb_position`.`posi_name`
FROM `tb_personnel`
LEFT JOIN `tb_position` ON `tb_position`.`posi_id` = `tb_personnel`.`pers_position`
ORDER BY `tb_personnel`.`pers_id` DESC', 0)
 2 SYSTEMPATH\Database\BaseConnection.php(692): CodeIgniter\Database\MySQLi\Connection->execute('SELECT `tb_personnel`.*, `tb_position`.`posi_name`
FROM `tb_personnel`
LEFT JOIN `tb_position` ON `tb_position`.`posi_id` = `tb_personnel`.`pers_position`
ORDER BY `tb_personnel`.`pers_id` DESC')
 3 SYSTEMPATH\Database\BaseConnection.php(606): CodeIgniter\Database\BaseConnection->simpleQuery('SELECT `tb_personnel`.*, `tb_position`.`posi_name`
FROM `tb_personnel`
LEFT JOIN `tb_position` ON `tb_position`.`posi_id` = `tb_personnel`.`pers_position`
ORDER BY `tb_personnel`.`pers_id` DESC')
 4 SYSTEMPATH\Database\BaseBuilder.php(1616): CodeIgniter\Database\BaseConnection->query('SELECT `tb_personnel`.*, `tb_position`.`posi_name`
FROM `tb_personnel`
LEFT JOIN `tb_position` ON `tb_position`.`posi_id` = `tb_personnel`.`pers_position`
ORDER BY `tb_personnel`.`pers_id` DESC', [], false)
 5 APPPATH\Controllers\ConAdminSaveAttendance.php(47): CodeIgniter\Database\BaseBuilder->get()
 6 SYSTEMPATH\CodeIgniter.php(934): App\Controllers\ConAdminSaveAttendance->GetPersonnalData()
 7 SYSTEMPATH\CodeIgniter.php(499): CodeIgniter\CodeIgniter->runController(Object(App\Controllers\ConAdminSaveAttendance))
 8 SYSTEMPATH\CodeIgniter.php(368): CodeIgniter\CodeIgniter->handleRequest(null, Object(Config\Cache), false)
 9 FCPATH\index.php(67): CodeIgniter\CodeIgniter->run()
INFO - 2025-05-17 17:02:12 --> Session: Class initialized using 'CodeIgniter\Session\Handlers\FileHandler' driver.
CRITICAL - 2025-05-17 17:02:12 --> Object of class CodeIgniter\Database\MySQLi\Builder could not be converted to string
in APPPATH\Controllers\ConAdminSaveAttendance.php on line 45.
 1 SYSTEMPATH\CodeIgniter.php(934): App\Controllers\ConAdminSaveAttendance->GetPersonnalData()
 2 SYSTEMPATH\CodeIgniter.php(499): CodeIgniter\CodeIgniter->runController(Object(App\Controllers\ConAdminSaveAttendance))
 3 SYSTEMPATH\CodeIgniter.php(368): CodeIgniter\CodeIgniter->handleRequest(null, Object(Config\Cache), false)
 4 FCPATH\index.php(67): CodeIgniter\CodeIgniter->run()
CRITICAL - 2025-05-17 17:02:19 --> syntax error, unexpected token ".", expecting identifier or variable or "{" or "$"
in APPPATH\Controllers\ConAdminSaveAttendance.php on line 45.
 1 SYSTEMPATH\Autoloader\Autoloader.php(289): CodeIgniter\Autoloader\Autoloader->includeFile('D:\\xampp\\htdocs\\personnel\\app\\Controllers\\ConAdminSaveAttendance.php')
 2 SYSTEMPATH\Autoloader\Autoloader.php(267): CodeIgniter\Autoloader\Autoloader->loadInNamespace('App\\Controllers\\ConAdminSaveAttendance')
 3 [internal function]: CodeIgniter\Autoloader\Autoloader->loadClass('App\\Controllers\\ConAdminSaveAttendance')
 4 SYSTEMPATH\CodeIgniter.php(892): class_exists('\\App\\Controllers\\ConAdminSaveAttendance', true)
 5 SYSTEMPATH\CodeIgniter.php(486): CodeIgniter\CodeIgniter->startController()
 6 SYSTEMPATH\CodeIgniter.php(368): CodeIgniter\CodeIgniter->handleRequest(null, Object(Config\Cache), false)
 7 FCPATH\index.php(67): CodeIgniter\CodeIgniter->run()
INFO - 2025-05-17 17:02:26 --> Session: Class initialized using 'CodeIgniter\Session\Handlers\FileHandler' driver.
CRITICAL - 2025-05-17 17:02:26 --> Object of class CodeIgniter\Database\MySQLi\Builder could not be converted to string
in APPPATH\Controllers\ConAdminSaveAttendance.php on line 45.
 1 SYSTEMPATH\CodeIgniter.php(934): App\Controllers\ConAdminSaveAttendance->GetPersonnalData()
 2 SYSTEMPATH\CodeIgniter.php(499): CodeIgniter\CodeIgniter->runController(Object(App\Controllers\ConAdminSaveAttendance))
 3 SYSTEMPATH\CodeIgniter.php(368): CodeIgniter\CodeIgniter->handleRequest(null, Object(Config\Cache), false)
 4 FCPATH\index.php(67): CodeIgniter\CodeIgniter->run()
INFO - 2025-05-17 17:02:30 --> Session: Class initialized using 'CodeIgniter\Session\Handlers\FileHandler' driver.
CRITICAL - 2025-05-17 17:02:30 --> Object of class CodeIgniter\Database\MySQLi\Builder could not be converted to string
in APPPATH\Controllers\ConAdminSaveAttendance.php on line 45.
 1 SYSTEMPATH\CodeIgniter.php(934): App\Controllers\ConAdminSaveAttendance->GetPersonnalData()
 2 SYSTEMPATH\CodeIgniter.php(499): CodeIgniter\CodeIgniter->runController(Object(App\Controllers\ConAdminSaveAttendance))
 3 SYSTEMPATH\CodeIgniter.php(368): CodeIgniter\CodeIgniter->handleRequest(null, Object(Config\Cache), false)
 4 FCPATH\index.php(67): CodeIgniter\CodeIgniter->run()
INFO - 2025-05-17 17:02:49 --> Session: Class initialized using 'CodeIgniter\Session\Handlers\FileHandler' driver.
INFO - 2025-05-17 17:02:58 --> Session: Class initialized using 'CodeIgniter\Session\Handlers\FileHandler' driver.
INFO - 2025-05-17 17:03:08 --> Session: Class initialized using 'CodeIgniter\Session\Handlers\FileHandler' driver.
INFO - 2025-05-17 17:03:19 --> Session: Class initialized using 'CodeIgniter\Session\Handlers\FileHandler' driver.
INFO - 2025-05-17 17:03:20 --> Session: Class initialized using 'CodeIgniter\Session\Handlers\FileHandler' driver.
INFO - 2025-05-17 17:04:05 --> Session: Class initialized using 'CodeIgniter\Session\Handlers\FileHandler' driver.
INFO - 2025-05-17 17:04:06 --> Session: Class initialized using 'CodeIgniter\Session\Handlers\FileHandler' driver.
INFO - 2025-05-17 17:05:43 --> Session: Class initialized using 'CodeIgniter\Session\Handlers\FileHandler' driver.
INFO - 2025-05-17 17:05:45 --> Session: Class initialized using 'CodeIgniter\Session\Handlers\FileHandler' driver.
INFO - 2025-05-17 17:05:56 --> Session: Class initialized using 'CodeIgniter\Session\Handlers\FileHandler' driver.
INFO - 2025-05-17 17:05:58 --> Session: Class initialized using 'CodeIgniter\Session\Handlers\FileHandler' driver.
INFO - 2025-05-17 17:05:59 --> Session: Class initialized using 'CodeIgniter\Session\Handlers\FileHandler' driver.
INFO - 2025-05-17 17:07:40 --> Session: Class initialized using 'CodeIgniter\Session\Handlers\FileHandler' driver.
INFO - 2025-05-17 17:07:41 --> Session: Class initialized using 'CodeIgniter\Session\Handlers\FileHandler' driver.
INFO - 2025-05-17 17:09:08 --> Session: Class initialized using 'CodeIgniter\Session\Handlers\FileHandler' driver.
INFO - 2025-05-17 17:09:09 --> Session: Class initialized using 'CodeIgniter\Session\Handlers\FileHandler' driver.
INFO - 2025-05-17 17:10:26 --> Session: Class initialized using 'CodeIgniter\Session\Handlers\FileHandler' driver.
INFO - 2025-05-17 17:10:27 --> Session: Class initialized using 'CodeIgniter\Session\Handlers\FileHandler' driver.
INFO - 2025-05-17 17:11:29 --> Session: Class initialized using 'CodeIgniter\Session\Handlers\FileHandler' driver.
INFO - 2025-05-17 17:11:30 --> Session: Class initialized using 'CodeIgniter\Session\Handlers\FileHandler' driver.
INFO - 2025-05-17 17:11:42 --> Session: Class initialized using 'CodeIgniter\Session\Handlers\FileHandler' driver.
INFO - 2025-05-17 17:11:43 --> Session: Class initialized using 'CodeIgniter\Session\Handlers\FileHandler' driver.
INFO - 2025-05-17 17:12:27 --> Session: Class initialized using 'CodeIgniter\Session\Handlers\FileHandler' driver.
INFO - 2025-05-17 17:12:29 --> Session: Class initialized using 'CodeIgniter\Session\Handlers\FileHandler' driver.
INFO - 2025-05-17 17:14:00 --> Session: Class initialized using 'CodeIgniter\Session\Handlers\FileHandler' driver.
INFO - 2025-05-17 17:14:01 --> Session: Class initialized using 'CodeIgniter\Session\Handlers\FileHandler' driver.
INFO - 2025-05-17 17:14:46 --> Session: Class initialized using 'CodeIgniter\Session\Handlers\FileHandler' driver.
INFO - 2025-05-17 17:14:47 --> Session: Class initialized using 'CodeIgniter\Session\Handlers\FileHandler' driver.
INFO - 2025-05-17 17:14:52 --> Session: Class initialized using 'CodeIgniter\Session\Handlers\FileHandler' driver.
INFO - 2025-05-17 17:14:53 --> Session: Class initialized using 'CodeIgniter\Session\Handlers\FileHandler' driver.
INFO - 2025-05-17 17:15:19 --> Session: Class initialized using 'CodeIgniter\Session\Handlers\FileHandler' driver.
INFO - 2025-05-17 17:15:21 --> Session: Class initialized using 'CodeIgniter\Session\Handlers\FileHandler' driver.
INFO - 2025-05-17 17:16:40 --> Session: Class initialized using 'CodeIgniter\Session\Handlers\FileHandler' driver.
INFO - 2025-05-17 17:16:42 --> Session: Class initialized using 'CodeIgniter\Session\Handlers\FileHandler' driver.
INFO - 2025-05-17 17:17:54 --> Session: Class initialized using 'CodeIgniter\Session\Handlers\FileHandler' driver.
INFO - 2025-05-17 17:17:55 --> Session: Class initialized using 'CodeIgniter\Session\Handlers\FileHandler' driver.
INFO - 2025-05-17 17:19:32 --> Session: Class initialized using 'CodeIgniter\Session\Handlers\FileHandler' driver.
INFO - 2025-05-17 17:19:34 --> Session: Class initialized using 'CodeIgniter\Session\Handlers\FileHandler' driver.
INFO - 2025-05-17 19:13:04 --> Session: Class initialized using 'CodeIgniter\Session\Handlers\FileHandler' driver.
INFO - 2025-05-17 19:13:07 --> Session: Class initialized using 'CodeIgniter\Session\Handlers\FileHandler' driver.
INFO - 2025-05-17 19:13:08 --> Session: Class initialized using 'CodeIgniter\Session\Handlers\FileHandler' driver.
INFO - 2025-05-17 19:18:39 --> Session: Class initialized using 'CodeIgniter\Session\Handlers\FileHandler' driver.
INFO - 2025-05-17 19:21:23 --> Session: Class initialized using 'CodeIgniter\Session\Handlers\FileHandler' driver.
INFO - 2025-05-17 19:21:24 --> Session: Class initialized using 'CodeIgniter\Session\Handlers\FileHandler' driver.
INFO - 2025-05-17 19:28:28 --> Session: Class initialized using 'CodeIgniter\Session\Handlers\FileHandler' driver.
INFO - 2025-05-17 19:28:29 --> Session: Class initialized using 'CodeIgniter\Session\Handlers\FileHandler' driver.
INFO - 2025-05-17 19:39:30 --> Session: Class initialized using 'CodeIgniter\Session\Handlers\FileHandler' driver.
INFO - 2025-05-17 19:39:31 --> Session: Class initialized using 'CodeIgniter\Session\Handlers\FileHandler' driver.
INFO - 2025-05-17 19:39:31 --> Session: Class initialized using 'CodeIgniter\Session\Handlers\FileHandler' driver.
CRITICAL - 2025-05-17 19:39:31 --> Undefined variable $data
in APPPATH\Controllers\ConAdminSaveAttendance.php on line 55.
 1 APPPATH\Controllers\ConAdminSaveAttendance.php(55): CodeIgniter\Debug\Exceptions->errorHandler(2, 'Undefined variable $data', 'D:\\xampp\\htdocs\\personnel\\app\\Controllers\\ConAdminSaveAttendance.php', 55)
 2 SYSTEMPATH\CodeIgniter.php(934): App\Controllers\ConAdminSaveAttendance->GetAttendanceToDate()
 3 SYSTEMPATH\CodeIgniter.php(499): CodeIgniter\CodeIgniter->runController(Object(App\Controllers\ConAdminSaveAttendance))
 4 SYSTEMPATH\CodeIgniter.php(368): CodeIgniter\CodeIgniter->handleRequest(null, Object(Config\Cache), false)
 5 FCPATH\index.php(67): CodeIgniter\CodeIgniter->run()
INFO - 2025-05-17 19:39:38 --> Session: Class initialized using 'CodeIgniter\Session\Handlers\FileHandler' driver.
CRITICAL - 2025-05-17 19:39:38 --> Undefined variable $data
in APPPATH\Controllers\ConAdminSaveAttendance.php on line 55.
 1 APPPATH\Controllers\ConAdminSaveAttendance.php(55): CodeIgniter\Debug\Exceptions->errorHandler(2, 'Undefined variable $data', 'D:\\xampp\\htdocs\\personnel\\app\\Controllers\\ConAdminSaveAttendance.php', 55)
 2 SYSTEMPATH\CodeIgniter.php(934): App\Controllers\ConAdminSaveAttendance->GetAttendanceToDate()
 3 SYSTEMPATH\CodeIgniter.php(499): CodeIgniter\CodeIgniter->runController(Object(App\Controllers\ConAdminSaveAttendance))
 4 SYSTEMPATH\CodeIgniter.php(368): CodeIgniter\CodeIgniter->handleRequest(null, Object(Config\Cache), false)
 5 FCPATH\index.php(67): CodeIgniter\CodeIgniter->run()
INFO - 2025-05-17 19:39:54 --> Session: Class initialized using 'CodeIgniter\Session\Handlers\FileHandler' driver.
ERROR - 2025-05-17 19:39:54 --> mysqli_sql_exception: Unknown column 'att_person_id' in 'field list' in D:\xampp\htdocs\personnel\vendor\codeigniter4\framework\system\Database\MySQLi\Connection.php:295
Stack trace:
#0 D:\xampp\htdocs\personnel\vendor\codeigniter4\framework\system\Database\MySQLi\Connection.php(295): mysqli->query('SELECT `att_per...', 0)
#1 D:\xampp\htdocs\personnel\vendor\codeigniter4\framework\system\Database\BaseConnection.php(692): CodeIgniter\Database\MySQLi\Connection->execute('SELECT `att_per...')
#2 D:\xampp\htdocs\personnel\vendor\codeigniter4\framework\system\Database\BaseConnection.php(606): CodeIgniter\Database\BaseConnection->simpleQuery('SELECT `att_per...')
#3 D:\xampp\htdocs\personnel\vendor\codeigniter4\framework\system\Database\BaseBuilder.php(1616): CodeIgniter\Database\BaseConnection->query('SELECT `att_per...', Array, false)
#4 D:\xampp\htdocs\personnel\app\Controllers\ConAdminSaveAttendance.php(60): CodeIgniter\Database\BaseBuilder->get()
#5 D:\xampp\htdocs\personnel\vendor\codeigniter4\framework\system\CodeIgniter.php(934): App\Controllers\ConAdminSaveAttendance->GetAttendanceToDate()
#6 D:\xampp\htdocs\personnel\vendor\codeigniter4\framework\system\CodeIgniter.php(499): CodeIgniter\CodeIgniter->runController(Object(App\Controllers\ConAdminSaveAttendance))
#7 D:\xampp\htdocs\personnel\vendor\codeigniter4\framework\system\CodeIgniter.php(368): CodeIgniter\CodeIgniter->handleRequest(NULL, Object(Config\Cache), false)
#8 D:\xampp\htdocs\personnel\index.php(67): CodeIgniter\CodeIgniter->run()
#9 {main}
CRITICAL - 2025-05-17 19:39:54 --> Unknown column 'att_person_id' in 'field list'
in SYSTEMPATH\Database\MySQLi\Connection.php on line 295.
 1 SYSTEMPATH\Database\MySQLi\Connection.php(295): mysqli->query('SELECT `att_person_id` as `person_id`, `att_status` as `status`, `att_reason` as `remark`
FROM `tb_personnel`
WHERE `att_date` = \'2025-05-17\'', 0)
 2 SYSTEMPATH\Database\BaseConnection.php(692): CodeIgniter\Database\MySQLi\Connection->execute('SELECT `att_person_id` as `person_id`, `att_status` as `status`, `att_reason` as `remark`
FROM `tb_personnel`
WHERE `att_date` = \'2025-05-17\'')
 3 SYSTEMPATH\Database\BaseConnection.php(606): CodeIgniter\Database\BaseConnection->simpleQuery('SELECT `att_person_id` as `person_id`, `att_status` as `status`, `att_reason` as `remark`
FROM `tb_personnel`
WHERE `att_date` = \'2025-05-17\'')
 4 SYSTEMPATH\Database\BaseBuilder.php(1616): CodeIgniter\Database\BaseConnection->query('SELECT `att_person_id` as `person_id`, `att_status` as `status`, `att_reason` as `remark`
FROM `tb_personnel`
WHERE `att_date` = :att_date:', [...], false)
 5 APPPATH\Controllers\ConAdminSaveAttendance.php(60): CodeIgniter\Database\BaseBuilder->get()
 6 SYSTEMPATH\CodeIgniter.php(934): App\Controllers\ConAdminSaveAttendance->GetAttendanceToDate()
 7 SYSTEMPATH\CodeIgniter.php(499): CodeIgniter\CodeIgniter->runController(Object(App\Controllers\ConAdminSaveAttendance))
 8 SYSTEMPATH\CodeIgniter.php(368): CodeIgniter\CodeIgniter->handleRequest(null, Object(Config\Cache), false)
 9 FCPATH\index.php(67): CodeIgniter\CodeIgniter->run()
INFO - 2025-05-17 19:40:27 --> Session: Class initialized using 'CodeIgniter\Session\Handlers\FileHandler' driver.
INFO - 2025-05-17 19:40:29 --> Session: Class initialized using 'CodeIgniter\Session\Handlers\FileHandler' driver.
INFO - 2025-05-17 19:40:31 --> Session: Class initialized using 'CodeIgniter\Session\Handlers\FileHandler' driver.
INFO - 2025-05-17 19:40:31 --> Session: Class initialized using 'CodeIgniter\Session\Handlers\FileHandler' driver.
INFO - 2025-05-17 19:56:16 --> Session: Class initialized using 'CodeIgniter\Session\Handlers\FileHandler' driver.
INFO - 2025-05-17 19:56:17 --> Session: Class initialized using 'CodeIgniter\Session\Handlers\FileHandler' driver.
INFO - 2025-05-17 19:56:18 --> Session: Class initialized using 'CodeIgniter\Session\Handlers\FileHandler' driver.
INFO - 2025-05-17 19:57:51 --> Session: Class initialized using 'CodeIgniter\Session\Handlers\FileHandler' driver.
INFO - 2025-05-17 19:58:03 --> Session: Class initialized using 'CodeIgniter\Session\Handlers\FileHandler' driver.
INFO - 2025-05-17 19:58:03 --> Session: Class initialized using 'CodeIgniter\Session\Handlers\FileHandler' driver.
INFO - 2025-05-17 19:59:35 --> Session: Class initialized using 'CodeIgniter\Session\Handlers\FileHandler' driver.
INFO - 2025-05-17 19:59:46 --> Session: Class initialized using 'CodeIgniter\Session\Handlers\FileHandler' driver.
INFO - 2025-05-17 19:59:48 --> Session: Class initialized using 'CodeIgniter\Session\Handlers\FileHandler' driver.
INFO - 2025-05-17 19:59:48 --> Session: Class initialized using 'CodeIgniter\Session\Handlers\FileHandler' driver.
INFO - 2025-05-17 19:59:53 --> Session: Class initialized using 'CodeIgniter\Session\Handlers\FileHandler' driver.
INFO - 2025-05-17 20:00:03 --> Session: Class initialized using 'CodeIgniter\Session\Handlers\FileHandler' driver.
INFO - 2025-05-17 20:00:04 --> Session: Class initialized using 'CodeIgniter\Session\Handlers\FileHandler' driver.
INFO - 2025-05-17 20:00:04 --> Session: Class initialized using 'CodeIgniter\Session\Handlers\FileHandler' driver.
INFO - 2025-05-17 20:00:07 --> Session: Class initialized using 'CodeIgniter\Session\Handlers\FileHandler' driver.
INFO - 2025-05-17 20:00:15 --> Session: Class initialized using 'CodeIgniter\Session\Handlers\FileHandler' driver.
INFO - 2025-05-17 20:00:15 --> Session: Class initialized using 'CodeIgniter\Session\Handlers\FileHandler' driver.
INFO - 2025-05-17 20:00:39 --> Session: Class initialized using 'CodeIgniter\Session\Handlers\FileHandler' driver.
INFO - 2025-05-17 20:00:40 --> Session: Class initialized using 'CodeIgniter\Session\Handlers\FileHandler' driver.
INFO - 2025-05-17 20:00:41 --> Session: Class initialized using 'CodeIgniter\Session\Handlers\FileHandler' driver.
INFO - 2025-05-17 20:00:43 --> Session: Class initialized using 'CodeIgniter\Session\Handlers\FileHandler' driver.
INFO - 2025-05-17 20:01:17 --> Session: Class initialized using 'CodeIgniter\Session\Handlers\FileHandler' driver.
INFO - 2025-05-17 20:01:23 --> Session: Class initialized using 'CodeIgniter\Session\Handlers\FileHandler' driver.
INFO - 2025-05-17 20:01:25 --> Session: Class initialized using 'CodeIgniter\Session\Handlers\FileHandler' driver.
INFO - 2025-05-17 20:01:25 --> Session: Class initialized using 'CodeIgniter\Session\Handlers\FileHandler' driver.
INFO - 2025-05-17 20:01:28 --> Session: Class initialized using 'CodeIgniter\Session\Handlers\FileHandler' driver.
INFO - 2025-05-17 20:04:16 --> Session: Class initialized using 'CodeIgniter\Session\Handlers\FileHandler' driver.
INFO - 2025-05-17 20:04:17 --> Session: Class initialized using 'CodeIgniter\Session\Handlers\FileHandler' driver.
INFO - 2025-05-17 20:04:17 --> Session: Class initialized using 'CodeIgniter\Session\Handlers\FileHandler' driver.
INFO - 2025-05-17 20:04:20 --> Session: Class initialized using 'CodeIgniter\Session\Handlers\FileHandler' driver.
INFO - 2025-05-17 20:07:30 --> Session: Class initialized using 'CodeIgniter\Session\Handlers\FileHandler' driver.
INFO - 2025-05-17 20:07:31 --> Session: Class initialized using 'CodeIgniter\Session\Handlers\FileHandler' driver.
INFO - 2025-05-17 20:07:31 --> Session: Class initialized using 'CodeIgniter\Session\Handlers\FileHandler' driver.
INFO - 2025-05-17 20:07:35 --> Session: Class initialized using 'CodeIgniter\Session\Handlers\FileHandler' driver.
INFO - 2025-05-17 20:07:40 --> Session: Class initialized using 'CodeIgniter\Session\Handlers\FileHandler' driver.
INFO - 2025-05-17 20:08:31 --> Session: Class initialized using 'CodeIgniter\Session\Handlers\FileHandler' driver.
INFO - 2025-05-17 20:09:09 --> Session: Class initialized using 'CodeIgniter\Session\Handlers\FileHandler' driver.
INFO - 2025-05-17 20:09:16 --> Session: Class initialized using 'CodeIgniter\Session\Handlers\FileHandler' driver.
INFO - 2025-05-17 20:09:18 --> Session: Class initialized using 'CodeIgniter\Session\Handlers\FileHandler' driver.
INFO - 2025-05-17 20:09:18 --> Session: Class initialized using 'CodeIgniter\Session\Handlers\FileHandler' driver.
INFO - 2025-05-17 20:09:23 --> Session: Class initialized using 'CodeIgniter\Session\Handlers\FileHandler' driver.
INFO - 2025-05-17 20:09:23 --> Session: Class initialized using 'CodeIgniter\Session\Handlers\FileHandler' driver.
INFO - 2025-05-17 20:12:51 --> Session: Class initialized using 'CodeIgniter\Session\Handlers\FileHandler' driver.
INFO - 2025-05-17 20:13:58 --> Session: Class initialized using 'CodeIgniter\Session\Handlers\FileHandler' driver.
INFO - 2025-05-17 20:13:59 --> Session: Class initialized using 'CodeIgniter\Session\Handlers\FileHandler' driver.
INFO - 2025-05-17 20:13:59 --> Session: Class initialized using 'CodeIgniter\Session\Handlers\FileHandler' driver.
INFO - 2025-05-17 20:14:02 --> Session: Class initialized using 'CodeIgniter\Session\Handlers\FileHandler' driver.
INFO - 2025-05-17 20:14:48 --> Session: Class initialized using 'CodeIgniter\Session\Handlers\FileHandler' driver.
INFO - 2025-05-17 20:14:49 --> Session: Class initialized using 'CodeIgniter\Session\Handlers\FileHandler' driver.
INFO - 2025-05-17 20:14:49 --> Session: Class initialized using 'CodeIgniter\Session\Handlers\FileHandler' driver.
INFO - 2025-05-17 20:15:16 --> Session: Class initialized using 'CodeIgniter\Session\Handlers\FileHandler' driver.
INFO - 2025-05-17 20:16:23 --> Session: Class initialized using 'CodeIgniter\Session\Handlers\FileHandler' driver.
INFO - 2025-05-17 20:16:24 --> Session: Class initialized using 'CodeIgniter\Session\Handlers\FileHandler' driver.
INFO - 2025-05-17 20:16:24 --> Session: Class initialized using 'CodeIgniter\Session\Handlers\FileHandler' driver.
INFO - 2025-05-17 20:16:32 --> Session: Class initialized using 'CodeIgniter\Session\Handlers\FileHandler' driver.
INFO - 2025-05-17 20:16:32 --> Session: Class initialized using 'CodeIgniter\Session\Handlers\FileHandler' driver.
INFO - 2025-05-17 20:16:36 --> Session: Class initialized using 'CodeIgniter\Session\Handlers\FileHandler' driver.
INFO - 2025-05-17 20:16:36 --> Session: Class initialized using 'CodeIgniter\Session\Handlers\FileHandler' driver.
INFO - 2025-05-17 20:16:39 --> Session: Class initialized using 'CodeIgniter\Session\Handlers\FileHandler' driver.
INFO - 2025-05-17 20:16:39 --> Session: Class initialized using 'CodeIgniter\Session\Handlers\FileHandler' driver.
INFO - 2025-05-17 20:16:42 --> Session: Class initialized using 'CodeIgniter\Session\Handlers\FileHandler' driver.
INFO - 2025-05-17 20:16:42 --> Session: Class initialized using 'CodeIgniter\Session\Handlers\FileHandler' driver.
INFO - 2025-05-17 20:18:45 --> Session: Class initialized using 'CodeIgniter\Session\Handlers\FileHandler' driver.
INFO - 2025-05-17 20:18:54 --> Session: Class initialized using 'CodeIgniter\Session\Handlers\FileHandler' driver.
INFO - 2025-05-17 20:18:54 --> Session: Class initialized using 'CodeIgniter\Session\Handlers\FileHandler' driver.
INFO - 2025-05-17 20:19:05 --> Session: Class initialized using 'CodeIgniter\Session\Handlers\FileHandler' driver.
INFO - 2025-05-17 20:19:41 --> Session: Class initialized using 'CodeIgniter\Session\Handlers\FileHandler' driver.
INFO - 2025-05-17 20:23:12 --> Session: Class initialized using 'CodeIgniter\Session\Handlers\FileHandler' driver.
INFO - 2025-05-17 20:23:13 --> Session: Class initialized using 'CodeIgniter\Session\Handlers\FileHandler' driver.
INFO - 2025-05-17 20:23:13 --> Session: Class initialized using 'CodeIgniter\Session\Handlers\FileHandler' driver.
INFO - 2025-05-17 20:23:27 --> Session: Class initialized using 'CodeIgniter\Session\Handlers\FileHandler' driver.
INFO - 2025-05-17 20:23:41 --> Session: Class initialized using 'CodeIgniter\Session\Handlers\FileHandler' driver.
INFO - 2025-05-17 20:23:41 --> Session: Class initialized using 'CodeIgniter\Session\Handlers\FileHandler' driver.
INFO - 2025-05-17 20:23:52 --> Session: Class initialized using 'CodeIgniter\Session\Handlers\FileHandler' driver.
INFO - 2025-05-17 20:23:55 --> Session: Class initialized using 'CodeIgniter\Session\Handlers\FileHandler' driver.
INFO - 2025-05-17 20:23:55 --> Session: Class initialized using 'CodeIgniter\Session\Handlers\FileHandler' driver.
INFO - 2025-05-17 20:24:15 --> Session: Class initialized using 'CodeIgniter\Session\Handlers\FileHandler' driver.
INFO - 2025-05-17 20:24:56 --> Session: Class initialized using 'CodeIgniter\Session\Handlers\FileHandler' driver.
INFO - 2025-05-17 20:24:56 --> Session: Class initialized using 'CodeIgniter\Session\Handlers\FileHandler' driver.
INFO - 2025-05-17 20:25:00 --> Session: Class initialized using 'CodeIgniter\Session\Handlers\FileHandler' driver.
INFO - 2025-05-17 20:25:00 --> Session: Class initialized using 'CodeIgniter\Session\Handlers\FileHandler' driver.
INFO - 2025-05-17 20:25:11 --> Session: Class initialized using 'CodeIgniter\Session\Handlers\FileHandler' driver.
INFO - 2025-05-17 20:25:15 --> Session: Class initialized using 'CodeIgniter\Session\Handlers\FileHandler' driver.
INFO - 2025-05-17 20:25:15 --> Session: Class initialized using 'CodeIgniter\Session\Handlers\FileHandler' driver.
INFO - 2025-05-17 20:25:20 --> Session: Class initialized using 'CodeIgniter\Session\Handlers\FileHandler' driver.
INFO - 2025-05-17 20:25:21 --> Session: Class initialized using 'CodeIgniter\Session\Handlers\FileHandler' driver.
INFO - 2025-05-17 20:25:21 --> Session: Class initialized using 'CodeIgniter\Session\Handlers\FileHandler' driver.
INFO - 2025-05-17 20:25:28 --> Session: Class initialized using 'CodeIgniter\Session\Handlers\FileHandler' driver.
INFO - 2025-05-17 20:25:28 --> Session: Class initialized using 'CodeIgniter\Session\Handlers\FileHandler' driver.
INFO - 2025-05-17 20:25:53 --> Session: Class initialized using 'CodeIgniter\Session\Handlers\FileHandler' driver.
INFO - 2025-05-17 20:25:53 --> Session: Class initialized using 'CodeIgniter\Session\Handlers\FileHandler' driver.
INFO - 2025-05-17 20:25:56 --> Session: Class initialized using 'CodeIgniter\Session\Handlers\FileHandler' driver.
INFO - 2025-05-17 20:26:02 --> Session: Class initialized using 'CodeIgniter\Session\Handlers\FileHandler' driver.
CRITICAL - 2025-05-17 20:26:03 --> view(): Argument #2 ($data) must be of type array, Google\Service\Oauth2\Userinfo given, called in D:\xampp\htdocs\personnel\app\Controllers\ConLogin.php on line 108
in SYSTEMPATH\Common.php on line 1172.
 1 APPPATH\Controllers\ConLogin.php(108): view('User/UserLeyout/UserHeader', Object(Google\Service\Oauth2\Userinfo))
 2 SYSTEMPATH\CodeIgniter.php(934): App\Controllers\ConLogin->LoginOfficerPersonnel()
 3 SYSTEMPATH\CodeIgniter.php(499): CodeIgniter\CodeIgniter->runController(Object(App\Controllers\ConLogin))
 4 SYSTEMPATH\CodeIgniter.php(368): CodeIgniter\CodeIgniter->handleRequest(null, Object(Config\Cache), false)
 5 FCPATH\index.php(67): CodeIgniter\CodeIgniter->run()
INFO - 2025-05-17 20:27:50 --> Session: Class initialized using 'CodeIgniter\Session\Handlers\FileHandler' driver.
INFO - 2025-05-17 20:27:52 --> Session: Class initialized using 'CodeIgniter\Session\Handlers\FileHandler' driver.
CRITICAL - 2025-05-17 20:27:53 --> view(): Argument #2 ($data) must be of type array, Google\Service\Oauth2\Userinfo given, called in D:\xampp\htdocs\personnel\app\Controllers\ConLogin.php on line 108
in SYSTEMPATH\Common.php on line 1172.
 1 APPPATH\Controllers\ConLogin.php(108): view('User/UserLeyout/UserHeader', Object(Google\Service\Oauth2\Userinfo))
 2 SYSTEMPATH\CodeIgniter.php(934): App\Controllers\ConLogin->LoginOfficerPersonnel()
 3 SYSTEMPATH\CodeIgniter.php(499): CodeIgniter\CodeIgniter->runController(Object(App\Controllers\ConLogin))
 4 SYSTEMPATH\CodeIgniter.php(368): CodeIgniter\CodeIgniter->handleRequest(null, Object(Config\Cache), false)
 5 FCPATH\index.php(67): CodeIgniter\CodeIgniter->run()
INFO - 2025-05-17 20:32:49 --> Session: Class initialized using 'CodeIgniter\Session\Handlers\FileHandler' driver.
INFO - 2025-05-17 20:32:50 --> Session: Class initialized using 'CodeIgniter\Session\Handlers\FileHandler' driver.
CRITICAL - 2025-05-17 20:32:50 --> view(): Argument #2 ($data) must be of type array, Google\Service\Oauth2\Userinfo given, called in D:\xampp\htdocs\personnel\app\Controllers\ConLogin.php on line 106
in SYSTEMPATH\Common.php on line 1172.
 1 APPPATH\Controllers\ConLogin.php(106): view('User/UserLeyout/UserHeader', Object(Google\Service\Oauth2\Userinfo))
 2 SYSTEMPATH\CodeIgniter.php(934): App\Controllers\ConLogin->LoginOfficerPersonnel()
 3 SYSTEMPATH\CodeIgniter.php(499): CodeIgniter\CodeIgniter->runController(Object(App\Controllers\ConLogin))
 4 SYSTEMPATH\CodeIgniter.php(368): CodeIgniter\CodeIgniter->handleRequest(null, Object(Config\Cache), false)
 5 FCPATH\index.php(67): CodeIgniter\CodeIgniter->run()
INFO - 2025-05-17 20:33:19 --> Session: Class initialized using 'CodeIgniter\Session\Handlers\FileHandler' driver.
INFO - 2025-05-17 20:33:21 --> Session: Class initialized using 'CodeIgniter\Session\Handlers\FileHandler' driver.
INFO - 2025-05-17 20:33:23 --> Session: Class initialized using 'CodeIgniter\Session\Handlers\FileHandler' driver.
INFO - 2025-05-17 20:33:29 --> Session: Class initialized using 'CodeIgniter\Session\Handlers\FileHandler' driver.
INFO - 2025-05-17 20:33:31 --> Session: Class initialized using 'CodeIgniter\Session\Handlers\FileHandler' driver.
INFO - 2025-05-17 20:33:42 --> Session: Class initialized using 'CodeIgniter\Session\Handlers\FileHandler' driver.
INFO - 2025-05-17 20:33:43 --> Session: Class initialized using 'CodeIgniter\Session\Handlers\FileHandler' driver.
INFO - 2025-05-17 20:33:45 --> Session: Class initialized using 'CodeIgniter\Session\Handlers\FileHandler' driver.
INFO - 2025-05-17 20:33:46 --> Session: Class initialized using 'CodeIgniter\Session\Handlers\FileHandler' driver.
INFO - 2025-05-17 20:34:09 --> Session: Class initialized using 'CodeIgniter\Session\Handlers\FileHandler' driver.
INFO - 2025-05-17 20:34:11 --> Session: Class initialized using 'CodeIgniter\Session\Handlers\FileHandler' driver.
CRITICAL - 2025-05-17 20:34:11 --> view(): Argument #2 ($data) must be of type array, Google\Service\Oauth2\Userinfo given, called in D:\xampp\htdocs\personnel\app\Controllers\ConLogin.php on line 109
in SYSTEMPATH\Common.php on line 1172.
 1 APPPATH\Controllers\ConLogin.php(109): view('User/UserLeyout/UserHeader', Object(Google\Service\Oauth2\Userinfo))
 2 SYSTEMPATH\CodeIgniter.php(934): App\Controllers\ConLogin->LoginOfficerPersonnel()
 3 SYSTEMPATH\CodeIgniter.php(499): CodeIgniter\CodeIgniter->runController(Object(App\Controllers\ConLogin))
 4 SYSTEMPATH\CodeIgniter.php(368): CodeIgniter\CodeIgniter->handleRequest(null, Object(Config\Cache), false)
 5 FCPATH\index.php(67): CodeIgniter\CodeIgniter->run()
INFO - 2025-05-17 20:34:39 --> Session: Class initialized using 'CodeIgniter\Session\Handlers\FileHandler' driver.
INFO - 2025-05-17 20:34:39 --> Session: Class initialized using 'CodeIgniter\Session\Handlers\FileHandler' driver.
INFO - 2025-05-17 20:34:41 --> Session: Class initialized using 'CodeIgniter\Session\Handlers\FileHandler' driver.
CRITICAL - 2025-05-17 20:34:41 --> Undefined variable $title
in APPPATH\Views\User\UserLeyout\UserHeader.php on line 10.
 1 APPPATH\Views\User\UserLeyout\UserHeader.php(10): CodeIgniter\Debug\Exceptions->errorHandler(2, 'Undefined variable $title', 'D:\\xampp\\htdocs\\personnel\\app\\Views\\User\\UserLeyout\\UserHeader.php', 10)
 2 SYSTEMPATH\View\View.php(213): include('D:\\xampp\\htdocs\\personnel\\app\\Views\\User\\UserLeyout\\UserHeader.php')
 3 SYSTEMPATH\View\View.php(216): CodeIgniter\View\View->CodeIgniter\View\{closure}()
 4 SYSTEMPATH\Common.php(1184): CodeIgniter\View\View->render('User/UserLeyout/UserHeader', [], true)
 5 APPPATH\Controllers\ConLogin.php(109): view('User/UserLeyout/UserHeader')
 6 SYSTEMPATH\CodeIgniter.php(934): App\Controllers\ConLogin->LoginOfficerPersonnel()
 7 SYSTEMPATH\CodeIgniter.php(499): CodeIgniter\CodeIgniter->runController(Object(App\Controllers\ConLogin))
 8 SYSTEMPATH\CodeIgniter.php(368): CodeIgniter\CodeIgniter->handleRequest(null, Object(Config\Cache), false)
 9 FCPATH\index.php(67): CodeIgniter\CodeIgniter->run()
INFO - 2025-05-17 20:34:52 --> Session: Class initialized using 'CodeIgniter\Session\Handlers\FileHandler' driver.
INFO - 2025-05-17 20:34:54 --> Session: Class initialized using 'CodeIgniter\Session\Handlers\FileHandler' driver.
CRITICAL - 2025-05-17 20:34:54 --> view(): Argument #2 ($data) must be of type array, Google\Service\Oauth2\Userinfo given, called in D:\xampp\htdocs\personnel\app\Controllers\ConLogin.php on line 109
in SYSTEMPATH\Common.php on line 1172.
 1 APPPATH\Controllers\ConLogin.php(109): view('User/UserLeyout/UserHeader', Object(Google\Service\Oauth2\Userinfo))
 2 SYSTEMPATH\CodeIgniter.php(934): App\Controllers\ConLogin->LoginOfficerPersonnel()
 3 SYSTEMPATH\CodeIgniter.php(499): CodeIgniter\CodeIgniter->runController(Object(App\Controllers\ConLogin))
 4 SYSTEMPATH\CodeIgniter.php(368): CodeIgniter\CodeIgniter->handleRequest(null, Object(Config\Cache), false)
 5 FCPATH\index.php(67): CodeIgniter\CodeIgniter->run()
INFO - 2025-05-17 20:36:10 --> Session: Class initialized using 'CodeIgniter\Session\Handlers\FileHandler' driver.
INFO - 2025-05-17 20:36:12 --> Session: Class initialized using 'CodeIgniter\Session\Handlers\FileHandler' driver.
INFO - 2025-05-17 20:36:13 --> Session: Class initialized using 'CodeIgniter\Session\Handlers\FileHandler' driver.
INFO - 2025-05-17 20:36:37 --> Session: Class initialized using 'CodeIgniter\Session\Handlers\FileHandler' driver.
INFO - 2025-05-17 20:36:37 --> Session: Class initialized using 'CodeIgniter\Session\Handlers\FileHandler' driver.
INFO - 2025-05-17 20:36:38 --> Session: Class initialized using 'CodeIgniter\Session\Handlers\FileHandler' driver.
INFO - 2025-05-17 20:36:40 --> Session: Class initialized using 'CodeIgniter\Session\Handlers\FileHandler' driver.
INFO - 2025-05-17 20:38:14 --> Session: Class initialized using 'CodeIgniter\Session\Handlers\FileHandler' driver.
INFO - 2025-05-17 20:38:15 --> Session: Class initialized using 'CodeIgniter\Session\Handlers\FileHandler' driver.
INFO - 2025-05-17 20:38:24 --> Session: Class initialized using 'CodeIgniter\Session\Handlers\FileHandler' driver.
INFO - 2025-05-17 20:38:25 --> Session: Class initialized using 'CodeIgniter\Session\Handlers\FileHandler' driver.
INFO - 2025-05-17 20:38:25 --> Session: Class initialized using 'CodeIgniter\Session\Handlers\FileHandler' driver.
INFO - 2025-05-17 20:38:30 --> Session: Class initialized using 'CodeIgniter\Session\Handlers\FileHandler' driver.
INFO - 2025-05-17 20:38:31 --> Session: Class initialized using 'CodeIgniter\Session\Handlers\FileHandler' driver.
INFO - 2025-05-17 20:38:32 --> Session: Class initialized using 'CodeIgniter\Session\Handlers\FileHandler' driver.
INFO - 2025-05-17 20:39:40 --> Session: Class initialized using 'CodeIgniter\Session\Handlers\FileHandler' driver.
INFO - 2025-05-17 20:39:42 --> Session: Class initialized using 'CodeIgniter\Session\Handlers\FileHandler' driver.
INFO - 2025-05-17 20:39:43 --> Session: Class initialized using 'CodeIgniter\Session\Handlers\FileHandler' driver.
INFO - 2025-05-17 20:39:43 --> Session: Class initialized using 'CodeIgniter\Session\Handlers\FileHandler' driver.
INFO - 2025-05-17 20:44:04 --> Session: Class initialized using 'CodeIgniter\Session\Handlers\FileHandler' driver.
INFO - 2025-05-17 20:44:06 --> Session: Class initialized using 'CodeIgniter\Session\Handlers\FileHandler' driver.
INFO - 2025-05-17 20:44:07 --> Session: Class initialized using 'CodeIgniter\Session\Handlers\FileHandler' driver.
INFO - 2025-05-17 20:44:07 --> Session: Class initialized using 'CodeIgniter\Session\Handlers\FileHandler' driver.
INFO - 2025-05-17 20:44:19 --> Session: Class initialized using 'CodeIgniter\Session\Handlers\FileHandler' driver.
INFO - 2025-05-17 20:44:20 --> Session: Class initialized using 'CodeIgniter\Session\Handlers\FileHandler' driver.
INFO - 2025-05-17 20:45:11 --> Session: Class initialized using 'CodeIgniter\Session\Handlers\FileHandler' driver.
INFO - 2025-05-17 20:45:12 --> Session: Class initialized using 'CodeIgniter\Session\Handlers\FileHandler' driver.
INFO - 2025-05-17 20:45:12 --> Session: Class initialized using 'CodeIgniter\Session\Handlers\FileHandler' driver.
INFO - 2025-05-17 20:45:15 --> Session: Class initialized using 'CodeIgniter\Session\Handlers\FileHandler' driver.
INFO - 2025-05-17 20:45:16 --> Session: Class initialized using 'CodeIgniter\Session\Handlers\FileHandler' driver.
INFO - 2025-05-17 20:45:18 --> Session: Class initialized using 'CodeIgniter\Session\Handlers\FileHandler' driver.
INFO - 2025-05-17 20:45:19 --> Session: Class initialized using 'CodeIgniter\Session\Handlers\FileHandler' driver.
INFO - 2025-05-17 20:45:42 --> Session: Class initialized using 'CodeIgniter\Session\Handlers\FileHandler' driver.
INFO - 2025-05-17 20:45:46 --> Session: Class initialized using 'CodeIgniter\Session\Handlers\FileHandler' driver.
INFO - 2025-05-17 20:45:46 --> Session: Class initialized using 'CodeIgniter\Session\Handlers\FileHandler' driver.
INFO - 2025-05-17 20:48:28 --> Session: Class initialized using 'CodeIgniter\Session\Handlers\FileHandler' driver.
INFO - 2025-05-17 20:48:30 --> Session: Class initialized using 'CodeIgniter\Session\Handlers\FileHandler' driver.
INFO - 2025-05-17 20:48:30 --> Session: Class initialized using 'CodeIgniter\Session\Handlers\FileHandler' driver.
INFO - 2025-05-17 20:48:32 --> Session: Class initialized using 'CodeIgniter\Session\Handlers\FileHandler' driver.
INFO - 2025-05-17 20:48:33 --> Session: Class initialized using 'CodeIgniter\Session\Handlers\FileHandler' driver.
INFO - 2025-05-17 20:48:34 --> Session: Class initialized using 'CodeIgniter\Session\Handlers\FileHandler' driver.
INFO - 2025-05-17 20:52:21 --> Session: Class initialized using 'CodeIgniter\Session\Handlers\FileHandler' driver.
INFO - 2025-05-17 20:52:22 --> Session: Class initialized using 'CodeIgniter\Session\Handlers\FileHandler' driver.
INFO - 2025-05-17 20:52:22 --> Session: Class initialized using 'CodeIgniter\Session\Handlers\FileHandler' driver.
INFO - 2025-05-17 20:52:27 --> Session: Class initialized using 'CodeIgniter\Session\Handlers\FileHandler' driver.
INFO - 2025-05-17 20:52:27 --> Session: Class initialized using 'CodeIgniter\Session\Handlers\FileHandler' driver.
INFO - 2025-05-17 20:52:38 --> Session: Class initialized using 'CodeIgniter\Session\Handlers\FileHandler' driver.
INFO - 2025-05-17 20:52:40 --> Session: Class initialized using 'CodeIgniter\Session\Handlers\FileHandler' driver.
INFO - 2025-05-17 20:52:40 --> Session: Class initialized using 'CodeIgniter\Session\Handlers\FileHandler' driver.
INFO - 2025-05-17 20:52:49 --> Session: Class initialized using 'CodeIgniter\Session\Handlers\FileHandler' driver.
