INFO - 2024-09-18 12:00:41 --> Session: Class initialized using 'CodeIgniter\Session\Handlers\FileHandler' driver.
INFO - 2024-09-18 12:00:41 --> Session: Class initialized using 'CodeIgniter\Session\Handlers\FileHandler' driver.
INFO - 2024-09-18 12:00:48 --> Session: Class initialized using 'CodeIgniter\Session\Handlers\FileHandler' driver.
INFO - 2024-09-18 12:00:50 --> Session: Class initialized using 'CodeIgniter\Session\Handlers\FileHandler' driver.
INFO - 2024-09-18 12:00:50 --> Session: Class initialized using 'CodeIgniter\Session\Handlers\FileHandler' driver.
INFO - 2024-09-18 12:02:46 --> Session: Class initialized using 'CodeIgniter\Session\Handlers\FileHandler' driver.
INFO - 2024-09-18 12:04:46 --> Session: Class initialized using 'CodeIgniter\Session\Handlers\FileHandler' driver.
INFO - 2024-09-18 12:07:10 --> Session: Class initialized using 'CodeIgniter\Session\Handlers\FileHandler' driver.
INFO - 2024-09-18 12:08:33 --> Session: Class initialized using 'CodeIgniter\Session\Handlers\FileHandler' driver.
CRITICAL - 2024-09-18 12:08:33 --> Object of class CodeIgniter\Database\MySQLi\Builder could not be converted to string
in APPPATH\Controllers\ConUserCarBooking.php on line 657.
 1 SYSTEMPATH\CodeIgniter.php(934): App\Controllers\ConUserCarBooking->PrintApproveCarBooking('1')
 2 SYSTEMPATH\CodeIgniter.php(499): CodeIgniter\CodeIgniter->runController(Object(App\Controllers\ConUserCarBooking))
 3 SYSTEMPATH\CodeIgniter.php(368): CodeIgniter\CodeIgniter->handleRequest(null, Object(Config\Cache), false)
 4 FCPATH\index.php(67): CodeIgniter\CodeIgniter->run()
INFO - 2024-09-18 12:08:43 --> Session: Class initialized using 'CodeIgniter\Session\Handlers\FileHandler' driver.
CRITICAL - 2024-09-18 12:08:43 --> Object of class CodeIgniter\Database\MySQLi\Builder could not be converted to string
in APPPATH\Controllers\ConUserCarBooking.php on line 657.
 1 SYSTEMPATH\CodeIgniter.php(934): App\Controllers\ConUserCarBooking->PrintApproveCarBooking('1')
 2 SYSTEMPATH\CodeIgniter.php(499): CodeIgniter\CodeIgniter->runController(Object(App\Controllers\ConUserCarBooking))
 3 SYSTEMPATH\CodeIgniter.php(368): CodeIgniter\CodeIgniter->handleRequest(null, Object(Config\Cache), false)
 4 FCPATH\index.php(67): CodeIgniter\CodeIgniter->run()
INFO - 2024-09-18 12:08:50 --> Session: Class initialized using 'CodeIgniter\Session\Handlers\FileHandler' driver.
INFO - 2024-09-18 12:09:11 --> Session: Class initialized using 'CodeIgniter\Session\Handlers\FileHandler' driver.
CRITICAL - 2024-09-18 13:39:39 --> syntax error, unexpected single-quoted string ",driver.pers_lastname) AS Driv...", expecting ")"
in APPPATH\Controllers\ConUserCarBooking.php on line 661.
 1 SYSTEMPATH\Autoloader\Autoloader.php(289): CodeIgniter\Autoloader\Autoloader->includeFile('D:\\xampp\\htdocs\\general\\app\\Controllers\\ConUserCarBooking.php')
 2 SYSTEMPATH\Autoloader\Autoloader.php(267): CodeIgniter\Autoloader\Autoloader->loadInNamespace('App\\Controllers\\ConUserCarBooking')
 3 [internal function]: CodeIgniter\Autoloader\Autoloader->loadClass('App\\Controllers\\ConUserCarBooking')
 4 SYSTEMPATH\CodeIgniter.php(892): class_exists('\\App\\Controllers\\ConUserCarBooking', true)
 5 SYSTEMPATH\CodeIgniter.php(486): CodeIgniter\CodeIgniter->startController()
 6 SYSTEMPATH\CodeIgniter.php(368): CodeIgniter\CodeIgniter->handleRequest(null, Object(Config\Cache), false)
 7 FCPATH\index.php(67): CodeIgniter\CodeIgniter->run()
CRITICAL - 2024-09-18 13:43:30 --> syntax error, unexpected single-quoted string ",driver.pers_lastname) AS Driv...", expecting ")"
in APPPATH\Controllers\ConUserCarBooking.php on line 661.
 1 SYSTEMPATH\Autoloader\Autoloader.php(289): CodeIgniter\Autoloader\Autoloader->includeFile('D:\\xampp\\htdocs\\general\\app\\Controllers\\ConUserCarBooking.php')
 2 SYSTEMPATH\Autoloader\Autoloader.php(267): CodeIgniter\Autoloader\Autoloader->loadInNamespace('App\\Controllers\\ConUserCarBooking')
 3 [internal function]: CodeIgniter\Autoloader\Autoloader->loadClass('App\\Controllers\\ConUserCarBooking')
 4 SYSTEMPATH\CodeIgniter.php(892): class_exists('\\App\\Controllers\\ConUserCarBooking', true)
 5 SYSTEMPATH\CodeIgniter.php(486): CodeIgniter\CodeIgniter->startController()
 6 SYSTEMPATH\CodeIgniter.php(368): CodeIgniter\CodeIgniter->handleRequest(null, Object(Config\Cache), false)
 7 FCPATH\index.php(67): CodeIgniter\CodeIgniter->run()
CRITICAL - 2024-09-18 13:44:07 --> syntax error, unexpected single-quoted string ",driver.pers_lastname) AS Driv...", expecting ")"
in APPPATH\Controllers\ConUserCarBooking.php on line 663.
 1 SYSTEMPATH\Autoloader\Autoloader.php(289): CodeIgniter\Autoloader\Autoloader->includeFile('D:\\xampp\\htdocs\\general\\app\\Controllers\\ConUserCarBooking.php')
 2 SYSTEMPATH\Autoloader\Autoloader.php(267): CodeIgniter\Autoloader\Autoloader->loadInNamespace('App\\Controllers\\ConUserCarBooking')
 3 [internal function]: CodeIgniter\Autoloader\Autoloader->loadClass('App\\Controllers\\ConUserCarBooking')
 4 SYSTEMPATH\CodeIgniter.php(892): class_exists('\\App\\Controllers\\ConUserCarBooking', true)
 5 SYSTEMPATH\CodeIgniter.php(486): CodeIgniter\CodeIgniter->startController()
 6 SYSTEMPATH\CodeIgniter.php(368): CodeIgniter\CodeIgniter->handleRequest(null, Object(Config\Cache), false)
 7 FCPATH\index.php(67): CodeIgniter\CodeIgniter->run()
CRITICAL - 2024-09-18 13:45:05 --> syntax error, unexpected single-quoted string ",driver.pers_lastname) AS Driv...", expecting ")"
in APPPATH\Controllers\ConUserCarBooking.php on line 663.
 1 SYSTEMPATH\Autoloader\Autoloader.php(289): CodeIgniter\Autoloader\Autoloader->includeFile('D:\\xampp\\htdocs\\general\\app\\Controllers\\ConUserCarBooking.php')
 2 SYSTEMPATH\Autoloader\Autoloader.php(267): CodeIgniter\Autoloader\Autoloader->loadInNamespace('App\\Controllers\\ConUserCarBooking')
 3 [internal function]: CodeIgniter\Autoloader\Autoloader->loadClass('App\\Controllers\\ConUserCarBooking')
 4 SYSTEMPATH\CodeIgniter.php(892): class_exists('\\App\\Controllers\\ConUserCarBooking', true)
 5 SYSTEMPATH\CodeIgniter.php(486): CodeIgniter\CodeIgniter->startController()
 6 SYSTEMPATH\CodeIgniter.php(368): CodeIgniter\CodeIgniter->handleRequest(null, Object(Config\Cache), false)
 7 FCPATH\index.php(67): CodeIgniter\CodeIgniter->run()
INFO - 2024-09-18 13:45:25 --> Session: Class initialized using 'CodeIgniter\Session\Handlers\FileHandler' driver.
ERROR - 2024-09-18 13:45:25 --> mysqli_sql_exception: You have an error in your SQL syntax; check the manual that corresponds to your MariaDB server version for the right syntax to use near 'SELECT
        CONCAT(driver.pers_prefix, `driver`.`pers_firstname`, ' ', dr...' at line 1 in D:\xampp\htdocs\general\vendor\codeigniter4\framework\system\Database\MySQLi\Connection.php:295
Stack trace:
#0 D:\xampp\htdocs\general\vendor\codeigniter4\framework\system\Database\MySQLi\Connection.php(295): mysqli->query('SELECT SELECT\r\n...', 0)
#1 D:\xampp\htdocs\general\vendor\codeigniter4\framework\system\Database\BaseConnection.php(692): CodeIgniter\Database\MySQLi\Connection->execute('SELECT SELECT\r\n...')
#2 D:\xampp\htdocs\general\vendor\codeigniter4\framework\system\Database\BaseConnection.php(606): CodeIgniter\Database\BaseConnection->simpleQuery('SELECT SELECT\r\n...')
#3 D:\xampp\htdocs\general\vendor\codeigniter4\framework\system\Database\BaseBuilder.php(1616): CodeIgniter\Database\BaseConnection->query('SELECT SELECT\r\n...', Array, false)
#4 D:\xampp\htdocs\general\app\Controllers\ConUserCarBooking.php(677): CodeIgniter\Database\BaseBuilder->get()
#5 D:\xampp\htdocs\general\vendor\codeigniter4\framework\system\CodeIgniter.php(934): App\Controllers\ConUserCarBooking->PrintApproveCarBooking('1')
#6 D:\xampp\htdocs\general\vendor\codeigniter4\framework\system\CodeIgniter.php(499): CodeIgniter\CodeIgniter->runController(Object(App\Controllers\ConUserCarBooking))
#7 D:\xampp\htdocs\general\vendor\codeigniter4\framework\system\CodeIgniter.php(368): CodeIgniter\CodeIgniter->handleRequest(NULL, Object(Config\Cache), false)
#8 D:\xampp\htdocs\general\index.php(67): CodeIgniter\CodeIgniter->run()
#9 {main}
CRITICAL - 2024-09-18 13:45:25 --> You have an error in your SQL syntax; check the manual that corresponds to your MariaDB server version for the right syntax to use near 'SELECT
        CONCAT(driver.pers_prefix, `driver`.`pers_firstname`, ' ', dr...' at line 1
in SYSTEMPATH\Database\MySQLi\Connection.php on line 295.
 1 SYSTEMPATH\Database\MySQLi\Connection.php(295): mysqli->query('SELECT SELECT
        CONCAT(driver.pers_prefix, `driver`.`pers_firstname`, \' \', driver.pers_lastname) AS DriverName, `driverPosi`.`posi_name` AS `DriverPosi`, CONCAT(booker.pers_prefix, `booker`.`pers_firstname`, \' \', booker.pers_lastname) AS BookerName, `bookerPosi`.`posi_name` AS `BookerPosi`, CONCAT(approver.pers_prefix, `approver`.`pers_firstname`, \' \', approver.pers_lastname) AS ApproverName, `approverPosi`.`posi_name` AS `ApproverPosi`, `skjacth_general`.`tb_car_reservation`.*
FROM `tb_car_reservation`
JOIN `skjacth_personnel`.`tb_personnel` AS `driver` ON `driver`.`pers_id` = `skjacth_general`.`tb_car_reservation`.`car_reserv_driver`
JOIN `skjacth_personnel`.`tb_personnel` AS `booker` ON `booker`.`pers_id` = `skjacth_general`.`tb_car_reservation`.`car_reserv_memberID`
JOIN `skjacth_personnel`.`tb_personnel` AS `approver` ON `approver`.`pers_id` = `skjacth_general`.`tb_car_reservation`.`car_reserv_approver`
JOIN `skjacth_general`.`tb_school_car` ON `skjacth_general`.`tb_school_car`.`car_ID` = `skjacth_general`.`tb_car_reservation`.`car_reserv_carID`
JOIN `skjacth_skj`.`tb_position` AS `driverPosi` ON `driverPosi`.`posi_id` = `driver`.`pers_position`
JOIN `skjacth_skj`.`tb_position` AS `bookerPosi` ON `bookerPosi`.`posi_id` = `booker`.`pers_position`
JOIN `skjacth_skj`.`tb_position` AS `approverPosi` ON `approverPosi`.`posi_id` = `approver`.`pers_position`
WHERE `skjacth_general`.`tb_car_reservation`.`car_reserv_id` = 1', 0)
 2 SYSTEMPATH\Database\BaseConnection.php(692): CodeIgniter\Database\MySQLi\Connection->execute('SELECT SELECT
        CONCAT(driver.pers_prefix, `driver`.`pers_firstname`, \' \', driver.pers_lastname) AS DriverName, `driverPosi`.`posi_name` AS `DriverPosi`, CONCAT(booker.pers_prefix, `booker`.`pers_firstname`, \' \', booker.pers_lastname) AS BookerName, `bookerPosi`.`posi_name` AS `BookerPosi`, CONCAT(approver.pers_prefix, `approver`.`pers_firstname`, \' \', approver.pers_lastname) AS ApproverName, `approverPosi`.`posi_name` AS `ApproverPosi`, `skjacth_general`.`tb_car_reservation`.*
FROM `tb_car_reservation`
JOIN `skjacth_personnel`.`tb_personnel` AS `driver` ON `driver`.`pers_id` = `skjacth_general`.`tb_car_reservation`.`car_reserv_driver`
JOIN `skjacth_personnel`.`tb_personnel` AS `booker` ON `booker`.`pers_id` = `skjacth_general`.`tb_car_reservation`.`car_reserv_memberID`
JOIN `skjacth_personnel`.`tb_personnel` AS `approver` ON `approver`.`pers_id` = `skjacth_general`.`tb_car_reservation`.`car_reserv_approver`
JOIN `skjacth_general`.`tb_school_car` ON `skjacth_general`.`tb_school_car`.`car_ID` = `skjacth_general`.`tb_car_reservation`.`car_reserv_carID`
JOIN `skjacth_skj`.`tb_position` AS `driverPosi` ON `driverPosi`.`posi_id` = `driver`.`pers_position`
JOIN `skjacth_skj`.`tb_position` AS `bookerPosi` ON `bookerPosi`.`posi_id` = `booker`.`pers_position`
JOIN `skjacth_skj`.`tb_position` AS `approverPosi` ON `approverPosi`.`posi_id` = `approver`.`pers_position`
WHERE `skjacth_general`.`tb_car_reservation`.`car_reserv_id` = 1')
 3 SYSTEMPATH\Database\BaseConnection.php(606): CodeIgniter\Database\BaseConnection->simpleQuery('SELECT SELECT
        CONCAT(driver.pers_prefix, `driver`.`pers_firstname`, \' \', driver.pers_lastname) AS DriverName, `driverPosi`.`posi_name` AS `DriverPosi`, CONCAT(booker.pers_prefix, `booker`.`pers_firstname`, \' \', booker.pers_lastname) AS BookerName, `bookerPosi`.`posi_name` AS `BookerPosi`, CONCAT(approver.pers_prefix, `approver`.`pers_firstname`, \' \', approver.pers_lastname) AS ApproverName, `approverPosi`.`posi_name` AS `ApproverPosi`, `skjacth_general`.`tb_car_reservation`.*
FROM `tb_car_reservation`
JOIN `skjacth_personnel`.`tb_personnel` AS `driver` ON `driver`.`pers_id` = `skjacth_general`.`tb_car_reservation`.`car_reserv_driver`
JOIN `skjacth_personnel`.`tb_personnel` AS `booker` ON `booker`.`pers_id` = `skjacth_general`.`tb_car_reservation`.`car_reserv_memberID`
JOIN `skjacth_personnel`.`tb_personnel` AS `approver` ON `approver`.`pers_id` = `skjacth_general`.`tb_car_reservation`.`car_reserv_approver`
JOIN `skjacth_general`.`tb_school_car` ON `skjacth_general`.`tb_school_car`.`car_ID` = `skjacth_general`.`tb_car_reservation`.`car_reserv_carID`
JOIN `skjacth_skj`.`tb_position` AS `driverPosi` ON `driverPosi`.`posi_id` = `driver`.`pers_position`
JOIN `skjacth_skj`.`tb_position` AS `bookerPosi` ON `bookerPosi`.`posi_id` = `booker`.`pers_position`
JOIN `skjacth_skj`.`tb_position` AS `approverPosi` ON `approverPosi`.`posi_id` = `approver`.`pers_position`
WHERE `skjacth_general`.`tb_car_reservation`.`car_reserv_id` = 1')
 4 SYSTEMPATH\Database\BaseBuilder.php(1616): CodeIgniter\Database\BaseConnection->query('SELECT SELECT
        CONCAT(driver.pers_prefix, `driver`.`pers_firstname`, \' \', driver.pers_lastname) AS DriverName, `driverPosi`.`posi_name` AS `DriverPosi`, CONCAT(booker.pers_prefix, `booker`.`pers_firstname`, \' \', booker.pers_lastname) AS BookerName, `bookerPosi`.`posi_name` AS `BookerPosi`, CONCAT(approver.pers_prefix, `approver`.`pers_firstname`, \' \', approver.pers_lastname) AS ApproverName, `approverPosi`.`posi_name` AS `ApproverPosi`, `skjacth_general`.`tb_car_reservation`.*
FROM `tb_car_reservation`
JOIN `skjacth_personnel`.`tb_personnel` AS `driver` ON `driver`.`pers_id` = `skjacth_general`.`tb_car_reservation`.`car_reserv_driver`
JOIN `skjacth_personnel`.`tb_personnel` AS `booker` ON `booker`.`pers_id` = `skjacth_general`.`tb_car_reservation`.`car_reserv_memberID`
JOIN `skjacth_personnel`.`tb_personnel` AS `approver` ON `approver`.`pers_id` = `skjacth_general`.`tb_car_reservation`.`car_reserv_approver`
JOIN `skjacth_general`.`tb_school_car` ON `skjacth_general`.`tb_school_car`.`car_ID` = `skjacth_general`.`tb_car_reservation`.`car_reserv_carID`
JOIN `skjacth_skj`.`tb_position` AS `driverPosi` ON `driverPosi`.`posi_id` = `driver`.`pers_position`
JOIN `skjacth_skj`.`tb_position` AS `bookerPosi` ON `bookerPosi`.`posi_id` = `booker`.`pers_position`
JOIN `skjacth_skj`.`tb_position` AS `approverPosi` ON `approverPosi`.`posi_id` = `approver`.`pers_position`
WHERE `skjacth_general`.`tb_car_reservation`.`car_reserv_id` = :skjacth_general.tb_car_reservation.car_reserv_id:', [...], false)
 5 APPPATH\Controllers\ConUserCarBooking.php(677): CodeIgniter\Database\BaseBuilder->get()
 6 SYSTEMPATH\CodeIgniter.php(934): App\Controllers\ConUserCarBooking->PrintApproveCarBooking('1')
 7 SYSTEMPATH\CodeIgniter.php(499): CodeIgniter\CodeIgniter->runController(Object(App\Controllers\ConUserCarBooking))
 8 SYSTEMPATH\CodeIgniter.php(368): CodeIgniter\CodeIgniter->handleRequest(null, Object(Config\Cache), false)
 9 FCPATH\index.php(67): CodeIgniter\CodeIgniter->run()
INFO - 2024-09-18 13:47:57 --> Session: Class initialized using 'CodeIgniter\Session\Handlers\FileHandler' driver.
ERROR - 2024-09-18 13:47:57 --> mysqli_sql_exception: You have an error in your SQL syntax; check the manual that corresponds to your MariaDB server version for the right syntax to use near 'SELECT
        CONCAT(driver.pers_prefix, `driver`.`pers_firstname`, ' ', dr...' at line 1 in D:\xampp\htdocs\general\vendor\codeigniter4\framework\system\Database\MySQLi\Connection.php:295
Stack trace:
#0 D:\xampp\htdocs\general\vendor\codeigniter4\framework\system\Database\MySQLi\Connection.php(295): mysqli->query('SELECT SELECT\r\n...', 0)
#1 D:\xampp\htdocs\general\vendor\codeigniter4\framework\system\Database\BaseConnection.php(692): CodeIgniter\Database\MySQLi\Connection->execute('SELECT SELECT\r\n...')
#2 D:\xampp\htdocs\general\vendor\codeigniter4\framework\system\Database\BaseConnection.php(606): CodeIgniter\Database\BaseConnection->simpleQuery('SELECT SELECT\r\n...')
#3 D:\xampp\htdocs\general\vendor\codeigniter4\framework\system\Database\BaseBuilder.php(1616): CodeIgniter\Database\BaseConnection->query('SELECT SELECT\r\n...', Array, false)
#4 D:\xampp\htdocs\general\app\Controllers\ConUserCarBooking.php(678): CodeIgniter\Database\BaseBuilder->get()
#5 D:\xampp\htdocs\general\vendor\codeigniter4\framework\system\CodeIgniter.php(934): App\Controllers\ConUserCarBooking->PrintApproveCarBooking('1')
#6 D:\xampp\htdocs\general\vendor\codeigniter4\framework\system\CodeIgniter.php(499): CodeIgniter\CodeIgniter->runController(Object(App\Controllers\ConUserCarBooking))
#7 D:\xampp\htdocs\general\vendor\codeigniter4\framework\system\CodeIgniter.php(368): CodeIgniter\CodeIgniter->handleRequest(NULL, Object(Config\Cache), false)
#8 D:\xampp\htdocs\general\index.php(67): CodeIgniter\CodeIgniter->run()
#9 {main}
CRITICAL - 2024-09-18 13:47:57 --> You have an error in your SQL syntax; check the manual that corresponds to your MariaDB server version for the right syntax to use near 'SELECT
        CONCAT(driver.pers_prefix, `driver`.`pers_firstname`, ' ', dr...' at line 1
in SYSTEMPATH\Database\MySQLi\Connection.php on line 295.
 1 SYSTEMPATH\Database\MySQLi\Connection.php(295): mysqli->query('SELECT SELECT
        CONCAT(driver.pers_prefix, `driver`.`pers_firstname`, \' \', driver.pers_lastname) AS DriverName, `driverPosi`.`posi_name` AS `DriverPosi`, CONCAT(booker.pers_prefix, `booker`.`pers_firstname`, \' \', booker.pers_lastname) AS BookerName, `bookerPosi`.`posi_name` AS `BookerPosi`, CONCAT(approver.pers_prefix, `approver`.`pers_firstname`, \' \', approver.pers_lastname) AS ApproverName, `approverPosi`.`posi_name` AS `ApproverPosi`, `skjacth_general`.`tb_car_reservation`.*
FROM `tb_car_reservation`
JOIN `skjacth_personnel`.`tb_personnel` AS `driver` ON `driver`.`pers_id` = `skjacth_general`.`tb_car_reservation`.`car_reserv_driver`
JOIN `skjacth_personnel`.`tb_personnel` AS `booker` ON `booker`.`pers_id` = `skjacth_general`.`tb_car_reservation`.`car_reserv_memberID`
JOIN `skjacth_personnel`.`tb_personnel` AS `approver` ON `approver`.`pers_id` = `skjacth_general`.`tb_car_reservation`.`car_reserv_approver`
JOIN `skjacth_general`.`tb_school_car` ON `skjacth_general`.`tb_school_car`.`car_ID` = `skjacth_general`.`tb_car_reservation`.`car_reserv_carID`
JOIN `skjacth_skj`.`tb_position` AS `driverPosi` ON `driverPosi`.`posi_id` = `driver`.`pers_position`
JOIN `skjacth_skj`.`tb_position` AS `bookerPosi` ON `bookerPosi`.`posi_id` = `booker`.`pers_position`
JOIN `skjacth_skj`.`tb_position` AS `approverPosi` ON `approverPosi`.`posi_id` = `approver`.`pers_position`
WHERE `skjacth_general`.`tb_car_reservation`.`car_reserv_id` = 1', 0)
 2 SYSTEMPATH\Database\BaseConnection.php(692): CodeIgniter\Database\MySQLi\Connection->execute('SELECT SELECT
        CONCAT(driver.pers_prefix, `driver`.`pers_firstname`, \' \', driver.pers_lastname) AS DriverName, `driverPosi`.`posi_name` AS `DriverPosi`, CONCAT(booker.pers_prefix, `booker`.`pers_firstname`, \' \', booker.pers_lastname) AS BookerName, `bookerPosi`.`posi_name` AS `BookerPosi`, CONCAT(approver.pers_prefix, `approver`.`pers_firstname`, \' \', approver.pers_lastname) AS ApproverName, `approverPosi`.`posi_name` AS `ApproverPosi`, `skjacth_general`.`tb_car_reservation`.*
FROM `tb_car_reservation`
JOIN `skjacth_personnel`.`tb_personnel` AS `driver` ON `driver`.`pers_id` = `skjacth_general`.`tb_car_reservation`.`car_reserv_driver`
JOIN `skjacth_personnel`.`tb_personnel` AS `booker` ON `booker`.`pers_id` = `skjacth_general`.`tb_car_reservation`.`car_reserv_memberID`
JOIN `skjacth_personnel`.`tb_personnel` AS `approver` ON `approver`.`pers_id` = `skjacth_general`.`tb_car_reservation`.`car_reserv_approver`
JOIN `skjacth_general`.`tb_school_car` ON `skjacth_general`.`tb_school_car`.`car_ID` = `skjacth_general`.`tb_car_reservation`.`car_reserv_carID`
JOIN `skjacth_skj`.`tb_position` AS `driverPosi` ON `driverPosi`.`posi_id` = `driver`.`pers_position`
JOIN `skjacth_skj`.`tb_position` AS `bookerPosi` ON `bookerPosi`.`posi_id` = `booker`.`pers_position`
JOIN `skjacth_skj`.`tb_position` AS `approverPosi` ON `approverPosi`.`posi_id` = `approver`.`pers_position`
WHERE `skjacth_general`.`tb_car_reservation`.`car_reserv_id` = 1')
 3 SYSTEMPATH\Database\BaseConnection.php(606): CodeIgniter\Database\BaseConnection->simpleQuery('SELECT SELECT
        CONCAT(driver.pers_prefix, `driver`.`pers_firstname`, \' \', driver.pers_lastname) AS DriverName, `driverPosi`.`posi_name` AS `DriverPosi`, CONCAT(booker.pers_prefix, `booker`.`pers_firstname`, \' \', booker.pers_lastname) AS BookerName, `bookerPosi`.`posi_name` AS `BookerPosi`, CONCAT(approver.pers_prefix, `approver`.`pers_firstname`, \' \', approver.pers_lastname) AS ApproverName, `approverPosi`.`posi_name` AS `ApproverPosi`, `skjacth_general`.`tb_car_reservation`.*
FROM `tb_car_reservation`
JOIN `skjacth_personnel`.`tb_personnel` AS `driver` ON `driver`.`pers_id` = `skjacth_general`.`tb_car_reservation`.`car_reserv_driver`
JOIN `skjacth_personnel`.`tb_personnel` AS `booker` ON `booker`.`pers_id` = `skjacth_general`.`tb_car_reservation`.`car_reserv_memberID`
JOIN `skjacth_personnel`.`tb_personnel` AS `approver` ON `approver`.`pers_id` = `skjacth_general`.`tb_car_reservation`.`car_reserv_approver`
JOIN `skjacth_general`.`tb_school_car` ON `skjacth_general`.`tb_school_car`.`car_ID` = `skjacth_general`.`tb_car_reservation`.`car_reserv_carID`
JOIN `skjacth_skj`.`tb_position` AS `driverPosi` ON `driverPosi`.`posi_id` = `driver`.`pers_position`
JOIN `skjacth_skj`.`tb_position` AS `bookerPosi` ON `bookerPosi`.`posi_id` = `booker`.`pers_position`
JOIN `skjacth_skj`.`tb_position` AS `approverPosi` ON `approverPosi`.`posi_id` = `approver`.`pers_position`
WHERE `skjacth_general`.`tb_car_reservation`.`car_reserv_id` = 1')
 4 SYSTEMPATH\Database\BaseBuilder.php(1616): CodeIgniter\Database\BaseConnection->query('SELECT SELECT
        CONCAT(driver.pers_prefix, `driver`.`pers_firstname`, \' \', driver.pers_lastname) AS DriverName, `driverPosi`.`posi_name` AS `DriverPosi`, CONCAT(booker.pers_prefix, `booker`.`pers_firstname`, \' \', booker.pers_lastname) AS BookerName, `bookerPosi`.`posi_name` AS `BookerPosi`, CONCAT(approver.pers_prefix, `approver`.`pers_firstname`, \' \', approver.pers_lastname) AS ApproverName, `approverPosi`.`posi_name` AS `ApproverPosi`, `skjacth_general`.`tb_car_reservation`.*
FROM `tb_car_reservation`
JOIN `skjacth_personnel`.`tb_personnel` AS `driver` ON `driver`.`pers_id` = `skjacth_general`.`tb_car_reservation`.`car_reserv_driver`
JOIN `skjacth_personnel`.`tb_personnel` AS `booker` ON `booker`.`pers_id` = `skjacth_general`.`tb_car_reservation`.`car_reserv_memberID`
JOIN `skjacth_personnel`.`tb_personnel` AS `approver` ON `approver`.`pers_id` = `skjacth_general`.`tb_car_reservation`.`car_reserv_approver`
JOIN `skjacth_general`.`tb_school_car` ON `skjacth_general`.`tb_school_car`.`car_ID` = `skjacth_general`.`tb_car_reservation`.`car_reserv_carID`
JOIN `skjacth_skj`.`tb_position` AS `driverPosi` ON `driverPosi`.`posi_id` = `driver`.`pers_position`
JOIN `skjacth_skj`.`tb_position` AS `bookerPosi` ON `bookerPosi`.`posi_id` = `booker`.`pers_position`
JOIN `skjacth_skj`.`tb_position` AS `approverPosi` ON `approverPosi`.`posi_id` = `approver`.`pers_position`
WHERE `skjacth_general`.`tb_car_reservation`.`car_reserv_id` = :skjacth_general.tb_car_reservation.car_reserv_id:', [...], false)
 5 APPPATH\Controllers\ConUserCarBooking.php(678): CodeIgniter\Database\BaseBuilder->get()
 6 SYSTEMPATH\CodeIgniter.php(934): App\Controllers\ConUserCarBooking->PrintApproveCarBooking('1')
 7 SYSTEMPATH\CodeIgniter.php(499): CodeIgniter\CodeIgniter->runController(Object(App\Controllers\ConUserCarBooking))
 8 SYSTEMPATH\CodeIgniter.php(368): CodeIgniter\CodeIgniter->handleRequest(null, Object(Config\Cache), false)
 9 FCPATH\index.php(67): CodeIgniter\CodeIgniter->run()
INFO - 2024-09-18 13:48:26 --> Session: Class initialized using 'CodeIgniter\Session\Handlers\FileHandler' driver.
INFO - 2024-09-18 13:48:34 --> Session: Class initialized using 'CodeIgniter\Session\Handlers\FileHandler' driver.
INFO - 2024-09-18 13:49:14 --> Session: Class initialized using 'CodeIgniter\Session\Handlers\FileHandler' driver.
INFO - 2024-09-18 13:49:19 --> Session: Class initialized using 'CodeIgniter\Session\Handlers\FileHandler' driver.
INFO - 2024-09-18 13:49:24 --> Session: Class initialized using 'CodeIgniter\Session\Handlers\FileHandler' driver.
ERROR - 2024-09-18 13:49:24 --> mysqli_sql_exception: You have an error in your SQL syntax; check the manual that corresponds to your MariaDB server version for the right syntax to use near 'SELECT
        CONCAT(driver.pers_prefix, `driver`.`pers_firstname`, ' ', dr...' at line 1 in D:\xampp\htdocs\general\vendor\codeigniter4\framework\system\Database\MySQLi\Connection.php:295
Stack trace:
#0 D:\xampp\htdocs\general\vendor\codeigniter4\framework\system\Database\MySQLi\Connection.php(295): mysqli->query('SELECT SELECT\r\n...', 0)
#1 D:\xampp\htdocs\general\vendor\codeigniter4\framework\system\Database\BaseConnection.php(692): CodeIgniter\Database\MySQLi\Connection->execute('SELECT SELECT\r\n...')
#2 D:\xampp\htdocs\general\vendor\codeigniter4\framework\system\Database\BaseConnection.php(606): CodeIgniter\Database\BaseConnection->simpleQuery('SELECT SELECT\r\n...')
#3 D:\xampp\htdocs\general\vendor\codeigniter4\framework\system\Database\BaseBuilder.php(1616): CodeIgniter\Database\BaseConnection->query('SELECT SELECT\r\n...', Array, false)
#4 D:\xampp\htdocs\general\app\Controllers\ConUserCarBooking.php(680): CodeIgniter\Database\BaseBuilder->get()
#5 D:\xampp\htdocs\general\vendor\codeigniter4\framework\system\CodeIgniter.php(934): App\Controllers\ConUserCarBooking->PrintApproveCarBooking('1')
#6 D:\xampp\htdocs\general\vendor\codeigniter4\framework\system\CodeIgniter.php(499): CodeIgniter\CodeIgniter->runController(Object(App\Controllers\ConUserCarBooking))
#7 D:\xampp\htdocs\general\vendor\codeigniter4\framework\system\CodeIgniter.php(368): CodeIgniter\CodeIgniter->handleRequest(NULL, Object(Config\Cache), false)
#8 D:\xampp\htdocs\general\index.php(67): CodeIgniter\CodeIgniter->run()
#9 {main}
CRITICAL - 2024-09-18 13:49:24 --> You have an error in your SQL syntax; check the manual that corresponds to your MariaDB server version for the right syntax to use near 'SELECT
        CONCAT(driver.pers_prefix, `driver`.`pers_firstname`, ' ', dr...' at line 1
in SYSTEMPATH\Database\MySQLi\Connection.php on line 295.
 1 SYSTEMPATH\Database\MySQLi\Connection.php(295): mysqli->query('SELECT SELECT
        CONCAT(driver.pers_prefix, `driver`.`pers_firstname`, \' \', driver.pers_lastname) AS DriverName, `driverPosi`.`posi_name` AS `DriverPosi`, CONCAT(booker.pers_prefix, `booker`.`pers_firstname`, \' \', booker.pers_lastname) AS BookerName, `bookerPosi`.`posi_name` AS `BookerPosi`, CONCAT(approver.pers_prefix, `approver`.`pers_firstname`, \' \', approver.pers_lastname) AS ApproverName, `approverPosi`.`posi_name` AS `ApproverPosi`, `skjacth_general`.`tb_car_reservation`.*
FROM `tb_car_reservation`
JOIN `skjacth_personnel`.`tb_personnel` AS `driver` ON `driver`.`pers_id` = `skjacth_general`.`tb_car_reservation`.`car_reserv_driver`
JOIN `skjacth_personnel`.`tb_personnel` AS `booker` ON `booker`.`pers_id` = `skjacth_general`.`tb_car_reservation`.`car_reserv_memberID`
JOIN `skjacth_personnel`.`tb_personnel` AS `approver` ON `approver`.`pers_id` = `skjacth_general`.`tb_car_reservation`.`car_reserv_approver`
JOIN `skjacth_general`.`tb_school_car` ON `skjacth_general`.`tb_school_car`.`car_ID` = `skjacth_general`.`tb_car_reservation`.`car_reserv_carID`
JOIN `skjacth_skj`.`tb_position` AS `driverPosi` ON `driverPosi`.`posi_id` = `driver`.`pers_position`
JOIN `skjacth_skj`.`tb_position` AS `bookerPosi` ON `bookerPosi`.`posi_id` = `booker`.`pers_position`
JOIN `skjacth_skj`.`tb_position` AS `approverPosi` ON `approverPosi`.`posi_id` = `approver`.`pers_position`
WHERE `skjacth_general`.`tb_car_reservation`.`car_reserv_id` = 1', 0)
 2 SYSTEMPATH\Database\BaseConnection.php(692): CodeIgniter\Database\MySQLi\Connection->execute('SELECT SELECT
        CONCAT(driver.pers_prefix, `driver`.`pers_firstname`, \' \', driver.pers_lastname) AS DriverName, `driverPosi`.`posi_name` AS `DriverPosi`, CONCAT(booker.pers_prefix, `booker`.`pers_firstname`, \' \', booker.pers_lastname) AS BookerName, `bookerPosi`.`posi_name` AS `BookerPosi`, CONCAT(approver.pers_prefix, `approver`.`pers_firstname`, \' \', approver.pers_lastname) AS ApproverName, `approverPosi`.`posi_name` AS `ApproverPosi`, `skjacth_general`.`tb_car_reservation`.*
FROM `tb_car_reservation`
JOIN `skjacth_personnel`.`tb_personnel` AS `driver` ON `driver`.`pers_id` = `skjacth_general`.`tb_car_reservation`.`car_reserv_driver`
JOIN `skjacth_personnel`.`tb_personnel` AS `booker` ON `booker`.`pers_id` = `skjacth_general`.`tb_car_reservation`.`car_reserv_memberID`
JOIN `skjacth_personnel`.`tb_personnel` AS `approver` ON `approver`.`pers_id` = `skjacth_general`.`tb_car_reservation`.`car_reserv_approver`
JOIN `skjacth_general`.`tb_school_car` ON `skjacth_general`.`tb_school_car`.`car_ID` = `skjacth_general`.`tb_car_reservation`.`car_reserv_carID`
JOIN `skjacth_skj`.`tb_position` AS `driverPosi` ON `driverPosi`.`posi_id` = `driver`.`pers_position`
JOIN `skjacth_skj`.`tb_position` AS `bookerPosi` ON `bookerPosi`.`posi_id` = `booker`.`pers_position`
JOIN `skjacth_skj`.`tb_position` AS `approverPosi` ON `approverPosi`.`posi_id` = `approver`.`pers_position`
WHERE `skjacth_general`.`tb_car_reservation`.`car_reserv_id` = 1')
 3 SYSTEMPATH\Database\BaseConnection.php(606): CodeIgniter\Database\BaseConnection->simpleQuery('SELECT SELECT
        CONCAT(driver.pers_prefix, `driver`.`pers_firstname`, \' \', driver.pers_lastname) AS DriverName, `driverPosi`.`posi_name` AS `DriverPosi`, CONCAT(booker.pers_prefix, `booker`.`pers_firstname`, \' \', booker.pers_lastname) AS BookerName, `bookerPosi`.`posi_name` AS `BookerPosi`, CONCAT(approver.pers_prefix, `approver`.`pers_firstname`, \' \', approver.pers_lastname) AS ApproverName, `approverPosi`.`posi_name` AS `ApproverPosi`, `skjacth_general`.`tb_car_reservation`.*
FROM `tb_car_reservation`
JOIN `skjacth_personnel`.`tb_personnel` AS `driver` ON `driver`.`pers_id` = `skjacth_general`.`tb_car_reservation`.`car_reserv_driver`
JOIN `skjacth_personnel`.`tb_personnel` AS `booker` ON `booker`.`pers_id` = `skjacth_general`.`tb_car_reservation`.`car_reserv_memberID`
JOIN `skjacth_personnel`.`tb_personnel` AS `approver` ON `approver`.`pers_id` = `skjacth_general`.`tb_car_reservation`.`car_reserv_approver`
JOIN `skjacth_general`.`tb_school_car` ON `skjacth_general`.`tb_school_car`.`car_ID` = `skjacth_general`.`tb_car_reservation`.`car_reserv_carID`
JOIN `skjacth_skj`.`tb_position` AS `driverPosi` ON `driverPosi`.`posi_id` = `driver`.`pers_position`
JOIN `skjacth_skj`.`tb_position` AS `bookerPosi` ON `bookerPosi`.`posi_id` = `booker`.`pers_position`
JOIN `skjacth_skj`.`tb_position` AS `approverPosi` ON `approverPosi`.`posi_id` = `approver`.`pers_position`
WHERE `skjacth_general`.`tb_car_reservation`.`car_reserv_id` = 1')
 4 SYSTEMPATH\Database\BaseBuilder.php(1616): CodeIgniter\Database\BaseConnection->query('SELECT SELECT
        CONCAT(driver.pers_prefix, `driver`.`pers_firstname`, \' \', driver.pers_lastname) AS DriverName, `driverPosi`.`posi_name` AS `DriverPosi`, CONCAT(booker.pers_prefix, `booker`.`pers_firstname`, \' \', booker.pers_lastname) AS BookerName, `bookerPosi`.`posi_name` AS `BookerPosi`, CONCAT(approver.pers_prefix, `approver`.`pers_firstname`, \' \', approver.pers_lastname) AS ApproverName, `approverPosi`.`posi_name` AS `ApproverPosi`, `skjacth_general`.`tb_car_reservation`.*
FROM `tb_car_reservation`
JOIN `skjacth_personnel`.`tb_personnel` AS `driver` ON `driver`.`pers_id` = `skjacth_general`.`tb_car_reservation`.`car_reserv_driver`
JOIN `skjacth_personnel`.`tb_personnel` AS `booker` ON `booker`.`pers_id` = `skjacth_general`.`tb_car_reservation`.`car_reserv_memberID`
JOIN `skjacth_personnel`.`tb_personnel` AS `approver` ON `approver`.`pers_id` = `skjacth_general`.`tb_car_reservation`.`car_reserv_approver`
JOIN `skjacth_general`.`tb_school_car` ON `skjacth_general`.`tb_school_car`.`car_ID` = `skjacth_general`.`tb_car_reservation`.`car_reserv_carID`
JOIN `skjacth_skj`.`tb_position` AS `driverPosi` ON `driverPosi`.`posi_id` = `driver`.`pers_position`
JOIN `skjacth_skj`.`tb_position` AS `bookerPosi` ON `bookerPosi`.`posi_id` = `booker`.`pers_position`
JOIN `skjacth_skj`.`tb_position` AS `approverPosi` ON `approverPosi`.`posi_id` = `approver`.`pers_position`
WHERE `skjacth_general`.`tb_car_reservation`.`car_reserv_id` = :skjacth_general.tb_car_reservation.car_reserv_id:', [...], false)
 5 APPPATH\Controllers\ConUserCarBooking.php(680): CodeIgniter\Database\BaseBuilder->get()
 6 SYSTEMPATH\CodeIgniter.php(934): App\Controllers\ConUserCarBooking->PrintApproveCarBooking('1')
 7 SYSTEMPATH\CodeIgniter.php(499): CodeIgniter\CodeIgniter->runController(Object(App\Controllers\ConUserCarBooking))
 8 SYSTEMPATH\CodeIgniter.php(368): CodeIgniter\CodeIgniter->handleRequest(null, Object(Config\Cache), false)
 9 FCPATH\index.php(67): CodeIgniter\CodeIgniter->run()
INFO - 2024-09-18 13:50:08 --> Session: Class initialized using 'CodeIgniter\Session\Handlers\FileHandler' driver.
ERROR - 2024-09-18 13:50:08 --> mysqli_sql_exception: You have an error in your SQL syntax; check the manual that corresponds to your MariaDB server version for the right syntax to use near 'SELECT
        CONCAT(driver.pers_prefix, `driver`.`pers_firstname`, driver....' at line 1 in D:\xampp\htdocs\general\vendor\codeigniter4\framework\system\Database\MySQLi\Connection.php:295
Stack trace:
#0 D:\xampp\htdocs\general\vendor\codeigniter4\framework\system\Database\MySQLi\Connection.php(295): mysqli->query('SELECT SELECT\r\n...', 0)
#1 D:\xampp\htdocs\general\vendor\codeigniter4\framework\system\Database\BaseConnection.php(692): CodeIgniter\Database\MySQLi\Connection->execute('SELECT SELECT\r\n...')
#2 D:\xampp\htdocs\general\vendor\codeigniter4\framework\system\Database\BaseConnection.php(606): CodeIgniter\Database\BaseConnection->simpleQuery('SELECT SELECT\r\n...')
#3 D:\xampp\htdocs\general\vendor\codeigniter4\framework\system\Database\BaseBuilder.php(1616): CodeIgniter\Database\BaseConnection->query('SELECT SELECT\r\n...', Array, false)
#4 D:\xampp\htdocs\general\app\Controllers\ConUserCarBooking.php(680): CodeIgniter\Database\BaseBuilder->get()
#5 D:\xampp\htdocs\general\vendor\codeigniter4\framework\system\CodeIgniter.php(934): App\Controllers\ConUserCarBooking->PrintApproveCarBooking('1')
#6 D:\xampp\htdocs\general\vendor\codeigniter4\framework\system\CodeIgniter.php(499): CodeIgniter\CodeIgniter->runController(Object(App\Controllers\ConUserCarBooking))
#7 D:\xampp\htdocs\general\vendor\codeigniter4\framework\system\CodeIgniter.php(368): CodeIgniter\CodeIgniter->handleRequest(NULL, Object(Config\Cache), false)
#8 D:\xampp\htdocs\general\index.php(67): CodeIgniter\CodeIgniter->run()
#9 {main}
CRITICAL - 2024-09-18 13:50:08 --> You have an error in your SQL syntax; check the manual that corresponds to your MariaDB server version for the right syntax to use near 'SELECT
        CONCAT(driver.pers_prefix, `driver`.`pers_firstname`, driver....' at line 1
in SYSTEMPATH\Database\MySQLi\Connection.php on line 295.
 1 SYSTEMPATH\Database\MySQLi\Connection.php(295): mysqli->query('SELECT SELECT
        CONCAT(driver.pers_prefix, `driver`.`pers_firstname`, driver.pers_lastname) AS DriverName, `driverPosi`.`posi_name` AS `DriverPosi`, CONCAT(booker.pers_prefix, `booker`.`pers_firstname`, \' \', booker.pers_lastname) AS BookerName, `bookerPosi`.`posi_name` AS `BookerPosi`, CONCAT(approver.pers_prefix, `approver`.`pers_firstname`, \' \', approver.pers_lastname) AS ApproverName, `approverPosi`.`posi_name` AS `ApproverPosi`, `skjacth_general`.`tb_car_reservation`.*
FROM `tb_car_reservation`
JOIN `skjacth_personnel`.`tb_personnel` AS `driver` ON `driver`.`pers_id` = `skjacth_general`.`tb_car_reservation`.`car_reserv_driver`
JOIN `skjacth_personnel`.`tb_personnel` AS `booker` ON `booker`.`pers_id` = `skjacth_general`.`tb_car_reservation`.`car_reserv_memberID`
JOIN `skjacth_personnel`.`tb_personnel` AS `approver` ON `approver`.`pers_id` = `skjacth_general`.`tb_car_reservation`.`car_reserv_approver`
JOIN `skjacth_general`.`tb_school_car` ON `skjacth_general`.`tb_school_car`.`car_ID` = `skjacth_general`.`tb_car_reservation`.`car_reserv_carID`
JOIN `skjacth_skj`.`tb_position` AS `driverPosi` ON `driverPosi`.`posi_id` = `driver`.`pers_position`
JOIN `skjacth_skj`.`tb_position` AS `bookerPosi` ON `bookerPosi`.`posi_id` = `booker`.`pers_position`
JOIN `skjacth_skj`.`tb_position` AS `approverPosi` ON `approverPosi`.`posi_id` = `approver`.`pers_position`
WHERE `skjacth_general`.`tb_car_reservation`.`car_reserv_id` = 1', 0)
 2 SYSTEMPATH\Database\BaseConnection.php(692): CodeIgniter\Database\MySQLi\Connection->execute('SELECT SELECT
        CONCAT(driver.pers_prefix, `driver`.`pers_firstname`, driver.pers_lastname) AS DriverName, `driverPosi`.`posi_name` AS `DriverPosi`, CONCAT(booker.pers_prefix, `booker`.`pers_firstname`, \' \', booker.pers_lastname) AS BookerName, `bookerPosi`.`posi_name` AS `BookerPosi`, CONCAT(approver.pers_prefix, `approver`.`pers_firstname`, \' \', approver.pers_lastname) AS ApproverName, `approverPosi`.`posi_name` AS `ApproverPosi`, `skjacth_general`.`tb_car_reservation`.*
FROM `tb_car_reservation`
JOIN `skjacth_personnel`.`tb_personnel` AS `driver` ON `driver`.`pers_id` = `skjacth_general`.`tb_car_reservation`.`car_reserv_driver`
JOIN `skjacth_personnel`.`tb_personnel` AS `booker` ON `booker`.`pers_id` = `skjacth_general`.`tb_car_reservation`.`car_reserv_memberID`
JOIN `skjacth_personnel`.`tb_personnel` AS `approver` ON `approver`.`pers_id` = `skjacth_general`.`tb_car_reservation`.`car_reserv_approver`
JOIN `skjacth_general`.`tb_school_car` ON `skjacth_general`.`tb_school_car`.`car_ID` = `skjacth_general`.`tb_car_reservation`.`car_reserv_carID`
JOIN `skjacth_skj`.`tb_position` AS `driverPosi` ON `driverPosi`.`posi_id` = `driver`.`pers_position`
JOIN `skjacth_skj`.`tb_position` AS `bookerPosi` ON `bookerPosi`.`posi_id` = `booker`.`pers_position`
JOIN `skjacth_skj`.`tb_position` AS `approverPosi` ON `approverPosi`.`posi_id` = `approver`.`pers_position`
WHERE `skjacth_general`.`tb_car_reservation`.`car_reserv_id` = 1')
 3 SYSTEMPATH\Database\BaseConnection.php(606): CodeIgniter\Database\BaseConnection->simpleQuery('SELECT SELECT
        CONCAT(driver.pers_prefix, `driver`.`pers_firstname`, driver.pers_lastname) AS DriverName, `driverPosi`.`posi_name` AS `DriverPosi`, CONCAT(booker.pers_prefix, `booker`.`pers_firstname`, \' \', booker.pers_lastname) AS BookerName, `bookerPosi`.`posi_name` AS `BookerPosi`, CONCAT(approver.pers_prefix, `approver`.`pers_firstname`, \' \', approver.pers_lastname) AS ApproverName, `approverPosi`.`posi_name` AS `ApproverPosi`, `skjacth_general`.`tb_car_reservation`.*
FROM `tb_car_reservation`
JOIN `skjacth_personnel`.`tb_personnel` AS `driver` ON `driver`.`pers_id` = `skjacth_general`.`tb_car_reservation`.`car_reserv_driver`
JOIN `skjacth_personnel`.`tb_personnel` AS `booker` ON `booker`.`pers_id` = `skjacth_general`.`tb_car_reservation`.`car_reserv_memberID`
JOIN `skjacth_personnel`.`tb_personnel` AS `approver` ON `approver`.`pers_id` = `skjacth_general`.`tb_car_reservation`.`car_reserv_approver`
JOIN `skjacth_general`.`tb_school_car` ON `skjacth_general`.`tb_school_car`.`car_ID` = `skjacth_general`.`tb_car_reservation`.`car_reserv_carID`
JOIN `skjacth_skj`.`tb_position` AS `driverPosi` ON `driverPosi`.`posi_id` = `driver`.`pers_position`
JOIN `skjacth_skj`.`tb_position` AS `bookerPosi` ON `bookerPosi`.`posi_id` = `booker`.`pers_position`
JOIN `skjacth_skj`.`tb_position` AS `approverPosi` ON `approverPosi`.`posi_id` = `approver`.`pers_position`
WHERE `skjacth_general`.`tb_car_reservation`.`car_reserv_id` = 1')
 4 SYSTEMPATH\Database\BaseBuilder.php(1616): CodeIgniter\Database\BaseConnection->query('SELECT SELECT
        CONCAT(driver.pers_prefix, `driver`.`pers_firstname`, driver.pers_lastname) AS DriverName, `driverPosi`.`posi_name` AS `DriverPosi`, CONCAT(booker.pers_prefix, `booker`.`pers_firstname`, \' \', booker.pers_lastname) AS BookerName, `bookerPosi`.`posi_name` AS `BookerPosi`, CONCAT(approver.pers_prefix, `approver`.`pers_firstname`, \' \', approver.pers_lastname) AS ApproverName, `approverPosi`.`posi_name` AS `ApproverPosi`, `skjacth_general`.`tb_car_reservation`.*
FROM `tb_car_reservation`
JOIN `skjacth_personnel`.`tb_personnel` AS `driver` ON `driver`.`pers_id` = `skjacth_general`.`tb_car_reservation`.`car_reserv_driver`
JOIN `skjacth_personnel`.`tb_personnel` AS `booker` ON `booker`.`pers_id` = `skjacth_general`.`tb_car_reservation`.`car_reserv_memberID`
JOIN `skjacth_personnel`.`tb_personnel` AS `approver` ON `approver`.`pers_id` = `skjacth_general`.`tb_car_reservation`.`car_reserv_approver`
JOIN `skjacth_general`.`tb_school_car` ON `skjacth_general`.`tb_school_car`.`car_ID` = `skjacth_general`.`tb_car_reservation`.`car_reserv_carID`
JOIN `skjacth_skj`.`tb_position` AS `driverPosi` ON `driverPosi`.`posi_id` = `driver`.`pers_position`
JOIN `skjacth_skj`.`tb_position` AS `bookerPosi` ON `bookerPosi`.`posi_id` = `booker`.`pers_position`
JOIN `skjacth_skj`.`tb_position` AS `approverPosi` ON `approverPosi`.`posi_id` = `approver`.`pers_position`
WHERE `skjacth_general`.`tb_car_reservation`.`car_reserv_id` = :skjacth_general.tb_car_reservation.car_reserv_id:', [...], false)
 5 APPPATH\Controllers\ConUserCarBooking.php(680): CodeIgniter\Database\BaseBuilder->get()
 6 SYSTEMPATH\CodeIgniter.php(934): App\Controllers\ConUserCarBooking->PrintApproveCarBooking('1')
 7 SYSTEMPATH\CodeIgniter.php(499): CodeIgniter\CodeIgniter->runController(Object(App\Controllers\ConUserCarBooking))
 8 SYSTEMPATH\CodeIgniter.php(368): CodeIgniter\CodeIgniter->handleRequest(null, Object(Config\Cache), false)
 9 FCPATH\index.php(67): CodeIgniter\CodeIgniter->run()
INFO - 2024-09-18 13:50:14 --> Session: Class initialized using 'CodeIgniter\Session\Handlers\FileHandler' driver.
ERROR - 2024-09-18 13:50:14 --> mysqli_sql_exception: You have an error in your SQL syntax; check the manual that corresponds to your MariaDB server version for the right syntax to use near 'SELECT
        CONCAT(driver.pers_prefix, `driver`.`pers_firstname`, ' ', dr...' at line 1 in D:\xampp\htdocs\general\vendor\codeigniter4\framework\system\Database\MySQLi\Connection.php:295
Stack trace:
#0 D:\xampp\htdocs\general\vendor\codeigniter4\framework\system\Database\MySQLi\Connection.php(295): mysqli->query('SELECT SELECT\r\n...', 0)
#1 D:\xampp\htdocs\general\vendor\codeigniter4\framework\system\Database\BaseConnection.php(692): CodeIgniter\Database\MySQLi\Connection->execute('SELECT SELECT\r\n...')
#2 D:\xampp\htdocs\general\vendor\codeigniter4\framework\system\Database\BaseConnection.php(606): CodeIgniter\Database\BaseConnection->simpleQuery('SELECT SELECT\r\n...')
#3 D:\xampp\htdocs\general\vendor\codeigniter4\framework\system\Database\BaseBuilder.php(1616): CodeIgniter\Database\BaseConnection->query('SELECT SELECT\r\n...', Array, false)
#4 D:\xampp\htdocs\general\app\Controllers\ConUserCarBooking.php(680): CodeIgniter\Database\BaseBuilder->get()
#5 D:\xampp\htdocs\general\vendor\codeigniter4\framework\system\CodeIgniter.php(934): App\Controllers\ConUserCarBooking->PrintApproveCarBooking('1')
#6 D:\xampp\htdocs\general\vendor\codeigniter4\framework\system\CodeIgniter.php(499): CodeIgniter\CodeIgniter->runController(Object(App\Controllers\ConUserCarBooking))
#7 D:\xampp\htdocs\general\vendor\codeigniter4\framework\system\CodeIgniter.php(368): CodeIgniter\CodeIgniter->handleRequest(NULL, Object(Config\Cache), false)
#8 D:\xampp\htdocs\general\index.php(67): CodeIgniter\CodeIgniter->run()
#9 {main}
CRITICAL - 2024-09-18 13:50:14 --> You have an error in your SQL syntax; check the manual that corresponds to your MariaDB server version for the right syntax to use near 'SELECT
        CONCAT(driver.pers_prefix, `driver`.`pers_firstname`, ' ', dr...' at line 1
in SYSTEMPATH\Database\MySQLi\Connection.php on line 295.
 1 SYSTEMPATH\Database\MySQLi\Connection.php(295): mysqli->query('SELECT SELECT
        CONCAT(driver.pers_prefix, `driver`.`pers_firstname`, \' \', driver.pers_lastname) AS DriverName, `driverPosi`.`posi_name` AS `DriverPosi`, CONCAT(booker.pers_prefix, `booker`.`pers_firstname`, \' \', booker.pers_lastname) AS BookerName, `bookerPosi`.`posi_name` AS `BookerPosi`, CONCAT(approver.pers_prefix, `approver`.`pers_firstname`, \' \', approver.pers_lastname) AS ApproverName, `approverPosi`.`posi_name` AS `ApproverPosi`, `skjacth_general`.`tb_car_reservation`.*
FROM `tb_car_reservation`
JOIN `skjacth_personnel`.`tb_personnel` AS `driver` ON `driver`.`pers_id` = `skjacth_general`.`tb_car_reservation`.`car_reserv_driver`
JOIN `skjacth_personnel`.`tb_personnel` AS `booker` ON `booker`.`pers_id` = `skjacth_general`.`tb_car_reservation`.`car_reserv_memberID`
JOIN `skjacth_personnel`.`tb_personnel` AS `approver` ON `approver`.`pers_id` = `skjacth_general`.`tb_car_reservation`.`car_reserv_approver`
JOIN `skjacth_general`.`tb_school_car` ON `skjacth_general`.`tb_school_car`.`car_ID` = `skjacth_general`.`tb_car_reservation`.`car_reserv_carID`
JOIN `skjacth_skj`.`tb_position` AS `driverPosi` ON `driverPosi`.`posi_id` = `driver`.`pers_position`
JOIN `skjacth_skj`.`tb_position` AS `bookerPosi` ON `bookerPosi`.`posi_id` = `booker`.`pers_position`
JOIN `skjacth_skj`.`tb_position` AS `approverPosi` ON `approverPosi`.`posi_id` = `approver`.`pers_position`
WHERE `skjacth_general`.`tb_car_reservation`.`car_reserv_id` = 1', 0)
 2 SYSTEMPATH\Database\BaseConnection.php(692): CodeIgniter\Database\MySQLi\Connection->execute('SELECT SELECT
        CONCAT(driver.pers_prefix, `driver`.`pers_firstname`, \' \', driver.pers_lastname) AS DriverName, `driverPosi`.`posi_name` AS `DriverPosi`, CONCAT(booker.pers_prefix, `booker`.`pers_firstname`, \' \', booker.pers_lastname) AS BookerName, `bookerPosi`.`posi_name` AS `BookerPosi`, CONCAT(approver.pers_prefix, `approver`.`pers_firstname`, \' \', approver.pers_lastname) AS ApproverName, `approverPosi`.`posi_name` AS `ApproverPosi`, `skjacth_general`.`tb_car_reservation`.*
FROM `tb_car_reservation`
JOIN `skjacth_personnel`.`tb_personnel` AS `driver` ON `driver`.`pers_id` = `skjacth_general`.`tb_car_reservation`.`car_reserv_driver`
JOIN `skjacth_personnel`.`tb_personnel` AS `booker` ON `booker`.`pers_id` = `skjacth_general`.`tb_car_reservation`.`car_reserv_memberID`
JOIN `skjacth_personnel`.`tb_personnel` AS `approver` ON `approver`.`pers_id` = `skjacth_general`.`tb_car_reservation`.`car_reserv_approver`
JOIN `skjacth_general`.`tb_school_car` ON `skjacth_general`.`tb_school_car`.`car_ID` = `skjacth_general`.`tb_car_reservation`.`car_reserv_carID`
JOIN `skjacth_skj`.`tb_position` AS `driverPosi` ON `driverPosi`.`posi_id` = `driver`.`pers_position`
JOIN `skjacth_skj`.`tb_position` AS `bookerPosi` ON `bookerPosi`.`posi_id` = `booker`.`pers_position`
JOIN `skjacth_skj`.`tb_position` AS `approverPosi` ON `approverPosi`.`posi_id` = `approver`.`pers_position`
WHERE `skjacth_general`.`tb_car_reservation`.`car_reserv_id` = 1')
 3 SYSTEMPATH\Database\BaseConnection.php(606): CodeIgniter\Database\BaseConnection->simpleQuery('SELECT SELECT
        CONCAT(driver.pers_prefix, `driver`.`pers_firstname`, \' \', driver.pers_lastname) AS DriverName, `driverPosi`.`posi_name` AS `DriverPosi`, CONCAT(booker.pers_prefix, `booker`.`pers_firstname`, \' \', booker.pers_lastname) AS BookerName, `bookerPosi`.`posi_name` AS `BookerPosi`, CONCAT(approver.pers_prefix, `approver`.`pers_firstname`, \' \', approver.pers_lastname) AS ApproverName, `approverPosi`.`posi_name` AS `ApproverPosi`, `skjacth_general`.`tb_car_reservation`.*
FROM `tb_car_reservation`
JOIN `skjacth_personnel`.`tb_personnel` AS `driver` ON `driver`.`pers_id` = `skjacth_general`.`tb_car_reservation`.`car_reserv_driver`
JOIN `skjacth_personnel`.`tb_personnel` AS `booker` ON `booker`.`pers_id` = `skjacth_general`.`tb_car_reservation`.`car_reserv_memberID`
JOIN `skjacth_personnel`.`tb_personnel` AS `approver` ON `approver`.`pers_id` = `skjacth_general`.`tb_car_reservation`.`car_reserv_approver`
JOIN `skjacth_general`.`tb_school_car` ON `skjacth_general`.`tb_school_car`.`car_ID` = `skjacth_general`.`tb_car_reservation`.`car_reserv_carID`
JOIN `skjacth_skj`.`tb_position` AS `driverPosi` ON `driverPosi`.`posi_id` = `driver`.`pers_position`
JOIN `skjacth_skj`.`tb_position` AS `bookerPosi` ON `bookerPosi`.`posi_id` = `booker`.`pers_position`
JOIN `skjacth_skj`.`tb_position` AS `approverPosi` ON `approverPosi`.`posi_id` = `approver`.`pers_position`
WHERE `skjacth_general`.`tb_car_reservation`.`car_reserv_id` = 1')
 4 SYSTEMPATH\Database\BaseBuilder.php(1616): CodeIgniter\Database\BaseConnection->query('SELECT SELECT
        CONCAT(driver.pers_prefix, `driver`.`pers_firstname`, \' \', driver.pers_lastname) AS DriverName, `driverPosi`.`posi_name` AS `DriverPosi`, CONCAT(booker.pers_prefix, `booker`.`pers_firstname`, \' \', booker.pers_lastname) AS BookerName, `bookerPosi`.`posi_name` AS `BookerPosi`, CONCAT(approver.pers_prefix, `approver`.`pers_firstname`, \' \', approver.pers_lastname) AS ApproverName, `approverPosi`.`posi_name` AS `ApproverPosi`, `skjacth_general`.`tb_car_reservation`.*
FROM `tb_car_reservation`
JOIN `skjacth_personnel`.`tb_personnel` AS `driver` ON `driver`.`pers_id` = `skjacth_general`.`tb_car_reservation`.`car_reserv_driver`
JOIN `skjacth_personnel`.`tb_personnel` AS `booker` ON `booker`.`pers_id` = `skjacth_general`.`tb_car_reservation`.`car_reserv_memberID`
JOIN `skjacth_personnel`.`tb_personnel` AS `approver` ON `approver`.`pers_id` = `skjacth_general`.`tb_car_reservation`.`car_reserv_approver`
JOIN `skjacth_general`.`tb_school_car` ON `skjacth_general`.`tb_school_car`.`car_ID` = `skjacth_general`.`tb_car_reservation`.`car_reserv_carID`
JOIN `skjacth_skj`.`tb_position` AS `driverPosi` ON `driverPosi`.`posi_id` = `driver`.`pers_position`
JOIN `skjacth_skj`.`tb_position` AS `bookerPosi` ON `bookerPosi`.`posi_id` = `booker`.`pers_position`
JOIN `skjacth_skj`.`tb_position` AS `approverPosi` ON `approverPosi`.`posi_id` = `approver`.`pers_position`
WHERE `skjacth_general`.`tb_car_reservation`.`car_reserv_id` = :skjacth_general.tb_car_reservation.car_reserv_id:', [...], false)
 5 APPPATH\Controllers\ConUserCarBooking.php(680): CodeIgniter\Database\BaseBuilder->get()
 6 SYSTEMPATH\CodeIgniter.php(934): App\Controllers\ConUserCarBooking->PrintApproveCarBooking('1')
 7 SYSTEMPATH\CodeIgniter.php(499): CodeIgniter\CodeIgniter->runController(Object(App\Controllers\ConUserCarBooking))
 8 SYSTEMPATH\CodeIgniter.php(368): CodeIgniter\CodeIgniter->handleRequest(null, Object(Config\Cache), false)
 9 FCPATH\index.php(67): CodeIgniter\CodeIgniter->run()
CRITICAL - 2024-09-18 13:50:43 --> syntax error, unexpected double-quoted string ",driver.pers_lastname) AS Driv...", expecting ")"
in APPPATH\Controllers\ConUserCarBooking.php on line 671.
 1 SYSTEMPATH\Autoloader\Autoloader.php(289): CodeIgniter\Autoloader\Autoloader->includeFile('D:\\xampp\\htdocs\\general\\app\\Controllers\\ConUserCarBooking.php')
 2 SYSTEMPATH\Autoloader\Autoloader.php(267): CodeIgniter\Autoloader\Autoloader->loadInNamespace('App\\Controllers\\ConUserCarBooking')
 3 [internal function]: CodeIgniter\Autoloader\Autoloader->loadClass('App\\Controllers\\ConUserCarBooking')
 4 SYSTEMPATH\CodeIgniter.php(892): class_exists('\\App\\Controllers\\ConUserCarBooking', true)
 5 SYSTEMPATH\CodeIgniter.php(486): CodeIgniter\CodeIgniter->startController()
 6 SYSTEMPATH\CodeIgniter.php(368): CodeIgniter\CodeIgniter->handleRequest(null, Object(Config\Cache), false)
 7 FCPATH\index.php(67): CodeIgniter\CodeIgniter->run()
INFO - 2024-09-18 13:50:53 --> Session: Class initialized using 'CodeIgniter\Session\Handlers\FileHandler' driver.
ERROR - 2024-09-18 13:50:53 --> mysqli_sql_exception: You have an error in your SQL syntax; check the manual that corresponds to your MariaDB server version for the right syntax to use near 'SELECT
        CONCAT(driver.pers_prefix, `driver`.`pers_firstname`, ' ', dr...' at line 1 in D:\xampp\htdocs\general\vendor\codeigniter4\framework\system\Database\MySQLi\Connection.php:295
Stack trace:
#0 D:\xampp\htdocs\general\vendor\codeigniter4\framework\system\Database\MySQLi\Connection.php(295): mysqli->query('SELECT SELECT\r\n...', 0)
#1 D:\xampp\htdocs\general\vendor\codeigniter4\framework\system\Database\BaseConnection.php(692): CodeIgniter\Database\MySQLi\Connection->execute('SELECT SELECT\r\n...')
#2 D:\xampp\htdocs\general\vendor\codeigniter4\framework\system\Database\BaseConnection.php(606): CodeIgniter\Database\BaseConnection->simpleQuery('SELECT SELECT\r\n...')
#3 D:\xampp\htdocs\general\vendor\codeigniter4\framework\system\Database\BaseBuilder.php(1616): CodeIgniter\Database\BaseConnection->query('SELECT SELECT\r\n...', Array, false)
#4 D:\xampp\htdocs\general\app\Controllers\ConUserCarBooking.php(680): CodeIgniter\Database\BaseBuilder->get()
#5 D:\xampp\htdocs\general\vendor\codeigniter4\framework\system\CodeIgniter.php(934): App\Controllers\ConUserCarBooking->PrintApproveCarBooking('1')
#6 D:\xampp\htdocs\general\vendor\codeigniter4\framework\system\CodeIgniter.php(499): CodeIgniter\CodeIgniter->runController(Object(App\Controllers\ConUserCarBooking))
#7 D:\xampp\htdocs\general\vendor\codeigniter4\framework\system\CodeIgniter.php(368): CodeIgniter\CodeIgniter->handleRequest(NULL, Object(Config\Cache), false)
#8 D:\xampp\htdocs\general\index.php(67): CodeIgniter\CodeIgniter->run()
#9 {main}
CRITICAL - 2024-09-18 13:50:53 --> You have an error in your SQL syntax; check the manual that corresponds to your MariaDB server version for the right syntax to use near 'SELECT
        CONCAT(driver.pers_prefix, `driver`.`pers_firstname`, ' ', dr...' at line 1
in SYSTEMPATH\Database\MySQLi\Connection.php on line 295.
 1 SYSTEMPATH\Database\MySQLi\Connection.php(295): mysqli->query('SELECT SELECT
        CONCAT(driver.pers_prefix, `driver`.`pers_firstname`, \' \', driver.pers_lastname) AS DriverName, `driverPosi`.`posi_name` AS `DriverPosi`, CONCAT(booker.pers_prefix, `booker`.`pers_firstname`, \' \', booker.pers_lastname) AS BookerName, `bookerPosi`.`posi_name` AS `BookerPosi`, CONCAT(approver.pers_prefix, `approver`.`pers_firstname`, \' \', approver.pers_lastname) AS ApproverName, `approverPosi`.`posi_name` AS `ApproverPosi`, `skjacth_general`.`tb_car_reservation`.*
FROM `tb_car_reservation`
JOIN `skjacth_personnel`.`tb_personnel` AS `driver` ON `driver`.`pers_id` = `skjacth_general`.`tb_car_reservation`.`car_reserv_driver`
JOIN `skjacth_personnel`.`tb_personnel` AS `booker` ON `booker`.`pers_id` = `skjacth_general`.`tb_car_reservation`.`car_reserv_memberID`
JOIN `skjacth_personnel`.`tb_personnel` AS `approver` ON `approver`.`pers_id` = `skjacth_general`.`tb_car_reservation`.`car_reserv_approver`
JOIN `skjacth_general`.`tb_school_car` ON `skjacth_general`.`tb_school_car`.`car_ID` = `skjacth_general`.`tb_car_reservation`.`car_reserv_carID`
JOIN `skjacth_skj`.`tb_position` AS `driverPosi` ON `driverPosi`.`posi_id` = `driver`.`pers_position`
JOIN `skjacth_skj`.`tb_position` AS `bookerPosi` ON `bookerPosi`.`posi_id` = `booker`.`pers_position`
JOIN `skjacth_skj`.`tb_position` AS `approverPosi` ON `approverPosi`.`posi_id` = `approver`.`pers_position`
WHERE `skjacth_general`.`tb_car_reservation`.`car_reserv_id` = 1', 0)
 2 SYSTEMPATH\Database\BaseConnection.php(692): CodeIgniter\Database\MySQLi\Connection->execute('SELECT SELECT
        CONCAT(driver.pers_prefix, `driver`.`pers_firstname`, \' \', driver.pers_lastname) AS DriverName, `driverPosi`.`posi_name` AS `DriverPosi`, CONCAT(booker.pers_prefix, `booker`.`pers_firstname`, \' \', booker.pers_lastname) AS BookerName, `bookerPosi`.`posi_name` AS `BookerPosi`, CONCAT(approver.pers_prefix, `approver`.`pers_firstname`, \' \', approver.pers_lastname) AS ApproverName, `approverPosi`.`posi_name` AS `ApproverPosi`, `skjacth_general`.`tb_car_reservation`.*
FROM `tb_car_reservation`
JOIN `skjacth_personnel`.`tb_personnel` AS `driver` ON `driver`.`pers_id` = `skjacth_general`.`tb_car_reservation`.`car_reserv_driver`
JOIN `skjacth_personnel`.`tb_personnel` AS `booker` ON `booker`.`pers_id` = `skjacth_general`.`tb_car_reservation`.`car_reserv_memberID`
JOIN `skjacth_personnel`.`tb_personnel` AS `approver` ON `approver`.`pers_id` = `skjacth_general`.`tb_car_reservation`.`car_reserv_approver`
JOIN `skjacth_general`.`tb_school_car` ON `skjacth_general`.`tb_school_car`.`car_ID` = `skjacth_general`.`tb_car_reservation`.`car_reserv_carID`
JOIN `skjacth_skj`.`tb_position` AS `driverPosi` ON `driverPosi`.`posi_id` = `driver`.`pers_position`
JOIN `skjacth_skj`.`tb_position` AS `bookerPosi` ON `bookerPosi`.`posi_id` = `booker`.`pers_position`
JOIN `skjacth_skj`.`tb_position` AS `approverPosi` ON `approverPosi`.`posi_id` = `approver`.`pers_position`
WHERE `skjacth_general`.`tb_car_reservation`.`car_reserv_id` = 1')
 3 SYSTEMPATH\Database\BaseConnection.php(606): CodeIgniter\Database\BaseConnection->simpleQuery('SELECT SELECT
        CONCAT(driver.pers_prefix, `driver`.`pers_firstname`, \' \', driver.pers_lastname) AS DriverName, `driverPosi`.`posi_name` AS `DriverPosi`, CONCAT(booker.pers_prefix, `booker`.`pers_firstname`, \' \', booker.pers_lastname) AS BookerName, `bookerPosi`.`posi_name` AS `BookerPosi`, CONCAT(approver.pers_prefix, `approver`.`pers_firstname`, \' \', approver.pers_lastname) AS ApproverName, `approverPosi`.`posi_name` AS `ApproverPosi`, `skjacth_general`.`tb_car_reservation`.*
FROM `tb_car_reservation`
JOIN `skjacth_personnel`.`tb_personnel` AS `driver` ON `driver`.`pers_id` = `skjacth_general`.`tb_car_reservation`.`car_reserv_driver`
JOIN `skjacth_personnel`.`tb_personnel` AS `booker` ON `booker`.`pers_id` = `skjacth_general`.`tb_car_reservation`.`car_reserv_memberID`
JOIN `skjacth_personnel`.`tb_personnel` AS `approver` ON `approver`.`pers_id` = `skjacth_general`.`tb_car_reservation`.`car_reserv_approver`
JOIN `skjacth_general`.`tb_school_car` ON `skjacth_general`.`tb_school_car`.`car_ID` = `skjacth_general`.`tb_car_reservation`.`car_reserv_carID`
JOIN `skjacth_skj`.`tb_position` AS `driverPosi` ON `driverPosi`.`posi_id` = `driver`.`pers_position`
JOIN `skjacth_skj`.`tb_position` AS `bookerPosi` ON `bookerPosi`.`posi_id` = `booker`.`pers_position`
JOIN `skjacth_skj`.`tb_position` AS `approverPosi` ON `approverPosi`.`posi_id` = `approver`.`pers_position`
WHERE `skjacth_general`.`tb_car_reservation`.`car_reserv_id` = 1')
 4 SYSTEMPATH\Database\BaseBuilder.php(1616): CodeIgniter\Database\BaseConnection->query('SELECT SELECT
        CONCAT(driver.pers_prefix, `driver`.`pers_firstname`, \' \', driver.pers_lastname) AS DriverName, `driverPosi`.`posi_name` AS `DriverPosi`, CONCAT(booker.pers_prefix, `booker`.`pers_firstname`, \' \', booker.pers_lastname) AS BookerName, `bookerPosi`.`posi_name` AS `BookerPosi`, CONCAT(approver.pers_prefix, `approver`.`pers_firstname`, \' \', approver.pers_lastname) AS ApproverName, `approverPosi`.`posi_name` AS `ApproverPosi`, `skjacth_general`.`tb_car_reservation`.*
FROM `tb_car_reservation`
JOIN `skjacth_personnel`.`tb_personnel` AS `driver` ON `driver`.`pers_id` = `skjacth_general`.`tb_car_reservation`.`car_reserv_driver`
JOIN `skjacth_personnel`.`tb_personnel` AS `booker` ON `booker`.`pers_id` = `skjacth_general`.`tb_car_reservation`.`car_reserv_memberID`
JOIN `skjacth_personnel`.`tb_personnel` AS `approver` ON `approver`.`pers_id` = `skjacth_general`.`tb_car_reservation`.`car_reserv_approver`
JOIN `skjacth_general`.`tb_school_car` ON `skjacth_general`.`tb_school_car`.`car_ID` = `skjacth_general`.`tb_car_reservation`.`car_reserv_carID`
JOIN `skjacth_skj`.`tb_position` AS `driverPosi` ON `driverPosi`.`posi_id` = `driver`.`pers_position`
JOIN `skjacth_skj`.`tb_position` AS `bookerPosi` ON `bookerPosi`.`posi_id` = `booker`.`pers_position`
JOIN `skjacth_skj`.`tb_position` AS `approverPosi` ON `approverPosi`.`posi_id` = `approver`.`pers_position`
WHERE `skjacth_general`.`tb_car_reservation`.`car_reserv_id` = :skjacth_general.tb_car_reservation.car_reserv_id:', [...], false)
 5 APPPATH\Controllers\ConUserCarBooking.php(680): CodeIgniter\Database\BaseBuilder->get()
 6 SYSTEMPATH\CodeIgniter.php(934): App\Controllers\ConUserCarBooking->PrintApproveCarBooking('1')
 7 SYSTEMPATH\CodeIgniter.php(499): CodeIgniter\CodeIgniter->runController(Object(App\Controllers\ConUserCarBooking))
 8 SYSTEMPATH\CodeIgniter.php(368): CodeIgniter\CodeIgniter->handleRequest(null, Object(Config\Cache), false)
 9 FCPATH\index.php(67): CodeIgniter\CodeIgniter->run()
INFO - 2024-09-18 13:51:38 --> Session: Class initialized using 'CodeIgniter\Session\Handlers\FileHandler' driver.
INFO - 2024-09-18 13:52:09 --> Session: Class initialized using 'CodeIgniter\Session\Handlers\FileHandler' driver.
INFO - 2024-09-18 13:58:11 --> Session: Class initialized using 'CodeIgniter\Session\Handlers\FileHandler' driver.
INFO - 2024-09-18 13:59:12 --> Session: Class initialized using 'CodeIgniter\Session\Handlers\FileHandler' driver.
CRITICAL - 2024-09-18 13:59:12 --> date(): Argument #2 ($timestamp) must be of type ?int, string given
in APPPATH\Libraries\Datethai.php on line 50.
 1 APPPATH\Libraries\Datethai.php(50): date('j', '2024-09-04 14:12:05')
 2 APPPATH\Controllers\ConUserCarBooking.php(707): App\Libraries\Datethai->thai_date_fullmonth_ALL('2024-09-04 14:12:05')
 3 SYSTEMPATH\CodeIgniter.php(934): App\Controllers\ConUserCarBooking->PrintApproveCarBooking('1')
 4 SYSTEMPATH\CodeIgniter.php(499): CodeIgniter\CodeIgniter->runController(Object(App\Controllers\ConUserCarBooking))
 5 SYSTEMPATH\CodeIgniter.php(368): CodeIgniter\CodeIgniter->handleRequest(null, Object(Config\Cache), false)
 6 FCPATH\index.php(67): CodeIgniter\CodeIgniter->run()
INFO - 2024-09-18 13:59:31 --> Session: Class initialized using 'CodeIgniter\Session\Handlers\FileHandler' driver.
INFO - 2024-09-18 14:00:26 --> Session: Class initialized using 'CodeIgniter\Session\Handlers\FileHandler' driver.
INFO - 2024-09-18 14:03:56 --> Session: Class initialized using 'CodeIgniter\Session\Handlers\FileHandler' driver.
INFO - 2024-09-18 14:04:18 --> Session: Class initialized using 'CodeIgniter\Session\Handlers\FileHandler' driver.
INFO - 2024-09-18 14:05:29 --> Session: Class initialized using 'CodeIgniter\Session\Handlers\FileHandler' driver.
INFO - 2024-09-18 14:05:38 --> Session: Class initialized using 'CodeIgniter\Session\Handlers\FileHandler' driver.
INFO - 2024-09-18 14:05:44 --> Session: Class initialized using 'CodeIgniter\Session\Handlers\FileHandler' driver.
INFO - 2024-09-18 14:06:45 --> Session: Class initialized using 'CodeIgniter\Session\Handlers\FileHandler' driver.
INFO - 2024-09-18 14:08:27 --> Session: Class initialized using 'CodeIgniter\Session\Handlers\FileHandler' driver.
INFO - 2024-09-18 14:09:25 --> Session: Class initialized using 'CodeIgniter\Session\Handlers\FileHandler' driver.
INFO - 2024-09-18 14:09:51 --> Session: Class initialized using 'CodeIgniter\Session\Handlers\FileHandler' driver.
INFO - 2024-09-18 14:10:05 --> Session: Class initialized using 'CodeIgniter\Session\Handlers\FileHandler' driver.
CRITICAL - 2024-09-18 14:10:05 --> date(): Argument #2 ($timestamp) must be of type ?int, string given
in APPPATH\Controllers\ConUserCarBooking.php on line 717.
 1 APPPATH\Controllers\ConUserCarBooking.php(717): date('H:i', '17:14:00')
 2 SYSTEMPATH\CodeIgniter.php(934): App\Controllers\ConUserCarBooking->PrintApproveCarBooking('1')
 3 SYSTEMPATH\CodeIgniter.php(499): CodeIgniter\CodeIgniter->runController(Object(App\Controllers\ConUserCarBooking))
 4 SYSTEMPATH\CodeIgniter.php(368): CodeIgniter\CodeIgniter->handleRequest(null, Object(Config\Cache), false)
 5 FCPATH\index.php(67): CodeIgniter\CodeIgniter->run()
INFO - 2024-09-18 14:10:14 --> Session: Class initialized using 'CodeIgniter\Session\Handlers\FileHandler' driver.
INFO - 2024-09-18 14:10:51 --> Session: Class initialized using 'CodeIgniter\Session\Handlers\FileHandler' driver.
INFO - 2024-09-18 14:16:29 --> Session: Class initialized using 'CodeIgniter\Session\Handlers\FileHandler' driver.
CRITICAL - 2024-09-18 14:17:10 --> syntax error, unexpected single-quoted string ",skjacth_personnel.tb_personne...", expecting ")"
in APPPATH\Controllers\ConUserCarBooking.php on line 685.
 1 SYSTEMPATH\Autoloader\Autoloader.php(289): CodeIgniter\Autoloader\Autoloader->includeFile('D:\\xampp\\htdocs\\general\\app\\Controllers\\ConUserCarBooking.php')
 2 SYSTEMPATH\Autoloader\Autoloader.php(267): CodeIgniter\Autoloader\Autoloader->loadInNamespace('App\\Controllers\\ConUserCarBooking')
 3 [internal function]: CodeIgniter\Autoloader\Autoloader->loadClass('App\\Controllers\\ConUserCarBooking')
 4 SYSTEMPATH\CodeIgniter.php(892): class_exists('\\App\\Controllers\\ConUserCarBooking', true)
 5 SYSTEMPATH\CodeIgniter.php(486): CodeIgniter\CodeIgniter->startController()
 6 SYSTEMPATH\CodeIgniter.php(368): CodeIgniter\CodeIgniter->handleRequest(null, Object(Config\Cache), false)
 7 FCPATH\index.php(67): CodeIgniter\CodeIgniter->run()
CRITICAL - 2024-09-18 14:17:17 --> syntax error, unexpected single-quoted string ",skjacth_personnel.tb_personne...", expecting ")"
in APPPATH\Controllers\ConUserCarBooking.php on line 685.
 1 SYSTEMPATH\Autoloader\Autoloader.php(289): CodeIgniter\Autoloader\Autoloader->includeFile('D:\\xampp\\htdocs\\general\\app\\Controllers\\ConUserCarBooking.php')
 2 SYSTEMPATH\Autoloader\Autoloader.php(267): CodeIgniter\Autoloader\Autoloader->loadInNamespace('App\\Controllers\\ConUserCarBooking')
 3 [internal function]: CodeIgniter\Autoloader\Autoloader->loadClass('App\\Controllers\\ConUserCarBooking')
 4 SYSTEMPATH\CodeIgniter.php(892): class_exists('\\App\\Controllers\\ConUserCarBooking', true)
 5 SYSTEMPATH\CodeIgniter.php(486): CodeIgniter\CodeIgniter->startController()
 6 SYSTEMPATH\CodeIgniter.php(368): CodeIgniter\CodeIgniter->handleRequest(null, Object(Config\Cache), false)
 7 FCPATH\index.php(67): CodeIgniter\CodeIgniter->run()
INFO - 2024-09-18 14:17:55 --> Session: Class initialized using 'CodeIgniter\Session\Handlers\FileHandler' driver.
ERROR - 2024-09-18 14:17:55 --> mysqli_sql_exception: Unknown column 'skjacth_personnel.tb_personne.pers_lastname' in 'field list' in D:\xampp\htdocs\general\vendor\codeigniter4\framework\system\Database\MySQLi\Connection.php:295
Stack trace:
#0 D:\xampp\htdocs\general\vendor\codeigniter4\framework\system\Database\MySQLi\Connection.php(295): mysqli->query('SELECT CONCAT(s...', 0)
#1 D:\xampp\htdocs\general\vendor\codeigniter4\framework\system\Database\BaseConnection.php(692): CodeIgniter\Database\MySQLi\Connection->execute('SELECT CONCAT(s...')
#2 D:\xampp\htdocs\general\vendor\codeigniter4\framework\system\Database\BaseConnection.php(606): CodeIgniter\Database\BaseConnection->simpleQuery('SELECT CONCAT(s...')
#3 D:\xampp\htdocs\general\vendor\codeigniter4\framework\system\Database\BaseBuilder.php(1616): CodeIgniter\Database\BaseConnection->query('SELECT CONCAT(s...', Array, false)
#4 D:\xampp\htdocs\general\app\Controllers\ConUserCarBooking.php(688): CodeIgniter\Database\BaseBuilder->get()
#5 D:\xampp\htdocs\general\vendor\codeigniter4\framework\system\CodeIgniter.php(934): App\Controllers\ConUserCarBooking->PrintApproveCarBooking('1')
#6 D:\xampp\htdocs\general\vendor\codeigniter4\framework\system\CodeIgniter.php(499): CodeIgniter\CodeIgniter->runController(Object(App\Controllers\ConUserCarBooking))
#7 D:\xampp\htdocs\general\vendor\codeigniter4\framework\system\CodeIgniter.php(368): CodeIgniter\CodeIgniter->handleRequest(NULL, Object(Config\Cache), false)
#8 D:\xampp\htdocs\general\index.php(67): CodeIgniter\CodeIgniter->run()
#9 {main}
CRITICAL - 2024-09-18 14:17:55 --> Unknown column 'skjacth_personnel.tb_personne.pers_lastname' in 'field list'
in SYSTEMPATH\Database\MySQLi\Connection.php on line 295.
 1 SYSTEMPATH\Database\MySQLi\Connection.php(295): mysqli->query('SELECT CONCAT(skjacth_personnel.tb_personnel.pers_prefix, `skjacth_personnel`.`tb_personnel`.`pers_firstname`, " ", skjacth_personnel.tb_personne.pers_lastname) AS ExecutiveName
FROM `tb_admin_rloes`
JOIN `skjacth_personnel`.`tb_personnel` ON `skjacth_personnel`.`tb_personnel`.`pers_id` = `skjacth_general`.`tb_admin_rloes`.`admin_rloes_userid`
WHERE `admin_rloes_nanetype` = \'\'', 0)
 2 SYSTEMPATH\Database\BaseConnection.php(692): CodeIgniter\Database\MySQLi\Connection->execute('SELECT CONCAT(skjacth_personnel.tb_personnel.pers_prefix, `skjacth_personnel`.`tb_personnel`.`pers_firstname`, " ", skjacth_personnel.tb_personne.pers_lastname) AS ExecutiveName
FROM `tb_admin_rloes`
JOIN `skjacth_personnel`.`tb_personnel` ON `skjacth_personnel`.`tb_personnel`.`pers_id` = `skjacth_general`.`tb_admin_rloes`.`admin_rloes_userid`
WHERE `admin_rloes_nanetype` = \'\'')
 3 SYSTEMPATH\Database\BaseConnection.php(606): CodeIgniter\Database\BaseConnection->simpleQuery('SELECT CONCAT(skjacth_personnel.tb_personnel.pers_prefix, `skjacth_personnel`.`tb_personnel`.`pers_firstname`, " ", skjacth_personnel.tb_personne.pers_lastname) AS ExecutiveName
FROM `tb_admin_rloes`
JOIN `skjacth_personnel`.`tb_personnel` ON `skjacth_personnel`.`tb_personnel`.`pers_id` = `skjacth_general`.`tb_admin_rloes`.`admin_rloes_userid`
WHERE `admin_rloes_nanetype` = \'\'')
 4 SYSTEMPATH\Database\BaseBuilder.php(1616): CodeIgniter\Database\BaseConnection->query('SELECT CONCAT(skjacth_personnel.tb_personnel.pers_prefix, `skjacth_personnel`.`tb_personnel`.`pers_firstname`, " ", skjacth_personnel.tb_personne.pers_lastname) AS ExecutiveName
FROM `tb_admin_rloes`
JOIN `skjacth_personnel`.`tb_personnel` ON `skjacth_personnel`.`tb_personnel`.`pers_id` = `skjacth_general`.`tb_admin_rloes`.`admin_rloes_userid`
WHERE `admin_rloes_nanetype` = :admin_rloes_nanetype:', [...], false)
 5 APPPATH\Controllers\ConUserCarBooking.php(688): CodeIgniter\Database\BaseBuilder->get()
 6 SYSTEMPATH\CodeIgniter.php(934): App\Controllers\ConUserCarBooking->PrintApproveCarBooking('1')
 7 SYSTEMPATH\CodeIgniter.php(499): CodeIgniter\CodeIgniter->runController(Object(App\Controllers\ConUserCarBooking))
 8 SYSTEMPATH\CodeIgniter.php(368): CodeIgniter\CodeIgniter->handleRequest(null, Object(Config\Cache), false)
 9 FCPATH\index.php(67): CodeIgniter\CodeIgniter->run()
INFO - 2024-09-18 14:18:09 --> Session: Class initialized using 'CodeIgniter\Session\Handlers\FileHandler' driver.
INFO - 2024-09-18 14:19:26 --> Session: Class initialized using 'CodeIgniter\Session\Handlers\FileHandler' driver.
INFO - 2024-09-18 14:20:25 --> Session: Class initialized using 'CodeIgniter\Session\Handlers\FileHandler' driver.
CRITICAL - 2024-09-18 14:23:06 --> syntax error, unexpected single-quoted string "</div>"
in APPPATH\Controllers\ConUserCarBooking.php on line 780.
 1 SYSTEMPATH\Autoloader\Autoloader.php(289): CodeIgniter\Autoloader\Autoloader->includeFile('D:\\xampp\\htdocs\\general\\app\\Controllers\\ConUserCarBooking.php')
 2 SYSTEMPATH\Autoloader\Autoloader.php(267): CodeIgniter\Autoloader\Autoloader->loadInNamespace('App\\Controllers\\ConUserCarBooking')
 3 [internal function]: CodeIgniter\Autoloader\Autoloader->loadClass('App\\Controllers\\ConUserCarBooking')
 4 SYSTEMPATH\CodeIgniter.php(892): class_exists('\\App\\Controllers\\ConUserCarBooking', true)
 5 SYSTEMPATH\CodeIgniter.php(486): CodeIgniter\CodeIgniter->startController()
 6 SYSTEMPATH\CodeIgniter.php(368): CodeIgniter\CodeIgniter->handleRequest(null, Object(Config\Cache), false)
 7 FCPATH\index.php(67): CodeIgniter\CodeIgniter->run()
INFO - 2024-09-18 14:23:14 --> Session: Class initialized using 'CodeIgniter\Session\Handlers\FileHandler' driver.
INFO - 2024-09-18 14:23:29 --> Session: Class initialized using 'CodeIgniter\Session\Handlers\FileHandler' driver.
INFO - 2024-09-18 14:23:39 --> Session: Class initialized using 'CodeIgniter\Session\Handlers\FileHandler' driver.
INFO - 2024-09-18 14:25:11 --> Session: Class initialized using 'CodeIgniter\Session\Handlers\FileHandler' driver.
INFO - 2024-09-18 14:26:06 --> Session: Class initialized using 'CodeIgniter\Session\Handlers\FileHandler' driver.
INFO - 2024-09-18 14:26:34 --> Session: Class initialized using 'CodeIgniter\Session\Handlers\FileHandler' driver.
INFO - 2024-09-18 14:26:46 --> Session: Class initialized using 'CodeIgniter\Session\Handlers\FileHandler' driver.
INFO - 2024-09-18 14:27:28 --> Session: Class initialized using 'CodeIgniter\Session\Handlers\FileHandler' driver.
CRITICAL - 2024-09-18 14:27:29 --> Undefined property: stdClass::$DriverName
in APPPATH\Controllers\ConUserCarBooking.php on line 770.
 1 APPPATH\Controllers\ConUserCarBooking.php(770): CodeIgniter\Debug\Exceptions->errorHandler(2, 'Undefined property: stdClass::$DriverName', 'D:\\xampp\\htdocs\\general\\app\\Controllers\\ConUserCarBooking.php', 770)
 2 SYSTEMPATH\CodeIgniter.php(934): App\Controllers\ConUserCarBooking->PrintApproveCarBooking('1')
 3 SYSTEMPATH\CodeIgniter.php(499): CodeIgniter\CodeIgniter->runController(Object(App\Controllers\ConUserCarBooking))
 4 SYSTEMPATH\CodeIgniter.php(368): CodeIgniter\CodeIgniter->handleRequest(null, Object(Config\Cache), false)
 5 FCPATH\index.php(67): CodeIgniter\CodeIgniter->run()
INFO - 2024-09-18 14:27:39 --> Session: Class initialized using 'CodeIgniter\Session\Handlers\FileHandler' driver.
INFO - 2024-09-18 14:33:17 --> Session: Class initialized using 'CodeIgniter\Session\Handlers\FileHandler' driver.
INFO - 2024-09-18 14:33:38 --> Session: Class initialized using 'CodeIgniter\Session\Handlers\FileHandler' driver.
INFO - 2024-09-18 14:40:42 --> Session: Class initialized using 'CodeIgniter\Session\Handlers\FileHandler' driver.
INFO - 2024-09-18 14:40:43 --> Session: Class initialized using 'CodeIgniter\Session\Handlers\FileHandler' driver.
INFO - 2024-09-18 14:41:21 --> Session: Class initialized using 'CodeIgniter\Session\Handlers\FileHandler' driver.
INFO - 2024-09-18 14:41:22 --> Session: Class initialized using 'CodeIgniter\Session\Handlers\FileHandler' driver.
INFO - 2024-09-18 14:41:29 --> Session: Class initialized using 'CodeIgniter\Session\Handlers\FileHandler' driver.
INFO - 2024-09-18 14:41:29 --> Session: Class initialized using 'CodeIgniter\Session\Handlers\FileHandler' driver.
INFO - 2024-09-18 14:41:39 --> Session: Class initialized using 'CodeIgniter\Session\Handlers\FileHandler' driver.
INFO - 2024-09-18 14:41:39 --> Session: Class initialized using 'CodeIgniter\Session\Handlers\FileHandler' driver.
INFO - 2024-09-18 14:42:29 --> Session: Class initialized using 'CodeIgniter\Session\Handlers\FileHandler' driver.
INFO - 2024-09-18 14:42:29 --> Session: Class initialized using 'CodeIgniter\Session\Handlers\FileHandler' driver.
INFO - 2024-09-18 14:43:30 --> Session: Class initialized using 'CodeIgniter\Session\Handlers\FileHandler' driver.
INFO - 2024-09-18 14:43:31 --> Session: Class initialized using 'CodeIgniter\Session\Handlers\FileHandler' driver.
INFO - 2024-09-18 14:45:38 --> Session: Class initialized using 'CodeIgniter\Session\Handlers\FileHandler' driver.
INFO - 2024-09-18 14:45:38 --> Session: Class initialized using 'CodeIgniter\Session\Handlers\FileHandler' driver.
INFO - 2024-09-18 14:46:12 --> Session: Class initialized using 'CodeIgniter\Session\Handlers\FileHandler' driver.
INFO - 2024-09-18 14:46:13 --> Session: Class initialized using 'CodeIgniter\Session\Handlers\FileHandler' driver.
INFO - 2024-09-18 14:47:30 --> Session: Class initialized using 'CodeIgniter\Session\Handlers\FileHandler' driver.
INFO - 2024-09-18 14:47:31 --> Session: Class initialized using 'CodeIgniter\Session\Handlers\FileHandler' driver.
