INFO - 2023-12-22 09:01:49 --> Session: Class initialized using 'CodeIgniter\Session\Handlers\FileHandler' driver.
INFO - 2023-12-22 09:02:01 --> Session: Class initialized using 'CodeIgniter\Session\Handlers\FileHandler' driver.
INFO - 2023-12-22 09:02:03 --> Session: Class initialized using 'CodeIgniter\Session\Handlers\FileHandler' driver.
INFO - 2023-12-22 09:02:08 --> Session: Class initialized using 'CodeIgniter\Session\Handlers\FileHandler' driver.
INFO - 2023-12-22 09:02:28 --> Session: Class initialized using 'CodeIgniter\Session\Handlers\FileHandler' driver.
INFO - 2023-12-22 09:02:28 --> Session: Class initialized using 'CodeIgniter\Session\Handlers\FileHandler' driver.
CRITICAL - 2023-12-22 09:03:11 --> require(C:\xampp/librarie_skj/google_sheet/vendor/autoload.php): Failed to open stream: No such file or directory
in APPPATH\Controllers\ConLogin.php on line 15.
 1 APPPATH\Controllers\ConLogin.php(15): CodeIgniter\Debug\Exceptions->errorHandler(2, 'require(C:\\xampp/librarie_skj/google_sheet/vendor/autoload.php): Failed to open stream: No such file or directory', 'C:\\xampp\\htdocs\\general\\app\\Controllers\\ConLogin.php', 15)
 2 APPPATH\Controllers\ConLogin.php(15): require()
 3 SYSTEMPATH\CodeIgniter.php(906): App\Controllers\ConLogin->__construct()
 4 SYSTEMPATH\CodeIgniter.php(490): CodeIgniter\CodeIgniter->createController()
 5 SYSTEMPATH\CodeIgniter.php(368): CodeIgniter\CodeIgniter->handleRequest(null, Object(Config\Cache), false)
 6 FCPATH\index.php(67): CodeIgniter\CodeIgniter->run()
INFO - 2023-12-22 09:03:45 --> Session: Class initialized using 'CodeIgniter\Session\Handlers\FileHandler' driver.
INFO - 2023-12-22 09:04:05 --> Session: Class initialized using 'CodeIgniter\Session\Handlers\FileHandler' driver.
INFO - 2023-12-22 09:04:06 --> Session: Class initialized using 'CodeIgniter\Session\Handlers\FileHandler' driver.
INFO - 2023-12-22 09:04:07 --> Session: Class initialized using 'CodeIgniter\Session\Handlers\FileHandler' driver.
INFO - 2023-12-22 09:38:16 --> Session: Class initialized using 'CodeIgniter\Session\Handlers\FileHandler' driver.
INFO - 2023-12-22 09:38:17 --> Session: Class initialized using 'CodeIgniter\Session\Handlers\FileHandler' driver.
INFO - 2023-12-22 09:38:26 --> Session: Class initialized using 'CodeIgniter\Session\Handlers\FileHandler' driver.
INFO - 2023-12-22 09:38:27 --> Session: Class initialized using 'CodeIgniter\Session\Handlers\FileHandler' driver.
CRITICAL - 2023-12-22 09:43:45 --> Undefined variable $title
in APPPATH\Views\User\UserLeyout\UserHeader.php on line 10.
 1 APPPATH\Views\User\UserLeyout\UserHeader.php(10): CodeIgniter\Debug\Exceptions->errorHandler(2, 'Undefined variable $title', 'C:\\xampp\\htdocs\\general\\app\\Views\\User\\UserLeyout\\UserHeader.php', 10)
 2 SYSTEMPATH\View\View.php(213): include('C:\\xampp\\htdocs\\general\\app\\Views\\User\\UserLeyout\\UserHeader.php')
 3 SYSTEMPATH\View\View.php(216): CodeIgniter\View\View->CodeIgniter\View\{closure}()
 4 SYSTEMPATH\Common.php(1184): CodeIgniter\View\View->render('User/UserLeyout/UserHeader', [], true)
 5 APPPATH\Controllers\ConUserRepair.php(233): view('User/UserLeyout/UserHeader', [])
 6 SYSTEMPATH\CodeIgniter.php(934): App\Controllers\ConUserRepair->ViewOrder('8')
 7 SYSTEMPATH\CodeIgniter.php(499): CodeIgniter\CodeIgniter->runController(Object(App\Controllers\ConUserRepair))
 8 SYSTEMPATH\CodeIgniter.php(368): CodeIgniter\CodeIgniter->handleRequest(null, Object(Config\Cache), false)
 9 FCPATH\index.php(67): CodeIgniter\CodeIgniter->run()
INFO - 2023-12-22 09:44:46 --> Session: Class initialized using 'CodeIgniter\Session\Handlers\FileHandler' driver.
INFO - 2023-12-22 09:44:46 --> Session: Class initialized using 'CodeIgniter\Session\Handlers\FileHandler' driver.
INFO - 2023-12-22 09:44:47 --> Session: Class initialized using 'CodeIgniter\Session\Handlers\FileHandler' driver.
INFO - 2023-12-22 09:44:47 --> Session: Class initialized using 'CodeIgniter\Session\Handlers\FileHandler' driver.
CRITICAL - 2023-12-22 09:44:49 --> Undefined variable $title
in APPPATH\Views\User\UserLeyout\UserHeader.php on line 10.
 1 APPPATH\Views\User\UserLeyout\UserHeader.php(10): CodeIgniter\Debug\Exceptions->errorHandler(2, 'Undefined variable $title', 'C:\\xampp\\htdocs\\general\\app\\Views\\User\\UserLeyout\\UserHeader.php', 10)
 2 SYSTEMPATH\View\View.php(213): include('C:\\xampp\\htdocs\\general\\app\\Views\\User\\UserLeyout\\UserHeader.php')
 3 SYSTEMPATH\View\View.php(216): CodeIgniter\View\View->CodeIgniter\View\{closure}()
 4 SYSTEMPATH\Common.php(1184): CodeIgniter\View\View->render('User/UserLeyout/UserHeader', [], true)
 5 APPPATH\Controllers\ConUserRepair.php(233): view('User/UserLeyout/UserHeader', [...])
 6 SYSTEMPATH\CodeIgniter.php(934): App\Controllers\ConUserRepair->ViewOrder('SKJRP_20230007')
 7 SYSTEMPATH\CodeIgniter.php(499): CodeIgniter\CodeIgniter->runController(Object(App\Controllers\ConUserRepair))
 8 SYSTEMPATH\CodeIgniter.php(368): CodeIgniter\CodeIgniter->handleRequest(null, Object(Config\Cache), false)
 9 FCPATH\index.php(67): CodeIgniter\CodeIgniter->run()
CRITICAL - 2023-12-22 09:45:05 --> Undefined variable $title
in APPPATH\Views\User\UserLeyout\UserHeader.php on line 10.
 1 APPPATH\Views\User\UserLeyout\UserHeader.php(10): CodeIgniter\Debug\Exceptions->errorHandler(2, 'Undefined variable $title', 'C:\\xampp\\htdocs\\general\\app\\Views\\User\\UserLeyout\\UserHeader.php', 10)
 2 SYSTEMPATH\View\View.php(213): include('C:\\xampp\\htdocs\\general\\app\\Views\\User\\UserLeyout\\UserHeader.php')
 3 SYSTEMPATH\View\View.php(216): CodeIgniter\View\View->CodeIgniter\View\{closure}()
 4 SYSTEMPATH\Common.php(1184): CodeIgniter\View\View->render('User/UserLeyout/UserHeader', [], true)
 5 APPPATH\Controllers\ConUserRepair.php(233): view('User/UserLeyout/UserHeader', [...])
 6 SYSTEMPATH\CodeIgniter.php(934): App\Controllers\ConUserRepair->ViewOrder('SKJRP_20230007')
 7 SYSTEMPATH\CodeIgniter.php(499): CodeIgniter\CodeIgniter->runController(Object(App\Controllers\ConUserRepair))
 8 SYSTEMPATH\CodeIgniter.php(368): CodeIgniter\CodeIgniter->handleRequest(null, Object(Config\Cache), false)
 9 FCPATH\index.php(67): CodeIgniter\CodeIgniter->run()
CRITICAL - 2023-12-22 09:45:25 --> Undefined array key "title"
in APPPATH\Controllers\ConUserRepair.php on line 233.
 1 APPPATH\Controllers\ConUserRepair.php(233): CodeIgniter\Debug\Exceptions->errorHandler(2, 'Undefined array key "title"', 'C:\\xampp\\htdocs\\general\\app\\Controllers\\ConUserRepair.php', 233)
 2 SYSTEMPATH\CodeIgniter.php(934): App\Controllers\ConUserRepair->ViewOrder('SKJRP_20230007')
 3 SYSTEMPATH\CodeIgniter.php(499): CodeIgniter\CodeIgniter->runController(Object(App\Controllers\ConUserRepair))
 4 SYSTEMPATH\CodeIgniter.php(368): CodeIgniter\CodeIgniter->handleRequest(null, Object(Config\Cache), false)
 5 FCPATH\index.php(67): CodeIgniter\CodeIgniter->run()
INFO - 2023-12-22 09:49:03 --> Session: Class initialized using 'CodeIgniter\Session\Handlers\FileHandler' driver.
INFO - 2023-12-22 09:49:03 --> Session: Class initialized using 'CodeIgniter\Session\Handlers\FileHandler' driver.
CRITICAL - 2023-12-22 09:50:51 --> Undefined property: stdClass::$repair_location
in APPPATH\Views\User\UserRepair\UserRepairView.php on line 37.
 1 APPPATH\Views\User\UserRepair\UserRepairView.php(37): CodeIgniter\Debug\Exceptions->errorHandler(2, 'Undefined property: stdClass::$repair_location', 'C:\\xampp\\htdocs\\general\\app\\Views\\User\\UserRepair\\UserRepairView.php', 37)
 2 SYSTEMPATH\View\View.php(213): include('C:\\xampp\\htdocs\\general\\app\\Views\\User\\UserRepair\\UserRepairView.php')
 3 SYSTEMPATH\View\View.php(216): CodeIgniter\View\View->CodeIgniter\View\{closure}()
 4 SYSTEMPATH\Common.php(1184): CodeIgniter\View\View->render('User/UserRepair/UserRepairView', [], true)
 5 APPPATH\Controllers\ConUserRepair.php(237): view('User/UserRepair/UserRepairView')
 6 SYSTEMPATH\CodeIgniter.php(934): App\Controllers\ConUserRepair->ViewOrder('SKJRP_20230006')
 7 SYSTEMPATH\CodeIgniter.php(499): CodeIgniter\CodeIgniter->runController(Object(App\Controllers\ConUserRepair))
 8 SYSTEMPATH\CodeIgniter.php(368): CodeIgniter\CodeIgniter->handleRequest(null, Object(Config\Cache), false)
 9 FCPATH\index.php(67): CodeIgniter\CodeIgniter->run()
INFO - 2023-12-22 09:56:23 --> Session: Class initialized using 'CodeIgniter\Session\Handlers\FileHandler' driver.
INFO - 2023-12-22 09:56:23 --> Session: Class initialized using 'CodeIgniter\Session\Handlers\FileHandler' driver.
CRITICAL - 2023-12-22 10:00:56 --> Attempt to read property "repair_Repairman" on array
in APPPATH\Controllers\ConUserRepair.php on line 234.
 1 APPPATH\Controllers\ConUserRepair.php(234): CodeIgniter\Debug\Exceptions->errorHandler(2, 'Attempt to read property "repair_Repairman" on array', 'C:\\xampp\\htdocs\\general\\app\\Controllers\\ConUserRepair.php', 234)
 2 SYSTEMPATH\CodeIgniter.php(934): App\Controllers\ConUserRepair->ViewOrder('SKJRP_20230007')
 3 SYSTEMPATH\CodeIgniter.php(499): CodeIgniter\CodeIgniter->runController(Object(App\Controllers\ConUserRepair))
 4 SYSTEMPATH\CodeIgniter.php(368): CodeIgniter\CodeIgniter->handleRequest(null, Object(Config\Cache), false)
 5 FCPATH\index.php(67): CodeIgniter\CodeIgniter->run()
CRITICAL - 2023-12-22 10:02:19 --> Call to undefined function App\Controllers\CONCAT()
in APPPATH\Controllers\ConUserRepair.php on line 233.
 1 SYSTEMPATH\CodeIgniter.php(934): App\Controllers\ConUserRepair->ViewOrder('SKJRP_20230007')
 2 SYSTEMPATH\CodeIgniter.php(499): CodeIgniter\CodeIgniter->runController(Object(App\Controllers\ConUserRepair))
 3 SYSTEMPATH\CodeIgniter.php(368): CodeIgniter\CodeIgniter->handleRequest(null, Object(Config\Cache), false)
 4 FCPATH\index.php(67): CodeIgniter\CodeIgniter->run()
CRITICAL - 2023-12-22 10:03:55 --> syntax error, unexpected token "as", expecting ")"
in APPPATH\Controllers\ConUserRepair.php on line 233.
 1 SYSTEMPATH\Autoloader\Autoloader.php(289): CodeIgniter\Autoloader\Autoloader->includeFile('C:\\xampp\\htdocs\\general\\app\\Controllers\\ConUserRepair.php')
 2 SYSTEMPATH\Autoloader\Autoloader.php(267): CodeIgniter\Autoloader\Autoloader->loadInNamespace('App\\Controllers\\ConUserRepair')
 3 [internal function]: CodeIgniter\Autoloader\Autoloader->loadClass('App\\Controllers\\ConUserRepair')
 4 SYSTEMPATH\CodeIgniter.php(892): class_exists('\\App\\Controllers\\ConUserRepair', true)
 5 SYSTEMPATH\CodeIgniter.php(486): CodeIgniter\CodeIgniter->startController()
 6 SYSTEMPATH\CodeIgniter.php(368): CodeIgniter\CodeIgniter->handleRequest(null, Object(Config\Cache), false)
 7 FCPATH\index.php(67): CodeIgniter\CodeIgniter->run()
CRITICAL - 2023-12-22 10:04:40 --> syntax error, unexpected token "as", expecting ")"
in APPPATH\Controllers\ConUserRepair.php on line 233.
 1 SYSTEMPATH\Autoloader\Autoloader.php(289): CodeIgniter\Autoloader\Autoloader->includeFile('C:\\xampp\\htdocs\\general\\app\\Controllers\\ConUserRepair.php')
 2 SYSTEMPATH\Autoloader\Autoloader.php(267): CodeIgniter\Autoloader\Autoloader->loadInNamespace('App\\Controllers\\ConUserRepair')
 3 [internal function]: CodeIgniter\Autoloader\Autoloader->loadClass('App\\Controllers\\ConUserRepair')
 4 SYSTEMPATH\CodeIgniter.php(892): class_exists('\\App\\Controllers\\ConUserRepair', true)
 5 SYSTEMPATH\CodeIgniter.php(486): CodeIgniter\CodeIgniter->startController()
 6 SYSTEMPATH\CodeIgniter.php(368): CodeIgniter\CodeIgniter->handleRequest(null, Object(Config\Cache), false)
 7 FCPATH\index.php(67): CodeIgniter\CodeIgniter->run()
CRITICAL - 2023-12-22 10:05:04 --> syntax error, unexpected token "as", expecting ")"
in APPPATH\Controllers\ConUserRepair.php on line 233.
 1 SYSTEMPATH\Autoloader\Autoloader.php(289): CodeIgniter\Autoloader\Autoloader->includeFile('C:\\xampp\\htdocs\\general\\app\\Controllers\\ConUserRepair.php')
 2 SYSTEMPATH\Autoloader\Autoloader.php(267): CodeIgniter\Autoloader\Autoloader->loadInNamespace('App\\Controllers\\ConUserRepair')
 3 [internal function]: CodeIgniter\Autoloader\Autoloader->loadClass('App\\Controllers\\ConUserRepair')
 4 SYSTEMPATH\CodeIgniter.php(892): class_exists('\\App\\Controllers\\ConUserRepair', true)
 5 SYSTEMPATH\CodeIgniter.php(486): CodeIgniter\CodeIgniter->startController()
 6 SYSTEMPATH\CodeIgniter.php(368): CodeIgniter\CodeIgniter->handleRequest(null, Object(Config\Cache), false)
 7 FCPATH\index.php(67): CodeIgniter\CodeIgniter->run()
CRITICAL - 2023-12-22 10:09:12 --> Undefined array key "Order"
in APPPATH\Controllers\ConUserRepair.php on line 234.
 1 APPPATH\Controllers\ConUserRepair.php(234): CodeIgniter\Debug\Exceptions->errorHandler(2, 'Undefined array key "Order"', 'C:\\xampp\\htdocs\\general\\app\\Controllers\\ConUserRepair.php', 234)
 2 SYSTEMPATH\CodeIgniter.php(934): App\Controllers\ConUserRepair->ViewOrder('SKJRP_20230007')
 3 SYSTEMPATH\CodeIgniter.php(499): CodeIgniter\CodeIgniter->runController(Object(App\Controllers\ConUserRepair))
 4 SYSTEMPATH\CodeIgniter.php(368): CodeIgniter\CodeIgniter->handleRequest(null, Object(Config\Cache), false)
 5 FCPATH\index.php(67): CodeIgniter\CodeIgniter->run()
CRITICAL - 2023-12-22 10:21:04 --> syntax error, unexpected token "."
in APPPATH\Views\User\UserRepair\UserRepairView.php on line 113.
 1 SYSTEMPATH\View\View.php(216): CodeIgniter\View\View->CodeIgniter\View\{closure}()
 2 SYSTEMPATH\Common.php(1184): CodeIgniter\View\View->render('User/UserRepair/UserRepairView', [], true)
 3 APPPATH\Controllers\ConUserRepair.php(243): view('User/UserRepair/UserRepairView')
 4 SYSTEMPATH\CodeIgniter.php(934): App\Controllers\ConUserRepair->ViewOrder('SKJRP_20230007')
 5 SYSTEMPATH\CodeIgniter.php(499): CodeIgniter\CodeIgniter->runController(Object(App\Controllers\ConUserRepair))
 6 SYSTEMPATH\CodeIgniter.php(368): CodeIgniter\CodeIgniter->handleRequest(null, Object(Config\Cache), false)
 7 FCPATH\index.php(67): CodeIgniter\CodeIgniter->run()
CRITICAL - 2023-12-22 10:21:23 --> syntax error, unexpected token "."
in APPPATH\Views\User\UserRepair\UserRepairView.php on line 113.
 1 SYSTEMPATH\View\View.php(216): CodeIgniter\View\View->CodeIgniter\View\{closure}()
 2 SYSTEMPATH\Common.php(1184): CodeIgniter\View\View->render('User/UserRepair/UserRepairView', [], true)
 3 APPPATH\Controllers\ConUserRepair.php(243): view('User/UserRepair/UserRepairView')
 4 SYSTEMPATH\CodeIgniter.php(934): App\Controllers\ConUserRepair->ViewOrder('SKJRP_20230007')
 5 SYSTEMPATH\CodeIgniter.php(499): CodeIgniter\CodeIgniter->runController(Object(App\Controllers\ConUserRepair))
 6 SYSTEMPATH\CodeIgniter.php(368): CodeIgniter\CodeIgniter->handleRequest(null, Object(Config\Cache), false)
 7 FCPATH\index.php(67): CodeIgniter\CodeIgniter->run()
CRITICAL - 2023-12-22 10:21:49 --> syntax error, unexpected token "."
in APPPATH\Views\User\UserRepair\UserRepairView.php on line 113.
 1 SYSTEMPATH\View\View.php(216): CodeIgniter\View\View->CodeIgniter\View\{closure}()
 2 SYSTEMPATH\Common.php(1184): CodeIgniter\View\View->render('User/UserRepair/UserRepairView', [], true)
 3 APPPATH\Controllers\ConUserRepair.php(243): view('User/UserRepair/UserRepairView')
 4 SYSTEMPATH\CodeIgniter.php(934): App\Controllers\ConUserRepair->ViewOrder('SKJRP_20230007')
 5 SYSTEMPATH\CodeIgniter.php(499): CodeIgniter\CodeIgniter->runController(Object(App\Controllers\ConUserRepair))
 6 SYSTEMPATH\CodeIgniter.php(368): CodeIgniter\CodeIgniter->handleRequest(null, Object(Config\Cache), false)
 7 FCPATH\index.php(67): CodeIgniter\CodeIgniter->run()
CRITICAL - 2023-12-22 10:22:05 --> Undefined array key 0
in APPPATH\Controllers\ConUserRepair.php on line 234.
 1 APPPATH\Controllers\ConUserRepair.php(234): CodeIgniter\Debug\Exceptions->errorHandler(2, 'Undefined array key 0', 'C:\\xampp\\htdocs\\general\\app\\Controllers\\ConUserRepair.php', 234)
 2 SYSTEMPATH\CodeIgniter.php(934): App\Controllers\ConUserRepair->ViewOrder('class=\'img-fluid\'')
 3 SYSTEMPATH\CodeIgniter.php(499): CodeIgniter\CodeIgniter->runController(Object(App\Controllers\ConUserRepair))
 4 SYSTEMPATH\CodeIgniter.php(368): CodeIgniter\CodeIgniter->handleRequest(null, Object(Config\Cache), false)
 5 FCPATH\index.php(67): CodeIgniter\CodeIgniter->run()
CRITICAL - 2023-12-22 10:23:30 --> Undefined array key 0
in APPPATH\Controllers\ConUserRepair.php on line 234.
 1 APPPATH\Controllers\ConUserRepair.php(234): CodeIgniter\Debug\Exceptions->errorHandler(2, 'Undefined array key 0', 'C:\\xampp\\htdocs\\general\\app\\Controllers\\ConUserRepair.php', 234)
 2 SYSTEMPATH\CodeIgniter.php(934): App\Controllers\ConUserRepair->ViewOrder('class=\'img-fluid\'')
 3 SYSTEMPATH\CodeIgniter.php(499): CodeIgniter\CodeIgniter->runController(Object(App\Controllers\ConUserRepair))
 4 SYSTEMPATH\CodeIgniter.php(368): CodeIgniter\CodeIgniter->handleRequest(null, Object(Config\Cache), false)
 5 FCPATH\index.php(67): CodeIgniter\CodeIgniter->run()
CRITICAL - 2023-12-22 10:27:28 --> date(): Argument #2 ($timestamp) must be of type ?int, string given
in APPPATH\Libraries\Datethai.php on line 9.
 1 APPPATH\Libraries\Datethai.php(9): date('j', '2023-11-28 11:21:18')
 2 APPPATH\Views\User\UserRepair\UserRepairView.php(54): App\Libraries\Datethai->thai_date_and_time('2023-11-28 11:21:18')
 3 SYSTEMPATH\View\View.php(213): include('C:\\xampp\\htdocs\\general\\app\\Views\\User\\UserRepair\\UserRepairView.php')
 4 SYSTEMPATH\View\View.php(216): CodeIgniter\View\View->CodeIgniter\View\{closure}()
 5 SYSTEMPATH\Common.php(1184): CodeIgniter\View\View->render('User/UserRepair/UserRepairView', [], true)
 6 APPPATH\Controllers\ConUserRepair.php(243): view('User/UserRepair/UserRepairView')
 7 SYSTEMPATH\CodeIgniter.php(934): App\Controllers\ConUserRepair->ViewOrder('SKJRP_20230007')
 8 SYSTEMPATH\CodeIgniter.php(499): CodeIgniter\CodeIgniter->runController(Object(App\Controllers\ConUserRepair))
 9 SYSTEMPATH\CodeIgniter.php(368): CodeIgniter\CodeIgniter->handleRequest(null, Object(Config\Cache), false)
10 FCPATH\index.php(67): CodeIgniter\CodeIgniter->run()
CRITICAL - 2023-12-22 10:33:57 --> Undefined array key 0
in APPPATH\Controllers\ConUserRepair.php on line 234.
 1 APPPATH\Controllers\ConUserRepair.php(234): CodeIgniter\Debug\Exceptions->errorHandler(2, 'Undefined array key 0', 'C:\\xampp\\htdocs\\general\\app\\Controllers\\ConUserRepair.php', 234)
 2 SYSTEMPATH\CodeIgniter.php(934): App\Controllers\ConUserRepair->ViewOrder('Repair', 'PrintOrder', 'SKJRP_20230007')
 3 SYSTEMPATH\CodeIgniter.php(499): CodeIgniter\CodeIgniter->runController(Object(App\Controllers\ConUserRepair))
 4 SYSTEMPATH\CodeIgniter.php(368): CodeIgniter\CodeIgniter->handleRequest(null, Object(Config\Cache), false)
 5 FCPATH\index.php(67): CodeIgniter\CodeIgniter->run()
CRITICAL - 2023-12-22 10:34:41 --> Call to undefined function base_ulr()
in APPPATH\Views\User\UserRepair\UserRepairView.php on line 17.
 1 SYSTEMPATH\View\View.php(213): include()
 2 SYSTEMPATH\View\View.php(216): CodeIgniter\View\View->CodeIgniter\View\{closure}()
 3 SYSTEMPATH\Common.php(1184): CodeIgniter\View\View->render('User/UserRepair/UserRepairView', [], true)
 4 APPPATH\Controllers\ConUserRepair.php(243): view('User/UserRepair/UserRepairView')
 5 SYSTEMPATH\CodeIgniter.php(934): App\Controllers\ConUserRepair->ViewOrder('SKJRP_20230007')
 6 SYSTEMPATH\CodeIgniter.php(499): CodeIgniter\CodeIgniter->runController(Object(App\Controllers\ConUserRepair))
 7 SYSTEMPATH\CodeIgniter.php(368): CodeIgniter\CodeIgniter->handleRequest(null, Object(Config\Cache), false)
 8 FCPATH\index.php(67): CodeIgniter\CodeIgniter->run()
CRITICAL - 2023-12-22 10:34:49 --> require(C:\xampp/librarie_skj/mpdf/vendor/autoload.php): Failed to open stream: No such file or directory
in APPPATH\Controllers\ConUserRepair.php on line 317.
 1 APPPATH\Controllers\ConUserRepair.php(317): CodeIgniter\Debug\Exceptions->errorHandler(2, 'require(C:\\xampp/librarie_skj/mpdf/vendor/autoload.php): Failed to open stream: No such file or directory', 'C:\\xampp\\htdocs\\general\\app\\Controllers\\ConUserRepair.php', 317)
 2 APPPATH\Controllers\ConUserRepair.php(317): require()
 3 SYSTEMPATH\CodeIgniter.php(934): App\Controllers\ConUserRepair->PrintOrder('SKJRP_20230007')
 4 SYSTEMPATH\CodeIgniter.php(499): CodeIgniter\CodeIgniter->runController(Object(App\Controllers\ConUserRepair))
 5 SYSTEMPATH\CodeIgniter.php(368): CodeIgniter\CodeIgniter->handleRequest(null, Object(Config\Cache), false)
 6 FCPATH\index.php(67): CodeIgniter\CodeIgniter->run()
INFO - 2023-12-22 10:37:36 --> Session: Class initialized using 'CodeIgniter\Session\Handlers\FileHandler' driver.
INFO - 2023-12-22 10:37:38 --> Session: Class initialized using 'CodeIgniter\Session\Handlers\FileHandler' driver.
INFO - 2023-12-22 10:37:45 --> Session: Class initialized using 'CodeIgniter\Session\Handlers\FileHandler' driver.
INFO - 2023-12-22 10:37:53 --> Session: Class initialized using 'CodeIgniter\Session\Handlers\FileHandler' driver.
CRITICAL - 2023-12-22 10:38:22 --> require(C:\xampp/librarie_skj/google_sheet/vendor/autoload.php): Failed to open stream: No such file or directory
in APPPATH\Controllers\ConLogin.php on line 15.
 1 APPPATH\Controllers\ConLogin.php(15): CodeIgniter\Debug\Exceptions->errorHandler(2, 'require(C:\\xampp/librarie_skj/google_sheet/vendor/autoload.php): Failed to open stream: No such file or directory', 'C:\\xampp\\htdocs\\general\\app\\Controllers\\ConLogin.php', 15)
 2 APPPATH\Controllers\ConLogin.php(15): require()
 3 SYSTEMPATH\CodeIgniter.php(906): App\Controllers\ConLogin->__construct()
 4 SYSTEMPATH\CodeIgniter.php(490): CodeIgniter\CodeIgniter->createController()
 5 SYSTEMPATH\CodeIgniter.php(368): CodeIgniter\CodeIgniter->handleRequest(null, Object(Config\Cache), false)
 6 FCPATH\index.php(67): CodeIgniter\CodeIgniter->run()
INFO - 2023-12-22 10:38:33 --> Session: Class initialized using 'CodeIgniter\Session\Handlers\FileHandler' driver.
INFO - 2023-12-22 10:38:37 --> Session: Class initialized using 'CodeIgniter\Session\Handlers\FileHandler' driver.
CRITICAL - 2023-12-22 10:40:31 --> Undefined variable $_SESSION
in APPPATH\Views\User\UserRepair\UserRepairView.php on line 5.
 1 APPPATH\Views\User\UserRepair\UserRepairView.php(5): CodeIgniter\Debug\Exceptions->errorHandler(2, 'Undefined variable $_SESSION', 'C:\\xampp\\htdocs\\general\\app\\Views\\User\\UserRepair\\UserRepairView.php', 5)
 2 SYSTEMPATH\View\View.php(213): include('C:\\xampp\\htdocs\\general\\app\\Views\\User\\UserRepair\\UserRepairView.php')
 3 SYSTEMPATH\View\View.php(216): CodeIgniter\View\View->CodeIgniter\View\{closure}()
 4 SYSTEMPATH\Common.php(1184): CodeIgniter\View\View->render('User/UserRepair/UserRepairView', [], true)
 5 APPPATH\Controllers\ConUserRepair.php(243): view('User/UserRepair/UserRepairView')
 6 SYSTEMPATH\CodeIgniter.php(934): App\Controllers\ConUserRepair->ViewOrder('SKJRP_20230007')
 7 SYSTEMPATH\CodeIgniter.php(499): CodeIgniter\CodeIgniter->runController(Object(App\Controllers\ConUserRepair))
 8 SYSTEMPATH\CodeIgniter.php(368): CodeIgniter\CodeIgniter->handleRequest(null, Object(Config\Cache), false)
 9 FCPATH\index.php(67): CodeIgniter\CodeIgniter->run()
CRITICAL - 2023-12-22 10:40:39 --> Undefined variable $_SESSION
in APPPATH\Views\User\UserRepair\UserRepairView.php on line 5.
 1 APPPATH\Views\User\UserRepair\UserRepairView.php(5): CodeIgniter\Debug\Exceptions->errorHandler(2, 'Undefined variable $_SESSION', 'C:\\xampp\\htdocs\\general\\app\\Views\\User\\UserRepair\\UserRepairView.php', 5)
 2 SYSTEMPATH\View\View.php(213): include('C:\\xampp\\htdocs\\general\\app\\Views\\User\\UserRepair\\UserRepairView.php')
 3 SYSTEMPATH\View\View.php(216): CodeIgniter\View\View->CodeIgniter\View\{closure}()
 4 SYSTEMPATH\Common.php(1184): CodeIgniter\View\View->render('User/UserRepair/UserRepairView', [], true)
 5 APPPATH\Controllers\ConUserRepair.php(243): view('User/UserRepair/UserRepairView')
 6 SYSTEMPATH\CodeIgniter.php(934): App\Controllers\ConUserRepair->ViewOrder('SKJRP_20230007')
 7 SYSTEMPATH\CodeIgniter.php(499): CodeIgniter\CodeIgniter->runController(Object(App\Controllers\ConUserRepair))
 8 SYSTEMPATH\CodeIgniter.php(368): CodeIgniter\CodeIgniter->handleRequest(null, Object(Config\Cache), false)
 9 FCPATH\index.php(67): CodeIgniter\CodeIgniter->run()
CRITICAL - 2023-12-22 10:40:46 --> Undefined variable $_SESSION
in APPPATH\Views\User\UserRepair\UserRepairView.php on line 5.
 1 APPPATH\Views\User\UserRepair\UserRepairView.php(5): CodeIgniter\Debug\Exceptions->errorHandler(2, 'Undefined variable $_SESSION', 'C:\\xampp\\htdocs\\general\\app\\Views\\User\\UserRepair\\UserRepairView.php', 5)
 2 SYSTEMPATH\View\View.php(213): include('C:\\xampp\\htdocs\\general\\app\\Views\\User\\UserRepair\\UserRepairView.php')
 3 SYSTEMPATH\View\View.php(216): CodeIgniter\View\View->CodeIgniter\View\{closure}()
 4 SYSTEMPATH\Common.php(1184): CodeIgniter\View\View->render('User/UserRepair/UserRepairView', [], true)
 5 APPPATH\Controllers\ConUserRepair.php(243): view('User/UserRepair/UserRepairView')
 6 SYSTEMPATH\CodeIgniter.php(934): App\Controllers\ConUserRepair->ViewOrder('SKJRP_20230007')
 7 SYSTEMPATH\CodeIgniter.php(499): CodeIgniter\CodeIgniter->runController(Object(App\Controllers\ConUserRepair))
 8 SYSTEMPATH\CodeIgniter.php(368): CodeIgniter\CodeIgniter->handleRequest(null, Object(Config\Cache), false)
 9 FCPATH\index.php(67): CodeIgniter\CodeIgniter->run()
INFO - 2023-12-22 10:41:30 --> Session: Class initialized using 'CodeIgniter\Session\Handlers\FileHandler' driver.
INFO - 2023-12-22 10:41:35 --> Session: Class initialized using 'CodeIgniter\Session\Handlers\FileHandler' driver.
INFO - 2023-12-22 10:41:54 --> Session: Class initialized using 'CodeIgniter\Session\Handlers\FileHandler' driver.
INFO - 2023-12-22 10:44:43 --> Session: Class initialized using 'CodeIgniter\Session\Handlers\FileHandler' driver.
INFO - 2023-12-22 11:21:50 --> Session: Class initialized using 'CodeIgniter\Session\Handlers\FileHandler' driver.
INFO - 2023-12-22 11:21:52 --> Session: Class initialized using 'CodeIgniter\Session\Handlers\FileHandler' driver.
CRITICAL - 2023-12-22 11:21:52 --> Undefined variable $data
in APPPATH\Controllers\ConUserBooking.php on line 322.
 1 APPPATH\Controllers\ConUserBooking.php(322): CodeIgniter\Debug\Exceptions->errorHandler(2, 'Undefined variable $data', 'C:\\xampp\\htdocs\\general\\app\\Controllers\\ConUserBooking.php', 322)
 2 SYSTEMPATH\CodeIgniter.php(934): App\Controllers\ConUserBooking->ShowTimeBooking()
 3 SYSTEMPATH\CodeIgniter.php(499): CodeIgniter\CodeIgniter->runController(Object(App\Controllers\ConUserBooking))
 4 SYSTEMPATH\CodeIgniter.php(368): CodeIgniter\CodeIgniter->handleRequest(null, Object(Config\Cache), false)
 5 FCPATH\index.php(67): CodeIgniter\CodeIgniter->run()
INFO - 2023-12-22 11:23:33 --> Session: Class initialized using 'CodeIgniter\Session\Handlers\FileHandler' driver.
INFO - 2023-12-22 11:23:35 --> Session: Class initialized using 'CodeIgniter\Session\Handlers\FileHandler' driver.
INFO - 2023-12-22 11:23:47 --> Session: Class initialized using 'CodeIgniter\Session\Handlers\FileHandler' driver.
INFO - 2023-12-22 11:23:51 --> Session: Class initialized using 'CodeIgniter\Session\Handlers\FileHandler' driver.
INFO - 2023-12-22 11:24:01 --> Session: Class initialized using 'CodeIgniter\Session\Handlers\FileHandler' driver.
INFO - 2023-12-22 11:24:01 --> Session: Class initialized using 'CodeIgniter\Session\Handlers\FileHandler' driver.
INFO - 2023-12-22 11:24:10 --> Session: Class initialized using 'CodeIgniter\Session\Handlers\FileHandler' driver.
INFO - 2023-12-22 11:24:10 --> Session: Class initialized using 'CodeIgniter\Session\Handlers\FileHandler' driver.
INFO - 2023-12-22 11:24:27 --> Session: Class initialized using 'CodeIgniter\Session\Handlers\FileHandler' driver.
INFO - 2023-12-22 11:24:27 --> Session: Class initialized using 'CodeIgniter\Session\Handlers\FileHandler' driver.
INFO - 2023-12-22 11:34:50 --> Session: Class initialized using 'CodeIgniter\Session\Handlers\FileHandler' driver.
INFO - 2023-12-22 11:35:16 --> Session: Class initialized using 'CodeIgniter\Session\Handlers\FileHandler' driver.
INFO - 2023-12-22 11:39:36 --> Session: Class initialized using 'CodeIgniter\Session\Handlers\FileHandler' driver.
INFO - 2023-12-22 11:41:38 --> Session: Class initialized using 'CodeIgniter\Session\Handlers\FileHandler' driver.
INFO - 2023-12-22 11:42:03 --> Session: Class initialized using 'CodeIgniter\Session\Handlers\FileHandler' driver.
INFO - 2023-12-22 11:42:17 --> Session: Class initialized using 'CodeIgniter\Session\Handlers\FileHandler' driver.
CRITICAL - 2023-12-22 11:42:17 --> Undefined array key 0
in APPPATH\Controllers\ConUserRepair.php on line 235.
 1 APPPATH\Controllers\ConUserRepair.php(235): CodeIgniter\Debug\Exceptions->errorHandler(2, 'Undefined array key 0', 'C:\\xampp\\htdocs\\general\\app\\Controllers\\ConUserRepair.php', 235)
 2 SYSTEMPATH\CodeIgniter.php(934): App\Controllers\ConUserRepair->ViewOrder('Repair', 'DB', 'UpdateWork')
 3 SYSTEMPATH\CodeIgniter.php(499): CodeIgniter\CodeIgniter->runController(Object(App\Controllers\ConUserRepair))
 4 SYSTEMPATH\CodeIgniter.php(368): CodeIgniter\CodeIgniter->handleRequest(null, Object(Config\Cache), false)
 5 FCPATH\index.php(67): CodeIgniter\CodeIgniter->run()
INFO - 2023-12-22 11:43:52 --> Session: Class initialized using 'CodeIgniter\Session\Handlers\FileHandler' driver.
CRITICAL - 2023-12-22 11:43:52 --> Undefined array key 0
in APPPATH\Controllers\ConUserRepair.php on line 235.
 1 APPPATH\Controllers\ConUserRepair.php(235): CodeIgniter\Debug\Exceptions->errorHandler(2, 'Undefined array key 0', 'C:\\xampp\\htdocs\\general\\app\\Controllers\\ConUserRepair.php', 235)
 2 SYSTEMPATH\CodeIgniter.php(934): App\Controllers\ConUserRepair->ViewOrder('Repair', 'DB', 'UpdateWork')
 3 SYSTEMPATH\CodeIgniter.php(499): CodeIgniter\CodeIgniter->runController(Object(App\Controllers\ConUserRepair))
 4 SYSTEMPATH\CodeIgniter.php(368): CodeIgniter\CodeIgniter->handleRequest(null, Object(Config\Cache), false)
 5 FCPATH\index.php(67): CodeIgniter\CodeIgniter->run()
INFO - 2023-12-22 11:45:18 --> Session: Class initialized using 'CodeIgniter\Session\Handlers\FileHandler' driver.
CRITICAL - 2023-12-22 11:45:18 --> Undefined array key 0
in APPPATH\Controllers\ConUserRepair.php on line 235.
 1 APPPATH\Controllers\ConUserRepair.php(235): CodeIgniter\Debug\Exceptions->errorHandler(2, 'Undefined array key 0', 'C:\\xampp\\htdocs\\general\\app\\Controllers\\ConUserRepair.php', 235)
 2 SYSTEMPATH\CodeIgniter.php(934): App\Controllers\ConUserRepair->ViewOrder('Repair', 'DB', 'UpdateWork')
 3 SYSTEMPATH\CodeIgniter.php(499): CodeIgniter\CodeIgniter->runController(Object(App\Controllers\ConUserRepair))
 4 SYSTEMPATH\CodeIgniter.php(368): CodeIgniter\CodeIgniter->handleRequest(null, Object(Config\Cache), false)
 5 FCPATH\index.php(67): CodeIgniter\CodeIgniter->run()
INFO - 2023-12-22 11:45:22 --> Session: Class initialized using 'CodeIgniter\Session\Handlers\FileHandler' driver.
INFO - 2023-12-22 11:45:48 --> Session: Class initialized using 'CodeIgniter\Session\Handlers\FileHandler' driver.
INFO - 2023-12-22 11:46:04 --> Session: Class initialized using 'CodeIgniter\Session\Handlers\FileHandler' driver.
INFO - 2023-12-22 11:47:02 --> Session: Class initialized using 'CodeIgniter\Session\Handlers\FileHandler' driver.
INFO - 2023-12-22 11:47:18 --> Session: Class initialized using 'CodeIgniter\Session\Handlers\FileHandler' driver.
INFO - 2023-12-22 11:48:32 --> Session: Class initialized using 'CodeIgniter\Session\Handlers\FileHandler' driver.
INFO - 2023-12-22 11:50:18 --> Session: Class initialized using 'CodeIgniter\Session\Handlers\FileHandler' driver.
CRITICAL - 2023-12-22 11:50:18 --> Undefined property: CodeIgniter\View\View::$request
in APPPATH\Views\User\UserRepair\UserRepairView.php on line 155.
 1 APPPATH\Views\User\UserRepair\UserRepairView.php(155): CodeIgniter\Debug\Exceptions->errorHandler(2, 'Undefined property: CodeIgniter\\View\\View::$request', 'C:\\xampp\\htdocs\\general\\app\\Views\\User\\UserRepair\\UserRepairView.php', 155)
 2 SYSTEMPATH\View\View.php(213): include('C:\\xampp\\htdocs\\general\\app\\Views\\User\\UserRepair\\UserRepairView.php')
 3 SYSTEMPATH\View\View.php(216): CodeIgniter\View\View->CodeIgniter\View\{closure}()
 4 SYSTEMPATH\Common.php(1184): CodeIgniter\View\View->render('User/UserRepair/UserRepairView', [], true)
 5 APPPATH\Controllers\ConUserRepair.php(244): view('User/UserRepair/UserRepairView')
 6 SYSTEMPATH\CodeIgniter.php(934): App\Controllers\ConUserRepair->ViewOrder('SKJRP_20230007')
 7 SYSTEMPATH\CodeIgniter.php(499): CodeIgniter\CodeIgniter->runController(Object(App\Controllers\ConUserRepair))
 8 SYSTEMPATH\CodeIgniter.php(368): CodeIgniter\CodeIgniter->handleRequest(null, Object(Config\Cache), false)
 9 FCPATH\index.php(67): CodeIgniter\CodeIgniter->run()
INFO - 2023-12-22 11:50:53 --> Session: Class initialized using 'CodeIgniter\Session\Handlers\FileHandler' driver.
INFO - 2023-12-22 11:51:01 --> Session: Class initialized using 'CodeIgniter\Session\Handlers\FileHandler' driver.
INFO - 2023-12-22 11:51:13 --> Session: Class initialized using 'CodeIgniter\Session\Handlers\FileHandler' driver.
INFO - 2023-12-22 11:52:05 --> Session: Class initialized using 'CodeIgniter\Session\Handlers\FileHandler' driver.
INFO - 2023-12-22 11:52:37 --> Session: Class initialized using 'CodeIgniter\Session\Handlers\FileHandler' driver.
INFO - 2023-12-22 11:52:49 --> Session: Class initialized using 'CodeIgniter\Session\Handlers\FileHandler' driver.
INFO - 2023-12-22 11:52:51 --> Session: Class initialized using 'CodeIgniter\Session\Handlers\FileHandler' driver.
INFO - 2023-12-22 11:53:08 --> Session: Class initialized using 'CodeIgniter\Session\Handlers\FileHandler' driver.
INFO - 2023-12-22 11:53:18 --> Session: Class initialized using 'CodeIgniter\Session\Handlers\FileHandler' driver.
INFO - 2023-12-22 11:53:41 --> Session: Class initialized using 'CodeIgniter\Session\Handlers\FileHandler' driver.
INFO - 2023-12-22 11:55:02 --> Session: Class initialized using 'CodeIgniter\Session\Handlers\FileHandler' driver.
INFO - 2023-12-22 11:55:46 --> Session: Class initialized using 'CodeIgniter\Session\Handlers\FileHandler' driver.
INFO - 2023-12-22 11:56:02 --> Session: Class initialized using 'CodeIgniter\Session\Handlers\FileHandler' driver.
INFO - 2023-12-22 11:56:46 --> Session: Class initialized using 'CodeIgniter\Session\Handlers\FileHandler' driver.
INFO - 2023-12-22 11:57:26 --> Session: Class initialized using 'CodeIgniter\Session\Handlers\FileHandler' driver.
INFO - 2023-12-22 12:01:02 --> Session: Class initialized using 'CodeIgniter\Session\Handlers\FileHandler' driver.
INFO - 2023-12-22 12:02:45 --> Session: Class initialized using 'CodeIgniter\Session\Handlers\FileHandler' driver.
INFO - 2023-12-22 12:03:27 --> Session: Class initialized using 'CodeIgniter\Session\Handlers\FileHandler' driver.
INFO - 2023-12-22 12:06:50 --> Session: Class initialized using 'CodeIgniter\Session\Handlers\FileHandler' driver.
INFO - 2023-12-22 12:06:58 --> Session: Class initialized using 'CodeIgniter\Session\Handlers\FileHandler' driver.
INFO - 2023-12-22 12:06:59 --> Session: Class initialized using 'CodeIgniter\Session\Handlers\FileHandler' driver.
INFO - 2023-12-22 12:09:23 --> Session: Class initialized using 'CodeIgniter\Session\Handlers\FileHandler' driver.
CRITICAL - 2023-12-22 12:09:34 --> Class "App\Controllers\File" not found
in APPPATH\Controllers\ConUserRepair.php on line 295.
 1 SYSTEMPATH\CodeIgniter.php(934): App\Controllers\ConUserRepair->RepairUpdateWork()
 2 SYSTEMPATH\CodeIgniter.php(499): CodeIgniter\CodeIgniter->runController(Object(App\Controllers\ConUserRepair))
 3 SYSTEMPATH\CodeIgniter.php(368): CodeIgniter\CodeIgniter->handleRequest(null, Object(Config\Cache), false)
 4 FCPATH\index.php(67): CodeIgniter\CodeIgniter->run()
INFO - 2023-12-22 12:10:24 --> Session: Class initialized using 'CodeIgniter\Session\Handlers\FileHandler' driver.
INFO - 2023-12-22 12:11:23 --> Session: Class initialized using 'CodeIgniter\Session\Handlers\FileHandler' driver.
INFO - 2023-12-22 12:11:35 --> Session: Class initialized using 'CodeIgniter\Session\Handlers\FileHandler' driver.
CRITICAL - 2023-12-22 12:11:42 --> Class "App\Controllers\File" not found
in APPPATH\Controllers\ConUserRepair.php on line 282.
 1 SYSTEMPATH\CodeIgniter.php(934): App\Controllers\ConUserRepair->RepairUpdateWork()
 2 SYSTEMPATH\CodeIgniter.php(499): CodeIgniter\CodeIgniter->runController(Object(App\Controllers\ConUserRepair))
 3 SYSTEMPATH\CodeIgniter.php(368): CodeIgniter\CodeIgniter->handleRequest(null, Object(Config\Cache), false)
 4 FCPATH\index.php(67): CodeIgniter\CodeIgniter->run()
INFO - 2023-12-22 12:12:20 --> Session: Class initialized using 'CodeIgniter\Session\Handlers\FileHandler' driver.
INFO - 2023-12-22 12:12:46 --> Session: Class initialized using 'CodeIgniter\Session\Handlers\FileHandler' driver.
INFO - 2023-12-22 12:13:56 --> Session: Class initialized using 'CodeIgniter\Session\Handlers\FileHandler' driver.
INFO - 2023-12-22 12:14:15 --> Session: Class initialized using 'CodeIgniter\Session\Handlers\FileHandler' driver.
CRITICAL - 2023-12-22 12:14:21 --> Call to undefined method CodeIgniter\Files\File::delete()
in APPPATH\Controllers\ConUserRepair.php on line 284.
 1 SYSTEMPATH\CodeIgniter.php(934): App\Controllers\ConUserRepair->RepairUpdateWork()
 2 SYSTEMPATH\CodeIgniter.php(499): CodeIgniter\CodeIgniter->runController(Object(App\Controllers\ConUserRepair))
 3 SYSTEMPATH\CodeIgniter.php(368): CodeIgniter\CodeIgniter->handleRequest(null, Object(Config\Cache), false)
 4 FCPATH\index.php(67): CodeIgniter\CodeIgniter->run()
INFO - 2023-12-22 12:16:04 --> Session: Class initialized using 'CodeIgniter\Session\Handlers\FileHandler' driver.
INFO - 2023-12-22 12:16:18 --> Session: Class initialized using 'CodeIgniter\Session\Handlers\FileHandler' driver.
INFO - 2023-12-22 12:16:19 --> Session: Class initialized using 'CodeIgniter\Session\Handlers\FileHandler' driver.
INFO - 2023-12-22 12:16:34 --> Session: Class initialized using 'CodeIgniter\Session\Handlers\FileHandler' driver.
INFO - 2023-12-22 12:17:06 --> Session: Class initialized using 'CodeIgniter\Session\Handlers\FileHandler' driver.
INFO - 2023-12-22 12:20:23 --> Session: Class initialized using 'CodeIgniter\Session\Handlers\FileHandler' driver.
INFO - 2023-12-22 12:20:29 --> Session: Class initialized using 'CodeIgniter\Session\Handlers\FileHandler' driver.
INFO - 2023-12-22 12:25:04 --> Session: Class initialized using 'CodeIgniter\Session\Handlers\FileHandler' driver.
INFO - 2023-12-22 12:25:18 --> Session: Class initialized using 'CodeIgniter\Session\Handlers\FileHandler' driver.
INFO - 2023-12-22 12:25:24 --> Session: Class initialized using 'CodeIgniter\Session\Handlers\FileHandler' driver.
INFO - 2023-12-22 12:25:25 --> Session: Class initialized using 'CodeIgniter\Session\Handlers\FileHandler' driver.
INFO - 2023-12-22 12:25:25 --> Session: Class initialized using 'CodeIgniter\Session\Handlers\FileHandler' driver.
INFO - 2023-12-22 12:25:27 --> Session: Class initialized using 'CodeIgniter\Session\Handlers\FileHandler' driver.
INFO - 2023-12-22 12:26:13 --> Session: Class initialized using 'CodeIgniter\Session\Handlers\FileHandler' driver.
INFO - 2023-12-22 12:26:13 --> Session: Class initialized using 'CodeIgniter\Session\Handlers\FileHandler' driver.
INFO - 2023-12-22 12:26:14 --> Session: Class initialized using 'CodeIgniter\Session\Handlers\FileHandler' driver.
INFO - 2023-12-22 12:26:15 --> Session: Class initialized using 'CodeIgniter\Session\Handlers\FileHandler' driver.
INFO - 2023-12-22 12:26:16 --> Session: Class initialized using 'CodeIgniter\Session\Handlers\FileHandler' driver.
INFO - 2023-12-22 12:26:39 --> Session: Class initialized using 'CodeIgniter\Session\Handlers\FileHandler' driver.
INFO - 2023-12-22 12:26:51 --> Session: Class initialized using 'CodeIgniter\Session\Handlers\FileHandler' driver.
INFO - 2023-12-22 12:26:52 --> Session: Class initialized using 'CodeIgniter\Session\Handlers\FileHandler' driver.
INFO - 2023-12-22 12:28:32 --> Session: Class initialized using 'CodeIgniter\Session\Handlers\FileHandler' driver.
INFO - 2023-12-22 12:28:59 --> Session: Class initialized using 'CodeIgniter\Session\Handlers\FileHandler' driver.
INFO - 2023-12-22 12:29:51 --> Session: Class initialized using 'CodeIgniter\Session\Handlers\FileHandler' driver.
INFO - 2023-12-22 12:30:01 --> Session: Class initialized using 'CodeIgniter\Session\Handlers\FileHandler' driver.
INFO - 2023-12-22 12:30:29 --> Session: Class initialized using 'CodeIgniter\Session\Handlers\FileHandler' driver.
INFO - 2023-12-22 12:30:38 --> Session: Class initialized using 'CodeIgniter\Session\Handlers\FileHandler' driver.
INFO - 2023-12-22 12:30:41 --> Session: Class initialized using 'CodeIgniter\Session\Handlers\FileHandler' driver.
INFO - 2023-12-22 12:31:26 --> Session: Class initialized using 'CodeIgniter\Session\Handlers\FileHandler' driver.
INFO - 2023-12-22 12:34:01 --> Session: Class initialized using 'CodeIgniter\Session\Handlers\FileHandler' driver.
INFO - 2023-12-22 12:34:20 --> Session: Class initialized using 'CodeIgniter\Session\Handlers\FileHandler' driver.
INFO - 2023-12-22 12:34:40 --> Session: Class initialized using 'CodeIgniter\Session\Handlers\FileHandler' driver.
INFO - 2023-12-22 12:34:56 --> Session: Class initialized using 'CodeIgniter\Session\Handlers\FileHandler' driver.
INFO - 2023-12-22 12:35:19 --> Session: Class initialized using 'CodeIgniter\Session\Handlers\FileHandler' driver.
INFO - 2023-12-22 12:35:38 --> Session: Class initialized using 'CodeIgniter\Session\Handlers\FileHandler' driver.
INFO - 2023-12-22 12:36:19 --> Session: Class initialized using 'CodeIgniter\Session\Handlers\FileHandler' driver.
INFO - 2023-12-22 12:36:36 --> Session: Class initialized using 'CodeIgniter\Session\Handlers\FileHandler' driver.
INFO - 2023-12-22 12:36:53 --> Session: Class initialized using 'CodeIgniter\Session\Handlers\FileHandler' driver.
INFO - 2023-12-22 12:36:53 --> Session: Class initialized using 'CodeIgniter\Session\Handlers\FileHandler' driver.
INFO - 2023-12-22 12:36:59 --> Session: Class initialized using 'CodeIgniter\Session\Handlers\FileHandler' driver.
INFO - 2023-12-22 12:37:00 --> Session: Class initialized using 'CodeIgniter\Session\Handlers\FileHandler' driver.
INFO - 2023-12-22 12:37:10 --> Session: Class initialized using 'CodeIgniter\Session\Handlers\FileHandler' driver.
INFO - 2023-12-22 12:37:25 --> Session: Class initialized using 'CodeIgniter\Session\Handlers\FileHandler' driver.
INFO - 2023-12-22 12:37:26 --> Session: Class initialized using 'CodeIgniter\Session\Handlers\FileHandler' driver.
INFO - 2023-12-22 12:37:27 --> Session: Class initialized using 'CodeIgniter\Session\Handlers\FileHandler' driver.
INFO - 2023-12-22 12:46:27 --> Session: Class initialized using 'CodeIgniter\Session\Handlers\FileHandler' driver.
INFO - 2023-12-22 12:46:28 --> Session: Class initialized using 'CodeIgniter\Session\Handlers\FileHandler' driver.
INFO - 2023-12-22 12:46:28 --> Session: Class initialized using 'CodeIgniter\Session\Handlers\FileHandler' driver.
INFO - 2023-12-22 12:46:29 --> Session: Class initialized using 'CodeIgniter\Session\Handlers\FileHandler' driver.
INFO - 2023-12-22 12:47:16 --> Session: Class initialized using 'CodeIgniter\Session\Handlers\FileHandler' driver.
INFO - 2023-12-22 12:47:16 --> Session: Class initialized using 'CodeIgniter\Session\Handlers\FileHandler' driver.
INFO - 2023-12-22 12:48:20 --> Session: Class initialized using 'CodeIgniter\Session\Handlers\FileHandler' driver.
INFO - 2023-12-22 12:48:21 --> Session: Class initialized using 'CodeIgniter\Session\Handlers\FileHandler' driver.
INFO - 2023-12-22 12:50:46 --> Session: Class initialized using 'CodeIgniter\Session\Handlers\FileHandler' driver.
INFO - 2023-12-22 12:50:46 --> Session: Class initialized using 'CodeIgniter\Session\Handlers\FileHandler' driver.
INFO - 2023-12-22 12:50:47 --> Session: Class initialized using 'CodeIgniter\Session\Handlers\FileHandler' driver.
INFO - 2023-12-22 12:51:11 --> Session: Class initialized using 'CodeIgniter\Session\Handlers\FileHandler' driver.
INFO - 2023-12-22 12:51:11 --> Session: Class initialized using 'CodeIgniter\Session\Handlers\FileHandler' driver.
INFO - 2023-12-22 12:53:08 --> Session: Class initialized using 'CodeIgniter\Session\Handlers\FileHandler' driver.
INFO - 2023-12-22 12:56:53 --> Session: Class initialized using 'CodeIgniter\Session\Handlers\FileHandler' driver.
INFO - 2023-12-22 12:56:53 --> Session: Class initialized using 'CodeIgniter\Session\Handlers\FileHandler' driver.
INFO - 2023-12-22 12:57:00 --> Session: Class initialized using 'CodeIgniter\Session\Handlers\FileHandler' driver.
