INFO - 2023-10-22 20:17:25 --> Session: Class initialized using 'CodeIgniter\Session\Handlers\FileHandler' driver.
INFO - 2023-10-22 20:17:34 --> Session: Class initialized using 'CodeIgniter\Session\Handlers\FileHandler' driver.
INFO - 2023-10-22 20:17:39 --> Session: Class initialized using 'CodeIgniter\Session\Handlers\FileHandler' driver.
INFO - 2023-10-22 20:17:39 --> Session: Class initialized using 'CodeIgniter\Session\Handlers\FileHandler' driver.
INFO - 2023-10-22 20:17:44 --> Session: Class initialized using 'CodeIgniter\Session\Handlers\FileHandler' driver.
INFO - 2023-10-22 20:25:37 --> Session: Class initialized using 'CodeIgniter\Session\Handlers\FileHandler' driver.
ERROR - 2023-10-22 20:26:06 --> Email: sendWithMail throwed ErrorException: mail(): Failed to connect to mailserver at &quot;localhost&quot; port 25, verify your &quot;SMTP&quot; and &quot;smtp_port&quot; setting in php.ini or use ini_set() in C:\xampp\htdocs\general\vendor\codeigniter4\framework\system\Email\Email.php:1735
Stack trace:
#0 [internal function]: CodeIgniter\Debug\Exceptions->errorHandler(2, 'mail(): Failed ...', 'C:\\xampp\\htdocs...', 1735, Array)
#1 C:\xampp\htdocs\general\vendor\codeigniter4\framework\system\Email\Email.php(1735): mail('dekpiano4815@gm...', '=?UTF-8?Q?HTML=...', 'This is a multi...', 'Date: Sun, 22 O...', '-f dekpiano@skj...')
#2 C:\xampp\htdocs\general\vendor\codeigniter4\framework\system\Email\Email.php(1667): CodeIgniter\Email\Email->sendWithMail()
#3 C:\xampp\htdocs\general\vendor\codeigniter4\framework\system\Email\Email.php(1565): CodeIgniter\Email\Email->spoolEmail()
#4 C:\xampp\htdocs\general\app\Controllers\ConUserRepair.php(138): CodeIgniter\Email\Email->send()
#5 C:\xampp\htdocs\general\vendor\codeigniter4\framework\system\CodeIgniter.php(934): App\Controllers\ConUserRepair->RepairInsert()
#6 C:\xampp\htdocs\general\vendor\codeigniter4\framework\system\CodeIgniter.php(499): CodeIgniter\CodeIgniter->runController(Object(App\Controllers\ConUserRepair))
#7 C:\xampp\htdocs\general\vendor\codeigniter4\framework\system\CodeIgniter.php(368): CodeIgniter\CodeIgniter->handleRequest(NULL, Object(Config\Cache), false)
#8 C:\xampp\htdocs\general\index.php(67): CodeIgniter\CodeIgniter->run()
#9 {main}
ERROR - 2023-10-22 20:26:06 --> Email: Unable to send email using PHP mail(). Your server might not be configured to send mail using this method.
ERROR - 2023-10-22 20:26:06 --> 
INFO - 2023-10-22 20:28:09 --> Session: Class initialized using 'CodeIgniter\Session\Handlers\FileHandler' driver.
ERROR - 2023-10-22 20:28:33 --> Email: sendWithMail throwed ErrorException: mail(): Failed to connect to mailserver at &quot;localhost&quot; port 25, verify your &quot;SMTP&quot; and &quot;smtp_port&quot; setting in php.ini or use ini_set() in C:\xampp\htdocs\general\vendor\codeigniter4\framework\system\Email\Email.php:1735
Stack trace:
#0 [internal function]: CodeIgniter\Debug\Exceptions->errorHandler(2, 'mail(): Failed ...', 'C:\\xampp\\htdocs...', 1735, Array)
#1 C:\xampp\htdocs\general\vendor\codeigniter4\framework\system\Email\Email.php(1735): mail('dekpiano4815@gm...', '=?UTF-8?Q?HTML=...', 'This is a multi...', 'Date: Sun, 22 O...', '-f dekpiano@skj...')
#2 C:\xampp\htdocs\general\vendor\codeigniter4\framework\system\Email\Email.php(1667): CodeIgniter\Email\Email->sendWithMail()
#3 C:\xampp\htdocs\general\vendor\codeigniter4\framework\system\Email\Email.php(1565): CodeIgniter\Email\Email->spoolEmail()
#4 C:\xampp\htdocs\general\app\Controllers\ConUserRepair.php(138): CodeIgniter\Email\Email->send()
#5 C:\xampp\htdocs\general\vendor\codeigniter4\framework\system\CodeIgniter.php(934): App\Controllers\ConUserRepair->RepairInsert()
#6 C:\xampp\htdocs\general\vendor\codeigniter4\framework\system\CodeIgniter.php(499): CodeIgniter\CodeIgniter->runController(Object(App\Controllers\ConUserRepair))
#7 C:\xampp\htdocs\general\vendor\codeigniter4\framework\system\CodeIgniter.php(368): CodeIgniter\CodeIgniter->handleRequest(NULL, Object(Config\Cache), false)
#8 C:\xampp\htdocs\general\index.php(67): CodeIgniter\CodeIgniter->run()
#9 {main}
ERROR - 2023-10-22 20:28:33 --> Email: Unable to send email using PHP mail(). Your server might not be configured to send mail using this method.
ERROR - 2023-10-22 20:28:33 --> 
INFO - 2023-10-22 20:30:26 --> Session: Class initialized using 'CodeIgniter\Session\Handlers\FileHandler' driver.
INFO - 2023-10-22 20:35:07 --> Session: Class initialized using 'CodeIgniter\Session\Handlers\FileHandler' driver.
INFO - 2023-10-22 20:35:20 --> Session: Class initialized using 'CodeIgniter\Session\Handlers\FileHandler' driver.
INFO - 2023-10-22 20:36:10 --> Session: Class initialized using 'CodeIgniter\Session\Handlers\FileHandler' driver.
ERROR - 2023-10-22 20:36:31 --> Email: sendWithMail throwed ErrorException: mail(): Failed to connect to mailserver at &quot;localhost&quot; port 25, verify your &quot;SMTP&quot; and &quot;smtp_port&quot; setting in php.ini or use ini_set() in C:\xampp\htdocs\general\vendor\codeigniter4\framework\system\Email\Email.php:1735
Stack trace:
#0 [internal function]: CodeIgniter\Debug\Exceptions->errorHandler(2, 'mail(): Failed ...', 'C:\\xampp\\htdocs...', 1735, Array)
#1 C:\xampp\htdocs\general\vendor\codeigniter4\framework\system\Email\Email.php(1735): mail('dekpiano4815@gm...', '=?UTF-8?Q?HTML=...', 'This is a multi...', 'Date: Sun, 22 O...', '-f dekpiano@skj...')
#2 C:\xampp\htdocs\general\vendor\codeigniter4\framework\system\Email\Email.php(1667): CodeIgniter\Email\Email->sendWithMail()
#3 C:\xampp\htdocs\general\vendor\codeigniter4\framework\system\Email\Email.php(1565): CodeIgniter\Email\Email->spoolEmail()
#4 C:\xampp\htdocs\general\app\Controllers\ConUserRepair.php(140): CodeIgniter\Email\Email->send()
#5 C:\xampp\htdocs\general\vendor\codeigniter4\framework\system\CodeIgniter.php(934): App\Controllers\ConUserRepair->RepairInsert()
#6 C:\xampp\htdocs\general\vendor\codeigniter4\framework\system\CodeIgniter.php(499): CodeIgniter\CodeIgniter->runController(Object(App\Controllers\ConUserRepair))
#7 C:\xampp\htdocs\general\vendor\codeigniter4\framework\system\CodeIgniter.php(368): CodeIgniter\CodeIgniter->handleRequest(NULL, Object(Config\Cache), false)
#8 C:\xampp\htdocs\general\index.php(67): CodeIgniter\CodeIgniter->run()
#9 {main}
ERROR - 2023-10-22 20:36:31 --> Email: Unable to send email using PHP mail(). Your server might not be configured to send mail using this method.
ERROR - 2023-10-22 20:36:31 --> 
INFO - 2023-10-22 20:41:56 --> Session: Class initialized using 'CodeIgniter\Session\Handlers\FileHandler' driver.
ERROR - 2023-10-22 20:42:18 --> Email: sendWithMail throwed ErrorException: mail(): Failed to connect to mailserver at &quot;localhost&quot; port 25, verify your &quot;SMTP&quot; and &quot;smtp_port&quot; setting in php.ini or use ini_set() in C:\xampp\htdocs\general\vendor\codeigniter4\framework\system\Email\Email.php:1735
Stack trace:
#0 [internal function]: CodeIgniter\Debug\Exceptions->errorHandler(2, 'mail(): Failed ...', 'C:\\xampp\\htdocs...', 1735, Array)
#1 C:\xampp\htdocs\general\vendor\codeigniter4\framework\system\Email\Email.php(1735): mail('dekpiano4815@gm...', '=?UTF-8?Q?HTML=...', 'This is a multi...', 'Date: Sun, 22 O...', '-f dekpiano@skj...')
#2 C:\xampp\htdocs\general\vendor\codeigniter4\framework\system\Email\Email.php(1667): CodeIgniter\Email\Email->sendWithMail()
#3 C:\xampp\htdocs\general\vendor\codeigniter4\framework\system\Email\Email.php(1565): CodeIgniter\Email\Email->spoolEmail()
#4 C:\xampp\htdocs\general\app\Controllers\ConUserRepair.php(140): CodeIgniter\Email\Email->send()
#5 C:\xampp\htdocs\general\vendor\codeigniter4\framework\system\CodeIgniter.php(934): App\Controllers\ConUserRepair->RepairInsert()
#6 C:\xampp\htdocs\general\vendor\codeigniter4\framework\system\CodeIgniter.php(499): CodeIgniter\CodeIgniter->runController(Object(App\Controllers\ConUserRepair))
#7 C:\xampp\htdocs\general\vendor\codeigniter4\framework\system\CodeIgniter.php(368): CodeIgniter\CodeIgniter->handleRequest(NULL, Object(Config\Cache), false)
#8 C:\xampp\htdocs\general\index.php(67): CodeIgniter\CodeIgniter->run()
#9 {main}
ERROR - 2023-10-22 20:42:18 --> Email: Unable to send email using PHP mail(). Your server might not be configured to send mail using this method.
ERROR - 2023-10-22 20:42:18 --> 
INFO - 2023-10-22 20:48:04 --> Session: Class initialized using 'CodeIgniter\Session\Handlers\FileHandler' driver.
ERROR - 2023-10-22 20:48:28 --> Email: sendWithMail throwed ErrorException: mail(): Failed to connect to mailserver at &quot;localhost&quot; port 25, verify your &quot;SMTP&quot; and &quot;smtp_port&quot; setting in php.ini or use ini_set() in C:\xampp\htdocs\general\vendor\codeigniter4\framework\system\Email\Email.php:1735
Stack trace:
#0 [internal function]: CodeIgniter\Debug\Exceptions->errorHandler(2, 'mail(): Failed ...', 'C:\\xampp\\htdocs...', 1735, Array)
#1 C:\xampp\htdocs\general\vendor\codeigniter4\framework\system\Email\Email.php(1735): mail('dekpiano4815@gm...', '=?UTF-8?Q?HTML=...', 'This is a multi...', 'Date: Sun, 22 O...', '-f dekpiano@skj...')
#2 C:\xampp\htdocs\general\vendor\codeigniter4\framework\system\Email\Email.php(1667): CodeIgniter\Email\Email->sendWithMail()
#3 C:\xampp\htdocs\general\vendor\codeigniter4\framework\system\Email\Email.php(1565): CodeIgniter\Email\Email->spoolEmail()
#4 C:\xampp\htdocs\general\app\Controllers\ConUserRepair.php(140): CodeIgniter\Email\Email->send()
#5 C:\xampp\htdocs\general\vendor\codeigniter4\framework\system\CodeIgniter.php(934): App\Controllers\ConUserRepair->RepairInsert()
#6 C:\xampp\htdocs\general\vendor\codeigniter4\framework\system\CodeIgniter.php(499): CodeIgniter\CodeIgniter->runController(Object(App\Controllers\ConUserRepair))
#7 C:\xampp\htdocs\general\vendor\codeigniter4\framework\system\CodeIgniter.php(368): CodeIgniter\CodeIgniter->handleRequest(NULL, Object(Config\Cache), false)
#8 C:\xampp\htdocs\general\index.php(67): CodeIgniter\CodeIgniter->run()
#9 {main}
ERROR - 2023-10-22 20:48:28 --> Email: Unable to send email using PHP mail(). Your server might not be configured to send mail using this method.
ERROR - 2023-10-22 20:48:28 --> 
INFO - 2023-10-22 21:13:02 --> Session: Class initialized using 'CodeIgniter\Session\Handlers\FileHandler' driver.
INFO - 2023-10-22 21:13:04 --> Session: Class initialized using 'CodeIgniter\Session\Handlers\FileHandler' driver.
INFO - 2023-10-22 21:20:35 --> Session: Class initialized using 'CodeIgniter\Session\Handlers\FileHandler' driver.
INFO - 2023-10-22 21:21:29 --> Session: Class initialized using 'CodeIgniter\Session\Handlers\FileHandler' driver.
INFO - 2023-10-22 21:24:57 --> Session: Class initialized using 'CodeIgniter\Session\Handlers\FileHandler' driver.
