INFO - 2023-06-06 01:49:08 --> Session: Class initialized using 'CodeIgniter\Session\Handlers\FileHandler' driver.
CRITICAL - 2023-06-06 01:49:09 --> Undefined array key "expires_in"
in C:\xampp\htdocs\librarie_skj\google_sheet\vendor\google\apiclient\src\Google\Client.php on line 469.
 1 C:\xampp\htdocs\librarie_skj\google_sheet\vendor\google\apiclient\src\Google\Client.php(469): CodeIgniter\Debug\Exceptions->errorHandler(2, 'Undefined array key "expires_in"', 'C:\\xampp\\htdocs\\librarie_skj\\google_sheet\\vendor\\google\\apiclient\\src\\Google\\Client.php', 469)
 2 C:\xampp\htdocs\librarie_skj\google_sheet\vendor\google\apiclient\src\Google\Client.php(358): Google_Client->isAccessTokenExpired()
 3 C:\xampp\htdocs\librarie_skj\google_sheet\vendor\google\apiclient\src\Google\Client.php(776): Google_Client->authorize()
 4 C:\xampp\htdocs\librarie_skj\google_sheet\vendor\google\apiclient\src\Google\Service\Resource.php(232): Google_Client->execute(Object(GuzzleHttp\Psr7\Request), 'Google\\Service\\Oauth2\\Userinfo')
 5 C:\xampp\htdocs\librarie_skj\google_sheet\vendor\google\apiclient-services\src\Oauth2\Resource\Userinfo.php(42): Google_Service_Resource->call('get', [...], 'Google\\Service\\Oauth2\\Userinfo')
 6 APPPATH\Controllers\ConUserHome.php(65): Google\Service\Oauth2\Resource\Userinfo->get()
 7 SYSTEMPATH\CodeIgniter.php(934): App\Controllers\ConUserHome->LoginEoffice()
 8 SYSTEMPATH\CodeIgniter.php(499): CodeIgniter\CodeIgniter->runController(Object(App\Controllers\ConUserHome))
 9 SYSTEMPATH\CodeIgniter.php(368): CodeIgniter\CodeIgniter->handleRequest(null, Object(Config\Cache), false)
10 FCPATH\index.php(67): CodeIgniter\CodeIgniter->run()
INFO - 2023-06-06 01:51:16 --> Session: Class initialized using 'CodeIgniter\Session\Handlers\FileHandler' driver.
INFO - 2023-06-06 01:51:20 --> Session: Class initialized using 'CodeIgniter\Session\Handlers\FileHandler' driver.
CRITICAL - 2023-06-06 01:51:20 --> Undefined array key "expires_in"
in C:\xampp\htdocs\librarie_skj\google_sheet\vendor\google\apiclient\src\Google\Client.php on line 469.
 1 C:\xampp\htdocs\librarie_skj\google_sheet\vendor\google\apiclient\src\Google\Client.php(469): CodeIgniter\Debug\Exceptions->errorHandler(2, 'Undefined array key "expires_in"', 'C:\\xampp\\htdocs\\librarie_skj\\google_sheet\\vendor\\google\\apiclient\\src\\Google\\Client.php', 469)
 2 C:\xampp\htdocs\librarie_skj\google_sheet\vendor\google\apiclient\src\Google\Client.php(358): Google_Client->isAccessTokenExpired()
 3 C:\xampp\htdocs\librarie_skj\google_sheet\vendor\google\apiclient\src\Google\Client.php(776): Google_Client->authorize()
 4 C:\xampp\htdocs\librarie_skj\google_sheet\vendor\google\apiclient\src\Google\Service\Resource.php(232): Google_Client->execute(Object(GuzzleHttp\Psr7\Request), 'Google\\Service\\Oauth2\\Userinfo')
 5 C:\xampp\htdocs\librarie_skj\google_sheet\vendor\google\apiclient-services\src\Oauth2\Resource\Userinfo.php(42): Google_Service_Resource->call('get', [...], 'Google\\Service\\Oauth2\\Userinfo')
 6 APPPATH\Controllers\ConUserHome.php(66): Google\Service\Oauth2\Resource\Userinfo->get()
 7 SYSTEMPATH\CodeIgniter.php(934): App\Controllers\ConUserHome->LoginEoffice()
 8 SYSTEMPATH\CodeIgniter.php(499): CodeIgniter\CodeIgniter->runController(Object(App\Controllers\ConUserHome))
 9 SYSTEMPATH\CodeIgniter.php(368): CodeIgniter\CodeIgniter->handleRequest(null, Object(Config\Cache), false)
10 FCPATH\index.php(67): CodeIgniter\CodeIgniter->run()
INFO - 2023-06-06 02:03:10 --> Session: Class initialized using 'CodeIgniter\Session\Handlers\FileHandler' driver.
CRITICAL - 2023-06-06 02:03:10 --> Undefined array key "expires_in"
in C:\xampp\htdocs\librarie_skj\google_sheet\vendor\google\apiclient\src\Google\Client.php on line 469.
 1 C:\xampp\htdocs\librarie_skj\google_sheet\vendor\google\apiclient\src\Google\Client.php(469): CodeIgniter\Debug\Exceptions->errorHandler(2, 'Undefined array key "expires_in"', 'C:\\xampp\\htdocs\\librarie_skj\\google_sheet\\vendor\\google\\apiclient\\src\\Google\\Client.php', 469)
 2 C:\xampp\htdocs\librarie_skj\google_sheet\vendor\google\apiclient\src\Google\Client.php(358): Google_Client->isAccessTokenExpired()
 3 C:\xampp\htdocs\librarie_skj\google_sheet\vendor\google\apiclient\src\Google\Client.php(776): Google_Client->authorize()
 4 C:\xampp\htdocs\librarie_skj\google_sheet\vendor\google\apiclient\src\Google\Service\Resource.php(232): Google_Client->execute(Object(GuzzleHttp\Psr7\Request), 'Google\\Service\\Oauth2\\Userinfo')
 5 C:\xampp\htdocs\librarie_skj\google_sheet\vendor\google\apiclient-services\src\Oauth2\Resource\Userinfo.php(42): Google_Service_Resource->call('get', [...], 'Google\\Service\\Oauth2\\Userinfo')
 6 APPPATH\Controllers\ConUserHome.php(66): Google\Service\Oauth2\Resource\Userinfo->get()
 7 SYSTEMPATH\CodeIgniter.php(934): App\Controllers\ConUserHome->LoginEoffice()
 8 SYSTEMPATH\CodeIgniter.php(499): CodeIgniter\CodeIgniter->runController(Object(App\Controllers\ConUserHome))
 9 SYSTEMPATH\CodeIgniter.php(368): CodeIgniter\CodeIgniter->handleRequest(null, Object(Config\Cache), false)
10 FCPATH\index.php(67): CodeIgniter\CodeIgniter->run()
INFO - 2023-06-06 02:03:24 --> Session: Class initialized using 'CodeIgniter\Session\Handlers\FileHandler' driver.
INFO - 2023-06-06 02:03:43 --> Session: Class initialized using 'CodeIgniter\Session\Handlers\FileHandler' driver.
INFO - 2023-06-06 02:03:50 --> Session: Class initialized using 'CodeIgniter\Session\Handlers\FileHandler' driver.
CRITICAL - 2023-06-06 02:03:50 --> Undefined array key "expires_in"
in C:\xampp\htdocs\librarie_skj\google_sheet\vendor\google\apiclient\src\Google\Client.php on line 469.
 1 C:\xampp\htdocs\librarie_skj\google_sheet\vendor\google\apiclient\src\Google\Client.php(469): CodeIgniter\Debug\Exceptions->errorHandler(2, 'Undefined array key "expires_in"', 'C:\\xampp\\htdocs\\librarie_skj\\google_sheet\\vendor\\google\\apiclient\\src\\Google\\Client.php', 469)
 2 C:\xampp\htdocs\librarie_skj\google_sheet\vendor\google\apiclient\src\Google\Client.php(358): Google_Client->isAccessTokenExpired()
 3 C:\xampp\htdocs\librarie_skj\google_sheet\vendor\google\apiclient\src\Google\Client.php(776): Google_Client->authorize()
 4 C:\xampp\htdocs\librarie_skj\google_sheet\vendor\google\apiclient\src\Google\Service\Resource.php(232): Google_Client->execute(Object(GuzzleHttp\Psr7\Request), 'Google\\Service\\Oauth2\\Userinfo')
 5 C:\xampp\htdocs\librarie_skj\google_sheet\vendor\google\apiclient-services\src\Oauth2\Resource\Userinfo.php(42): Google_Service_Resource->call('get', [...], 'Google\\Service\\Oauth2\\Userinfo')
 6 APPPATH\Controllers\ConUserHome.php(66): Google\Service\Oauth2\Resource\Userinfo->get()
 7 SYSTEMPATH\CodeIgniter.php(934): App\Controllers\ConUserHome->LoginEoffice()
 8 SYSTEMPATH\CodeIgniter.php(499): CodeIgniter\CodeIgniter->runController(Object(App\Controllers\ConUserHome))
 9 SYSTEMPATH\CodeIgniter.php(368): CodeIgniter\CodeIgniter->handleRequest(null, Object(Config\Cache), false)
10 FCPATH\index.php(67): CodeIgniter\CodeIgniter->run()
INFO - 2023-06-06 02:06:40 --> Session: Class initialized using 'CodeIgniter\Session\Handlers\FileHandler' driver.
INFO - 2023-06-06 02:06:43 --> Session: Class initialized using 'CodeIgniter\Session\Handlers\FileHandler' driver.
CRITICAL - 2023-06-06 02:06:43 --> Undefined array key "expires_in"
in C:\xampp\htdocs\librarie_skj\google_sheet\vendor\google\apiclient\src\Google\Client.php on line 469.
 1 C:\xampp\htdocs\librarie_skj\google_sheet\vendor\google\apiclient\src\Google\Client.php(469): CodeIgniter\Debug\Exceptions->errorHandler(2, 'Undefined array key "expires_in"', 'C:\\xampp\\htdocs\\librarie_skj\\google_sheet\\vendor\\google\\apiclient\\src\\Google\\Client.php', 469)
 2 C:\xampp\htdocs\librarie_skj\google_sheet\vendor\google\apiclient\src\Google\Client.php(358): Google_Client->isAccessTokenExpired()
 3 C:\xampp\htdocs\librarie_skj\google_sheet\vendor\google\apiclient\src\Google\Client.php(776): Google_Client->authorize()
 4 C:\xampp\htdocs\librarie_skj\google_sheet\vendor\google\apiclient\src\Google\Service\Resource.php(232): Google_Client->execute(Object(GuzzleHttp\Psr7\Request), 'Google\\Service\\Oauth2\\Userinfo')
 5 C:\xampp\htdocs\librarie_skj\google_sheet\vendor\google\apiclient-services\src\Oauth2\Resource\Userinfo.php(42): Google_Service_Resource->call('get', [...], 'Google\\Service\\Oauth2\\Userinfo')
 6 APPPATH\Controllers\ConUserHome.php(66): Google\Service\Oauth2\Resource\Userinfo->get()
 7 SYSTEMPATH\CodeIgniter.php(934): App\Controllers\ConUserHome->LoginEoffice()
 8 SYSTEMPATH\CodeIgniter.php(499): CodeIgniter\CodeIgniter->runController(Object(App\Controllers\ConUserHome))
 9 SYSTEMPATH\CodeIgniter.php(368): CodeIgniter\CodeIgniter->handleRequest(null, Object(Config\Cache), false)
10 FCPATH\index.php(67): CodeIgniter\CodeIgniter->run()
INFO - 2023-06-06 02:07:30 --> Session: Class initialized using 'CodeIgniter\Session\Handlers\FileHandler' driver.
INFO - 2023-06-06 02:07:33 --> Session: Class initialized using 'CodeIgniter\Session\Handlers\FileHandler' driver.
CRITICAL - 2023-06-06 02:07:33 --> Undefined array key "expires_in"
in C:\xampp\htdocs\librarie_skj\google_sheet\vendor\google\apiclient\src\Google\Client.php on line 469.
 1 C:\xampp\htdocs\librarie_skj\google_sheet\vendor\google\apiclient\src\Google\Client.php(469): CodeIgniter\Debug\Exceptions->errorHandler(2, 'Undefined array key "expires_in"', 'C:\\xampp\\htdocs\\librarie_skj\\google_sheet\\vendor\\google\\apiclient\\src\\Google\\Client.php', 469)
 2 C:\xampp\htdocs\librarie_skj\google_sheet\vendor\google\apiclient\src\Google\Client.php(358): Google_Client->isAccessTokenExpired()
 3 C:\xampp\htdocs\librarie_skj\google_sheet\vendor\google\apiclient\src\Google\Client.php(776): Google_Client->authorize()
 4 C:\xampp\htdocs\librarie_skj\google_sheet\vendor\google\apiclient\src\Google\Service\Resource.php(232): Google_Client->execute(Object(GuzzleHttp\Psr7\Request), 'Google\\Service\\Oauth2\\Userinfo')
 5 C:\xampp\htdocs\librarie_skj\google_sheet\vendor\google\apiclient-services\src\Oauth2\Resource\Userinfo.php(42): Google_Service_Resource->call('get', [...], 'Google\\Service\\Oauth2\\Userinfo')
 6 APPPATH\Controllers\ConUserHome.php(66): Google\Service\Oauth2\Resource\Userinfo->get()
 7 SYSTEMPATH\CodeIgniter.php(934): App\Controllers\ConUserHome->LoginEoffice()
 8 SYSTEMPATH\CodeIgniter.php(499): CodeIgniter\CodeIgniter->runController(Object(App\Controllers\ConUserHome))
 9 SYSTEMPATH\CodeIgniter.php(368): CodeIgniter\CodeIgniter->handleRequest(null, Object(Config\Cache), false)
10 FCPATH\index.php(67): CodeIgniter\CodeIgniter->run()
INFO - 2023-06-06 02:08:29 --> Session: Class initialized using 'CodeIgniter\Session\Handlers\FileHandler' driver.
INFO - 2023-06-06 02:08:33 --> Session: Class initialized using 'CodeIgniter\Session\Handlers\FileHandler' driver.
CRITICAL - 2023-06-06 02:08:33 --> Undefined array key "expires_in"
in C:\xampp\htdocs\librarie_skj\google_sheet\vendor\google\apiclient\src\Google\Client.php on line 469.
 1 C:\xampp\htdocs\librarie_skj\google_sheet\vendor\google\apiclient\src\Google\Client.php(469): CodeIgniter\Debug\Exceptions->errorHandler(2, 'Undefined array key "expires_in"', 'C:\\xampp\\htdocs\\librarie_skj\\google_sheet\\vendor\\google\\apiclient\\src\\Google\\Client.php', 469)
 2 C:\xampp\htdocs\librarie_skj\google_sheet\vendor\google\apiclient\src\Google\Client.php(358): Google_Client->isAccessTokenExpired()
 3 C:\xampp\htdocs\librarie_skj\google_sheet\vendor\google\apiclient\src\Google\Client.php(776): Google_Client->authorize()
 4 C:\xampp\htdocs\librarie_skj\google_sheet\vendor\google\apiclient\src\Google\Service\Resource.php(232): Google_Client->execute(Object(GuzzleHttp\Psr7\Request), 'Google\\Service\\Oauth2\\Userinfo')
 5 C:\xampp\htdocs\librarie_skj\google_sheet\vendor\google\apiclient-services\src\Oauth2\Resource\Userinfo.php(42): Google_Service_Resource->call('get', [...], 'Google\\Service\\Oauth2\\Userinfo')
 6 APPPATH\Controllers\ConUserHome.php(66): Google\Service\Oauth2\Resource\Userinfo->get()
 7 SYSTEMPATH\CodeIgniter.php(934): App\Controllers\ConUserHome->LoginEoffice()
 8 SYSTEMPATH\CodeIgniter.php(499): CodeIgniter\CodeIgniter->runController(Object(App\Controllers\ConUserHome))
 9 SYSTEMPATH\CodeIgniter.php(368): CodeIgniter\CodeIgniter->handleRequest(null, Object(Config\Cache), false)
10 FCPATH\index.php(67): CodeIgniter\CodeIgniter->run()
INFO - 2023-06-06 02:10:55 --> Session: Class initialized using 'CodeIgniter\Session\Handlers\FileHandler' driver.
CRITICAL - 2023-06-06 02:10:55 --> Undefined array key "expires_in"
in C:\xampp\htdocs\librarie_skj\google_sheet\vendor\google\apiclient\src\Google\Client.php on line 469.
 1 C:\xampp\htdocs\librarie_skj\google_sheet\vendor\google\apiclient\src\Google\Client.php(469): CodeIgniter\Debug\Exceptions->errorHandler(2, 'Undefined array key "expires_in"', 'C:\\xampp\\htdocs\\librarie_skj\\google_sheet\\vendor\\google\\apiclient\\src\\Google\\Client.php', 469)
 2 C:\xampp\htdocs\librarie_skj\google_sheet\vendor\google\apiclient\src\Google\Client.php(358): Google_Client->isAccessTokenExpired()
 3 C:\xampp\htdocs\librarie_skj\google_sheet\vendor\google\apiclient\src\Google\Client.php(776): Google_Client->authorize()
 4 C:\xampp\htdocs\librarie_skj\google_sheet\vendor\google\apiclient\src\Google\Service\Resource.php(232): Google_Client->execute(Object(GuzzleHttp\Psr7\Request), 'Google\\Service\\Oauth2\\Userinfo')
 5 C:\xampp\htdocs\librarie_skj\google_sheet\vendor\google\apiclient-services\src\Oauth2\Resource\Userinfo.php(42): Google_Service_Resource->call('get', [...], 'Google\\Service\\Oauth2\\Userinfo')
 6 APPPATH\Controllers\ConUserHome.php(66): Google\Service\Oauth2\Resource\Userinfo->get()
 7 SYSTEMPATH\CodeIgniter.php(934): App\Controllers\ConUserHome->LoginEoffice()
 8 SYSTEMPATH\CodeIgniter.php(499): CodeIgniter\CodeIgniter->runController(Object(App\Controllers\ConUserHome))
 9 SYSTEMPATH\CodeIgniter.php(368): CodeIgniter\CodeIgniter->handleRequest(null, Object(Config\Cache), false)
10 FCPATH\index.php(67): CodeIgniter\CodeIgniter->run()
INFO - 2023-06-06 02:13:46 --> Session: Class initialized using 'CodeIgniter\Session\Handlers\FileHandler' driver.
CRITICAL - 2023-06-06 02:13:46 --> Undefined array key "expires_in"
in C:\xampp\htdocs\librarie_skj\google_sheet\vendor\google\apiclient\src\Google\Client.php on line 469.
 1 C:\xampp\htdocs\librarie_skj\google_sheet\vendor\google\apiclient\src\Google\Client.php(469): CodeIgniter\Debug\Exceptions->errorHandler(2, 'Undefined array key "expires_in"', 'C:\\xampp\\htdocs\\librarie_skj\\google_sheet\\vendor\\google\\apiclient\\src\\Google\\Client.php', 469)
 2 C:\xampp\htdocs\librarie_skj\google_sheet\vendor\google\apiclient\src\Google\Client.php(358): Google_Client->isAccessTokenExpired()
 3 C:\xampp\htdocs\librarie_skj\google_sheet\vendor\google\apiclient\src\Google\Client.php(776): Google_Client->authorize()
 4 C:\xampp\htdocs\librarie_skj\google_sheet\vendor\google\apiclient\src\Google\Service\Resource.php(232): Google_Client->execute(Object(GuzzleHttp\Psr7\Request), 'Google\\Service\\Oauth2\\Userinfo')
 5 C:\xampp\htdocs\librarie_skj\google_sheet\vendor\google\apiclient-services\src\Oauth2\Resource\Userinfo.php(42): Google_Service_Resource->call('get', [...], 'Google\\Service\\Oauth2\\Userinfo')
 6 APPPATH\Controllers\ConUserHome.php(66): Google\Service\Oauth2\Resource\Userinfo->get()
 7 SYSTEMPATH\CodeIgniter.php(934): App\Controllers\ConUserHome->LoginEoffice()
 8 SYSTEMPATH\CodeIgniter.php(499): CodeIgniter\CodeIgniter->runController(Object(App\Controllers\ConUserHome))
 9 SYSTEMPATH\CodeIgniter.php(368): CodeIgniter\CodeIgniter->handleRequest(null, Object(Config\Cache), false)
10 FCPATH\index.php(67): CodeIgniter\CodeIgniter->run()
CRITICAL - 2023-06-06 02:15:33 --> Call to a member function fetchAccessTokenWithAuthCode() on null
in APPPATH\Controllers\ConUserHome.php on line 55.
 1 SYSTEMPATH\CodeIgniter.php(934): App\Controllers\ConUserHome->LoginEoffice()
 2 SYSTEMPATH\CodeIgniter.php(499): CodeIgniter\CodeIgniter->runController(Object(App\Controllers\ConUserHome))
 3 SYSTEMPATH\CodeIgniter.php(368): CodeIgniter\CodeIgniter->handleRequest(null, Object(Config\Cache), false)
 4 FCPATH\index.php(67): CodeIgniter\CodeIgniter->run()
CRITICAL - 2023-06-06 02:15:37 --> Call to a member function createAuthUrl() on null
in APPPATH\Controllers\ConUserHome.php on line 44.
 1 SYSTEMPATH\CodeIgniter.php(934): App\Controllers\ConUserHome->index()
 2 SYSTEMPATH\CodeIgniter.php(499): CodeIgniter\CodeIgniter->runController(Object(App\Controllers\ConUserHome))
 3 SYSTEMPATH\CodeIgniter.php(368): CodeIgniter\CodeIgniter->handleRequest(null, Object(Config\Cache), false)
 4 FCPATH\index.php(67): CodeIgniter\CodeIgniter->run()
CRITICAL - 2023-06-06 02:15:39 --> Call to a member function createAuthUrl() on null
in APPPATH\Controllers\ConUserHome.php on line 44.
 1 SYSTEMPATH\CodeIgniter.php(934): App\Controllers\ConUserHome->index()
 2 SYSTEMPATH\CodeIgniter.php(499): CodeIgniter\CodeIgniter->runController(Object(App\Controllers\ConUserHome))
 3 SYSTEMPATH\CodeIgniter.php(368): CodeIgniter\CodeIgniter->handleRequest(null, Object(Config\Cache), false)
 4 FCPATH\index.php(67): CodeIgniter\CodeIgniter->run()
CRITICAL - 2023-06-06 02:17:16 --> Call to a member function createAuthUrl() on null
in APPPATH\Controllers\ConUserHome.php on line 44.
 1 SYSTEMPATH\CodeIgniter.php(934): App\Controllers\ConUserHome->index()
 2 SYSTEMPATH\CodeIgniter.php(499): CodeIgniter\CodeIgniter->runController(Object(App\Controllers\ConUserHome))
 3 SYSTEMPATH\CodeIgniter.php(368): CodeIgniter\CodeIgniter->handleRequest(null, Object(Config\Cache), false)
 4 FCPATH\index.php(67): CodeIgniter\CodeIgniter->run()
CRITICAL - 2023-06-06 02:17:39 --> Undefined variable $googleClient
in APPPATH\Controllers\ConUserHome.php on line 44.
 1 APPPATH\Controllers\ConUserHome.php(44): CodeIgniter\Debug\Exceptions->errorHandler(2, 'Undefined variable $googleClient', 'C:\\xampp\\htdocs\\eoffice\\app\\Controllers\\ConUserHome.php', 44)
 2 SYSTEMPATH\CodeIgniter.php(934): App\Controllers\ConUserHome->index()
 3 SYSTEMPATH\CodeIgniter.php(499): CodeIgniter\CodeIgniter->runController(Object(App\Controllers\ConUserHome))
 4 SYSTEMPATH\CodeIgniter.php(368): CodeIgniter\CodeIgniter->handleRequest(null, Object(Config\Cache), false)
 5 FCPATH\index.php(67): CodeIgniter\CodeIgniter->run()
CRITICAL - 2023-06-06 02:18:09 --> Undefined variable $redirect_uri
in APPPATH\Controllers\ConUserHome.php on line 37.
 1 APPPATH\Controllers\ConUserHome.php(37): CodeIgniter\Debug\Exceptions->errorHandler(2, 'Undefined variable $redirect_uri', 'C:\\xampp\\htdocs\\eoffice\\app\\Controllers\\ConUserHome.php', 37)
 2 SYSTEMPATH\CodeIgniter.php(934): App\Controllers\ConUserHome->index()
 3 SYSTEMPATH\CodeIgniter.php(499): CodeIgniter\CodeIgniter->runController(Object(App\Controllers\ConUserHome))
 4 SYSTEMPATH\CodeIgniter.php(368): CodeIgniter\CodeIgniter->handleRequest(null, Object(Config\Cache), false)
 5 FCPATH\index.php(67): CodeIgniter\CodeIgniter->run()
CRITICAL - 2023-06-06 02:23:35 --> Undefined property: App\Controllers\ConUserHome::$session
in APPPATH\Controllers\ConUserHome.php on line 57.
 1 APPPATH\Controllers\ConUserHome.php(57): CodeIgniter\Debug\Exceptions->errorHandler(2, 'Undefined property: App\\Controllers\\ConUserHome::$session', 'C:\\xampp\\htdocs\\eoffice\\app\\Controllers\\ConUserHome.php', 57)
 2 SYSTEMPATH\CodeIgniter.php(934): App\Controllers\ConUserHome->index()
 3 SYSTEMPATH\CodeIgniter.php(499): CodeIgniter\CodeIgniter->runController(Object(App\Controllers\ConUserHome))
 4 SYSTEMPATH\CodeIgniter.php(368): CodeIgniter\CodeIgniter->handleRequest(null, Object(Config\Cache), false)
 5 FCPATH\index.php(67): CodeIgniter\CodeIgniter->run()
CRITICAL - 2023-06-06 02:24:07 --> Undefined property: App\Controllers\ConUserHome::$session
in APPPATH\Controllers\ConUserHome.php on line 57.
 1 APPPATH\Controllers\ConUserHome.php(57): CodeIgniter\Debug\Exceptions->errorHandler(2, 'Undefined property: App\\Controllers\\ConUserHome::$session', 'C:\\xampp\\htdocs\\eoffice\\app\\Controllers\\ConUserHome.php', 57)
 2 SYSTEMPATH\CodeIgniter.php(934): App\Controllers\ConUserHome->index()
 3 SYSTEMPATH\CodeIgniter.php(499): CodeIgniter\CodeIgniter->runController(Object(App\Controllers\ConUserHome))
 4 SYSTEMPATH\CodeIgniter.php(368): CodeIgniter\CodeIgniter->handleRequest(null, Object(Config\Cache), false)
 5 FCPATH\index.php(67): CodeIgniter\CodeIgniter->run()
CRITICAL - 2023-06-06 02:25:42 --> syntax error, unexpected variable "$googleService"
in APPPATH\Controllers\ConUserHome.php on line 48.
 1 SYSTEMPATH\Autoloader\Autoloader.php(289): CodeIgniter\Autoloader\Autoloader->includeFile('C:\\xampp\\htdocs\\eoffice\\app\\Controllers\\ConUserHome.php')
 2 SYSTEMPATH\Autoloader\Autoloader.php(267): CodeIgniter\Autoloader\Autoloader->loadInNamespace('App\\Controllers\\ConUserHome')
 3 [internal function]: CodeIgniter\Autoloader\Autoloader->loadClass('App\\Controllers\\ConUserHome')
 4 SYSTEMPATH\CodeIgniter.php(892): class_exists('\\App\\Controllers\\ConUserHome', true)
 5 SYSTEMPATH\CodeIgniter.php(486): CodeIgniter\CodeIgniter->startController()
 6 SYSTEMPATH\CodeIgniter.php(368): CodeIgniter\CodeIgniter->handleRequest(null, Object(Config\Cache), false)
 7 FCPATH\index.php(67): CodeIgniter\CodeIgniter->run()
INFO - 2023-06-06 02:26:06 --> Session: Class initialized using 'CodeIgniter\Session\Handlers\FileHandler' driver.
CRITICAL - 2023-06-06 02:26:06 --> Undefined variable $GoogleButton
in APPPATH\Views\User\UserLeyout\UserMenuLeft.php on line 109.
 1 APPPATH\Views\User\UserLeyout\UserMenuLeft.php(109): CodeIgniter\Debug\Exceptions->errorHandler(2, 'Undefined variable $GoogleButton', 'C:\\xampp\\htdocs\\eoffice\\app\\Views\\User\\UserLeyout\\UserMenuLeft.php', 109)
 2 SYSTEMPATH\View\View.php(213): include('C:\\xampp\\htdocs\\eoffice\\app\\Views\\User\\UserLeyout\\UserMenuLeft.php')
 3 SYSTEMPATH\View\View.php(216): CodeIgniter\View\View->CodeIgniter\View\{closure}()
 4 SYSTEMPATH\Common.php(1184): CodeIgniter\View\View->render('User/UserLeyout/UserMenuLeft', [], true)
 5 APPPATH\Controllers\ConUserHome.php(76): view('User/UserLeyout/UserMenuLeft')
 6 SYSTEMPATH\CodeIgniter.php(934): App\Controllers\ConUserHome->index()
 7 SYSTEMPATH\CodeIgniter.php(499): CodeIgniter\CodeIgniter->runController(Object(App\Controllers\ConUserHome))
 8 SYSTEMPATH\CodeIgniter.php(368): CodeIgniter\CodeIgniter->handleRequest(null, Object(Config\Cache), false)
 9 FCPATH\index.php(67): CodeIgniter\CodeIgniter->run()
CRITICAL - 2023-06-06 02:27:15 --> Undefined variable $GoogleButton
in APPPATH\Views\User\UserLeyout\UserMenuLeft.php on line 109.
 1 APPPATH\Views\User\UserLeyout\UserMenuLeft.php(109): CodeIgniter\Debug\Exceptions->errorHandler(2, 'Undefined variable $GoogleButton', 'C:\\xampp\\htdocs\\eoffice\\app\\Views\\User\\UserLeyout\\UserMenuLeft.php', 109)
 2 SYSTEMPATH\View\View.php(213): include('C:\\xampp\\htdocs\\eoffice\\app\\Views\\User\\UserLeyout\\UserMenuLeft.php')
 3 SYSTEMPATH\View\View.php(216): CodeIgniter\View\View->CodeIgniter\View\{closure}()
 4 SYSTEMPATH\Common.php(1184): CodeIgniter\View\View->render('User/UserLeyout/UserMenuLeft', [], true)
 5 APPPATH\Controllers\ConUserHome.php(75): view('User/UserLeyout/UserMenuLeft')
 6 SYSTEMPATH\CodeIgniter.php(934): App\Controllers\ConUserHome->index()
 7 SYSTEMPATH\CodeIgniter.php(499): CodeIgniter\CodeIgniter->runController(Object(App\Controllers\ConUserHome))
 8 SYSTEMPATH\CodeIgniter.php(368): CodeIgniter\CodeIgniter->handleRequest(null, Object(Config\Cache), false)
 9 FCPATH\index.php(67): CodeIgniter\CodeIgniter->run()
CRITICAL - 2023-06-06 02:27:18 --> Undefined variable $GoogleButton
in APPPATH\Views\User\UserLeyout\UserMenuLeft.php on line 109.
 1 APPPATH\Views\User\UserLeyout\UserMenuLeft.php(109): CodeIgniter\Debug\Exceptions->errorHandler(2, 'Undefined variable $GoogleButton', 'C:\\xampp\\htdocs\\eoffice\\app\\Views\\User\\UserLeyout\\UserMenuLeft.php', 109)
 2 SYSTEMPATH\View\View.php(213): include('C:\\xampp\\htdocs\\eoffice\\app\\Views\\User\\UserLeyout\\UserMenuLeft.php')
 3 SYSTEMPATH\View\View.php(216): CodeIgniter\View\View->CodeIgniter\View\{closure}()
 4 SYSTEMPATH\Common.php(1184): CodeIgniter\View\View->render('User/UserLeyout/UserMenuLeft', [], true)
 5 APPPATH\Controllers\ConUserHome.php(75): view('User/UserLeyout/UserMenuLeft')
 6 SYSTEMPATH\CodeIgniter.php(934): App\Controllers\ConUserHome->index()
 7 SYSTEMPATH\CodeIgniter.php(499): CodeIgniter\CodeIgniter->runController(Object(App\Controllers\ConUserHome))
 8 SYSTEMPATH\CodeIgniter.php(368): CodeIgniter\CodeIgniter->handleRequest(null, Object(Config\Cache), false)
 9 FCPATH\index.php(67): CodeIgniter\CodeIgniter->run()
CRITICAL - 2023-06-06 02:29:19 --> Undefined variable $GoogleButton
in APPPATH\Views\User\UserLeyout\UserMenuLeft.php on line 109.
 1 APPPATH\Views\User\UserLeyout\UserMenuLeft.php(109): CodeIgniter\Debug\Exceptions->errorHandler(2, 'Undefined variable $GoogleButton', 'C:\\xampp\\htdocs\\eoffice\\app\\Views\\User\\UserLeyout\\UserMenuLeft.php', 109)
 2 SYSTEMPATH\View\View.php(213): include('C:\\xampp\\htdocs\\eoffice\\app\\Views\\User\\UserLeyout\\UserMenuLeft.php')
 3 SYSTEMPATH\View\View.php(216): CodeIgniter\View\View->CodeIgniter\View\{closure}()
 4 SYSTEMPATH\Common.php(1184): CodeIgniter\View\View->render('User/UserLeyout/UserMenuLeft', [], true)
 5 APPPATH\Controllers\ConUserHome.php(75): view('User/UserLeyout/UserMenuLeft')
 6 SYSTEMPATH\CodeIgniter.php(934): App\Controllers\ConUserHome->index()
 7 SYSTEMPATH\CodeIgniter.php(499): CodeIgniter\CodeIgniter->runController(Object(App\Controllers\ConUserHome))
 8 SYSTEMPATH\CodeIgniter.php(368): CodeIgniter\CodeIgniter->handleRequest(null, Object(Config\Cache), false)
 9 FCPATH\index.php(67): CodeIgniter\CodeIgniter->run()
CRITICAL - 2023-06-06 02:29:24 --> Undefined variable $GoogleButton
in APPPATH\Views\User\UserLeyout\UserMenuLeft.php on line 109.
 1 APPPATH\Views\User\UserLeyout\UserMenuLeft.php(109): CodeIgniter\Debug\Exceptions->errorHandler(2, 'Undefined variable $GoogleButton', 'C:\\xampp\\htdocs\\eoffice\\app\\Views\\User\\UserLeyout\\UserMenuLeft.php', 109)
 2 SYSTEMPATH\View\View.php(213): include('C:\\xampp\\htdocs\\eoffice\\app\\Views\\User\\UserLeyout\\UserMenuLeft.php')
 3 SYSTEMPATH\View\View.php(216): CodeIgniter\View\View->CodeIgniter\View\{closure}()
 4 SYSTEMPATH\Common.php(1184): CodeIgniter\View\View->render('User/UserLeyout/UserMenuLeft', [], true)
 5 APPPATH\Controllers\ConUserHome.php(75): view('User/UserLeyout/UserMenuLeft')
 6 SYSTEMPATH\CodeIgniter.php(934): App\Controllers\ConUserHome->index()
 7 SYSTEMPATH\CodeIgniter.php(499): CodeIgniter\CodeIgniter->runController(Object(App\Controllers\ConUserHome))
 8 SYSTEMPATH\CodeIgniter.php(368): CodeIgniter\CodeIgniter->handleRequest(null, Object(Config\Cache), false)
 9 FCPATH\index.php(67): CodeIgniter\CodeIgniter->run()
CRITICAL - 2023-06-06 02:29:45 --> Undefined variable $GoogleButton
in APPPATH\Views\User\UserLeyout\UserMenuLeft.php on line 109.
 1 APPPATH\Views\User\UserLeyout\UserMenuLeft.php(109): CodeIgniter\Debug\Exceptions->errorHandler(2, 'Undefined variable $GoogleButton', 'C:\\xampp\\htdocs\\eoffice\\app\\Views\\User\\UserLeyout\\UserMenuLeft.php', 109)
 2 SYSTEMPATH\View\View.php(213): include('C:\\xampp\\htdocs\\eoffice\\app\\Views\\User\\UserLeyout\\UserMenuLeft.php')
 3 SYSTEMPATH\View\View.php(216): CodeIgniter\View\View->CodeIgniter\View\{closure}()
 4 SYSTEMPATH\Common.php(1184): CodeIgniter\View\View->render('User/UserLeyout/UserMenuLeft', [], true)
 5 APPPATH\Controllers\ConUserHome.php(75): view('User/UserLeyout/UserMenuLeft')
 6 SYSTEMPATH\CodeIgniter.php(934): App\Controllers\ConUserHome->index()
 7 SYSTEMPATH\CodeIgniter.php(499): CodeIgniter\CodeIgniter->runController(Object(App\Controllers\ConUserHome))
 8 SYSTEMPATH\CodeIgniter.php(368): CodeIgniter\CodeIgniter->handleRequest(null, Object(Config\Cache), false)
 9 FCPATH\index.php(67): CodeIgniter\CodeIgniter->run()
CRITICAL - 2023-06-06 02:30:16 --> Undefined variable $GoogleButton
in APPPATH\Views\User\UserLeyout\UserMenuLeft.php on line 109.
 1 APPPATH\Views\User\UserLeyout\UserMenuLeft.php(109): CodeIgniter\Debug\Exceptions->errorHandler(2, 'Undefined variable $GoogleButton', 'C:\\xampp\\htdocs\\eoffice\\app\\Views\\User\\UserLeyout\\UserMenuLeft.php', 109)
 2 SYSTEMPATH\View\View.php(213): include('C:\\xampp\\htdocs\\eoffice\\app\\Views\\User\\UserLeyout\\UserMenuLeft.php')
 3 SYSTEMPATH\View\View.php(216): CodeIgniter\View\View->CodeIgniter\View\{closure}()
 4 SYSTEMPATH\Common.php(1184): CodeIgniter\View\View->render('User/UserLeyout/UserMenuLeft', [], true)
 5 APPPATH\Controllers\ConUserHome.php(74): view('User/UserLeyout/UserMenuLeft')
 6 SYSTEMPATH\CodeIgniter.php(934): App\Controllers\ConUserHome->index()
 7 SYSTEMPATH\CodeIgniter.php(499): CodeIgniter\CodeIgniter->runController(Object(App\Controllers\ConUserHome))
 8 SYSTEMPATH\CodeIgniter.php(368): CodeIgniter\CodeIgniter->handleRequest(null, Object(Config\Cache), false)
 9 FCPATH\index.php(67): CodeIgniter\CodeIgniter->run()
CRITICAL - 2023-06-06 02:30:31 --> Undefined variable $GoogleButton
in APPPATH\Views\User\UserLeyout\UserMenuLeft.php on line 109.
 1 APPPATH\Views\User\UserLeyout\UserMenuLeft.php(109): CodeIgniter\Debug\Exceptions->errorHandler(2, 'Undefined variable $GoogleButton', 'C:\\xampp\\htdocs\\eoffice\\app\\Views\\User\\UserLeyout\\UserMenuLeft.php', 109)
 2 SYSTEMPATH\View\View.php(213): include('C:\\xampp\\htdocs\\eoffice\\app\\Views\\User\\UserLeyout\\UserMenuLeft.php')
 3 SYSTEMPATH\View\View.php(216): CodeIgniter\View\View->CodeIgniter\View\{closure}()
 4 SYSTEMPATH\Common.php(1184): CodeIgniter\View\View->render('User/UserLeyout/UserMenuLeft', [], true)
 5 APPPATH\Controllers\ConUserHome.php(75): view('User/UserLeyout/UserMenuLeft')
 6 SYSTEMPATH\CodeIgniter.php(934): App\Controllers\ConUserHome->index()
 7 SYSTEMPATH\CodeIgniter.php(499): CodeIgniter\CodeIgniter->runController(Object(App\Controllers\ConUserHome))
 8 SYSTEMPATH\CodeIgniter.php(368): CodeIgniter\CodeIgniter->handleRequest(null, Object(Config\Cache), false)
 9 FCPATH\index.php(67): CodeIgniter\CodeIgniter->run()
INFO - 2023-06-06 02:30:46 --> Session: Class initialized using 'CodeIgniter\Session\Handlers\FileHandler' driver.
CRITICAL - 2023-06-06 02:30:46 --> Undefined array key "expires_in"
in C:\xampp\htdocs\librarie_skj\google_sheet\vendor\google\apiclient\src\Google\Client.php on line 469.
 1 C:\xampp\htdocs\librarie_skj\google_sheet\vendor\google\apiclient\src\Google\Client.php(469): CodeIgniter\Debug\Exceptions->errorHandler(2, 'Undefined array key "expires_in"', 'C:\\xampp\\htdocs\\librarie_skj\\google_sheet\\vendor\\google\\apiclient\\src\\Google\\Client.php', 469)
 2 C:\xampp\htdocs\librarie_skj\google_sheet\vendor\google\apiclient\src\Google\Client.php(358): Google_Client->isAccessTokenExpired()
 3 C:\xampp\htdocs\librarie_skj\google_sheet\vendor\google\apiclient\src\Google\Client.php(776): Google_Client->authorize()
 4 C:\xampp\htdocs\librarie_skj\google_sheet\vendor\google\apiclient\src\Google\Service\Resource.php(232): Google_Client->execute(Object(GuzzleHttp\Psr7\Request), 'Google\\Service\\Oauth2\\Userinfo')
 5 C:\xampp\htdocs\librarie_skj\google_sheet\vendor\google\apiclient-services\src\Oauth2\Resource\Userinfo.php(42): Google_Service_Resource->call('get', [...], 'Google\\Service\\Oauth2\\Userinfo')
 6 APPPATH\Controllers\ConUserHome.php(50): Google\Service\Oauth2\Resource\Userinfo->get()
 7 SYSTEMPATH\CodeIgniter.php(934): App\Controllers\ConUserHome->index()
 8 SYSTEMPATH\CodeIgniter.php(499): CodeIgniter\CodeIgniter->runController(Object(App\Controllers\ConUserHome))
 9 SYSTEMPATH\CodeIgniter.php(368): CodeIgniter\CodeIgniter->handleRequest(null, Object(Config\Cache), false)
10 FCPATH\index.php(67): CodeIgniter\CodeIgniter->run()
CRITICAL - 2023-06-06 02:31:19 --> require(C:\xampp\htdocs\eoffice/librarie_skj/google_sheet/vendor/autoload.php): Failed to open stream: No such file or directory
in APPPATH\Controllers\ConUserHome.php on line 34.
 1 APPPATH\Controllers\ConUserHome.php(34): CodeIgniter\Debug\Exceptions->errorHandler(2, 'require(C:\\xampp\\htdocs\\eoffice/librarie_skj/google_sheet/vendor/autoload.php): Failed to open stream: No such file or directory', 'C:\\xampp\\htdocs\\eoffice\\app\\Controllers\\ConUserHome.php', 34)
 2 APPPATH\Controllers\ConUserHome.php(34): require()
 3 SYSTEMPATH\CodeIgniter.php(934): App\Controllers\ConUserHome->index()
 4 SYSTEMPATH\CodeIgniter.php(499): CodeIgniter\CodeIgniter->runController(Object(App\Controllers\ConUserHome))
 5 SYSTEMPATH\CodeIgniter.php(368): CodeIgniter\CodeIgniter->handleRequest(null, Object(Config\Cache), false)
 6 FCPATH\index.php(67): CodeIgniter\CodeIgniter->run()
CRITICAL - 2023-06-06 02:31:54 --> Undefined variable $googleClient
in APPPATH\Controllers\ConUserHome.php on line 85.
 1 APPPATH\Controllers\ConUserHome.php(85): CodeIgniter\Debug\Exceptions->errorHandler(2, 'Undefined variable $googleClient', 'C:\\xampp\\htdocs\\eoffice\\app\\Controllers\\ConUserHome.php', 85)
 2 SYSTEMPATH\CodeIgniter.php(934): App\Controllers\ConUserHome->LoginEoffice()
 3 SYSTEMPATH\CodeIgniter.php(499): CodeIgniter\CodeIgniter->runController(Object(App\Controllers\ConUserHome))
 4 SYSTEMPATH\CodeIgniter.php(368): CodeIgniter\CodeIgniter->handleRequest(null, Object(Config\Cache), false)
 5 FCPATH\index.php(67): CodeIgniter\CodeIgniter->run()
CRITICAL - 2023-06-06 02:32:17 --> Undefined variable $googleClient
in APPPATH\Controllers\ConUserHome.php on line 85.
 1 APPPATH\Controllers\ConUserHome.php(85): CodeIgniter\Debug\Exceptions->errorHandler(2, 'Undefined variable $googleClient', 'C:\\xampp\\htdocs\\eoffice\\app\\Controllers\\ConUserHome.php', 85)
 2 SYSTEMPATH\CodeIgniter.php(934): App\Controllers\ConUserHome->LoginEoffice()
 3 SYSTEMPATH\CodeIgniter.php(499): CodeIgniter\CodeIgniter->runController(Object(App\Controllers\ConUserHome))
 4 SYSTEMPATH\CodeIgniter.php(368): CodeIgniter\CodeIgniter->handleRequest(null, Object(Config\Cache), false)
 5 FCPATH\index.php(67): CodeIgniter\CodeIgniter->run()
INFO - 2023-06-06 02:33:04 --> Session: Class initialized using 'CodeIgniter\Session\Handlers\FileHandler' driver.
CRITICAL - 2023-06-06 02:33:04 --> Undefined array key "expires_in"
in C:\xampp\htdocs\librarie_skj\google_sheet\vendor\google\apiclient\src\Google\Client.php on line 469.
 1 C:\xampp\htdocs\librarie_skj\google_sheet\vendor\google\apiclient\src\Google\Client.php(469): CodeIgniter\Debug\Exceptions->errorHandler(2, 'Undefined array key "expires_in"', 'C:\\xampp\\htdocs\\librarie_skj\\google_sheet\\vendor\\google\\apiclient\\src\\Google\\Client.php', 469)
 2 C:\xampp\htdocs\librarie_skj\google_sheet\vendor\google\apiclient\src\Google\Client.php(358): Google_Client->isAccessTokenExpired()
 3 C:\xampp\htdocs\librarie_skj\google_sheet\vendor\google\apiclient\src\Google\Client.php(776): Google_Client->authorize()
 4 C:\xampp\htdocs\librarie_skj\google_sheet\vendor\google\apiclient\src\Google\Service\Resource.php(232): Google_Client->execute(Object(GuzzleHttp\Psr7\Request), 'Google\\Service\\Oauth2\\Userinfo')
 5 C:\xampp\htdocs\librarie_skj\google_sheet\vendor\google\apiclient-services\src\Oauth2\Resource\Userinfo.php(42): Google_Service_Resource->call('get', [...], 'Google\\Service\\Oauth2\\Userinfo')
 6 APPPATH\Controllers\ConUserHome.php(50): Google\Service\Oauth2\Resource\Userinfo->get()
 7 SYSTEMPATH\CodeIgniter.php(934): App\Controllers\ConUserHome->index()
 8 SYSTEMPATH\CodeIgniter.php(499): CodeIgniter\CodeIgniter->runController(Object(App\Controllers\ConUserHome))
 9 SYSTEMPATH\CodeIgniter.php(368): CodeIgniter\CodeIgniter->handleRequest(null, Object(Config\Cache), false)
10 FCPATH\index.php(67): CodeIgniter\CodeIgniter->run()
INFO - 2023-06-06 02:38:39 --> Session: Class initialized using 'CodeIgniter\Session\Handlers\FileHandler' driver.
CRITICAL - 2023-06-06 02:38:39 --> Undefined array key "expires_in"
in C:\xampp\htdocs\librarie_skj\google_sheet\vendor\google\apiclient\src\Google\Client.php on line 469.
 1 C:\xampp\htdocs\librarie_skj\google_sheet\vendor\google\apiclient\src\Google\Client.php(469): CodeIgniter\Debug\Exceptions->errorHandler(2, 'Undefined array key "expires_in"', 'C:\\xampp\\htdocs\\librarie_skj\\google_sheet\\vendor\\google\\apiclient\\src\\Google\\Client.php', 469)
 2 C:\xampp\htdocs\librarie_skj\google_sheet\vendor\google\apiclient\src\Google\Client.php(358): Google_Client->isAccessTokenExpired()
 3 C:\xampp\htdocs\librarie_skj\google_sheet\vendor\google\apiclient\src\Google\Client.php(776): Google_Client->authorize()
 4 C:\xampp\htdocs\librarie_skj\google_sheet\vendor\google\apiclient\src\Google\Service\Resource.php(232): Google_Client->execute(Object(GuzzleHttp\Psr7\Request), 'Google\\Service\\Oauth2\\Userinfo')
 5 C:\xampp\htdocs\librarie_skj\google_sheet\vendor\google\apiclient-services\src\Oauth2\Resource\Userinfo.php(42): Google_Service_Resource->call('get', [...], 'Google\\Service\\Oauth2\\Userinfo')
 6 APPPATH\Controllers\ConUserHome.php(66): Google\Service\Oauth2\Resource\Userinfo->get()
 7 SYSTEMPATH\CodeIgniter.php(934): App\Controllers\ConUserHome->LoginEoffice()
 8 SYSTEMPATH\CodeIgniter.php(499): CodeIgniter\CodeIgniter->runController(Object(App\Controllers\ConUserHome))
 9 SYSTEMPATH\CodeIgniter.php(368): CodeIgniter\CodeIgniter->handleRequest(null, Object(Config\Cache), false)
10 FCPATH\index.php(67): CodeIgniter\CodeIgniter->run()
INFO - 2023-06-06 02:45:26 --> Session: Class initialized using 'CodeIgniter\Session\Handlers\FileHandler' driver.
INFO - 2023-06-06 02:45:30 --> Session: Class initialized using 'CodeIgniter\Session\Handlers\FileHandler' driver.
INFO - 2023-06-06 02:58:08 --> Session: Class initialized using 'CodeIgniter\Session\Handlers\FileHandler' driver.
INFO - 2023-06-06 02:58:11 --> Session: Class initialized using 'CodeIgniter\Session\Handlers\FileHandler' driver.
INFO - 2023-06-06 03:08:49 --> Session: Class initialized using 'CodeIgniter\Session\Handlers\FileHandler' driver.
INFO - 2023-06-06 03:09:19 --> Session: Class initialized using 'CodeIgniter\Session\Handlers\FileHandler' driver.
CRITICAL - 2023-06-06 03:09:19 --> Call to undefined method CodeIgniter\Database\MySQLi\Builder::getRowArray()
in APPPATH\Controllers\ConUserHome.php on line 70.
 1 SYSTEMPATH\CodeIgniter.php(934): App\Controllers\ConUserHome->LoginEoffice()
 2 SYSTEMPATH\CodeIgniter.php(499): CodeIgniter\CodeIgniter->runController(Object(App\Controllers\ConUserHome))
 3 SYSTEMPATH\CodeIgniter.php(368): CodeIgniter\CodeIgniter->handleRequest(null, Object(Config\Cache), false)
 4 FCPATH\index.php(67): CodeIgniter\CodeIgniter->run()
INFO - 2023-06-06 03:14:12 --> Session: Class initialized using 'CodeIgniter\Session\Handlers\FileHandler' driver.
INFO - 2023-06-06 03:14:16 --> Session: Class initialized using 'CodeIgniter\Session\Handlers\FileHandler' driver.
CRITICAL - 2023-06-06 03:14:16 --> Call to undefined method CodeIgniter\Database\MySQLi\Builder::getRowArray()
in APPPATH\Controllers\ConUserHome.php on line 73.
 1 SYSTEMPATH\CodeIgniter.php(934): App\Controllers\ConUserHome->LoginEoffice()
 2 SYSTEMPATH\CodeIgniter.php(499): CodeIgniter\CodeIgniter->runController(Object(App\Controllers\ConUserHome))
 3 SYSTEMPATH\CodeIgniter.php(368): CodeIgniter\CodeIgniter->handleRequest(null, Object(Config\Cache), false)
 4 FCPATH\index.php(67): CodeIgniter\CodeIgniter->run()
INFO - 2023-06-06 03:16:20 --> Session: Class initialized using 'CodeIgniter\Session\Handlers\FileHandler' driver.
INFO - 2023-06-06 03:16:24 --> Session: Class initialized using 'CodeIgniter\Session\Handlers\FileHandler' driver.
CRITICAL - 2023-06-06 03:16:24 --> Call to undefined method CodeIgniter\Database\MySQLi\Builder::getResult()
in APPPATH\Controllers\ConUserHome.php on line 73.
 1 SYSTEMPATH\CodeIgniter.php(934): App\Controllers\ConUserHome->LoginEoffice()
 2 SYSTEMPATH\CodeIgniter.php(499): CodeIgniter\CodeIgniter->runController(Object(App\Controllers\ConUserHome))
 3 SYSTEMPATH\CodeIgniter.php(368): CodeIgniter\CodeIgniter->handleRequest(null, Object(Config\Cache), false)
 4 FCPATH\index.php(67): CodeIgniter\CodeIgniter->run()
INFO - 2023-06-06 03:17:06 --> Session: Class initialized using 'CodeIgniter\Session\Handlers\FileHandler' driver.
INFO - 2023-06-06 03:17:10 --> Session: Class initialized using 'CodeIgniter\Session\Handlers\FileHandler' driver.
CRITICAL - 2023-06-06 03:17:10 --> Call to undefined method CodeIgniter\Database\MySQLi\Builder::getResult()
in APPPATH\Controllers\ConUserHome.php on line 73.
 1 SYSTEMPATH\CodeIgniter.php(934): App\Controllers\ConUserHome->LoginEoffice()
 2 SYSTEMPATH\CodeIgniter.php(499): CodeIgniter\CodeIgniter->runController(Object(App\Controllers\ConUserHome))
 3 SYSTEMPATH\CodeIgniter.php(368): CodeIgniter\CodeIgniter->handleRequest(null, Object(Config\Cache), false)
 4 FCPATH\index.php(67): CodeIgniter\CodeIgniter->run()
INFO - 2023-06-06 03:17:19 --> Session: Class initialized using 'CodeIgniter\Session\Handlers\FileHandler' driver.
INFO - 2023-06-06 03:17:22 --> Session: Class initialized using 'CodeIgniter\Session\Handlers\FileHandler' driver.
INFO - 2023-06-06 03:17:51 --> Session: Class initialized using 'CodeIgniter\Session\Handlers\FileHandler' driver.
INFO - 2023-06-06 03:18:00 --> Session: Class initialized using 'CodeIgniter\Session\Handlers\FileHandler' driver.
CRITICAL - 2023-06-06 03:18:00 --> Call to undefined method CodeIgniter\Database\MySQLi\Builder::getRowArray()
in APPPATH\Controllers\ConUserHome.php on line 73.
 1 SYSTEMPATH\CodeIgniter.php(934): App\Controllers\ConUserHome->LoginEoffice()
 2 SYSTEMPATH\CodeIgniter.php(499): CodeIgniter\CodeIgniter->runController(Object(App\Controllers\ConUserHome))
 3 SYSTEMPATH\CodeIgniter.php(368): CodeIgniter\CodeIgniter->handleRequest(null, Object(Config\Cache), false)
 4 FCPATH\index.php(67): CodeIgniter\CodeIgniter->run()
INFO - 2023-06-06 03:18:39 --> Session: Class initialized using 'CodeIgniter\Session\Handlers\FileHandler' driver.
INFO - 2023-06-06 03:18:43 --> Session: Class initialized using 'CodeIgniter\Session\Handlers\FileHandler' driver.
ERROR - 2023-06-06 03:18:43 --> mysqli_sql_exception: Table 'skjacth_personnel.tb_dictation' doesn't exist in C:\xampp\htdocs\eoffice\vendor\codeigniter4\framework\system\Database\MySQLi\Connection.php:295
Stack trace:
#0 C:\xampp\htdocs\eoffice\vendor\codeigniter4\framework\system\Database\MySQLi\Connection.php(295): mysqli->query('SELECT *\nFROM `...', 0)
#1 C:\xampp\htdocs\eoffice\vendor\codeigniter4\framework\system\Database\BaseConnection.php(692): CodeIgniter\Database\MySQLi\Connection->execute('SELECT *\nFROM `...')
#2 C:\xampp\htdocs\eoffice\vendor\codeigniter4\framework\system\Database\BaseConnection.php(606): CodeIgniter\Database\BaseConnection->simpleQuery('SELECT *\nFROM `...')
#3 C:\xampp\htdocs\eoffice\vendor\codeigniter4\framework\system\Database\BaseBuilder.php(1616): CodeIgniter\Database\BaseConnection->query('SELECT *\nFROM `...', Array, false)
#4 C:\xampp\htdocs\eoffice\app\Controllers\ConUserHome.php(73): CodeIgniter\Database\BaseBuilder->get()
#5 C:\xampp\htdocs\eoffice\vendor\codeigniter4\framework\system\CodeIgniter.php(934): App\Controllers\ConUserHome->LoginEoffice()
#6 C:\xampp\htdocs\eoffice\vendor\codeigniter4\framework\system\CodeIgniter.php(499): CodeIgniter\CodeIgniter->runController(Object(App\Controllers\ConUserHome))
#7 C:\xampp\htdocs\eoffice\vendor\codeigniter4\framework\system\CodeIgniter.php(368): CodeIgniter\CodeIgniter->handleRequest(NULL, Object(Config\Cache), false)
#8 C:\xampp\htdocs\eoffice\index.php(67): CodeIgniter\CodeIgniter->run()
#9 {main}
CRITICAL - 2023-06-06 03:18:43 --> Table 'skjacth_personnel.tb_dictation' doesn't exist
in SYSTEMPATH\Database\MySQLi\Connection.php on line 295.
 1 SYSTEMPATH\Database\MySQLi\Connection.php(295): mysqli->query('SELECT *
FROM `tb_dictation`
WHERE `pers_username` = \'dekpiano@skj.ac.th\'', 0)
 2 SYSTEMPATH\Database\BaseConnection.php(692): CodeIgniter\Database\MySQLi\Connection->execute('SELECT *
FROM `tb_dictation`
WHERE `pers_username` = \'dekpiano@skj.ac.th\'')
 3 SYSTEMPATH\Database\BaseConnection.php(606): CodeIgniter\Database\BaseConnection->simpleQuery('SELECT *
FROM `tb_dictation`
WHERE `pers_username` = \'dekpiano@skj.ac.th\'')
 4 SYSTEMPATH\Database\BaseBuilder.php(1616): CodeIgniter\Database\BaseConnection->query('SELECT *
FROM `tb_dictation`
WHERE `pers_username` = :pers_username:', [...], false)
 5 APPPATH\Controllers\ConUserHome.php(73): CodeIgniter\Database\BaseBuilder->get()
 6 SYSTEMPATH\CodeIgniter.php(934): App\Controllers\ConUserHome->LoginEoffice()
 7 SYSTEMPATH\CodeIgniter.php(499): CodeIgniter\CodeIgniter->runController(Object(App\Controllers\ConUserHome))
 8 SYSTEMPATH\CodeIgniter.php(368): CodeIgniter\CodeIgniter->handleRequest(null, Object(Config\Cache), false)
 9 FCPATH\index.php(67): CodeIgniter\CodeIgniter->run()
INFO - 2023-06-06 03:19:15 --> Session: Class initialized using 'CodeIgniter\Session\Handlers\FileHandler' driver.
INFO - 2023-06-06 03:19:19 --> Session: Class initialized using 'CodeIgniter\Session\Handlers\FileHandler' driver.
ERROR - 2023-06-06 03:19:19 --> mysqli_sql_exception: Table 'skjacth_personnel.tb_dictation' doesn't exist in C:\xampp\htdocs\eoffice\vendor\codeigniter4\framework\system\Database\MySQLi\Connection.php:295
Stack trace:
#0 C:\xampp\htdocs\eoffice\vendor\codeigniter4\framework\system\Database\MySQLi\Connection.php(295): mysqli->query('SELECT *\nFROM `...', 0)
#1 C:\xampp\htdocs\eoffice\vendor\codeigniter4\framework\system\Database\BaseConnection.php(692): CodeIgniter\Database\MySQLi\Connection->execute('SELECT *\nFROM `...')
#2 C:\xampp\htdocs\eoffice\vendor\codeigniter4\framework\system\Database\BaseConnection.php(606): CodeIgniter\Database\BaseConnection->simpleQuery('SELECT *\nFROM `...')
#3 C:\xampp\htdocs\eoffice\vendor\codeigniter4\framework\system\Database\BaseBuilder.php(1616): CodeIgniter\Database\BaseConnection->query('SELECT *\nFROM `...', Array, false)
#4 C:\xampp\htdocs\eoffice\app\Controllers\ConUserHome.php(71): CodeIgniter\Database\BaseBuilder->get()
#5 C:\xampp\htdocs\eoffice\vendor\codeigniter4\framework\system\CodeIgniter.php(934): App\Controllers\ConUserHome->LoginEoffice()
#6 C:\xampp\htdocs\eoffice\vendor\codeigniter4\framework\system\CodeIgniter.php(499): CodeIgniter\CodeIgniter->runController(Object(App\Controllers\ConUserHome))
#7 C:\xampp\htdocs\eoffice\vendor\codeigniter4\framework\system\CodeIgniter.php(368): CodeIgniter\CodeIgniter->handleRequest(NULL, Object(Config\Cache), false)
#8 C:\xampp\htdocs\eoffice\index.php(67): CodeIgniter\CodeIgniter->run()
#9 {main}
CRITICAL - 2023-06-06 03:19:19 --> Table 'skjacth_personnel.tb_dictation' doesn't exist
in SYSTEMPATH\Database\MySQLi\Connection.php on line 295.
 1 SYSTEMPATH\Database\MySQLi\Connection.php(295): mysqli->query('SELECT *
FROM `tb_dictation`
WHERE `pers_username` = \'dekpiano@skj.ac.th\'', 0)
 2 SYSTEMPATH\Database\BaseConnection.php(692): CodeIgniter\Database\MySQLi\Connection->execute('SELECT *
FROM `tb_dictation`
WHERE `pers_username` = \'dekpiano@skj.ac.th\'')
 3 SYSTEMPATH\Database\BaseConnection.php(606): CodeIgniter\Database\BaseConnection->simpleQuery('SELECT *
FROM `tb_dictation`
WHERE `pers_username` = \'dekpiano@skj.ac.th\'')
 4 SYSTEMPATH\Database\BaseBuilder.php(1616): CodeIgniter\Database\BaseConnection->query('SELECT *
FROM `tb_dictation`
WHERE `pers_username` = :pers_username:', [...], false)
 5 APPPATH\Controllers\ConUserHome.php(71): CodeIgniter\Database\BaseBuilder->get()
 6 SYSTEMPATH\CodeIgniter.php(934): App\Controllers\ConUserHome->LoginEoffice()
 7 SYSTEMPATH\CodeIgniter.php(499): CodeIgniter\CodeIgniter->runController(Object(App\Controllers\ConUserHome))
 8 SYSTEMPATH\CodeIgniter.php(368): CodeIgniter\CodeIgniter->handleRequest(null, Object(Config\Cache), false)
 9 FCPATH\index.php(67): CodeIgniter\CodeIgniter->run()
INFO - 2023-06-06 03:21:06 --> Session: Class initialized using 'CodeIgniter\Session\Handlers\FileHandler' driver.
INFO - 2023-06-06 03:21:09 --> Session: Class initialized using 'CodeIgniter\Session\Handlers\FileHandler' driver.
ERROR - 2023-06-06 03:21:09 --> mysqli_sql_exception: Table 'skjacth_personnel.tb_dictation' doesn't exist in C:\xampp\htdocs\eoffice\vendor\codeigniter4\framework\system\Database\MySQLi\Connection.php:295
Stack trace:
#0 C:\xampp\htdocs\eoffice\vendor\codeigniter4\framework\system\Database\MySQLi\Connection.php(295): mysqli->query('SELECT *\nFROM `...', 0)
#1 C:\xampp\htdocs\eoffice\vendor\codeigniter4\framework\system\Database\BaseConnection.php(692): CodeIgniter\Database\MySQLi\Connection->execute('SELECT *\nFROM `...')
#2 C:\xampp\htdocs\eoffice\vendor\codeigniter4\framework\system\Database\BaseConnection.php(606): CodeIgniter\Database\BaseConnection->simpleQuery('SELECT *\nFROM `...')
#3 C:\xampp\htdocs\eoffice\vendor\codeigniter4\framework\system\Database\BaseBuilder.php(1616): CodeIgniter\Database\BaseConnection->query('SELECT *\nFROM `...', Array, false)
#4 C:\xampp\htdocs\eoffice\app\Controllers\ConUserHome.php(71): CodeIgniter\Database\BaseBuilder->get()
#5 C:\xampp\htdocs\eoffice\vendor\codeigniter4\framework\system\CodeIgniter.php(934): App\Controllers\ConUserHome->LoginEoffice()
#6 C:\xampp\htdocs\eoffice\vendor\codeigniter4\framework\system\CodeIgniter.php(499): CodeIgniter\CodeIgniter->runController(Object(App\Controllers\ConUserHome))
#7 C:\xampp\htdocs\eoffice\vendor\codeigniter4\framework\system\CodeIgniter.php(368): CodeIgniter\CodeIgniter->handleRequest(NULL, Object(Config\Cache), false)
#8 C:\xampp\htdocs\eoffice\index.php(67): CodeIgniter\CodeIgniter->run()
#9 {main}
CRITICAL - 2023-06-06 03:21:09 --> Table 'skjacth_personnel.tb_dictation' doesn't exist
in SYSTEMPATH\Database\MySQLi\Connection.php on line 295.
 1 SYSTEMPATH\Database\MySQLi\Connection.php(295): mysqli->query('SELECT *
FROM `tb_dictation`
WHERE `pers_username` = \'dekpiano@skj.ac.th\'', 0)
 2 SYSTEMPATH\Database\BaseConnection.php(692): CodeIgniter\Database\MySQLi\Connection->execute('SELECT *
FROM `tb_dictation`
WHERE `pers_username` = \'dekpiano@skj.ac.th\'')
 3 SYSTEMPATH\Database\BaseConnection.php(606): CodeIgniter\Database\BaseConnection->simpleQuery('SELECT *
FROM `tb_dictation`
WHERE `pers_username` = \'dekpiano@skj.ac.th\'')
 4 SYSTEMPATH\Database\BaseBuilder.php(1616): CodeIgniter\Database\BaseConnection->query('SELECT *
FROM `tb_dictation`
WHERE `pers_username` = :pers_username:', [...], false)
 5 APPPATH\Controllers\ConUserHome.php(71): CodeIgniter\Database\BaseBuilder->get()
 6 SYSTEMPATH\CodeIgniter.php(934): App\Controllers\ConUserHome->LoginEoffice()
 7 SYSTEMPATH\CodeIgniter.php(499): CodeIgniter\CodeIgniter->runController(Object(App\Controllers\ConUserHome))
 8 SYSTEMPATH\CodeIgniter.php(368): CodeIgniter\CodeIgniter->handleRequest(null, Object(Config\Cache), false)
 9 FCPATH\index.php(67): CodeIgniter\CodeIgniter->run()
INFO - 2023-06-06 03:22:23 --> Session: Class initialized using 'CodeIgniter\Session\Handlers\FileHandler' driver.
INFO - 2023-06-06 03:22:27 --> Session: Class initialized using 'CodeIgniter\Session\Handlers\FileHandler' driver.
ERROR - 2023-06-06 03:22:27 --> mysqli_sql_exception: Table 'skjacth_personnel.tb_dictation' doesn't exist in C:\xampp\htdocs\eoffice\vendor\codeigniter4\framework\system\Database\MySQLi\Connection.php:295
Stack trace:
#0 C:\xampp\htdocs\eoffice\vendor\codeigniter4\framework\system\Database\MySQLi\Connection.php(295): mysqli->query('SELECT *\nFROM `...', 0)
#1 C:\xampp\htdocs\eoffice\vendor\codeigniter4\framework\system\Database\BaseConnection.php(692): CodeIgniter\Database\MySQLi\Connection->execute('SELECT *\nFROM `...')
#2 C:\xampp\htdocs\eoffice\vendor\codeigniter4\framework\system\Database\BaseConnection.php(606): CodeIgniter\Database\BaseConnection->simpleQuery('SELECT *\nFROM `...')
#3 C:\xampp\htdocs\eoffice\vendor\codeigniter4\framework\system\Database\BaseBuilder.php(1616): CodeIgniter\Database\BaseConnection->query('SELECT *\nFROM `...', Array, false)
#4 C:\xampp\htdocs\eoffice\app\Controllers\ConUserHome.php(71): CodeIgniter\Database\BaseBuilder->get()
#5 C:\xampp\htdocs\eoffice\vendor\codeigniter4\framework\system\CodeIgniter.php(934): App\Controllers\ConUserHome->LoginEoffice()
#6 C:\xampp\htdocs\eoffice\vendor\codeigniter4\framework\system\CodeIgniter.php(499): CodeIgniter\CodeIgniter->runController(Object(App\Controllers\ConUserHome))
#7 C:\xampp\htdocs\eoffice\vendor\codeigniter4\framework\system\CodeIgniter.php(368): CodeIgniter\CodeIgniter->handleRequest(NULL, Object(Config\Cache), false)
#8 C:\xampp\htdocs\eoffice\index.php(67): CodeIgniter\CodeIgniter->run()
#9 {main}
CRITICAL - 2023-06-06 03:22:27 --> Table 'skjacth_personnel.tb_dictation' doesn't exist
in SYSTEMPATH\Database\MySQLi\Connection.php on line 295.
 1 SYSTEMPATH\Database\MySQLi\Connection.php(295): mysqli->query('SELECT *
FROM `tb_dictation`
WHERE `pers_username` = \'dekpiano@skj.ac.th\'', 0)
 2 SYSTEMPATH\Database\BaseConnection.php(692): CodeIgniter\Database\MySQLi\Connection->execute('SELECT *
FROM `tb_dictation`
WHERE `pers_username` = \'dekpiano@skj.ac.th\'')
 3 SYSTEMPATH\Database\BaseConnection.php(606): CodeIgniter\Database\BaseConnection->simpleQuery('SELECT *
FROM `tb_dictation`
WHERE `pers_username` = \'dekpiano@skj.ac.th\'')
 4 SYSTEMPATH\Database\BaseBuilder.php(1616): CodeIgniter\Database\BaseConnection->query('SELECT *
FROM `tb_dictation`
WHERE `pers_username` = :pers_username:', [...], false)
 5 APPPATH\Controllers\ConUserHome.php(71): CodeIgniter\Database\BaseBuilder->get()
 6 SYSTEMPATH\CodeIgniter.php(934): App\Controllers\ConUserHome->LoginEoffice()
 7 SYSTEMPATH\CodeIgniter.php(499): CodeIgniter\CodeIgniter->runController(Object(App\Controllers\ConUserHome))
 8 SYSTEMPATH\CodeIgniter.php(368): CodeIgniter\CodeIgniter->handleRequest(null, Object(Config\Cache), false)
 9 FCPATH\index.php(67): CodeIgniter\CodeIgniter->run()
INFO - 2023-06-06 03:24:19 --> Session: Class initialized using 'CodeIgniter\Session\Handlers\FileHandler' driver.
INFO - 2023-06-06 03:24:23 --> Session: Class initialized using 'CodeIgniter\Session\Handlers\FileHandler' driver.
INFO - 2023-06-06 03:24:58 --> Session: Class initialized using 'CodeIgniter\Session\Handlers\FileHandler' driver.
INFO - 2023-06-06 03:25:01 --> Session: Class initialized using 'CodeIgniter\Session\Handlers\FileHandler' driver.
INFO - 2023-06-06 03:30:37 --> Session: Class initialized using 'CodeIgniter\Session\Handlers\FileHandler' driver.
INFO - 2023-06-06 03:30:41 --> Session: Class initialized using 'CodeIgniter\Session\Handlers\FileHandler' driver.
INFO - 2023-06-06 03:32:21 --> Session: Class initialized using 'CodeIgniter\Session\Handlers\FileHandler' driver.
INFO - 2023-06-06 03:32:24 --> Session: Class initialized using 'CodeIgniter\Session\Handlers\FileHandler' driver.
INFO - 2023-06-06 03:37:11 --> Session: Class initialized using 'CodeIgniter\Session\Handlers\FileHandler' driver.
CRITICAL - 2023-06-06 03:37:11 --> Attempt to read property "pers_id" on array
in APPPATH\Controllers\ConUserHome.php on line 78.
 1 APPPATH\Controllers\ConUserHome.php(78): CodeIgniter\Debug\Exceptions->errorHandler(2, 'Attempt to read property "pers_id" on array', 'C:\\xampp\\htdocs\\eoffice\\app\\Controllers\\ConUserHome.php', 78)
 2 SYSTEMPATH\CodeIgniter.php(934): App\Controllers\ConUserHome->LoginEoffice()
 3 SYSTEMPATH\CodeIgniter.php(499): CodeIgniter\CodeIgniter->runController(Object(App\Controllers\ConUserHome))
 4 SYSTEMPATH\CodeIgniter.php(368): CodeIgniter\CodeIgniter->handleRequest(null, Object(Config\Cache), false)
 5 FCPATH\index.php(67): CodeIgniter\CodeIgniter->run()
INFO - 2023-06-06 03:37:23 --> Session: Class initialized using 'CodeIgniter\Session\Handlers\FileHandler' driver.
INFO - 2023-06-06 03:37:26 --> Session: Class initialized using 'CodeIgniter\Session\Handlers\FileHandler' driver.
INFO - 2023-06-06 03:37:49 --> Session: Class initialized using 'CodeIgniter\Session\Handlers\FileHandler' driver.
INFO - 2023-06-06 03:37:52 --> Session: Class initialized using 'CodeIgniter\Session\Handlers\FileHandler' driver.
INFO - 2023-06-06 03:39:53 --> Session: Class initialized using 'CodeIgniter\Session\Handlers\FileHandler' driver.
INFO - 2023-06-06 03:39:57 --> Session: Class initialized using 'CodeIgniter\Session\Handlers\FileHandler' driver.
CRITICAL - 2023-06-06 03:39:57 --> Undefined variable $session
in APPPATH\Controllers\ConUserHome.php on line 84.
 1 APPPATH\Controllers\ConUserHome.php(84): CodeIgniter\Debug\Exceptions->errorHandler(2, 'Undefined variable $session', 'C:\\xampp\\htdocs\\eoffice\\app\\Controllers\\ConUserHome.php', 84)
 2 SYSTEMPATH\CodeIgniter.php(934): App\Controllers\ConUserHome->LoginEoffice()
 3 SYSTEMPATH\CodeIgniter.php(499): CodeIgniter\CodeIgniter->runController(Object(App\Controllers\ConUserHome))
 4 SYSTEMPATH\CodeIgniter.php(368): CodeIgniter\CodeIgniter->handleRequest(null, Object(Config\Cache), false)
 5 FCPATH\index.php(67): CodeIgniter\CodeIgniter->run()
CRITICAL - 2023-06-06 03:40:41 --> Undefined variable $config
in APPPATH\Controllers\ConUserHome.php on line 53.
 1 APPPATH\Controllers\ConUserHome.php(53): CodeIgniter\Debug\Exceptions->errorHandler(2, 'Undefined variable $config', 'C:\\xampp\\htdocs\\eoffice\\app\\Controllers\\ConUserHome.php', 53)
 2 SYSTEMPATH\CodeIgniter.php(934): App\Controllers\ConUserHome->LoginEoffice()
 3 SYSTEMPATH\CodeIgniter.php(499): CodeIgniter\CodeIgniter->runController(Object(App\Controllers\ConUserHome))
 4 SYSTEMPATH\CodeIgniter.php(368): CodeIgniter\CodeIgniter->handleRequest(null, Object(Config\Cache), false)
 5 FCPATH\index.php(67): CodeIgniter\CodeIgniter->run()
INFO - 2023-06-06 03:40:57 --> Session: Class initialized using 'CodeIgniter\Session\Handlers\FileHandler' driver.
INFO - 2023-06-06 03:41:01 --> Session: Class initialized using 'CodeIgniter\Session\Handlers\FileHandler' driver.
CRITICAL - 2023-06-06 03:41:01 --> Undefined variable $config
in APPPATH\Controllers\ConAdminHome.php on line 8.
 1 APPPATH\Controllers\ConAdminHome.php(8): CodeIgniter\Debug\Exceptions->errorHandler(2, 'Undefined variable $config', 'C:\\xampp\\htdocs\\eoffice\\app\\Controllers\\ConAdminHome.php', 8)
 2 SYSTEMPATH\CodeIgniter.php(906): App\Controllers\ConAdminHome->__construct()
 3 SYSTEMPATH\CodeIgniter.php(490): CodeIgniter\CodeIgniter->createController()
 4 SYSTEMPATH\CodeIgniter.php(368): CodeIgniter\CodeIgniter->handleRequest(null, Object(Config\Cache), false)
 5 FCPATH\index.php(67): CodeIgniter\CodeIgniter->run()
INFO - 2023-06-06 03:41:13 --> Session: Class initialized using 'CodeIgniter\Session\Handlers\FileHandler' driver.
CRITICAL - 2023-06-06 03:41:13 --> Undefined variable $session
in APPPATH\Views\Admin\AdminLeyout\AdminNavbar.php on line 25.
 1 APPPATH\Views\Admin\AdminLeyout\AdminNavbar.php(25): CodeIgniter\Debug\Exceptions->errorHandler(2, 'Undefined variable $session', 'C:\\xampp\\htdocs\\eoffice\\app\\Views\\Admin\\AdminLeyout\\AdminNavbar.php', 25)
 2 SYSTEMPATH\View\View.php(213): include('C:\\xampp\\htdocs\\eoffice\\app\\Views\\Admin\\AdminLeyout\\AdminNavbar.php')
 3 SYSTEMPATH\View\View.php(216): CodeIgniter\View\View->CodeIgniter\View\{closure}()
 4 SYSTEMPATH\Common.php(1184): CodeIgniter\View\View->render('Admin/AdminLeyout/AdminNavbar', [], true)
 5 APPPATH\Views\Admin\AdminHome\AdminPageHome.php(3): view('Admin/AdminLeyout/AdminNavbar')
 6 SYSTEMPATH\View\View.php(213): include('C:\\xampp\\htdocs\\eoffice\\app\\Views\\Admin\\AdminHome\\AdminPageHome.php')
 7 SYSTEMPATH\View\View.php(216): CodeIgniter\View\View->CodeIgniter\View\{closure}()
 8 SYSTEMPATH\Common.php(1184): CodeIgniter\View\View->render('Admin/AdminHome/AdminPageHome', [], true)
 9 APPPATH\Controllers\ConAdminHome.php(26): view('Admin/AdminHome/AdminPageHome')
10 SYSTEMPATH\CodeIgniter.php(934): App\Controllers\ConAdminHome->index()
11 SYSTEMPATH\CodeIgniter.php(499): CodeIgniter\CodeIgniter->runController(Object(App\Controllers\ConAdminHome))
12 SYSTEMPATH\CodeIgniter.php(368): CodeIgniter\CodeIgniter->handleRequest(null, Object(Config\Cache), false)
13 FCPATH\index.php(67): CodeIgniter\CodeIgniter->run()
INFO - 2023-06-06 10:46:52 --> Session: Class initialized using 'CodeIgniter\Session\Handlers\FileHandler' driver.
CRITICAL - 2023-06-06 10:47:49 --> Undefined variable $_SESSION
in APPPATH\Controllers\ConAdminHome.php on line 8.
 1 APPPATH\Controllers\ConAdminHome.php(8): CodeIgniter\Debug\Exceptions->errorHandler(2, 'Undefined variable $_SESSION', 'C:\\xampp\\htdocs\\eoffice\\app\\Controllers\\ConAdminHome.php', 8)
 2 SYSTEMPATH\CodeIgniter.php(906): App\Controllers\ConAdminHome->__construct()
 3 SYSTEMPATH\CodeIgniter.php(490): CodeIgniter\CodeIgniter->createController()
 4 SYSTEMPATH\CodeIgniter.php(368): CodeIgniter\CodeIgniter->handleRequest(null, Object(Config\Cache), false)
 5 FCPATH\index.php(67): CodeIgniter\CodeIgniter->run()
CRITICAL - 2023-06-06 10:48:50 --> Undefined variable $_SESSION
in APPPATH\Controllers\ConAdminHome.php on line 8.
 1 APPPATH\Controllers\ConAdminHome.php(8): CodeIgniter\Debug\Exceptions->errorHandler(2, 'Undefined variable $_SESSION', 'C:\\xampp\\htdocs\\eoffice\\app\\Controllers\\ConAdminHome.php', 8)
 2 SYSTEMPATH\CodeIgniter.php(906): App\Controllers\ConAdminHome->__construct()
 3 SYSTEMPATH\CodeIgniter.php(490): CodeIgniter\CodeIgniter->createController()
 4 SYSTEMPATH\CodeIgniter.php(368): CodeIgniter\CodeIgniter->handleRequest(null, Object(Config\Cache), false)
 5 FCPATH\index.php(67): CodeIgniter\CodeIgniter->run()
CRITICAL - 2023-06-06 10:49:05 --> Undefined variable $_SESSION
in APPPATH\Controllers\ConAdminHome.php on line 8.
 1 APPPATH\Controllers\ConAdminHome.php(8): CodeIgniter\Debug\Exceptions->errorHandler(2, 'Undefined variable $_SESSION', 'C:\\xampp\\htdocs\\eoffice\\app\\Controllers\\ConAdminHome.php', 8)
 2 SYSTEMPATH\CodeIgniter.php(906): App\Controllers\ConAdminHome->__construct()
 3 SYSTEMPATH\CodeIgniter.php(490): CodeIgniter\CodeIgniter->createController()
 4 SYSTEMPATH\CodeIgniter.php(368): CodeIgniter\CodeIgniter->handleRequest(null, Object(Config\Cache), false)
 5 FCPATH\index.php(67): CodeIgniter\CodeIgniter->run()
INFO - 2023-06-06 10:49:19 --> Session: Class initialized using 'CodeIgniter\Session\Handlers\FileHandler' driver.
CRITICAL - 2023-06-06 10:49:19 --> Undefined variable $_SESSION
in APPPATH\Controllers\ConAdminHome.php on line 8.
 1 APPPATH\Controllers\ConAdminHome.php(8): CodeIgniter\Debug\Exceptions->errorHandler(2, 'Undefined variable $_SESSION', 'C:\\xampp\\htdocs\\eoffice\\app\\Controllers\\ConAdminHome.php', 8)
 2 SYSTEMPATH\CodeIgniter.php(906): App\Controllers\ConAdminHome->__construct()
 3 SYSTEMPATH\CodeIgniter.php(490): CodeIgniter\CodeIgniter->createController()
 4 SYSTEMPATH\CodeIgniter.php(368): CodeIgniter\CodeIgniter->handleRequest(null, Object(Config\Cache), false)
 5 FCPATH\index.php(67): CodeIgniter\CodeIgniter->run()
INFO - 2023-06-06 10:49:45 --> Session: Class initialized using 'CodeIgniter\Session\Handlers\FileHandler' driver.
INFO - 2023-06-06 10:50:06 --> Session: Class initialized using 'CodeIgniter\Session\Handlers\FileHandler' driver.
INFO - 2023-06-06 10:50:11 --> Session: Class initialized using 'CodeIgniter\Session\Handlers\FileHandler' driver.
INFO - 2023-06-06 10:50:21 --> Session: Class initialized using 'CodeIgniter\Session\Handlers\FileHandler' driver.
INFO - 2023-06-06 10:50:33 --> Session: Class initialized using 'CodeIgniter\Session\Handlers\FileHandler' driver.
INFO - 2023-06-06 10:50:44 --> Session: Class initialized using 'CodeIgniter\Session\Handlers\FileHandler' driver.
INFO - 2023-06-06 10:50:50 --> Session: Class initialized using 'CodeIgniter\Session\Handlers\FileHandler' driver.
INFO - 2023-06-06 10:51:06 --> Session: Class initialized using 'CodeIgniter\Session\Handlers\FileHandler' driver.
INFO - 2023-06-06 10:51:12 --> Session: Class initialized using 'CodeIgniter\Session\Handlers\FileHandler' driver.
INFO - 2023-06-06 10:51:47 --> Session: Class initialized using 'CodeIgniter\Session\Handlers\FileHandler' driver.
CRITICAL - 2023-06-06 10:51:48 --> The route for "https://localhost/eoffice/" cannot be found.
in SYSTEMPATH\HTTP\RedirectResponse.php on line 60.
 1 SYSTEMPATH\HTTP\RedirectResponse.php(60): CodeIgniter\HTTP\Exceptions\HTTPException::forInvalidRedirectRoute('https://localhost/eoffice/')
 2 SYSTEMPATH\Common.php(880): CodeIgniter\HTTP\RedirectResponse->route(false)
 3 APPPATH\Controllers\ConAdminHome.php(10): redirect('https://localhost/eoffice/')
 4 SYSTEMPATH\CodeIgniter.php(906): App\Controllers\ConAdminHome->__construct()
 5 SYSTEMPATH\CodeIgniter.php(490): CodeIgniter\CodeIgniter->createController()
 6 SYSTEMPATH\CodeIgniter.php(368): CodeIgniter\CodeIgniter->handleRequest(null, Object(Config\Cache), false)
 7 FCPATH\index.php(67): CodeIgniter\CodeIgniter->run()
INFO - 2023-06-06 10:52:04 --> Session: Class initialized using 'CodeIgniter\Session\Handlers\FileHandler' driver.
CRITICAL - 2023-06-06 10:52:04 --> The route for "https://localhost/eoffice/" cannot be found.
in SYSTEMPATH\HTTP\RedirectResponse.php on line 60.
 1 SYSTEMPATH\HTTP\RedirectResponse.php(60): CodeIgniter\HTTP\Exceptions\HTTPException::forInvalidRedirectRoute('https://localhost/eoffice/')
 2 SYSTEMPATH\Common.php(880): CodeIgniter\HTTP\RedirectResponse->route(false)
 3 APPPATH\Controllers\ConAdminHome.php(10): redirect('https://localhost/eoffice/')
 4 SYSTEMPATH\CodeIgniter.php(906): App\Controllers\ConAdminHome->__construct()
 5 SYSTEMPATH\CodeIgniter.php(490): CodeIgniter\CodeIgniter->createController()
 6 SYSTEMPATH\CodeIgniter.php(368): CodeIgniter\CodeIgniter->handleRequest(null, Object(Config\Cache), false)
 7 FCPATH\index.php(67): CodeIgniter\CodeIgniter->run()
INFO - 2023-06-06 10:52:17 --> Session: Class initialized using 'CodeIgniter\Session\Handlers\FileHandler' driver.
INFO - 2023-06-06 10:52:30 --> Session: Class initialized using 'CodeIgniter\Session\Handlers\FileHandler' driver.
INFO - 2023-06-06 10:52:30 --> Session: Class initialized using 'CodeIgniter\Session\Handlers\FileHandler' driver.
INFO - 2023-06-06 10:52:38 --> Session: Class initialized using 'CodeIgniter\Session\Handlers\FileHandler' driver.
INFO - 2023-06-06 10:52:38 --> Session: Class initialized using 'CodeIgniter\Session\Handlers\FileHandler' driver.
INFO - 2023-06-06 10:53:03 --> Session: Class initialized using 'CodeIgniter\Session\Handlers\FileHandler' driver.
INFO - 2023-06-06 10:53:20 --> Session: Class initialized using 'CodeIgniter\Session\Handlers\FileHandler' driver.
INFO - 2023-06-06 10:53:26 --> Session: Class initialized using 'CodeIgniter\Session\Handlers\FileHandler' driver.
INFO - 2023-06-06 10:53:49 --> Session: Class initialized using 'CodeIgniter\Session\Handlers\FileHandler' driver.
INFO - 2023-06-06 10:53:58 --> Session: Class initialized using 'CodeIgniter\Session\Handlers\FileHandler' driver.
INFO - 2023-06-06 10:55:30 --> Session: Class initialized using 'CodeIgniter\Session\Handlers\FileHandler' driver.
INFO - 2023-06-06 10:56:04 --> Session: Class initialized using 'CodeIgniter\Session\Handlers\FileHandler' driver.
CRITICAL - 2023-06-06 10:56:10 --> session_destroy(): Trying to destroy uninitialized session
in APPPATH\Controllers\ConUserHome.php on line 97.
 1 [internal function]: CodeIgniter\Debug\Exceptions->errorHandler(2, 'session_destroy(): Trying to destroy uninitialized session', 'C:\\xampp\\htdocs\\eoffice\\app\\Controllers\\ConUserHome.php', 97)
 2 APPPATH\Controllers\ConUserHome.php(97): session_destroy()
 3 SYSTEMPATH\CodeIgniter.php(934): App\Controllers\ConUserHome->LogOutEoffice()
 4 SYSTEMPATH\CodeIgniter.php(499): CodeIgniter\CodeIgniter->runController(Object(App\Controllers\ConUserHome))
 5 SYSTEMPATH\CodeIgniter.php(368): CodeIgniter\CodeIgniter->handleRequest(null, Object(Config\Cache), false)
 6 FCPATH\index.php(67): CodeIgniter\CodeIgniter->run()
CRITICAL - 2023-06-06 10:57:18 --> Undefined variable $session
in APPPATH\Controllers\ConUserHome.php on line 97.
 1 APPPATH\Controllers\ConUserHome.php(97): CodeIgniter\Debug\Exceptions->errorHandler(2, 'Undefined variable $session', 'C:\\xampp\\htdocs\\eoffice\\app\\Controllers\\ConUserHome.php', 97)
 2 SYSTEMPATH\CodeIgniter.php(934): App\Controllers\ConUserHome->LogOutEoffice()
 3 SYSTEMPATH\CodeIgniter.php(499): CodeIgniter\CodeIgniter->runController(Object(App\Controllers\ConUserHome))
 4 SYSTEMPATH\CodeIgniter.php(368): CodeIgniter\CodeIgniter->handleRequest(null, Object(Config\Cache), false)
 5 FCPATH\index.php(67): CodeIgniter\CodeIgniter->run()
INFO - 2023-06-06 10:58:28 --> Session: Class initialized using 'CodeIgniter\Session\Handlers\FileHandler' driver.
INFO - 2023-06-06 10:58:39 --> Session: Class initialized using 'CodeIgniter\Session\Handlers\FileHandler' driver.
INFO - 2023-06-06 10:58:40 --> Session: Class initialized using 'CodeIgniter\Session\Handlers\FileHandler' driver.
INFO - 2023-06-06 10:58:45 --> Session: Class initialized using 'CodeIgniter\Session\Handlers\FileHandler' driver.
INFO - 2023-06-06 10:58:47 --> Session: Class initialized using 'CodeIgniter\Session\Handlers\FileHandler' driver.
INFO - 2023-06-06 10:58:55 --> Session: Class initialized using 'CodeIgniter\Session\Handlers\FileHandler' driver.
INFO - 2023-06-06 10:58:56 --> Session: Class initialized using 'CodeIgniter\Session\Handlers\FileHandler' driver.
CRITICAL - 2023-06-06 10:58:59 --> Undefined variable $_SESSION
in APPPATH\Views\Admin\AdminLeyout\AdminNavbar.php on line 25.
 1 APPPATH\Views\Admin\AdminLeyout\AdminNavbar.php(25): CodeIgniter\Debug\Exceptions->errorHandler(2, 'Undefined variable $_SESSION', 'C:\\xampp\\htdocs\\eoffice\\app\\Views\\Admin\\AdminLeyout\\AdminNavbar.php', 25)
 2 SYSTEMPATH\View\View.php(213): include('C:\\xampp\\htdocs\\eoffice\\app\\Views\\Admin\\AdminLeyout\\AdminNavbar.php')
 3 SYSTEMPATH\View\View.php(216): CodeIgniter\View\View->CodeIgniter\View\{closure}()
 4 SYSTEMPATH\Common.php(1184): CodeIgniter\View\View->render('Admin/AdminLeyout/AdminNavbar', [], true)
 5 APPPATH\Views\Admin\AdminSaraban\AdminInstructionBookMain.php(3): view('Admin/AdminLeyout/AdminNavbar')
 6 SYSTEMPATH\View\View.php(213): include('C:\\xampp\\htdocs\\eoffice\\app\\Views\\Admin\\AdminSaraban\\AdminInstructionBookMain.php')
 7 SYSTEMPATH\View\View.php(216): CodeIgniter\View\View->CodeIgniter\View\{closure}()
 8 SYSTEMPATH\Common.php(1184): CodeIgniter\View\View->render('Admin/AdminSaraban/AdminInstructionBookMain', [], true)
 9 APPPATH\Controllers\ConAdminWorkSaraban.php(21): view('Admin/AdminSaraban/AdminInstructionBookMain')
10 SYSTEMPATH\CodeIgniter.php(934): App\Controllers\ConAdminWorkSaraban->InstructionMain()
11 SYSTEMPATH\CodeIgniter.php(499): CodeIgniter\CodeIgniter->runController(Object(App\Controllers\ConAdminWorkSaraban))
12 SYSTEMPATH\CodeIgniter.php(368): CodeIgniter\CodeIgniter->handleRequest(null, Object(Config\Cache), false)
13 FCPATH\index.php(67): CodeIgniter\CodeIgniter->run()
INFO - 2023-06-06 10:59:35 --> Session: Class initialized using 'CodeIgniter\Session\Handlers\FileHandler' driver.
INFO - 2023-06-06 10:59:36 --> Session: Class initialized using 'CodeIgniter\Session\Handlers\FileHandler' driver.
INFO - 2023-06-06 10:59:58 --> Session: Class initialized using 'CodeIgniter\Session\Handlers\FileHandler' driver.
CRITICAL - 2023-06-06 11:00:09 --> Undefined variable $GoogleButton
in APPPATH\Views\User\UserLeyout\UserMenuLeft.php on line 109.
 1 APPPATH\Views\User\UserLeyout\UserMenuLeft.php(109): CodeIgniter\Debug\Exceptions->errorHandler(2, 'Undefined variable $GoogleButton', 'C:\\xampp\\htdocs\\eoffice\\app\\Views\\User\\UserLeyout\\UserMenuLeft.php', 109)
 2 SYSTEMPATH\View\View.php(213): include('C:\\xampp\\htdocs\\eoffice\\app\\Views\\User\\UserLeyout\\UserMenuLeft.php')
 3 SYSTEMPATH\View\View.php(216): CodeIgniter\View\View->CodeIgniter\View\{closure}()
 4 SYSTEMPATH\Common.php(1184): CodeIgniter\View\View->render('User/UserLeyout/UserMenuLeft', [], true)
 5 APPPATH\Controllers\ConUserWorkSaraban.php(22): view('User/UserLeyout/UserMenuLeft')
 6 SYSTEMPATH\CodeIgniter.php(934): App\Controllers\ConUserWorkSaraban->InstructionMain()
 7 SYSTEMPATH\CodeIgniter.php(499): CodeIgniter\CodeIgniter->runController(Object(App\Controllers\ConUserWorkSaraban))
 8 SYSTEMPATH\CodeIgniter.php(368): CodeIgniter\CodeIgniter->handleRequest(null, Object(Config\Cache), false)
 9 FCPATH\index.php(67): CodeIgniter\CodeIgniter->run()
CRITICAL - 2023-06-06 11:00:52 --> Undefined variable $GoogleButton
in APPPATH\Views\User\UserLeyout\UserMenuLeft.php on line 109.
 1 APPPATH\Views\User\UserLeyout\UserMenuLeft.php(109): CodeIgniter\Debug\Exceptions->errorHandler(2, 'Undefined variable $GoogleButton', 'C:\\xampp\\htdocs\\eoffice\\app\\Views\\User\\UserLeyout\\UserMenuLeft.php', 109)
 2 SYSTEMPATH\View\View.php(213): include('C:\\xampp\\htdocs\\eoffice\\app\\Views\\User\\UserLeyout\\UserMenuLeft.php')
 3 SYSTEMPATH\View\View.php(216): CodeIgniter\View\View->CodeIgniter\View\{closure}()
 4 SYSTEMPATH\Common.php(1184): CodeIgniter\View\View->render('User/UserLeyout/UserMenuLeft', [], true)
 5 APPPATH\Controllers\ConUserWorkSaraban.php(22): view('User/UserLeyout/UserMenuLeft')
 6 SYSTEMPATH\CodeIgniter.php(934): App\Controllers\ConUserWorkSaraban->InstructionMain()
 7 SYSTEMPATH\CodeIgniter.php(499): CodeIgniter\CodeIgniter->runController(Object(App\Controllers\ConUserWorkSaraban))
 8 SYSTEMPATH\CodeIgniter.php(368): CodeIgniter\CodeIgniter->handleRequest(null, Object(Config\Cache), false)
 9 FCPATH\index.php(67): CodeIgniter\CodeIgniter->run()
INFO - 2023-06-06 11:05:48 --> Session: Class initialized using 'CodeIgniter\Session\Handlers\FileHandler' driver.
INFO - 2023-06-06 11:05:49 --> Session: Class initialized using 'CodeIgniter\Session\Handlers\FileHandler' driver.
INFO - 2023-06-06 11:05:52 --> Session: Class initialized using 'CodeIgniter\Session\Handlers\FileHandler' driver.
CRITICAL - 2023-06-06 11:06:09 --> Undefined property: App\Controllers\ConUserWorkSaraban::$GoogleButton
in APPPATH\Controllers\ConUserWorkSaraban.php on line 9.
 1 APPPATH\Controllers\ConUserWorkSaraban.php(9): CodeIgniter\Debug\Exceptions->errorHandler(2, 'Undefined property: App\\Controllers\\ConUserWorkSaraban::$GoogleButton', 'C:\\xampp\\htdocs\\eoffice\\app\\Controllers\\ConUserWorkSaraban.php', 9)
 2 APPPATH\Controllers\ConUserWorkSaraban.php(16): App\Controllers\ConUserWorkSaraban->DataMain()
 3 SYSTEMPATH\CodeIgniter.php(934): App\Controllers\ConUserWorkSaraban->InstructionMain()
 4 SYSTEMPATH\CodeIgniter.php(499): CodeIgniter\CodeIgniter->runController(Object(App\Controllers\ConUserWorkSaraban))
 5 SYSTEMPATH\CodeIgniter.php(368): CodeIgniter\CodeIgniter->handleRequest(null, Object(Config\Cache), false)
 6 FCPATH\index.php(67): CodeIgniter\CodeIgniter->run()
CRITICAL - 2023-06-06 11:08:04 --> Undefined variable $GoogleButton
in APPPATH\Views\User\UserLeyout\UserMenuLeft.php on line 109.
 1 APPPATH\Views\User\UserLeyout\UserMenuLeft.php(109): CodeIgniter\Debug\Exceptions->errorHandler(2, 'Undefined variable $GoogleButton', 'C:\\xampp\\htdocs\\eoffice\\app\\Views\\User\\UserLeyout\\UserMenuLeft.php', 109)
 2 SYSTEMPATH\View\View.php(213): include('C:\\xampp\\htdocs\\eoffice\\app\\Views\\User\\UserLeyout\\UserMenuLeft.php')
 3 SYSTEMPATH\View\View.php(216): CodeIgniter\View\View->CodeIgniter\View\{closure}()
 4 SYSTEMPATH\Common.php(1184): CodeIgniter\View\View->render('User/UserLeyout/UserMenuLeft', [], true)
 5 APPPATH\Controllers\ConUserWorkSaraban.php(21): view('User/UserLeyout/UserMenuLeft')
 6 SYSTEMPATH\CodeIgniter.php(934): App\Controllers\ConUserWorkSaraban->InstructionMain()
 7 SYSTEMPATH\CodeIgniter.php(499): CodeIgniter\CodeIgniter->runController(Object(App\Controllers\ConUserWorkSaraban))
 8 SYSTEMPATH\CodeIgniter.php(368): CodeIgniter\CodeIgniter->handleRequest(null, Object(Config\Cache), false)
 9 FCPATH\index.php(67): CodeIgniter\CodeIgniter->run()
CRITICAL - 2023-06-06 11:11:44 --> Undefined variable $GoogleButton
in APPPATH\Views\User\UserLeyout\UserMenuLeft.php on line 109.
 1 APPPATH\Views\User\UserLeyout\UserMenuLeft.php(109): CodeIgniter\Debug\Exceptions->errorHandler(2, 'Undefined variable $GoogleButton', 'C:\\xampp\\htdocs\\eoffice\\app\\Views\\User\\UserLeyout\\UserMenuLeft.php', 109)
 2 SYSTEMPATH\View\View.php(213): include('C:\\xampp\\htdocs\\eoffice\\app\\Views\\User\\UserLeyout\\UserMenuLeft.php')
 3 SYSTEMPATH\View\View.php(216): CodeIgniter\View\View->CodeIgniter\View\{closure}()
 4 SYSTEMPATH\Common.php(1184): CodeIgniter\View\View->render('User/UserLeyout/UserMenuLeft', [], true)
 5 APPPATH\Controllers\ConUserWorkSaraban.php(39): view('User/UserLeyout/UserMenuLeft')
 6 SYSTEMPATH\CodeIgniter.php(934): App\Controllers\ConUserWorkSaraban->InstructionMain()
 7 SYSTEMPATH\CodeIgniter.php(499): CodeIgniter\CodeIgniter->runController(Object(App\Controllers\ConUserWorkSaraban))
 8 SYSTEMPATH\CodeIgniter.php(368): CodeIgniter\CodeIgniter->handleRequest(null, Object(Config\Cache), false)
 9 FCPATH\index.php(67): CodeIgniter\CodeIgniter->run()
INFO - 2023-06-06 11:12:07 --> Session: Class initialized using 'CodeIgniter\Session\Handlers\FileHandler' driver.
INFO - 2023-06-06 11:12:14 --> Session: Class initialized using 'CodeIgniter\Session\Handlers\FileHandler' driver.
INFO - 2023-06-06 11:12:20 --> Session: Class initialized using 'CodeIgniter\Session\Handlers\FileHandler' driver.
INFO - 2023-06-06 11:12:21 --> Session: Class initialized using 'CodeIgniter\Session\Handlers\FileHandler' driver.
INFO - 2023-06-06 11:12:24 --> Session: Class initialized using 'CodeIgniter\Session\Handlers\FileHandler' driver.
INFO - 2023-06-06 11:12:24 --> Session: Class initialized using 'CodeIgniter\Session\Handlers\FileHandler' driver.
INFO - 2023-06-06 11:12:37 --> Session: Class initialized using 'CodeIgniter\Session\Handlers\FileHandler' driver.
INFO - 2023-06-06 11:13:02 --> Session: Class initialized using 'CodeIgniter\Session\Handlers\FileHandler' driver.
INFO - 2023-06-06 11:18:05 --> Session: Class initialized using 'CodeIgniter\Session\Handlers\FileHandler' driver.
INFO - 2023-06-06 11:18:48 --> Session: Class initialized using 'CodeIgniter\Session\Handlers\FileHandler' driver.
INFO - 2023-06-06 11:19:11 --> Session: Class initialized using 'CodeIgniter\Session\Handlers\FileHandler' driver.
INFO - 2023-06-06 11:20:24 --> Session: Class initialized using 'CodeIgniter\Session\Handlers\FileHandler' driver.
INFO - 2023-06-06 11:34:41 --> Session: Class initialized using 'CodeIgniter\Session\Handlers\FileHandler' driver.
INFO - 2023-06-06 11:34:41 --> Session: Class initialized using 'CodeIgniter\Session\Handlers\FileHandler' driver.
INFO - 2023-06-06 11:34:48 --> Session: Class initialized using 'CodeIgniter\Session\Handlers\FileHandler' driver.
INFO - 2023-06-06 11:34:49 --> Session: Class initialized using 'CodeIgniter\Session\Handlers\FileHandler' driver.
INFO - 2023-06-06 11:35:06 --> Session: Class initialized using 'CodeIgniter\Session\Handlers\FileHandler' driver.
INFO - 2023-06-06 11:36:26 --> Session: Class initialized using 'CodeIgniter\Session\Handlers\FileHandler' driver.
INFO - 2023-06-06 11:36:36 --> Session: Class initialized using 'CodeIgniter\Session\Handlers\FileHandler' driver.
INFO - 2023-06-06 11:36:42 --> Session: Class initialized using 'CodeIgniter\Session\Handlers\FileHandler' driver.
INFO - 2023-06-06 11:36:42 --> Session: Class initialized using 'CodeIgniter\Session\Handlers\FileHandler' driver.
INFO - 2023-06-06 11:54:56 --> Session: Class initialized using 'CodeIgniter\Session\Handlers\FileHandler' driver.
CRITICAL - 2023-06-06 15:54:11 --> Undefined variable $GoogleButton
in APPPATH\Views\User\UserLeyout\UserMenuLeft.php on line 76.
 1 APPPATH\Views\User\UserLeyout\UserMenuLeft.php(76): CodeIgniter\Debug\Exceptions->errorHandler(2, 'Undefined variable $GoogleButton', 'C:\\xampp\\htdocs\\eoffice\\app\\Views\\User\\UserLeyout\\UserMenuLeft.php', 76)
 2 SYSTEMPATH\View\View.php(213): include('C:\\xampp\\htdocs\\eoffice\\app\\Views\\User\\UserLeyout\\UserMenuLeft.php')
 3 SYSTEMPATH\View\View.php(216): CodeIgniter\View\View->CodeIgniter\View\{closure}()
 4 SYSTEMPATH\Common.php(1184): CodeIgniter\View\View->render('User/UserLeyout/UserMenuLeft', [], true)
 5 APPPATH\Controllers\ConLogin.php(44): view('User/UserLeyout/UserMenuLeft')
 6 SYSTEMPATH\CodeIgniter.php(934): App\Controllers\ConLogin->LoginEoffice()
 7 SYSTEMPATH\CodeIgniter.php(499): CodeIgniter\CodeIgniter->runController(Object(App\Controllers\ConLogin))
 8 SYSTEMPATH\CodeIgniter.php(368): CodeIgniter\CodeIgniter->handleRequest(null, Object(Config\Cache), false)
 9 FCPATH\index.php(67): CodeIgniter\CodeIgniter->run()
CRITICAL - 2023-06-06 15:56:06 --> Undefined variable $GoogleButton
in APPPATH\Views\Login\LoginGoogle.php on line 5.
 1 APPPATH\Views\Login\LoginGoogle.php(5): CodeIgniter\Debug\Exceptions->errorHandler(2, 'Undefined variable $GoogleButton', 'C:\\xampp\\htdocs\\eoffice\\app\\Views\\Login\\LoginGoogle.php', 5)
 2 SYSTEMPATH\View\View.php(213): include('C:\\xampp\\htdocs\\eoffice\\app\\Views\\Login\\LoginGoogle.php')
 3 SYSTEMPATH\View\View.php(216): CodeIgniter\View\View->CodeIgniter\View\{closure}()
 4 SYSTEMPATH\Common.php(1184): CodeIgniter\View\View->render('Login/LoginGoogle', [], true)
 5 APPPATH\Controllers\ConLogin.php(45): view('Login/LoginGoogle')
 6 SYSTEMPATH\CodeIgniter.php(934): App\Controllers\ConLogin->LoginEoffice()
 7 SYSTEMPATH\CodeIgniter.php(499): CodeIgniter\CodeIgniter->runController(Object(App\Controllers\ConLogin))
 8 SYSTEMPATH\CodeIgniter.php(368): CodeIgniter\CodeIgniter->handleRequest(null, Object(Config\Cache), false)
 9 FCPATH\index.php(67): CodeIgniter\CodeIgniter->run()
INFO - 2023-06-06 15:58:38 --> Session: Class initialized using 'CodeIgniter\Session\Handlers\FileHandler' driver.
INFO - 2023-06-06 15:58:40 --> Session: Class initialized using 'CodeIgniter\Session\Handlers\FileHandler' driver.
INFO - 2023-06-06 15:58:46 --> Session: Class initialized using 'CodeIgniter\Session\Handlers\FileHandler' driver.
INFO - 2023-06-06 15:58:49 --> Session: Class initialized using 'CodeIgniter\Session\Handlers\FileHandler' driver.
CRITICAL - 2023-06-06 15:58:49 --> Invalid code
in C:\xampp\htdocs\librarie_skj\google_sheet\vendor\google\apiclient\src\Google\Client.php on line 176.
 1 APPPATH\Controllers\ConLogin.php(45): Google_Client->fetchAccessTokenWithAuthCode(null)
 2 SYSTEMPATH\CodeIgniter.php(934): App\Controllers\ConLogin->LoginEoffice()
 3 SYSTEMPATH\CodeIgniter.php(499): CodeIgniter\CodeIgniter->runController(Object(App\Controllers\ConLogin))
 4 SYSTEMPATH\CodeIgniter.php(368): CodeIgniter\CodeIgniter->handleRequest(null, Object(Config\Cache), false)
 5 FCPATH\index.php(67): CodeIgniter\CodeIgniter->run()
INFO - 2023-06-06 15:59:24 --> Session: Class initialized using 'CodeIgniter\Session\Handlers\FileHandler' driver.
INFO - 2023-06-06 16:00:11 --> Session: Class initialized using 'CodeIgniter\Session\Handlers\FileHandler' driver.
INFO - 2023-06-06 16:00:27 --> Session: Class initialized using 'CodeIgniter\Session\Handlers\FileHandler' driver.
INFO - 2023-06-06 16:00:40 --> Session: Class initialized using 'CodeIgniter\Session\Handlers\FileHandler' driver.
INFO - 2023-06-06 16:00:44 --> Session: Class initialized using 'CodeIgniter\Session\Handlers\FileHandler' driver.
INFO - 2023-06-06 16:00:45 --> Session: Class initialized using 'CodeIgniter\Session\Handlers\FileHandler' driver.
INFO - 2023-06-06 16:00:48 --> Session: Class initialized using 'CodeIgniter\Session\Handlers\FileHandler' driver.
INFO - 2023-06-06 16:00:51 --> Session: Class initialized using 'CodeIgniter\Session\Handlers\FileHandler' driver.
INFO - 2023-06-06 16:02:05 --> Session: Class initialized using 'CodeIgniter\Session\Handlers\FileHandler' driver.
INFO - 2023-06-06 16:02:18 --> Session: Class initialized using 'CodeIgniter\Session\Handlers\FileHandler' driver.
INFO - 2023-06-06 16:11:04 --> Session: Class initialized using 'CodeIgniter\Session\Handlers\FileHandler' driver.
INFO - 2023-06-06 16:11:45 --> Session: Class initialized using 'CodeIgniter\Session\Handlers\FileHandler' driver.
INFO - 2023-06-06 16:11:54 --> Session: Class initialized using 'CodeIgniter\Session\Handlers\FileHandler' driver.
INFO - 2023-06-06 16:12:24 --> Session: Class initialized using 'CodeIgniter\Session\Handlers\FileHandler' driver.
INFO - 2023-06-06 16:13:46 --> Session: Class initialized using 'CodeIgniter\Session\Handlers\FileHandler' driver.
INFO - 2023-06-06 16:13:56 --> Session: Class initialized using 'CodeIgniter\Session\Handlers\FileHandler' driver.
INFO - 2023-06-06 16:13:57 --> Session: Class initialized using 'CodeIgniter\Session\Handlers\FileHandler' driver.
INFO - 2023-06-06 16:14:38 --> Session: Class initialized using 'CodeIgniter\Session\Handlers\FileHandler' driver.
INFO - 2023-06-06 16:14:42 --> Session: Class initialized using 'CodeIgniter\Session\Handlers\FileHandler' driver.
INFO - 2023-06-06 16:14:44 --> Session: Class initialized using 'CodeIgniter\Session\Handlers\FileHandler' driver.
INFO - 2023-06-06 16:14:50 --> Session: Class initialized using 'CodeIgniter\Session\Handlers\FileHandler' driver.
INFO - 2023-06-06 16:14:53 --> Session: Class initialized using 'CodeIgniter\Session\Handlers\FileHandler' driver.
INFO - 2023-06-06 16:16:50 --> Session: Class initialized using 'CodeIgniter\Session\Handlers\FileHandler' driver.
INFO - 2023-06-06 16:16:53 --> Session: Class initialized using 'CodeIgniter\Session\Handlers\FileHandler' driver.
INFO - 2023-06-06 16:16:53 --> Session: Class initialized using 'CodeIgniter\Session\Handlers\FileHandler' driver.
INFO - 2023-06-06 16:17:09 --> Session: Class initialized using 'CodeIgniter\Session\Handlers\FileHandler' driver.
INFO - 2023-06-06 16:17:12 --> Session: Class initialized using 'CodeIgniter\Session\Handlers\FileHandler' driver.
INFO - 2023-06-06 16:17:15 --> Session: Class initialized using 'CodeIgniter\Session\Handlers\FileHandler' driver.
INFO - 2023-06-06 16:17:16 --> Session: Class initialized using 'CodeIgniter\Session\Handlers\FileHandler' driver.
INFO - 2023-06-06 16:17:20 --> Session: Class initialized using 'CodeIgniter\Session\Handlers\FileHandler' driver.
INFO - 2023-06-06 16:28:35 --> Session: Class initialized using 'CodeIgniter\Session\Handlers\FileHandler' driver.
INFO - 2023-06-06 16:28:36 --> Session: Class initialized using 'CodeIgniter\Session\Handlers\FileHandler' driver.
INFO - 2023-06-06 16:28:37 --> Session: Class initialized using 'CodeIgniter\Session\Handlers\FileHandler' driver.
INFO - 2023-06-06 16:28:40 --> Session: Class initialized using 'CodeIgniter\Session\Handlers\FileHandler' driver.
