INFO - 2023-10-21 12:34:28 --> Session: Class initialized using 'CodeIgniter\Session\Handlers\FileHandler' driver.
INFO - 2023-10-21 12:34:29 --> Session: Class initialized using 'CodeIgniter\Session\Handlers\FileHandler' driver.
INFO - 2023-10-21 12:36:59 --> Session: Class initialized using 'CodeIgniter\Session\Handlers\FileHandler' driver.
INFO - 2023-10-21 12:37:10 --> Session: Class initialized using 'CodeIgniter\Session\Handlers\FileHandler' driver.
INFO - 2023-10-21 12:37:10 --> Session: Class initialized using 'CodeIgniter\Session\Handlers\FileHandler' driver.
INFO - 2023-10-21 12:38:47 --> Session: Class initialized using 'CodeIgniter\Session\Handlers\FileHandler' driver.
INFO - 2023-10-21 12:38:48 --> Session: Class initialized using 'CodeIgniter\Session\Handlers\FileHandler' driver.
INFO - 2023-10-21 12:39:26 --> Session: Class initialized using 'CodeIgniter\Session\Handlers\FileHandler' driver.
INFO - 2023-10-21 12:39:27 --> Session: Class initialized using 'CodeIgniter\Session\Handlers\FileHandler' driver.
INFO - 2023-10-21 12:40:24 --> Session: Class initialized using 'CodeIgniter\Session\Handlers\FileHandler' driver.
INFO - 2023-10-21 12:40:25 --> Session: Class initialized using 'CodeIgniter\Session\Handlers\FileHandler' driver.
INFO - 2023-10-21 12:42:08 --> Session: Class initialized using 'CodeIgniter\Session\Handlers\FileHandler' driver.
INFO - 2023-10-21 12:42:08 --> Session: Class initialized using 'CodeIgniter\Session\Handlers\FileHandler' driver.
INFO - 2023-10-21 12:42:28 --> Session: Class initialized using 'CodeIgniter\Session\Handlers\FileHandler' driver.
INFO - 2023-10-21 12:42:51 --> Session: Class initialized using 'CodeIgniter\Session\Handlers\FileHandler' driver.
INFO - 2023-10-21 12:42:51 --> Session: Class initialized using 'CodeIgniter\Session\Handlers\FileHandler' driver.
INFO - 2023-10-21 12:46:26 --> Session: Class initialized using 'CodeIgniter\Session\Handlers\FileHandler' driver.
INFO - 2023-10-21 12:46:28 --> Session: Class initialized using 'CodeIgniter\Session\Handlers\FileHandler' driver.
INFO - 2023-10-21 12:47:26 --> Session: Class initialized using 'CodeIgniter\Session\Handlers\FileHandler' driver.
INFO - 2023-10-21 12:47:28 --> Session: Class initialized using 'CodeIgniter\Session\Handlers\FileHandler' driver.
INFO - 2023-10-21 12:47:54 --> Session: Class initialized using 'CodeIgniter\Session\Handlers\FileHandler' driver.
INFO - 2023-10-21 12:47:55 --> Session: Class initialized using 'CodeIgniter\Session\Handlers\FileHandler' driver.
INFO - 2023-10-21 12:48:18 --> Session: Class initialized using 'CodeIgniter\Session\Handlers\FileHandler' driver.
INFO - 2023-10-21 12:48:20 --> Session: Class initialized using 'CodeIgniter\Session\Handlers\FileHandler' driver.
INFO - 2023-10-21 12:48:37 --> Session: Class initialized using 'CodeIgniter\Session\Handlers\FileHandler' driver.
INFO - 2023-10-21 12:48:39 --> Session: Class initialized using 'CodeIgniter\Session\Handlers\FileHandler' driver.
INFO - 2023-10-21 12:51:13 --> Session: Class initialized using 'CodeIgniter\Session\Handlers\FileHandler' driver.
INFO - 2023-10-21 12:51:16 --> Session: Class initialized using 'CodeIgniter\Session\Handlers\FileHandler' driver.
INFO - 2023-10-21 12:51:41 --> Session: Class initialized using 'CodeIgniter\Session\Handlers\FileHandler' driver.
INFO - 2023-10-21 12:51:42 --> Session: Class initialized using 'CodeIgniter\Session\Handlers\FileHandler' driver.
INFO - 2023-10-21 12:52:27 --> Session: Class initialized using 'CodeIgniter\Session\Handlers\FileHandler' driver.
INFO - 2023-10-21 12:52:29 --> Session: Class initialized using 'CodeIgniter\Session\Handlers\FileHandler' driver.
INFO - 2023-10-21 12:54:10 --> Session: Class initialized using 'CodeIgniter\Session\Handlers\FileHandler' driver.
INFO - 2023-10-21 12:54:12 --> Session: Class initialized using 'CodeIgniter\Session\Handlers\FileHandler' driver.
INFO - 2023-10-21 12:56:42 --> Session: Class initialized using 'CodeIgniter\Session\Handlers\FileHandler' driver.
INFO - 2023-10-21 12:56:44 --> Session: Class initialized using 'CodeIgniter\Session\Handlers\FileHandler' driver.
INFO - 2023-10-21 13:00:20 --> Session: Class initialized using 'CodeIgniter\Session\Handlers\FileHandler' driver.
INFO - 2023-10-21 13:00:22 --> Session: Class initialized using 'CodeIgniter\Session\Handlers\FileHandler' driver.
ERROR - 2023-10-21 13:00:24 --> mysqli_sql_exception: Not unique table/alias: 'tb_personnel' in C:\xampp\htdocs\general\vendor\codeigniter4\framework\system\Database\MySQLi\Connection.php:295
Stack trace:
#0 C:\xampp\htdocs\general\vendor\codeigniter4\framework\system\Database\MySQLi\Connection.php(295): mysqli->query('SELECT *\nFROM `...', 0)
#1 C:\xampp\htdocs\general\vendor\codeigniter4\framework\system\Database\BaseConnection.php(692): CodeIgniter\Database\MySQLi\Connection->execute('SELECT *\nFROM `...')
#2 C:\xampp\htdocs\general\vendor\codeigniter4\framework\system\Database\BaseConnection.php(606): CodeIgniter\Database\BaseConnection->simpleQuery('SELECT *\nFROM `...')
#3 C:\xampp\htdocs\general\vendor\codeigniter4\framework\system\Database\BaseBuilder.php(1616): CodeIgniter\Database\BaseConnection->query('SELECT *\nFROM `...', Array, false)
#4 C:\xampp\htdocs\general\app\Controllers\ConUserRepair.php(171): CodeIgniter\Database\BaseBuilder->get()
#5 C:\xampp\htdocs\general\vendor\codeigniter4\framework\system\CodeIgniter.php(934): App\Controllers\ConUserRepair->CheckRepairFullDetail()
#6 C:\xampp\htdocs\general\vendor\codeigniter4\framework\system\CodeIgniter.php(499): CodeIgniter\CodeIgniter->runController(Object(App\Controllers\ConUserRepair))
#7 C:\xampp\htdocs\general\vendor\codeigniter4\framework\system\CodeIgniter.php(368): CodeIgniter\CodeIgniter->handleRequest(NULL, Object(Config\Cache), false)
#8 C:\xampp\htdocs\general\index.php(67): CodeIgniter\CodeIgniter->run()
#9 {main}
CRITICAL - 2023-10-21 13:00:24 --> Not unique table/alias: 'tb_personnel'
in SYSTEMPATH\Database\MySQLi\Connection.php on line 295.
 1 SYSTEMPATH\Database\MySQLi\Connection.php(295): mysqli->query('SELECT *
FROM `tb_repair`
JOIN `skjacth_personnel`.`tb_personnel` ON `tb_repair`.`repair_userID` = `tb_personnel`.`pers_id`
JOIN `skjacth_personnel`.`tb_personnel` ON `tb_repair`.`repair_Repairman` = `tb_personnel`.`pers_id`
JOIN `skjacth_skj`.`tb_position` ON `tb_repair`.`repair_posi` = `tb_position`.`posi_id`
WHERE `repair_ID` = \'5\'', 0)
 2 SYSTEMPATH\Database\BaseConnection.php(692): CodeIgniter\Database\MySQLi\Connection->execute('SELECT *
FROM `tb_repair`
JOIN `skjacth_personnel`.`tb_personnel` ON `tb_repair`.`repair_userID` = `tb_personnel`.`pers_id`
JOIN `skjacth_personnel`.`tb_personnel` ON `tb_repair`.`repair_Repairman` = `tb_personnel`.`pers_id`
JOIN `skjacth_skj`.`tb_position` ON `tb_repair`.`repair_posi` = `tb_position`.`posi_id`
WHERE `repair_ID` = \'5\'')
 3 SYSTEMPATH\Database\BaseConnection.php(606): CodeIgniter\Database\BaseConnection->simpleQuery('SELECT *
FROM `tb_repair`
JOIN `skjacth_personnel`.`tb_personnel` ON `tb_repair`.`repair_userID` = `tb_personnel`.`pers_id`
JOIN `skjacth_personnel`.`tb_personnel` ON `tb_repair`.`repair_Repairman` = `tb_personnel`.`pers_id`
JOIN `skjacth_skj`.`tb_position` ON `tb_repair`.`repair_posi` = `tb_position`.`posi_id`
WHERE `repair_ID` = \'5\'')
 4 SYSTEMPATH\Database\BaseBuilder.php(1616): CodeIgniter\Database\BaseConnection->query('SELECT *
FROM `tb_repair`
JOIN `skjacth_personnel`.`tb_personnel` ON `tb_repair`.`repair_userID` = `tb_personnel`.`pers_id`
JOIN `skjacth_personnel`.`tb_personnel` ON `tb_repair`.`repair_Repairman` = `tb_personnel`.`pers_id`
JOIN `skjacth_skj`.`tb_position` ON `tb_repair`.`repair_posi` = `tb_position`.`posi_id`
WHERE `repair_ID` = :repair_ID:', [...], false)
 5 APPPATH\Controllers\ConUserRepair.php(171): CodeIgniter\Database\BaseBuilder->get()
 6 SYSTEMPATH\CodeIgniter.php(934): App\Controllers\ConUserRepair->CheckRepairFullDetail()
 7 SYSTEMPATH\CodeIgniter.php(499): CodeIgniter\CodeIgniter->runController(Object(App\Controllers\ConUserRepair))
 8 SYSTEMPATH\CodeIgniter.php(368): CodeIgniter\CodeIgniter->handleRequest(null, Object(Config\Cache), false)
 9 FCPATH\index.php(67): CodeIgniter\CodeIgniter->run()
ERROR - 2023-10-21 13:00:38 --> mysqli_sql_exception: Not unique table/alias: 'tb_personnel' in C:\xampp\htdocs\general\vendor\codeigniter4\framework\system\Database\MySQLi\Connection.php:295
Stack trace:
#0 C:\xampp\htdocs\general\vendor\codeigniter4\framework\system\Database\MySQLi\Connection.php(295): mysqli->query('SELECT *\nFROM `...', 0)
#1 C:\xampp\htdocs\general\vendor\codeigniter4\framework\system\Database\BaseConnection.php(692): CodeIgniter\Database\MySQLi\Connection->execute('SELECT *\nFROM `...')
#2 C:\xampp\htdocs\general\vendor\codeigniter4\framework\system\Database\BaseConnection.php(606): CodeIgniter\Database\BaseConnection->simpleQuery('SELECT *\nFROM `...')
#3 C:\xampp\htdocs\general\vendor\codeigniter4\framework\system\Database\BaseBuilder.php(1616): CodeIgniter\Database\BaseConnection->query('SELECT *\nFROM `...', Array, false)
#4 C:\xampp\htdocs\general\app\Controllers\ConUserRepair.php(171): CodeIgniter\Database\BaseBuilder->get()
#5 C:\xampp\htdocs\general\vendor\codeigniter4\framework\system\CodeIgniter.php(934): App\Controllers\ConUserRepair->CheckRepairFullDetail()
#6 C:\xampp\htdocs\general\vendor\codeigniter4\framework\system\CodeIgniter.php(499): CodeIgniter\CodeIgniter->runController(Object(App\Controllers\ConUserRepair))
#7 C:\xampp\htdocs\general\vendor\codeigniter4\framework\system\CodeIgniter.php(368): CodeIgniter\CodeIgniter->handleRequest(NULL, Object(Config\Cache), false)
#8 C:\xampp\htdocs\general\index.php(67): CodeIgniter\CodeIgniter->run()
#9 {main}
CRITICAL - 2023-10-21 13:00:38 --> Not unique table/alias: 'tb_personnel'
in SYSTEMPATH\Database\MySQLi\Connection.php on line 295.
 1 SYSTEMPATH\Database\MySQLi\Connection.php(295): mysqli->query('SELECT *
FROM `tb_repair`
JOIN `skjacth_personnel`.`tb_personnel` ON `tb_repair`.`repair_userID` = `tb_personnel`.`pers_id`
JOIN `skjacth_personnel`.`tb_personnel` ON `tb_repair`.`repair_Repairman` = `tb_personnel`.`pers_id`
JOIN `skjacth_skj`.`tb_position` ON `tb_repair`.`repair_posi` = `tb_position`.`posi_id`
WHERE `repair_ID` IS NULL', 0)
 2 SYSTEMPATH\Database\BaseConnection.php(692): CodeIgniter\Database\MySQLi\Connection->execute('SELECT *
FROM `tb_repair`
JOIN `skjacth_personnel`.`tb_personnel` ON `tb_repair`.`repair_userID` = `tb_personnel`.`pers_id`
JOIN `skjacth_personnel`.`tb_personnel` ON `tb_repair`.`repair_Repairman` = `tb_personnel`.`pers_id`
JOIN `skjacth_skj`.`tb_position` ON `tb_repair`.`repair_posi` = `tb_position`.`posi_id`
WHERE `repair_ID` IS NULL')
 3 SYSTEMPATH\Database\BaseConnection.php(606): CodeIgniter\Database\BaseConnection->simpleQuery('SELECT *
FROM `tb_repair`
JOIN `skjacth_personnel`.`tb_personnel` ON `tb_repair`.`repair_userID` = `tb_personnel`.`pers_id`
JOIN `skjacth_personnel`.`tb_personnel` ON `tb_repair`.`repair_Repairman` = `tb_personnel`.`pers_id`
JOIN `skjacth_skj`.`tb_position` ON `tb_repair`.`repair_posi` = `tb_position`.`posi_id`
WHERE `repair_ID` IS NULL')
 4 SYSTEMPATH\Database\BaseBuilder.php(1616): CodeIgniter\Database\BaseConnection->query('SELECT *
FROM `tb_repair`
JOIN `skjacth_personnel`.`tb_personnel` ON `tb_repair`.`repair_userID` = `tb_personnel`.`pers_id`
JOIN `skjacth_personnel`.`tb_personnel` ON `tb_repair`.`repair_Repairman` = `tb_personnel`.`pers_id`
JOIN `skjacth_skj`.`tb_position` ON `tb_repair`.`repair_posi` = `tb_position`.`posi_id`
WHERE `repair_ID` IS NULL', [], false)
 5 APPPATH\Controllers\ConUserRepair.php(171): CodeIgniter\Database\BaseBuilder->get()
 6 SYSTEMPATH\CodeIgniter.php(934): App\Controllers\ConUserRepair->CheckRepairFullDetail()
 7 SYSTEMPATH\CodeIgniter.php(499): CodeIgniter\CodeIgniter->runController(Object(App\Controllers\ConUserRepair))
 8 SYSTEMPATH\CodeIgniter.php(368): CodeIgniter\CodeIgniter->handleRequest(null, Object(Config\Cache), false)
 9 FCPATH\index.php(67): CodeIgniter\CodeIgniter->run()
INFO - 2023-10-21 13:02:15 --> Session: Class initialized using 'CodeIgniter\Session\Handlers\FileHandler' driver.
INFO - 2023-10-21 13:02:17 --> Session: Class initialized using 'CodeIgniter\Session\Handlers\FileHandler' driver.
INFO - 2023-10-21 13:04:04 --> Session: Class initialized using 'CodeIgniter\Session\Handlers\FileHandler' driver.
INFO - 2023-10-21 13:04:06 --> Session: Class initialized using 'CodeIgniter\Session\Handlers\FileHandler' driver.
INFO - 2023-10-21 13:06:51 --> Session: Class initialized using 'CodeIgniter\Session\Handlers\FileHandler' driver.
INFO - 2023-10-21 13:06:52 --> Session: Class initialized using 'CodeIgniter\Session\Handlers\FileHandler' driver.
INFO - 2023-10-21 13:07:17 --> Session: Class initialized using 'CodeIgniter\Session\Handlers\FileHandler' driver.
INFO - 2023-10-21 13:07:19 --> Session: Class initialized using 'CodeIgniter\Session\Handlers\FileHandler' driver.
INFO - 2023-10-21 13:07:34 --> Session: Class initialized using 'CodeIgniter\Session\Handlers\FileHandler' driver.
INFO - 2023-10-21 13:07:36 --> Session: Class initialized using 'CodeIgniter\Session\Handlers\FileHandler' driver.
INFO - 2023-10-21 13:07:58 --> Session: Class initialized using 'CodeIgniter\Session\Handlers\FileHandler' driver.
INFO - 2023-10-21 13:08:00 --> Session: Class initialized using 'CodeIgniter\Session\Handlers\FileHandler' driver.
INFO - 2023-10-21 13:08:24 --> Session: Class initialized using 'CodeIgniter\Session\Handlers\FileHandler' driver.
INFO - 2023-10-21 13:08:26 --> Session: Class initialized using 'CodeIgniter\Session\Handlers\FileHandler' driver.
INFO - 2023-10-21 13:08:56 --> Session: Class initialized using 'CodeIgniter\Session\Handlers\FileHandler' driver.
INFO - 2023-10-21 13:08:57 --> Session: Class initialized using 'CodeIgniter\Session\Handlers\FileHandler' driver.
INFO - 2023-10-21 13:09:28 --> Session: Class initialized using 'CodeIgniter\Session\Handlers\FileHandler' driver.
INFO - 2023-10-21 13:09:30 --> Session: Class initialized using 'CodeIgniter\Session\Handlers\FileHandler' driver.
INFO - 2023-10-21 13:11:17 --> Session: Class initialized using 'CodeIgniter\Session\Handlers\FileHandler' driver.
INFO - 2023-10-21 13:11:18 --> Session: Class initialized using 'CodeIgniter\Session\Handlers\FileHandler' driver.
INFO - 2023-10-21 13:11:29 --> Session: Class initialized using 'CodeIgniter\Session\Handlers\FileHandler' driver.
INFO - 2023-10-21 13:11:31 --> Session: Class initialized using 'CodeIgniter\Session\Handlers\FileHandler' driver.
ERROR - 2023-10-21 13:11:33 --> mysqli_sql_exception: Table 'skjacth_general.tb_personnel' doesn't exist in C:\xampp\htdocs\general\vendor\codeigniter4\framework\system\Database\MySQLi\Connection.php:295
Stack trace:
#0 C:\xampp\htdocs\general\vendor\codeigniter4\framework\system\Database\MySQLi\Connection.php(295): mysqli->query('SELECT `tb_pers...', 0)
#1 C:\xampp\htdocs\general\vendor\codeigniter4\framework\system\Database\BaseConnection.php(692): CodeIgniter\Database\MySQLi\Connection->execute('SELECT `tb_pers...')
#2 C:\xampp\htdocs\general\vendor\codeigniter4\framework\system\Database\BaseConnection.php(606): CodeIgniter\Database\BaseConnection->simpleQuery('SELECT `tb_pers...')
#3 C:\xampp\htdocs\general\vendor\codeigniter4\framework\system\Database\BaseBuilder.php(1616): CodeIgniter\Database\BaseConnection->query('SELECT `tb_pers...', Array, false)
#4 C:\xampp\htdocs\general\app\Controllers\ConUserRepair.php(178): CodeIgniter\Database\BaseBuilder->get()
#5 C:\xampp\htdocs\general\vendor\codeigniter4\framework\system\CodeIgniter.php(934): App\Controllers\ConUserRepair->CheckRepairFullDetail()
#6 C:\xampp\htdocs\general\vendor\codeigniter4\framework\system\CodeIgniter.php(499): CodeIgniter\CodeIgniter->runController(Object(App\Controllers\ConUserRepair))
#7 C:\xampp\htdocs\general\vendor\codeigniter4\framework\system\CodeIgniter.php(368): CodeIgniter\CodeIgniter->handleRequest(NULL, Object(Config\Cache), false)
#8 C:\xampp\htdocs\general\index.php(67): CodeIgniter\CodeIgniter->run()
#9 {main}
CRITICAL - 2023-10-21 13:11:33 --> Table 'skjacth_general.tb_personnel' doesn't exist
in SYSTEMPATH\Database\MySQLi\Connection.php on line 295.
 1 SYSTEMPATH\Database\MySQLi\Connection.php(295): mysqli->query('SELECT `tb_personnel`.`pers_prefix`, `tb_personnel`.`pers_firstname`, `tb_personnel`.`pers_lastname`
FROM `tb_personnel`
WHERE `pers_id` = \'pers_021\'', 0)
 2 SYSTEMPATH\Database\BaseConnection.php(692): CodeIgniter\Database\MySQLi\Connection->execute('SELECT `tb_personnel`.`pers_prefix`, `tb_personnel`.`pers_firstname`, `tb_personnel`.`pers_lastname`
FROM `tb_personnel`
WHERE `pers_id` = \'pers_021\'')
 3 SYSTEMPATH\Database\BaseConnection.php(606): CodeIgniter\Database\BaseConnection->simpleQuery('SELECT `tb_personnel`.`pers_prefix`, `tb_personnel`.`pers_firstname`, `tb_personnel`.`pers_lastname`
FROM `tb_personnel`
WHERE `pers_id` = \'pers_021\'')
 4 SYSTEMPATH\Database\BaseBuilder.php(1616): CodeIgniter\Database\BaseConnection->query('SELECT `tb_personnel`.`pers_prefix`, `tb_personnel`.`pers_firstname`, `tb_personnel`.`pers_lastname`
FROM `tb_personnel`
WHERE `pers_id` = :pers_id:', [...], false)
 5 APPPATH\Controllers\ConUserRepair.php(178): CodeIgniter\Database\BaseBuilder->get()
 6 SYSTEMPATH\CodeIgniter.php(934): App\Controllers\ConUserRepair->CheckRepairFullDetail()
 7 SYSTEMPATH\CodeIgniter.php(499): CodeIgniter\CodeIgniter->runController(Object(App\Controllers\ConUserRepair))
 8 SYSTEMPATH\CodeIgniter.php(368): CodeIgniter\CodeIgniter->handleRequest(null, Object(Config\Cache), false)
 9 FCPATH\index.php(67): CodeIgniter\CodeIgniter->run()
INFO - 2023-10-21 13:12:00 --> Session: Class initialized using 'CodeIgniter\Session\Handlers\FileHandler' driver.
INFO - 2023-10-21 13:12:02 --> Session: Class initialized using 'CodeIgniter\Session\Handlers\FileHandler' driver.
ERROR - 2023-10-21 13:12:04 --> mysqli_sql_exception: Table 'skjacth_general.tb_personnel' doesn't exist in C:\xampp\htdocs\general\vendor\codeigniter4\framework\system\Database\MySQLi\Connection.php:295
Stack trace:
#0 C:\xampp\htdocs\general\vendor\codeigniter4\framework\system\Database\MySQLi\Connection.php(295): mysqli->query('SELECT `pers_pr...', 0)
#1 C:\xampp\htdocs\general\vendor\codeigniter4\framework\system\Database\BaseConnection.php(692): CodeIgniter\Database\MySQLi\Connection->execute('SELECT `pers_pr...')
#2 C:\xampp\htdocs\general\vendor\codeigniter4\framework\system\Database\BaseConnection.php(606): CodeIgniter\Database\BaseConnection->simpleQuery('SELECT `pers_pr...')
#3 C:\xampp\htdocs\general\vendor\codeigniter4\framework\system\Database\BaseBuilder.php(1616): CodeIgniter\Database\BaseConnection->query('SELECT `pers_pr...', Array, false)
#4 C:\xampp\htdocs\general\app\Controllers\ConUserRepair.php(178): CodeIgniter\Database\BaseBuilder->get()
#5 C:\xampp\htdocs\general\vendor\codeigniter4\framework\system\CodeIgniter.php(934): App\Controllers\ConUserRepair->CheckRepairFullDetail()
#6 C:\xampp\htdocs\general\vendor\codeigniter4\framework\system\CodeIgniter.php(499): CodeIgniter\CodeIgniter->runController(Object(App\Controllers\ConUserRepair))
#7 C:\xampp\htdocs\general\vendor\codeigniter4\framework\system\CodeIgniter.php(368): CodeIgniter\CodeIgniter->handleRequest(NULL, Object(Config\Cache), false)
#8 C:\xampp\htdocs\general\index.php(67): CodeIgniter\CodeIgniter->run()
#9 {main}
CRITICAL - 2023-10-21 13:12:04 --> Table 'skjacth_general.tb_personnel' doesn't exist
in SYSTEMPATH\Database\MySQLi\Connection.php on line 295.
 1 SYSTEMPATH\Database\MySQLi\Connection.php(295): mysqli->query('SELECT `pers_prefix`, `pers_firstname`, `pers_lastname`
FROM `tb_personnel`
WHERE `pers_id` = \'pers_021\'', 0)
 2 SYSTEMPATH\Database\BaseConnection.php(692): CodeIgniter\Database\MySQLi\Connection->execute('SELECT `pers_prefix`, `pers_firstname`, `pers_lastname`
FROM `tb_personnel`
WHERE `pers_id` = \'pers_021\'')
 3 SYSTEMPATH\Database\BaseConnection.php(606): CodeIgniter\Database\BaseConnection->simpleQuery('SELECT `pers_prefix`, `pers_firstname`, `pers_lastname`
FROM `tb_personnel`
WHERE `pers_id` = \'pers_021\'')
 4 SYSTEMPATH\Database\BaseBuilder.php(1616): CodeIgniter\Database\BaseConnection->query('SELECT `pers_prefix`, `pers_firstname`, `pers_lastname`
FROM `tb_personnel`
WHERE `pers_id` = :pers_id:', [...], false)
 5 APPPATH\Controllers\ConUserRepair.php(178): CodeIgniter\Database\BaseBuilder->get()
 6 SYSTEMPATH\CodeIgniter.php(934): App\Controllers\ConUserRepair->CheckRepairFullDetail()
 7 SYSTEMPATH\CodeIgniter.php(499): CodeIgniter\CodeIgniter->runController(Object(App\Controllers\ConUserRepair))
 8 SYSTEMPATH\CodeIgniter.php(368): CodeIgniter\CodeIgniter->handleRequest(null, Object(Config\Cache), false)
 9 FCPATH\index.php(67): CodeIgniter\CodeIgniter->run()
CRITICAL - 2023-10-21 13:12:08 --> Undefined array key 0
in APPPATH\Controllers\ConUserRepair.php on line 175.
 1 APPPATH\Controllers\ConUserRepair.php(175): CodeIgniter\Debug\Exceptions->errorHandler(2, 'Undefined array key 0', 'C:\\xampp\\htdocs\\general\\app\\Controllers\\ConUserRepair.php', 175)
 2 SYSTEMPATH\CodeIgniter.php(934): App\Controllers\ConUserRepair->CheckRepairFullDetail()
 3 SYSTEMPATH\CodeIgniter.php(499): CodeIgniter\CodeIgniter->runController(Object(App\Controllers\ConUserRepair))
 4 SYSTEMPATH\CodeIgniter.php(368): CodeIgniter\CodeIgniter->handleRequest(null, Object(Config\Cache), false)
 5 FCPATH\index.php(67): CodeIgniter\CodeIgniter->run()
CRITICAL - 2023-10-21 13:12:30 --> Undefined array key 0
in APPPATH\Controllers\ConUserRepair.php on line 174.
 1 APPPATH\Controllers\ConUserRepair.php(174): CodeIgniter\Debug\Exceptions->errorHandler(2, 'Undefined array key 0', 'C:\\xampp\\htdocs\\general\\app\\Controllers\\ConUserRepair.php', 174)
 2 SYSTEMPATH\CodeIgniter.php(934): App\Controllers\ConUserRepair->CheckRepairFullDetail()
 3 SYSTEMPATH\CodeIgniter.php(499): CodeIgniter\CodeIgniter->runController(Object(App\Controllers\ConUserRepair))
 4 SYSTEMPATH\CodeIgniter.php(368): CodeIgniter\CodeIgniter->handleRequest(null, Object(Config\Cache), false)
 5 FCPATH\index.php(67): CodeIgniter\CodeIgniter->run()
INFO - 2023-10-21 13:12:35 --> Session: Class initialized using 'CodeIgniter\Session\Handlers\FileHandler' driver.
INFO - 2023-10-21 13:12:37 --> Session: Class initialized using 'CodeIgniter\Session\Handlers\FileHandler' driver.
ERROR - 2023-10-21 13:12:40 --> mysqli_sql_exception: Table 'skjacth_general.tb_personnel' doesn't exist in C:\xampp\htdocs\general\vendor\codeigniter4\framework\system\Database\MySQLi\Connection.php:295
Stack trace:
#0 C:\xampp\htdocs\general\vendor\codeigniter4\framework\system\Database\MySQLi\Connection.php(295): mysqli->query('SELECT `pers_pr...', 0)
#1 C:\xampp\htdocs\general\vendor\codeigniter4\framework\system\Database\BaseConnection.php(692): CodeIgniter\Database\MySQLi\Connection->execute('SELECT `pers_pr...')
#2 C:\xampp\htdocs\general\vendor\codeigniter4\framework\system\Database\BaseConnection.php(606): CodeIgniter\Database\BaseConnection->simpleQuery('SELECT `pers_pr...')
#3 C:\xampp\htdocs\general\vendor\codeigniter4\framework\system\Database\BaseBuilder.php(1616): CodeIgniter\Database\BaseConnection->query('SELECT `pers_pr...', Array, false)
#4 C:\xampp\htdocs\general\app\Controllers\ConUserRepair.php(178): CodeIgniter\Database\BaseBuilder->get()
#5 C:\xampp\htdocs\general\vendor\codeigniter4\framework\system\CodeIgniter.php(934): App\Controllers\ConUserRepair->CheckRepairFullDetail()
#6 C:\xampp\htdocs\general\vendor\codeigniter4\framework\system\CodeIgniter.php(499): CodeIgniter\CodeIgniter->runController(Object(App\Controllers\ConUserRepair))
#7 C:\xampp\htdocs\general\vendor\codeigniter4\framework\system\CodeIgniter.php(368): CodeIgniter\CodeIgniter->handleRequest(NULL, Object(Config\Cache), false)
#8 C:\xampp\htdocs\general\index.php(67): CodeIgniter\CodeIgniter->run()
#9 {main}
CRITICAL - 2023-10-21 13:12:40 --> Table 'skjacth_general.tb_personnel' doesn't exist
in SYSTEMPATH\Database\MySQLi\Connection.php on line 295.
 1 SYSTEMPATH\Database\MySQLi\Connection.php(295): mysqli->query('SELECT `pers_prefix`, `pers_firstname`, `pers_lastname`
FROM `tb_personnel`
WHERE `pers_id` = \'pers_021\'', 0)
 2 SYSTEMPATH\Database\BaseConnection.php(692): CodeIgniter\Database\MySQLi\Connection->execute('SELECT `pers_prefix`, `pers_firstname`, `pers_lastname`
FROM `tb_personnel`
WHERE `pers_id` = \'pers_021\'')
 3 SYSTEMPATH\Database\BaseConnection.php(606): CodeIgniter\Database\BaseConnection->simpleQuery('SELECT `pers_prefix`, `pers_firstname`, `pers_lastname`
FROM `tb_personnel`
WHERE `pers_id` = \'pers_021\'')
 4 SYSTEMPATH\Database\BaseBuilder.php(1616): CodeIgniter\Database\BaseConnection->query('SELECT `pers_prefix`, `pers_firstname`, `pers_lastname`
FROM `tb_personnel`
WHERE `pers_id` = :pers_id:', [...], false)
 5 APPPATH\Controllers\ConUserRepair.php(178): CodeIgniter\Database\BaseBuilder->get()
 6 SYSTEMPATH\CodeIgniter.php(934): App\Controllers\ConUserRepair->CheckRepairFullDetail()
 7 SYSTEMPATH\CodeIgniter.php(499): CodeIgniter\CodeIgniter->runController(Object(App\Controllers\ConUserRepair))
 8 SYSTEMPATH\CodeIgniter.php(368): CodeIgniter\CodeIgniter->handleRequest(null, Object(Config\Cache), false)
 9 FCPATH\index.php(67): CodeIgniter\CodeIgniter->run()
CRITICAL - 2023-10-21 13:13:03 --> Undefined array key 0
in APPPATH\Controllers\ConUserRepair.php on line 174.
 1 APPPATH\Controllers\ConUserRepair.php(174): CodeIgniter\Debug\Exceptions->errorHandler(2, 'Undefined array key 0', 'C:\\xampp\\htdocs\\general\\app\\Controllers\\ConUserRepair.php', 174)
 2 SYSTEMPATH\CodeIgniter.php(934): App\Controllers\ConUserRepair->CheckRepairFullDetail()
 3 SYSTEMPATH\CodeIgniter.php(499): CodeIgniter\CodeIgniter->runController(Object(App\Controllers\ConUserRepair))
 4 SYSTEMPATH\CodeIgniter.php(368): CodeIgniter\CodeIgniter->handleRequest(null, Object(Config\Cache), false)
 5 FCPATH\index.php(67): CodeIgniter\CodeIgniter->run()
INFO - 2023-10-21 13:13:15 --> Session: Class initialized using 'CodeIgniter\Session\Handlers\FileHandler' driver.
INFO - 2023-10-21 13:13:17 --> Session: Class initialized using 'CodeIgniter\Session\Handlers\FileHandler' driver.
CRITICAL - 2023-10-21 13:13:19 --> Undefined variable $TBpers
in APPPATH\Controllers\ConUserRepair.php on line 176.
 1 APPPATH\Controllers\ConUserRepair.php(176): CodeIgniter\Debug\Exceptions->errorHandler(2, 'Undefined variable $TBpers', 'C:\\xampp\\htdocs\\general\\app\\Controllers\\ConUserRepair.php', 176)
 2 SYSTEMPATH\CodeIgniter.php(934): App\Controllers\ConUserRepair->CheckRepairFullDetail()
 3 SYSTEMPATH\CodeIgniter.php(499): CodeIgniter\CodeIgniter->runController(Object(App\Controllers\ConUserRepair))
 4 SYSTEMPATH\CodeIgniter.php(368): CodeIgniter\CodeIgniter->handleRequest(null, Object(Config\Cache), false)
 5 FCPATH\index.php(67): CodeIgniter\CodeIgniter->run()
CRITICAL - 2023-10-21 13:13:22 --> Undefined array key 0
in APPPATH\Controllers\ConUserRepair.php on line 174.
 1 APPPATH\Controllers\ConUserRepair.php(174): CodeIgniter\Debug\Exceptions->errorHandler(2, 'Undefined array key 0', 'C:\\xampp\\htdocs\\general\\app\\Controllers\\ConUserRepair.php', 174)
 2 SYSTEMPATH\CodeIgniter.php(934): App\Controllers\ConUserRepair->CheckRepairFullDetail()
 3 SYSTEMPATH\CodeIgniter.php(499): CodeIgniter\CodeIgniter->runController(Object(App\Controllers\ConUserRepair))
 4 SYSTEMPATH\CodeIgniter.php(368): CodeIgniter\CodeIgniter->handleRequest(null, Object(Config\Cache), false)
 5 FCPATH\index.php(67): CodeIgniter\CodeIgniter->run()
INFO - 2023-10-21 13:13:43 --> Session: Class initialized using 'CodeIgniter\Session\Handlers\FileHandler' driver.
INFO - 2023-10-21 13:13:45 --> Session: Class initialized using 'CodeIgniter\Session\Handlers\FileHandler' driver.
INFO - 2023-10-21 13:14:05 --> Session: Class initialized using 'CodeIgniter\Session\Handlers\FileHandler' driver.
INFO - 2023-10-21 13:14:07 --> Session: Class initialized using 'CodeIgniter\Session\Handlers\FileHandler' driver.
INFO - 2023-10-21 13:14:27 --> Session: Class initialized using 'CodeIgniter\Session\Handlers\FileHandler' driver.
INFO - 2023-10-21 13:14:28 --> Session: Class initialized using 'CodeIgniter\Session\Handlers\FileHandler' driver.
ERROR - 2023-10-21 13:14:30 --> mysqli_sql_exception: Table 'skjacth_general.tb_personnel' doesn't exist in C:\xampp\htdocs\general\vendor\codeigniter4\framework\system\Database\MySQLi\Connection.php:295
Stack trace:
#0 C:\xampp\htdocs\general\vendor\codeigniter4\framework\system\Database\MySQLi\Connection.php(295): mysqli->query('SELECT `pers_pr...', 0)
#1 C:\xampp\htdocs\general\vendor\codeigniter4\framework\system\Database\BaseConnection.php(692): CodeIgniter\Database\MySQLi\Connection->execute('SELECT `pers_pr...')
#2 C:\xampp\htdocs\general\vendor\codeigniter4\framework\system\Database\BaseConnection.php(606): CodeIgniter\Database\BaseConnection->simpleQuery('SELECT `pers_pr...')
#3 C:\xampp\htdocs\general\vendor\codeigniter4\framework\system\Database\BaseBuilder.php(1616): CodeIgniter\Database\BaseConnection->query('SELECT `pers_pr...', Array, false)
#4 C:\xampp\htdocs\general\app\Controllers\ConUserRepair.php(179): CodeIgniter\Database\BaseBuilder->get()
#5 C:\xampp\htdocs\general\vendor\codeigniter4\framework\system\CodeIgniter.php(934): App\Controllers\ConUserRepair->CheckRepairFullDetail()
#6 C:\xampp\htdocs\general\vendor\codeigniter4\framework\system\CodeIgniter.php(499): CodeIgniter\CodeIgniter->runController(Object(App\Controllers\ConUserRepair))
#7 C:\xampp\htdocs\general\vendor\codeigniter4\framework\system\CodeIgniter.php(368): CodeIgniter\CodeIgniter->handleRequest(NULL, Object(Config\Cache), false)
#8 C:\xampp\htdocs\general\index.php(67): CodeIgniter\CodeIgniter->run()
#9 {main}
CRITICAL - 2023-10-21 13:14:30 --> Table 'skjacth_general.tb_personnel' doesn't exist
in SYSTEMPATH\Database\MySQLi\Connection.php on line 295.
 1 SYSTEMPATH\Database\MySQLi\Connection.php(295): mysqli->query('SELECT `pers_prefix`, `pers_firstname`, `pers_lastname`
FROM `tb_personnel`
WHERE `pers_id` = \'pers_021\'', 0)
 2 SYSTEMPATH\Database\BaseConnection.php(692): CodeIgniter\Database\MySQLi\Connection->execute('SELECT `pers_prefix`, `pers_firstname`, `pers_lastname`
FROM `tb_personnel`
WHERE `pers_id` = \'pers_021\'')
 3 SYSTEMPATH\Database\BaseConnection.php(606): CodeIgniter\Database\BaseConnection->simpleQuery('SELECT `pers_prefix`, `pers_firstname`, `pers_lastname`
FROM `tb_personnel`
WHERE `pers_id` = \'pers_021\'')
 4 SYSTEMPATH\Database\BaseBuilder.php(1616): CodeIgniter\Database\BaseConnection->query('SELECT `pers_prefix`, `pers_firstname`, `pers_lastname`
FROM `tb_personnel`
WHERE `pers_id` = :pers_id:', [...], false)
 5 APPPATH\Controllers\ConUserRepair.php(179): CodeIgniter\Database\BaseBuilder->get()
 6 SYSTEMPATH\CodeIgniter.php(934): App\Controllers\ConUserRepair->CheckRepairFullDetail()
 7 SYSTEMPATH\CodeIgniter.php(499): CodeIgniter\CodeIgniter->runController(Object(App\Controllers\ConUserRepair))
 8 SYSTEMPATH\CodeIgniter.php(368): CodeIgniter\CodeIgniter->handleRequest(null, Object(Config\Cache), false)
 9 FCPATH\index.php(67): CodeIgniter\CodeIgniter->run()
INFO - 2023-10-21 13:14:47 --> Session: Class initialized using 'CodeIgniter\Session\Handlers\FileHandler' driver.
INFO - 2023-10-21 13:14:48 --> Session: Class initialized using 'CodeIgniter\Session\Handlers\FileHandler' driver.
INFO - 2023-10-21 13:15:14 --> Session: Class initialized using 'CodeIgniter\Session\Handlers\FileHandler' driver.
INFO - 2023-10-21 13:15:16 --> Session: Class initialized using 'CodeIgniter\Session\Handlers\FileHandler' driver.
INFO - 2023-10-21 13:19:08 --> Session: Class initialized using 'CodeIgniter\Session\Handlers\FileHandler' driver.
INFO - 2023-10-21 13:19:09 --> Session: Class initialized using 'CodeIgniter\Session\Handlers\FileHandler' driver.
INFO - 2023-10-21 13:19:58 --> Session: Class initialized using 'CodeIgniter\Session\Handlers\FileHandler' driver.
INFO - 2023-10-21 13:19:59 --> Session: Class initialized using 'CodeIgniter\Session\Handlers\FileHandler' driver.
INFO - 2023-10-21 13:20:44 --> Session: Class initialized using 'CodeIgniter\Session\Handlers\FileHandler' driver.
INFO - 2023-10-21 13:20:46 --> Session: Class initialized using 'CodeIgniter\Session\Handlers\FileHandler' driver.
INFO - 2023-10-21 13:21:07 --> Session: Class initialized using 'CodeIgniter\Session\Handlers\FileHandler' driver.
INFO - 2023-10-21 13:21:09 --> Session: Class initialized using 'CodeIgniter\Session\Handlers\FileHandler' driver.
INFO - 2023-10-21 13:21:42 --> Session: Class initialized using 'CodeIgniter\Session\Handlers\FileHandler' driver.
INFO - 2023-10-21 13:21:43 --> Session: Class initialized using 'CodeIgniter\Session\Handlers\FileHandler' driver.
INFO - 2023-10-21 13:22:27 --> Session: Class initialized using 'CodeIgniter\Session\Handlers\FileHandler' driver.
INFO - 2023-10-21 13:22:29 --> Session: Class initialized using 'CodeIgniter\Session\Handlers\FileHandler' driver.
INFO - 2023-10-21 13:22:57 --> Session: Class initialized using 'CodeIgniter\Session\Handlers\FileHandler' driver.
INFO - 2023-10-21 13:22:59 --> Session: Class initialized using 'CodeIgniter\Session\Handlers\FileHandler' driver.
INFO - 2023-10-21 13:23:36 --> Session: Class initialized using 'CodeIgniter\Session\Handlers\FileHandler' driver.
INFO - 2023-10-21 13:23:38 --> Session: Class initialized using 'CodeIgniter\Session\Handlers\FileHandler' driver.
INFO - 2023-10-21 13:24:12 --> Session: Class initialized using 'CodeIgniter\Session\Handlers\FileHandler' driver.
INFO - 2023-10-21 13:25:20 --> Session: Class initialized using 'CodeIgniter\Session\Handlers\FileHandler' driver.
INFO - 2023-10-21 13:25:22 --> Session: Class initialized using 'CodeIgniter\Session\Handlers\FileHandler' driver.
INFO - 2023-10-21 13:26:25 --> Session: Class initialized using 'CodeIgniter\Session\Handlers\FileHandler' driver.
INFO - 2023-10-21 13:26:25 --> Session: Class initialized using 'CodeIgniter\Session\Handlers\FileHandler' driver.
INFO - 2023-10-21 13:26:27 --> Session: Class initialized using 'CodeIgniter\Session\Handlers\FileHandler' driver.
INFO - 2023-10-21 13:26:29 --> Session: Class initialized using 'CodeIgniter\Session\Handlers\FileHandler' driver.
INFO - 2023-10-21 13:26:31 --> Session: Class initialized using 'CodeIgniter\Session\Handlers\FileHandler' driver.
INFO - 2023-10-21 13:26:32 --> Session: Class initialized using 'CodeIgniter\Session\Handlers\FileHandler' driver.
INFO - 2023-10-21 13:27:45 --> Session: Class initialized using 'CodeIgniter\Session\Handlers\FileHandler' driver.
INFO - 2023-10-21 13:27:47 --> Session: Class initialized using 'CodeIgniter\Session\Handlers\FileHandler' driver.
INFO - 2023-10-21 13:28:01 --> Session: Class initialized using 'CodeIgniter\Session\Handlers\FileHandler' driver.
INFO - 2023-10-21 13:28:03 --> Session: Class initialized using 'CodeIgniter\Session\Handlers\FileHandler' driver.
INFO - 2023-10-21 13:28:55 --> Session: Class initialized using 'CodeIgniter\Session\Handlers\FileHandler' driver.
INFO - 2023-10-21 13:28:57 --> Session: Class initialized using 'CodeIgniter\Session\Handlers\FileHandler' driver.
INFO - 2023-10-21 13:29:19 --> Session: Class initialized using 'CodeIgniter\Session\Handlers\FileHandler' driver.
INFO - 2023-10-21 13:29:29 --> Session: Class initialized using 'CodeIgniter\Session\Handlers\FileHandler' driver.
INFO - 2023-10-21 13:29:32 --> Session: Class initialized using 'CodeIgniter\Session\Handlers\FileHandler' driver.
INFO - 2023-10-21 13:31:13 --> Session: Class initialized using 'CodeIgniter\Session\Handlers\FileHandler' driver.
INFO - 2023-10-21 13:31:15 --> Session: Class initialized using 'CodeIgniter\Session\Handlers\FileHandler' driver.
INFO - 2023-10-21 13:31:46 --> Session: Class initialized using 'CodeIgniter\Session\Handlers\FileHandler' driver.
INFO - 2023-10-21 13:31:48 --> Session: Class initialized using 'CodeIgniter\Session\Handlers\FileHandler' driver.
INFO - 2023-10-21 13:32:28 --> Session: Class initialized using 'CodeIgniter\Session\Handlers\FileHandler' driver.
INFO - 2023-10-21 13:32:30 --> Session: Class initialized using 'CodeIgniter\Session\Handlers\FileHandler' driver.
INFO - 2023-10-21 13:34:37 --> Session: Class initialized using 'CodeIgniter\Session\Handlers\FileHandler' driver.
INFO - 2023-10-21 13:34:39 --> Session: Class initialized using 'CodeIgniter\Session\Handlers\FileHandler' driver.
INFO - 2023-10-21 13:35:14 --> Session: Class initialized using 'CodeIgniter\Session\Handlers\FileHandler' driver.
INFO - 2023-10-21 13:35:44 --> Session: Class initialized using 'CodeIgniter\Session\Handlers\FileHandler' driver.
INFO - 2023-10-21 13:35:46 --> Session: Class initialized using 'CodeIgniter\Session\Handlers\FileHandler' driver.
INFO - 2023-10-21 13:36:05 --> Session: Class initialized using 'CodeIgniter\Session\Handlers\FileHandler' driver.
